INFO:root:Loading rates
INFO:root:get expected
INFO:root:get weights
INFO:root:Loading de novos
INFO:root:Starting tests:  10000000 simulations
INFO:root:ACN9
INFO:root:ACPL2
INFO:root:ALS
INFO:root:ANKRD32
INFO:root:ATHL1
INFO:root:BZRAP1
INFO:root:C10orf128
INFO:root:C10orf2
INFO:root:C10orf54
INFO:root:C11orf31
INFO:root:C11orf83
INFO:root:C11orf84
INFO:root:C11orf89
INFO:root:C12orf23
INFO:root:C12orf39
INFO:root:C12orf5
INFO:root:C14orf164
INFO:root:C14orf166
INFO:root:C14orf80
INFO:root:C15orf27
INFO:root:C15orf43
INFO:root:C15orf60
INFO:root:C16orf11
INFO:root:C16orf59
INFO:root:C16orf62
INFO:root:C17orf72
INFO:root:C17orf74
INFO:root:C18orf8
INFO:root:C19orf35
INFO:root:C19orf43
INFO:root:C19orf45
INFO:root:C19orf52
INFO:root:C19orf55
INFO:root:C19orf60
INFO:root:C19orf68
INFO:root:C19orf77
INFO:root:C1orf111
INFO:root:C1orf170
INFO:root:C1orf186
INFO:root:C1orf227
INFO:root:C1orf234
INFO:root:C1orf27
INFO:root:C1orf63
INFO:root:C1orf64
INFO:root:C1orf95
INFO:root:C20orf196
INFO:root:C20orf24
INFO:root:C22orf26
INFO:root:C22orf29
INFO:root:C2orf44
INFO:root:C2orf53
INFO:root:C2orf57
INFO:root:C2orf61
INFO:root:C2orf82
INFO:root:C3orf55
INFO:root:C4orf21
INFO:root:C4orf26
INFO:root:C4orf40
INFO:root:C5orf28
INFO:root:C5orf48
INFO:root:C5orf54
INFO:root:C6orf1
INFO:root:C6orf57
INFO:root:C7orf62
INFO:root:C7orf72
INFO:root:C7orf73
INFO:root:C7orf76
INFO:root:C8orf22
INFO:root:C8orf4
INFO:root:C8orf46
INFO:root:C9orf114
INFO:root:C9orf142
INFO:root:C9orf156
INFO:root:C9orf173
INFO:root:C9orf69
INFO:root:C9orf9
INFO:root:C9orf91
INFO:root:C9orf96
INFO:root:CBP
INFO:root:CCDC101
INFO:root:CCDC132
INFO:root:CCDC23
INFO:root:CCDC53
INFO:root:CCDC79
INFO:root:CCDC94
INFO:root:CECR6
INFO:root:CIRH1A
INFO:root:CNK
INFO:root:CXXC11
INFO:root:CXorf64
INFO:root:DAK
INFO:root:DFNB31
INFO:root:DFNB59
INFO:root:DIEXF
INFO:root:DSCR3
INFO:root:ENTHD2
INFO:root:EPT1
INFO:root:FAM101A
INFO:root:FAM101B
INFO:root:FAM103A1
INFO:root:FAM105A
INFO:root:FAM105B
INFO:root:FAM109A
INFO:root:FAM109B
INFO:root:FAM115A
INFO:root:FAM115C
INFO:root:FAM127A
INFO:root:FAM127B
INFO:root:FAM127C
INFO:root:FAM134A
INFO:root:FAM134B
INFO:root:FAM134C
INFO:root:FAM154A
INFO:root:FAM154B
INFO:root:FAM159A
INFO:root:FAM159B
INFO:root:FAM178A
INFO:root:FAM179A
INFO:root:FAM179B
INFO:root:FAM21A
INFO:root:FAM21B
INFO:root:FAM21C
INFO:root:FAM35A
INFO:root:FAM46A
INFO:root:FAM46B
INFO:root:FAM46C
INFO:root:FAM46D
INFO:root:FAM60A
INFO:root:FAM64A
INFO:root:FAM65A
INFO:root:FAM65B
INFO:root:FAM65C
INFO:root:FIGF
INFO:root:GNB2L1
INFO:root:GRF1
INFO:root:GRF2
INFO:root:HDHD1
INFO:root:HRSP12
INFO:root:HSPG
INFO:root:INADL
INFO:root:KIAA0020
INFO:root:KIAA0101
INFO:root:KIAA0195
INFO:root:KIAA0196
INFO:root:KIAA0226
INFO:root:KIAA0226L
INFO:root:KIAA0247
INFO:root:KIAA0922
INFO:root:KIAA1033
INFO:root:KIAA1045
INFO:root:KIAA1239
INFO:root:KIAA1429
INFO:root:KIAA1432
INFO:root:KIAA1456
INFO:root:KIAA1598
INFO:root:KIAA1644
INFO:root:KIAA1875
INFO:root:KIAA2018
INFO:root:LDOC1L
INFO:root:LEPRE1
INFO:root:LEPREL1
INFO:root:LEPREL2
INFO:root:LEPREL4
INFO:root:LINC00935
INFO:root:LINC00998
INFO:root:MESDC1
INFO:root:MFSD7
INFO:root:MGEA5
INFO:root:MINA
INFO:root:MTL5
INFO:root:NDNL2
INFO:root:NHP2L1
INFO:root:NP
INFO:root:NRBP
INFO:root:NRD1
INFO:root:NS1
INFO:root:NT5
INFO:root:NT5C3
INFO:root:NUPL1
INFO:root:NUPR1L
INFO:root:OAZ
INFO:root:OBFC1
INFO:root:OR10AC1P
INFO:root:OR13C7P
INFO:root:OR4A8P
INFO:root:OR51H1P
INFO:root:OR5H8P
INFO:root:OSBPL1
INFO:root:OTUD7
INFO:root:OXCT
INFO:root:P4HA
INFO:root:PAK7
INFO:root:PALD
INFO:root:PANK
INFO:root:PAP
INFO:root:PAPD4
INFO:root:PAPD5
INFO:root:PAPD7
INFO:root:PARK2
INFO:root:PBP
INFO:root:PCBD
INFO:root:PCDH11
INFO:root:PCNX
INFO:root:PCNXL2
INFO:root:PCNXL3
INFO:root:PCNXL4
INFO:root:PCYT1
INFO:root:PDGFR
INFO:root:PDHA
INFO:root:PER
INFO:root:PGLYRP
INFO:root:PHK
INFO:root:PHKA
INFO:root:PHKG
INFO:root:PHLPP
INFO:root:PHTF
INFO:root:PI
INFO:root:PIDD
INFO:root:PIM
INFO:root:PITPN
INFO:root:PITPNM
INFO:root:PKD2L
INFO:root:PLA2
INFO:root:PLA2G12
INFO:root:PLA2G4
INFO:root:PLB
INFO:root:PLCE
INFO:root:PLGL
INFO:root:PLIN
INFO:root:PLK
INFO:root:PLOD
INFO:root:PLP
INFO:root:PNMA6C
INFO:root:PNMAL1
INFO:root:PNMAL2
INFO:root:POLA
INFO:root:POLD
INFO:root:POLR2
INFO:root:PON
INFO:root:PP
INFO:root:PPAP2A
INFO:root:PPAP2B
INFO:root:PPAP2C
INFO:root:PPAPDC1
INFO:root:PPAPDC1A
INFO:root:PPAPDC1B
INFO:root:PPAPDC2
INFO:root:PPAPDC3
INFO:root:PPAR
INFO:root:PPARGC1
INFO:root:PPEF
INFO:root:PPIAL4
INFO:root:PPIAL4B
INFO:root:PPP1R3
INFO:root:PPP1R9
INFO:root:PPP2R3
INFO:root:PPP2R4
INFO:root:PPP5
INFO:root:PPT
INFO:root:PRAC
INFO:root:PRAMEF21
INFO:root:PRKAA
INFO:root:PRKAR1
INFO:root:PRKAR2
INFO:root:PRKRIR
INFO:root:PRMT10
INFO:root:PROL1
INFO:root:PROS
INFO:root:PROSC
INFO:root:PRR20
INFO:root:PRUNE
INFO:root:PSP
INFO:root:PTB
INFO:root:PTC
INFO:root:PTCH
INFO:root:PTP4A
INFO:root:PTPN20A
INFO:root:PTPN20B
INFO:root:PTPRZ
INFO:root:PWWP2
INFO:root:PYCRL
INFO:root:QTRTD1
INFO:root:R3HDM
INFO:root:RAB1
INFO:root:RAB2
INFO:root:RAB39
INFO:root:RAB4
INFO:root:RAB5
INFO:root:RAB6
INFO:root:RAB7
INFO:root:RAB7L
INFO:root:RAB7L1
INFO:root:RAB9
INFO:root:RAD9
INFO:root:RAL
INFO:root:RAP2
INFO:root:RASA
INFO:root:RBM8
INFO:root:RCC
INFO:root:RCN
INFO:root:RCOR
INFO:root:RCP
INFO:root:REG
INFO:root:REM
INFO:root:RFPL4
INFO:root:RGAG1
INFO:root:RGAG4
INFO:root:RH
INFO:root:RHBDL
INFO:root:RIT
INFO:root:RNF144
INFO:root:RNF19
INFO:root:RNH
INFO:root:RPA3-AS1
INFO:root:RPGRIP
INFO:root:RPS17L
INFO:root:RS
INFO:root:RTDR1
INFO:root:RTFDC1
INFO:root:RWDD2
INFO:root:S100A
INFO:root:SAA
INFO:root:SAMD4
INFO:root:SAT
INFO:root:SCAND3
INFO:root:SCN1
INFO:root:SCNN1
INFO:root:SCXA
INFO:root:SCXB
INFO:root:SDC
INFO:root:SDH
INFO:root:SEC14L
INFO:root:SEMG
INFO:root:SEPN1
INFO:root:SEPP1
INFO:root:SEPW1
INFO:root:SERF1
INFO:root:SGK
INFO:root:SGOL1
INFO:root:SGOL2
INFO:root:SGT
INFO:root:SHC
INFO:root:SHFM1
INFO:root:SHMT
INFO:root:SIM
INFO:root:SKIV2
INFO:root:SLAM
INFO:root:SLC35E2
INFO:root:SLMO1
INFO:root:SLMO2
INFO:root:SMEK1
INFO:root:SMEK2
INFO:root:SMIM11
INFO:root:SNAP
INFO:root:SNRPD
INFO:root:SOAT
INFO:root:SPANX
INFO:root:SPANXB2
INFO:root:SPATA31A2
INFO:root:SPATA31A4
INFO:root:SPG20
INFO:root:SPIN
INFO:root:SPIN2
INFO:root:SPOCK
INFO:root:SPRR1
INFO:root:SQRDL
INFO:root:SRCRB4D
INFO:root:SRPR
INFO:root:SSX
INFO:root:STAT5
INFO:root:STAU
INFO:root:STC
INFO:root:STEAP
INFO:root:STX1
INFO:root:SUPT4H
INFO:root:SUV39H
INFO:root:SYPL
INFO:root:SYT
INFO:root:T
INFO:root:TBC1D10
INFO:root:TBL1
INFO:root:TCEA
INFO:root:TENC1
INFO:root:TFAP2
INFO:root:TGFB
INFO:root:TGIF
INFO:root:TIE
INFO:root:TIMP
INFO:root:TLN
INFO:root:TM4SF2
INFO:root:TMCO5
INFO:root:TMEM110
INFO:root:TMEM150
INFO:root:TMEM151
INFO:root:TMEM167
INFO:root:TMEM170
INFO:root:TMEM178
INFO:root:TMEM257
INFO:root:TMEM35
INFO:root:TMEM5
INFO:root:TMEM55A
INFO:root:TMEM55B
INFO:root:TMEM66
INFO:root:TMEM8
INFO:root:TMIGD
INFO:root:TMOD
INFO:root:TMSB4
INFO:root:TNNC
INFO:root:TNRC6
INFO:root:TNS
INFO:root:TOMM70A
INFO:root:TOP2
INFO:root:TOP3
INFO:root:TPH
INFO:root:TRAPPC2P1
INFO:root:TSC
INFO:root:TSG10
INFO:root:TSPYL
INFO:root:TSSK1
INFO:root:TTC7
INFO:root:TUBB2
INFO:root:TUBB4
INFO:root:TUBG
INFO:root:TUSC5
INFO:root:TWIST
INFO:root:TXNL
INFO:root:TXNL4
INFO:root:TYRP
INFO:root:UBAP
INFO:root:UBE2G
INFO:root:UBE2Q
INFO:root:UBE2V
INFO:root:UBL4
INFO:root:UCP
INFO:root:UFD1L
INFO:root:UNC13
INFO:root:UP
INFO:root:UPK1
INFO:root:UPK3
INFO:root:UPK3BL
INFO:root:UQCC
INFO:root:UQCR
INFO:root:USH2
INFO:root:UTP11L
INFO:root:VAV
INFO:root:VCX3
INFO:root:VEGF
INFO:root:VIL
INFO:root:VIMP
INFO:root:VP
INFO:root:VPS26
INFO:root:VSTM2
INFO:root:WAPAL
INFO:root:WBP5
INFO:root:WBSCR16
INFO:root:WBSCR28
INFO:root:WHSC1
INFO:root:WHSC1L1
INFO:root:WIBG
INFO:root:XAGE1
INFO:root:XAGE2B
INFO:root:XPNPEP
INFO:root:YIF1
INFO:root:ZBTB7
INFO:root:ZBTB8
INFO:root:ZC3H7
INFO:root:ZCCHC11
INFO:root:ZCCHC16
INFO:root:ZCCHC5
INFO:root:ZCCHC6
INFO:root:ZFYVE20
INFO:root:ZMYM6NB
INFO:root:ZNF259
INFO:root:ZNF280
INFO:root:ZNF286
INFO:root:ZNF33
INFO:root:ZNF385
INFO:root:ZNF724P
INFO:root:ZNF75
INFO:root:ZSCAN5
INFO:root:ZUFSP
INFO:root:ZYG11
