INFO:root:Loading rates
INFO:root:get expected
INFO:root:get weights
INFO:root:Loading de novos
INFO:root:Starting tests:  10000000 simulations
INFO:root:KBTBD11
INFO:root:KBTBD12
INFO:root:KBTBD13
INFO:root:KBTBD6
INFO:root:KBTBD7
INFO:root:KBTBD8
INFO:root:KCMF1
INFO:root:KCNA1
INFO:root:KCNA10
INFO:root:KCNA2
INFO:root:KCNA3
INFO:root:KCNA4
INFO:root:KCNA5
INFO:root:KCNA6
INFO:root:KCNA7
INFO:root:KCNAB1
INFO:root:KCNAB2
INFO:root:KCNAB3
INFO:root:KCNB1
INFO:root:KCNB2
INFO:root:KCNC1
INFO:root:KCNC2
INFO:root:KCNC3
INFO:root:KCNC4
INFO:root:KCND1
INFO:root:KCND2
INFO:root:KCND3
INFO:root:KCNE1
INFO:root:KCNE2
INFO:root:KCNE3
INFO:root:KCNE4
INFO:root:KCNE5
INFO:root:KCNF1
INFO:root:KCNG1
INFO:root:KCNG2
INFO:root:KCNG3
INFO:root:KCNG4
INFO:root:KCNH1
INFO:root:KCNH2
INFO:root:KCNH3
INFO:root:KCNH4
INFO:root:KCNH5
INFO:root:KCNH6
INFO:root:KCNH7
INFO:root:KCNH8
INFO:root:KCNIP1
INFO:root:KCNIP2
INFO:root:KCNIP3
INFO:root:KCNIP4
INFO:root:KCNJ1
INFO:root:KCNJ10
INFO:root:KCNJ11
INFO:root:KCNJ12
INFO:root:KCNJ13
INFO:root:KCNJ14
INFO:root:KCNJ15
INFO:root:KCNJ16
INFO:root:KCNJ2
INFO:root:KCNJ3
INFO:root:KCNJ4
INFO:root:KCNJ5
INFO:root:KCNJ6
INFO:root:KCNJ8
INFO:root:KCNJ9
INFO:root:KCNK1
INFO:root:KCNK10
INFO:root:KCNK12
INFO:root:KCNK13
INFO:root:KCNK15
INFO:root:KCNK16
INFO:root:KCNK17
INFO:root:KCNK18
INFO:root:KCNK2
INFO:root:KCNK3
INFO:root:KCNK4
INFO:root:KCNK5
INFO:root:KCNK6
INFO:root:KCNK7
INFO:root:KCNK9
INFO:root:KCNMA1
INFO:root:KCNMB1
INFO:root:KCNMB2
INFO:root:KCNMB3
INFO:root:KCNMB4
INFO:root:KCNN1
INFO:root:KCNN2
INFO:root:KCNN3
INFO:root:KCNN4
INFO:root:KCNQ1
INFO:root:KCNQ2
INFO:root:KCNQ3
INFO:root:KCNQ4
INFO:root:KCNQ5
INFO:root:KCNRG
INFO:root:KCNS1
INFO:root:KCNS2
INFO:root:KCNS3
INFO:root:KCNT1
INFO:root:KCNT2
INFO:root:KCNU1
INFO:root:KCNV1
INFO:root:KCNV2
INFO:root:KCTD1
INFO:root:KCTD10
INFO:root:KCTD11
INFO:root:KCTD12
INFO:root:KCTD13
INFO:root:KCTD14
INFO:root:KCTD15
INFO:root:KCTD16
INFO:root:KCTD17
INFO:root:KCTD18
INFO:root:KCTD19
INFO:root:KCTD2
INFO:root:KCTD20
INFO:root:KCTD21
INFO:root:KCTD3
INFO:root:KCTD4
INFO:root:KCTD5
INFO:root:KCTD6
INFO:root:KCTD7
INFO:root:KCTD8
INFO:root:KCTD9
INFO:root:KDELC1
INFO:root:KDELC2
INFO:root:KDELR1
INFO:root:KDELR2
INFO:root:KDELR3
INFO:root:KDF1
INFO:root:KDM1A
INFO:root:KDM1B
INFO:root:KDM2A
INFO:root:KDM2B
INFO:root:KDM3A
INFO:root:KDM3B
INFO:root:KDM4A
INFO:root:KDM4B
INFO:root:KDM4C
INFO:root:KDM4D
INFO:root:KDM4E
INFO:root:KDM5A
INFO:root:KDM5B
INFO:root:KDM5C
INFO:root:KDM6A
INFO:root:KDM6B
INFO:root:KDM7A
INFO:root:KDM8
INFO:root:KDR
INFO:root:KDSR
INFO:root:KEAP1
INFO:root:KEL
INFO:root:KERA
INFO:root:KHDC1
INFO:root:KHDC1L
INFO:root:KHDC3L
INFO:root:KHDC4
INFO:root:KHDRBS1
INFO:root:KHDRBS2
INFO:root:KHDRBS3
INFO:root:KHK
INFO:root:KHNYN
INFO:root:KHSRP
INFO:root:KIAA0040
INFO:root:KIAA0100
INFO:root:KIAA0232
INFO:root:KIAA0319
INFO:root:KIAA0319L
INFO:root:KIAA0355
INFO:root:KIAA0391
INFO:root:KIAA0408
INFO:root:KIAA0513
INFO:root:KIAA0556
INFO:root:KIAA0586
INFO:root:KIAA0753
INFO:root:KIAA0754
INFO:root:KIAA0825
INFO:root:KIAA0895
INFO:root:KIAA0895L
INFO:root:KIAA0930
INFO:root:KIAA1024
INFO:root:KIAA1024L
INFO:root:KIAA1107
INFO:root:KIAA1109
INFO:root:KIAA1143
INFO:root:KIAA1147
INFO:root:KIAA1191
INFO:root:KIAA1210
INFO:root:KIAA1211
INFO:root:KIAA1211L
INFO:root:KIAA1217
INFO:root:KIAA1257
INFO:root:KIAA1324
INFO:root:KIAA1324L
INFO:root:KIAA1328
INFO:root:KIAA1468
INFO:root:KIAA1522
INFO:root:KIAA1549
INFO:root:KIAA1549L
INFO:root:KIAA1551
INFO:root:KIAA1586
INFO:root:KIAA1614
INFO:root:KIAA1671
INFO:root:KIAA1755
INFO:root:KIAA1841
INFO:root:KIAA1958
INFO:root:KIAA2013
INFO:root:KIAA2026
INFO:root:KIDINS220
INFO:root:KIF11
INFO:root:KIF12
INFO:root:KIF13A
INFO:root:KIF13B
INFO:root:KIF14
INFO:root:KIF15
INFO:root:KIF16B
INFO:root:KIF17
INFO:root:KIF18A
INFO:root:KIF18B
INFO:root:KIF19
INFO:root:KIF1A
INFO:root:KIF1B
INFO:root:KIF1BP
INFO:root:KIF1C
INFO:root:KIF20A
INFO:root:KIF20B
INFO:root:KIF21A
INFO:root:KIF21B
INFO:root:KIF22
INFO:root:KIF23
INFO:root:KIF24
INFO:root:KIF25
INFO:root:KIF26A
INFO:root:KIF26B
INFO:root:KIF27
INFO:root:KIF2A
INFO:root:KIF2B
INFO:root:KIF2C
INFO:root:KIF3A
INFO:root:KIF3B
INFO:root:KIF3C
INFO:root:KIF4A
INFO:root:KIF4B
INFO:root:KIF5A
INFO:root:KIF5B
INFO:root:KIF5C
INFO:root:KIF6
INFO:root:KIF7
INFO:root:KIF9
INFO:root:KIFAP3
INFO:root:KIFC1
INFO:root:KIFC2
INFO:root:KIFC3
INFO:root:KIN
INFO:root:KIR2DL1
INFO:root:KIR2DL3
INFO:root:KIR2DL4
INFO:root:KIR2DS4
INFO:root:KIR3DL1
INFO:root:KIR3DL2
INFO:root:KIR3DL3
INFO:root:KIRREL1
INFO:root:KIRREL2
INFO:root:KIRREL3
INFO:root:KISS1
INFO:root:KISS1R
INFO:root:KIT
INFO:root:KITLG
INFO:root:KL
INFO:root:KLB
INFO:root:KLC1
INFO:root:KLC2
INFO:root:KLC3
INFO:root:KLC4
INFO:root:KLF1
INFO:root:KLF10
INFO:root:KLF11
INFO:root:KLF12
INFO:root:KLF13
INFO:root:KLF14
INFO:root:KLF15
INFO:root:KLF16
INFO:root:KLF17
INFO:root:KLF2
INFO:root:KLF3
INFO:root:KLF4
INFO:root:KLF5
INFO:root:KLF6
INFO:root:KLF7
INFO:root:KLF8
INFO:root:KLF9
INFO:root:KLHDC1
INFO:root:KLHDC10
INFO:root:KLHDC2
INFO:root:KLHDC3
INFO:root:KLHDC4
INFO:root:KLHDC7A
INFO:root:KLHDC7B
INFO:root:KLHDC8A
INFO:root:KLHDC8B
INFO:root:KLHDC9
INFO:root:KLHL1
INFO:root:KLHL10
INFO:root:KLHL11
INFO:root:KLHL12
INFO:root:KLHL13
INFO:root:KLHL14
INFO:root:KLHL15
INFO:root:KLHL17
INFO:root:KLHL18
INFO:root:KLHL2
INFO:root:KLHL20
INFO:root:KLHL21
INFO:root:KLHL22
INFO:root:KLHL23
INFO:root:KLHL24
INFO:root:KLHL25
INFO:root:KLHL26
INFO:root:KLHL28
INFO:root:KLHL29
INFO:root:KLHL3
INFO:root:KLHL30
INFO:root:KLHL31
INFO:root:KLHL32
INFO:root:KLHL33
INFO:root:KLHL34
INFO:root:KLHL35
INFO:root:KLHL36
INFO:root:KLHL38
INFO:root:KLHL4
INFO:root:KLHL40
INFO:root:KLHL41
INFO:root:KLHL42
INFO:root:KLHL5
INFO:root:KLHL6
INFO:root:KLHL7
INFO:root:KLHL8
INFO:root:KLHL9
INFO:root:KLK1
INFO:root:KLK10
INFO:root:KLK11
INFO:root:KLK12
INFO:root:KLK13
INFO:root:KLK14
INFO:root:KLK15
INFO:root:KLK2
INFO:root:KLK3
INFO:root:KLK4
INFO:root:KLK5
INFO:root:KLK6
INFO:root:KLK7
INFO:root:KLK8
INFO:root:KLK9
INFO:root:KLKB1
INFO:root:KLLN
INFO:root:KLRB1
INFO:root:KLRC1
INFO:root:KLRC2
INFO:root:KLRC3
INFO:root:KLRC4
INFO:root:KLRD1
INFO:root:KLRF1
INFO:root:KLRF2
INFO:root:KLRG1
INFO:root:KLRG2
INFO:root:KLRK1
INFO:root:KMO
INFO:root:KMT2A
INFO:root:KMT2B
INFO:root:KMT2C
INFO:root:KMT2D
INFO:root:KMT2E
INFO:root:KMT5A
INFO:root:KMT5B
INFO:root:KMT5C
INFO:root:KNCN
INFO:root:KNDC1
INFO:root:KNG1
INFO:root:KNL1
INFO:root:KNOP1
INFO:root:KNSTRN
INFO:root:KNTC1
INFO:root:KPNA1
INFO:root:KPNA2
INFO:root:KPNA3
INFO:root:KPNA4
INFO:root:KPNA5
INFO:root:KPNA6
INFO:root:KPNA7
INFO:root:KPNB1
INFO:root:KPRP
INFO:root:KPTN
INFO:root:KRAS
INFO:root:KRBA1
INFO:root:KRBA2
INFO:root:KRBOX1
INFO:root:KRBOX4
INFO:root:KRCC1
INFO:root:KREMEN1
INFO:root:KREMEN2
INFO:root:KRI1
INFO:root:KRIT1
INFO:root:KRR1
INFO:root:KRT1
INFO:root:KRT10
INFO:root:KRT12
INFO:root:KRT13
INFO:root:KRT14
INFO:root:KRT15
INFO:root:KRT16
INFO:root:KRT17
INFO:root:KRT18
INFO:root:KRT19
INFO:root:KRT2
INFO:root:KRT20
INFO:root:KRT222
INFO:root:KRT23
INFO:root:KRT24
INFO:root:KRT25
INFO:root:KRT26
INFO:root:KRT27
INFO:root:KRT28
INFO:root:KRT3
INFO:root:KRT31
INFO:root:KRT32
INFO:root:KRT33A
INFO:root:KRT33B
INFO:root:KRT34
INFO:root:KRT35
INFO:root:KRT36
INFO:root:KRT37
INFO:root:KRT38
INFO:root:KRT39
INFO:root:KRT4
INFO:root:KRT40
INFO:root:KRT5
INFO:root:KRT6A
INFO:root:KRT6B
INFO:root:KRT6C
INFO:root:KRT7
INFO:root:KRT71
INFO:root:KRT72
INFO:root:KRT73
INFO:root:KRT74
INFO:root:KRT75
INFO:root:KRT76
INFO:root:KRT77
INFO:root:KRT78
INFO:root:KRT79
INFO:root:KRT8
INFO:root:KRT80
INFO:root:KRT81
INFO:root:KRT82
INFO:root:KRT83
INFO:root:KRT84
INFO:root:KRT85
INFO:root:KRT86
INFO:root:KRT9
INFO:root:KRTAP1-1
INFO:root:KRTAP1-3
INFO:root:KRTAP1-4
INFO:root:KRTAP1-5
INFO:root:KRTAP10-1
INFO:root:KRTAP10-10
INFO:root:KRTAP10-11
INFO:root:KRTAP10-12
INFO:root:KRTAP10-2
INFO:root:KRTAP10-3
INFO:root:KRTAP10-4
INFO:root:KRTAP10-5
INFO:root:KRTAP10-6
INFO:root:KRTAP10-7
INFO:root:KRTAP10-8
INFO:root:KRTAP10-9
INFO:root:KRTAP11-1
INFO:root:KRTAP12-1
INFO:root:KRTAP12-2
INFO:root:KRTAP12-3
INFO:root:KRTAP12-4
INFO:root:KRTAP13-1
INFO:root:KRTAP13-2
INFO:root:KRTAP13-3
INFO:root:KRTAP13-4
INFO:root:KRTAP15-1
INFO:root:KRTAP16-1
INFO:root:KRTAP17-1
INFO:root:KRTAP19-1
INFO:root:KRTAP19-2
INFO:root:KRTAP19-3
INFO:root:KRTAP19-4
INFO:root:KRTAP19-5
INFO:root:KRTAP19-6
INFO:root:KRTAP19-7
INFO:root:KRTAP19-8
INFO:root:KRTAP2-1
INFO:root:KRTAP2-2
INFO:root:KRTAP2-3
INFO:root:KRTAP2-4
INFO:root:KRTAP20-1
INFO:root:KRTAP20-2
INFO:root:KRTAP20-3
INFO:root:KRTAP21-1
INFO:root:KRTAP21-2
INFO:root:KRTAP21-3
INFO:root:KRTAP22-1
INFO:root:KRTAP22-2
INFO:root:KRTAP23-1
INFO:root:KRTAP24-1
INFO:root:KRTAP25-1
INFO:root:KRTAP26-1
INFO:root:KRTAP27-1
INFO:root:KRTAP29-1
INFO:root:KRTAP3-1
INFO:root:KRTAP3-2
INFO:root:KRTAP3-3
INFO:root:KRTAP4-1
INFO:root:KRTAP4-11
INFO:root:KRTAP4-12
INFO:root:KRTAP4-2
INFO:root:KRTAP4-3
INFO:root:KRTAP4-4
INFO:root:KRTAP4-5
INFO:root:KRTAP4-6
INFO:root:KRTAP4-7
INFO:root:KRTAP4-8
INFO:root:KRTAP4-9
INFO:root:KRTAP5-1
INFO:root:KRTAP5-10
INFO:root:KRTAP5-11
INFO:root:KRTAP5-2
INFO:root:KRTAP5-3
INFO:root:KRTAP5-4
INFO:root:KRTAP5-5
INFO:root:KRTAP5-6
INFO:root:KRTAP5-7
INFO:root:KRTAP5-8
INFO:root:KRTAP5-9
INFO:root:KRTAP6-1
INFO:root:KRTAP6-2
INFO:root:KRTAP6-3
INFO:root:KRTAP8-1
INFO:root:KRTAP9-1
INFO:root:KRTAP9-2
INFO:root:KRTAP9-3
INFO:root:KRTAP9-4
INFO:root:KRTAP9-6
INFO:root:KRTAP9-7
INFO:root:KRTAP9-8
INFO:root:KRTAP9-9
INFO:root:KRTCAP2
INFO:root:KRTCAP3
INFO:root:KRTDAP
INFO:root:KSR1
INFO:root:KSR2
INFO:root:KTI12
INFO:root:KTN1
INFO:root:KXD1
INFO:root:KY
INFO:root:KYAT1
INFO:root:KYAT3
INFO:root:KYNU
INFO:root:L1CAM
INFO:root:L1TD1
INFO:root:L2HGDH
INFO:root:L3HYPDH
INFO:root:L3MBTL1
INFO:root:L3MBTL2
INFO:root:L3MBTL3
INFO:root:L3MBTL4
INFO:root:LACC1
INFO:root:LACRT
INFO:root:LACTB
INFO:root:LACTB2
INFO:root:LACTBL1
INFO:root:LAD1
INFO:root:LAG3
INFO:root:LAGE3
INFO:root:LAIR1
INFO:root:LAIR2
INFO:root:LALBA
INFO:root:LAMA1
INFO:root:LAMA2
INFO:root:LAMA3
INFO:root:LAMA4
INFO:root:LAMA5
INFO:root:LAMB1
INFO:root:LAMB2
INFO:root:LAMB3
INFO:root:LAMB4
INFO:root:LAMC1
INFO:root:LAMC2
INFO:root:LAMC3
INFO:root:LAMP1
INFO:root:LAMP2
INFO:root:LAMP3
INFO:root:LAMP5
INFO:root:LAMTOR1
INFO:root:LAMTOR2
INFO:root:LAMTOR3
INFO:root:LAMTOR4
INFO:root:LAMTOR5
INFO:root:LANCL1
INFO:root:LANCL2
INFO:root:LANCL3
INFO:root:LAP3
INFO:root:LAPTM4A
INFO:root:LAPTM4B
INFO:root:LAPTM5
INFO:root:LARGE1
INFO:root:LARGE2
INFO:root:LARP1
INFO:root:LARP1B
INFO:root:LARP4
INFO:root:LARP4B
INFO:root:LARP6
INFO:root:LARP7
INFO:root:LARS
INFO:root:LARS2
INFO:root:LAS1L
INFO:root:LASP1
INFO:root:LAT
INFO:root:LAT2
INFO:root:LATS1
INFO:root:LATS2
INFO:root:LAX1
INFO:root:LAYN
INFO:root:LBH
INFO:root:LBHD1
INFO:root:LBP
INFO:root:LBR
INFO:root:LBX1
INFO:root:LBX2
INFO:root:LCA5
INFO:root:LCA5L
INFO:root:LCAT
INFO:root:LCE1A
INFO:root:LCE1B
INFO:root:LCE1C
INFO:root:LCE1D
INFO:root:LCE1E
INFO:root:LCE1F
INFO:root:LCE2A
INFO:root:LCE2B
INFO:root:LCE2C
INFO:root:LCE2D
INFO:root:LCE3A
INFO:root:LCE3B
INFO:root:LCE3C
INFO:root:LCE3D
INFO:root:LCE3E
INFO:root:LCE4A
INFO:root:LCE5A
INFO:root:LCE6A
INFO:root:LCK
INFO:root:LCLAT1
INFO:root:LCMT1
INFO:root:LCMT2
INFO:root:LCN1
INFO:root:LCN10
INFO:root:LCN12
INFO:root:LCN15
INFO:root:LCN2
INFO:root:LCN6
INFO:root:LCN8
INFO:root:LCN9
INFO:root:LCNL1
INFO:root:LCOR
INFO:root:LCORL
INFO:root:LCP1
INFO:root:LCP2
INFO:root:LCT
INFO:root:LCTL
INFO:root:LDAH
INFO:root:LDB1
INFO:root:LDB2
INFO:root:LDB3
INFO:root:LDHA
INFO:root:LDHAL6A
INFO:root:LDHAL6B
INFO:root:LDHB
INFO:root:LDHC
INFO:root:LDHD
INFO:root:LDLR
INFO:root:LDLRAD1
INFO:root:LDLRAD2
INFO:root:LDLRAD3
INFO:root:LDLRAD4
INFO:root:LDLRAP1
INFO:root:LDOC1
INFO:root:LEAP2
INFO:root:LECT2
INFO:root:LEF1
INFO:root:LEFTY1
INFO:root:LEFTY2
INFO:root:LEKR1
INFO:root:LELP1
INFO:root:LEMD1
INFO:root:LEMD2
INFO:root:LEMD3
INFO:root:LENEP
INFO:root:LENG1
INFO:root:LENG8
INFO:root:LENG9
INFO:root:LEO1
INFO:root:LEP
INFO:root:LEPR
INFO:root:LEPROT
INFO:root:LEPROTL1
INFO:root:LETM1
INFO:root:LETM2
INFO:root:LETMD1
INFO:root:LEUTX
INFO:root:LEXM
INFO:root:LFNG
INFO:root:LGALS1
INFO:root:LGALS12
INFO:root:LGALS13
INFO:root:LGALS14
INFO:root:LGALS16
INFO:root:LGALS2
INFO:root:LGALS3
INFO:root:LGALS3BP
INFO:root:LGALS4
INFO:root:LGALS7
INFO:root:LGALS7B
INFO:root:LGALS8
INFO:root:LGALS9
INFO:root:LGALS9B
INFO:root:LGALS9C
INFO:root:LGALSL
INFO:root:LGI1
INFO:root:LGI2
INFO:root:LGI3
INFO:root:LGI4
INFO:root:LGMN
INFO:root:LGR4
INFO:root:LGR5
INFO:root:LGR6
INFO:root:LGSN
INFO:root:LHB
INFO:root:LHCGR
INFO:root:LHFPL1
INFO:root:LHFPL2
INFO:root:LHFPL3
INFO:root:LHFPL4
INFO:root:LHFPL5
INFO:root:LHFPL6
INFO:root:LHPP
INFO:root:LHX1
INFO:root:LHX2
INFO:root:LHX3
INFO:root:LHX4
INFO:root:LHX5
INFO:root:LHX6
INFO:root:LHX8
INFO:root:LHX9
INFO:root:LIAS
INFO:root:LIF
INFO:root:LIFR
INFO:root:LIG1
INFO:root:LIG3
INFO:root:LIG4
INFO:root:LILRA1
INFO:root:LILRA2
INFO:root:LILRA4
INFO:root:LILRA5
INFO:root:LILRA6
INFO:root:LILRB1
INFO:root:LILRB2
INFO:root:LILRB3
INFO:root:LILRB4
INFO:root:LILRB5
INFO:root:LIM2
INFO:root:LIMA1
INFO:root:LIMCH1
INFO:root:LIMD1
INFO:root:LIMD2
INFO:root:LIME1
INFO:root:LIMK1
INFO:root:LIMK2
INFO:root:LIMS1
INFO:root:LIMS2
INFO:root:LIMS3
INFO:root:LIMS4
INFO:root:LIN28A
INFO:root:LIN28B
INFO:root:LIN37
INFO:root:LIN52
INFO:root:LIN54
INFO:root:LIN7A
INFO:root:LIN7B
INFO:root:LIN7C
INFO:root:LIN9
INFO:root:LINGO1
INFO:root:LINGO2
INFO:root:LINGO3
INFO:root:LINGO4
INFO:root:LINS1
INFO:root:LIPA
INFO:root:LIPC
INFO:root:LIPE
INFO:root:LIPF
INFO:root:LIPG
INFO:root:LIPH
INFO:root:LIPI
INFO:root:LIPJ
INFO:root:LIPK
INFO:root:LIPM
INFO:root:LIPN
INFO:root:LIPT1
INFO:root:LITAF
INFO:root:LIX1
INFO:root:LIX1L
INFO:root:LKAAEAR1
INFO:root:LLCFC1
INFO:root:LLGL1
INFO:root:LLGL2
INFO:root:LLPH
INFO:root:LMAN1
INFO:root:LMAN1L
INFO:root:LMAN2
INFO:root:LMAN2L
INFO:root:LMBR1
INFO:root:LMBR1L
INFO:root:LMBRD1
INFO:root:LMBRD2
INFO:root:LMCD1
INFO:root:LMF1
INFO:root:LMF2
INFO:root:LMLN
INFO:root:LMNA
INFO:root:LMNB1
INFO:root:LMNB2
INFO:root:LMNTD1
INFO:root:LMNTD2
INFO:root:LMO1
INFO:root:LMO2
INFO:root:LMO3
INFO:root:LMO4
INFO:root:LMO7
INFO:root:LMOD1
INFO:root:LMOD2
INFO:root:LMOD3
INFO:root:LMTK2
INFO:root:LMTK3
INFO:root:LMX1A
INFO:root:LMX1B
INFO:root:LNP1
INFO:root:LNPEP
INFO:root:LNPK
INFO:root:LNX1
INFO:root:LNX2
INFO:root:LONP1
INFO:root:LONP2
INFO:root:LONRF1
INFO:root:LONRF2
INFO:root:LONRF3
INFO:root:LOR
INFO:root:LOX
INFO:root:LOXHD1
INFO:root:LOXL1
INFO:root:LOXL2
INFO:root:LOXL3
INFO:root:LOXL4
INFO:root:LPA
INFO:root:LPAR1
INFO:root:LPAR2
INFO:root:LPAR3
INFO:root:LPAR4
INFO:root:LPAR5
INFO:root:LPAR6
INFO:root:LPCAT1
INFO:root:LPCAT2
INFO:root:LPCAT3
INFO:root:LPCAT4
INFO:root:LPGAT1
INFO:root:LPIN1
INFO:root:LPIN2
INFO:root:LPIN3
INFO:root:LPL
INFO:root:LPO
INFO:root:LPP
INFO:root:LPXN
INFO:root:LRAT
INFO:root:LRBA
INFO:root:LRCH1
INFO:root:LRCH2
INFO:root:LRCH3
INFO:root:LRCH4
INFO:root:LRFN1
INFO:root:LRFN2
INFO:root:LRFN3
INFO:root:LRFN4
INFO:root:LRFN5
INFO:root:LRG1
INFO:root:LRGUK
INFO:root:LRIF1
INFO:root:LRIG1
INFO:root:LRIG2
INFO:root:LRIG3
INFO:root:LRIT1
INFO:root:LRIT2
INFO:root:LRIT3
INFO:root:LRMDA
INFO:root:LRMP
INFO:root:LRP1
INFO:root:LRP10
INFO:root:LRP11
INFO:root:LRP12
INFO:root:LRP1B
INFO:root:LRP2
INFO:root:LRP2BP
INFO:root:LRP3
INFO:root:LRP4
INFO:root:LRP5
INFO:root:LRP5L
INFO:root:LRP6
INFO:root:LRP8
INFO:root:LRPAP1
INFO:root:LRR1
INFO:root:LRRC1
INFO:root:LRRC10
INFO:root:LRRC10B
INFO:root:LRRC14
INFO:root:LRRC14B
INFO:root:LRRC15
INFO:root:LRRC17
INFO:root:LRRC18
INFO:root:LRRC19
INFO:root:LRRC2
INFO:root:LRRC20
INFO:root:LRRC23
INFO:root:LRRC24
INFO:root:LRRC25
INFO:root:LRRC26
INFO:root:LRRC27
INFO:root:LRRC28
INFO:root:LRRC29
INFO:root:LRRC3
INFO:root:LRRC30
INFO:root:LRRC31
INFO:root:LRRC32
INFO:root:LRRC34
INFO:root:LRRC36
INFO:root:LRRC37A
INFO:root:LRRC37A2
INFO:root:LRRC37A3
INFO:root:LRRC37B
INFO:root:LRRC38
INFO:root:LRRC39
INFO:root:LRRC3B
INFO:root:LRRC3C
INFO:root:LRRC4
INFO:root:LRRC40
INFO:root:LRRC41
INFO:root:LRRC42
INFO:root:LRRC43
INFO:root:LRRC45
INFO:root:LRRC46
INFO:root:LRRC47
INFO:root:LRRC49
INFO:root:LRRC4B
INFO:root:LRRC4C
INFO:root:LRRC52
INFO:root:LRRC53
INFO:root:LRRC55
INFO:root:LRRC56
INFO:root:LRRC57
INFO:root:LRRC58
INFO:root:LRRC59
INFO:root:LRRC6
INFO:root:LRRC61
INFO:root:LRRC63
INFO:root:LRRC66
INFO:root:LRRC69
INFO:root:LRRC7
INFO:root:LRRC70
INFO:root:LRRC71
INFO:root:LRRC72
INFO:root:LRRC73
INFO:root:LRRC74A
INFO:root:LRRC75A
INFO:root:LRRC75B
INFO:root:LRRC8A
INFO:root:LRRC8B
INFO:root:LRRC8C
INFO:root:LRRC8D
INFO:root:LRRC8E
INFO:root:LRRC9
INFO:root:LRRCC1
INFO:root:LRRD1
INFO:root:LRRFIP1
INFO:root:LRRFIP2
INFO:root:LRRIQ1
INFO:root:LRRIQ3
INFO:root:LRRIQ4
INFO:root:LRRK1
INFO:root:LRRK2
INFO:root:LRRN1
INFO:root:LRRN2
INFO:root:LRRN3
INFO:root:LRRN4
INFO:root:LRRN4CL
INFO:root:LRRTM1
INFO:root:LRRTM2
INFO:root:LRRTM3
INFO:root:LRRTM4
INFO:root:LRSAM1
INFO:root:LRTM1
INFO:root:LRTM2
INFO:root:LRTOMT
INFO:root:LRWD1
INFO:root:LSAMP
INFO:root:LSG1
INFO:root:LSM1
INFO:root:LSM10
INFO:root:LSM11
INFO:root:LSM12
INFO:root:LSM14A
INFO:root:LSM14B
INFO:root:LSM2
INFO:root:LSM3
INFO:root:LSM4
INFO:root:LSM5
INFO:root:LSM6
INFO:root:LSM7
INFO:root:LSMEM1
INFO:root:LSMEM2
INFO:root:LSP1
INFO:root:LSR
INFO:root:LSS
INFO:root:LST1
INFO:root:LTA
INFO:root:LTA4H
INFO:root:LTB
INFO:root:LTB4R
INFO:root:LTB4R2
INFO:root:LTBP1
INFO:root:LTBP2
INFO:root:LTBP3
INFO:root:LTBP4
INFO:root:LTBR
INFO:root:LTC4S
INFO:root:LTF
INFO:root:LTK
INFO:root:LTN1
INFO:root:LTV1
INFO:root:LUC7L
INFO:root:LUC7L2
INFO:root:LUC7L3
INFO:root:LUM
INFO:root:LURAP1
INFO:root:LURAP1L
INFO:root:LUZP1
INFO:root:LUZP2
INFO:root:LUZP4
INFO:root:LUZP6
INFO:root:LXN
INFO:root:LY6D
INFO:root:LY6E
INFO:root:LY6G5B
INFO:root:LY6G5C
INFO:root:LY6G6C
INFO:root:LY6G6D
INFO:root:LY6G6F
INFO:root:LY6H
INFO:root:LY6K
INFO:root:LY75
INFO:root:LY86
INFO:root:LY9
INFO:root:LY96
INFO:root:LYAR
INFO:root:LYG1
INFO:root:LYG2
INFO:root:LYL1
INFO:root:LYN
INFO:root:LYNX1
INFO:root:LYPD1
INFO:root:LYPD2
INFO:root:LYPD3
INFO:root:LYPD4
INFO:root:LYPD5
INFO:root:LYPD6
INFO:root:LYPD6B
INFO:root:LYPLA1
INFO:root:LYPLA2
INFO:root:LYPLAL1
INFO:root:LYRM1
INFO:root:LYRM2
INFO:root:LYRM4
INFO:root:LYRM7
INFO:root:LYRM9
INFO:root:LYSMD1
INFO:root:LYSMD2
INFO:root:LYSMD3
INFO:root:LYSMD4
INFO:root:LYST
INFO:root:LYVE1
INFO:root:LYZ
INFO:root:LYZL1
INFO:root:LYZL2
INFO:root:LYZL4
INFO:root:LYZL6
INFO:root:LZIC
INFO:root:LZTFL1
INFO:root:LZTR1
INFO:root:LZTS1
INFO:root:LZTS2
INFO:root:LZTS3
INFO:root:M1AP
INFO:root:M6PR
INFO:root:MAATS1
INFO:root:MAB21L1
INFO:root:MAB21L2
INFO:root:MAB21L3
INFO:root:MACC1
INFO:root:MACF1
INFO:root:MACO1
INFO:root:MACROD1
INFO:root:MACROD2
INFO:root:MAD1L1
INFO:root:MAD2L1
INFO:root:MAD2L1BP
INFO:root:MAD2L2
INFO:root:MADCAM1
INFO:root:MADD
INFO:root:MAEA
INFO:root:MAEL
INFO:root:MAF
INFO:root:MAF1
INFO:root:MAFA
INFO:root:MAFB
INFO:root:MAFF
INFO:root:MAFG
INFO:root:MAFK
INFO:root:MAG
INFO:root:MAGEA1
INFO:root:MAGEA10
INFO:root:MAGEA11
INFO:root:MAGEA12
INFO:root:MAGEA2
INFO:root:MAGEA2B
INFO:root:MAGEA3
INFO:root:MAGEA4
INFO:root:MAGEA6
INFO:root:MAGEA8
INFO:root:MAGEA9
INFO:root:MAGEA9B
INFO:root:MAGEB1
INFO:root:MAGEB10
INFO:root:MAGEB16
INFO:root:MAGEB17
INFO:root:MAGEB18
INFO:root:MAGEB2
INFO:root:MAGEB3
INFO:root:MAGEB4
INFO:root:MAGEB5
INFO:root:MAGEB6
INFO:root:MAGEC1
INFO:root:MAGEC2
INFO:root:MAGEC3
INFO:root:MAGED1
INFO:root:MAGED2
INFO:root:MAGED4
INFO:root:MAGED4B
INFO:root:MAGEE1
INFO:root:MAGEE2
INFO:root:MAGEF1
INFO:root:MAGEH1
INFO:root:MAGEL2
INFO:root:MAGI1
INFO:root:MAGI2
INFO:root:MAGI3
INFO:root:MAGIX
INFO:root:MAGOH
INFO:root:MAGOHB
INFO:root:MAGT1
INFO:root:MAIP1
INFO:root:MAJIN
INFO:root:MAK
INFO:root:MAK16
INFO:root:MAL
INFO:root:MAL2
INFO:root:MALL
INFO:root:MALRD1
INFO:root:MALSU1
INFO:root:MALT1
INFO:root:MAMDC2
INFO:root:MAMDC4
INFO:root:MAML1
INFO:root:MAML2
INFO:root:MAML3
INFO:root:MAMLD1
INFO:root:MAMSTR
INFO:root:MAN1A1
INFO:root:MAN1A2
INFO:root:MAN1B1
INFO:root:MAN1C1
INFO:root:MAN2A1
INFO:root:MAN2A2
INFO:root:MAN2B1
INFO:root:MAN2B2
INFO:root:MAN2C1
INFO:root:MANBA
INFO:root:MANBAL
INFO:root:MANEA
INFO:root:MANEAL
INFO:root:MANF
INFO:root:MANSC1
INFO:root:MANSC4
INFO:root:MAOA
INFO:root:MAOB
INFO:root:MAP10
INFO:root:MAP1A
INFO:root:MAP1B
INFO:root:MAP1LC3A
INFO:root:MAP1LC3B
INFO:root:MAP1LC3B2
INFO:root:MAP1LC3C
INFO:root:MAP1S
INFO:root:MAP2
INFO:root:MAP2K1
INFO:root:MAP2K2
INFO:root:MAP2K3
INFO:root:MAP2K4
INFO:root:MAP2K5
INFO:root:MAP2K6
INFO:root:MAP2K7
INFO:root:MAP3K1
INFO:root:MAP3K10
INFO:root:MAP3K11
INFO:root:MAP3K12
INFO:root:MAP3K13
INFO:root:MAP3K15
INFO:root:MAP3K19
INFO:root:MAP3K2
INFO:root:MAP3K3
INFO:root:MAP3K4
INFO:root:MAP3K5
INFO:root:MAP3K6
INFO:root:MAP3K7
INFO:root:MAP3K7CL
INFO:root:MAP3K8
INFO:root:MAP3K9
INFO:root:MAP4
INFO:root:MAP4K1
INFO:root:MAP4K2
INFO:root:MAP4K3
INFO:root:MAP4K4
INFO:root:MAP4K5
INFO:root:MAP6
INFO:root:MAP6D1
INFO:root:MAP7
INFO:root:MAP7D1
INFO:root:MAP7D2
INFO:root:MAP7D3
INFO:root:MAP9
INFO:root:MAPK1
INFO:root:MAPK10
INFO:root:MAPK11
INFO:root:MAPK12
INFO:root:MAPK13
INFO:root:MAPK14
INFO:root:MAPK15
INFO:root:MAPK1IP1L
INFO:root:MAPK3
INFO:root:MAPK4
INFO:root:MAPK6
INFO:root:MAPK7
INFO:root:MAPK8
INFO:root:MAPK8IP1
INFO:root:MAPK8IP2
INFO:root:MAPK8IP3
INFO:root:MAPK9
INFO:root:MAPKAP1
INFO:root:MAPKAPK2
INFO:root:MAPKAPK3
INFO:root:MAPKAPK5
INFO:root:MAPKBP1
INFO:root:MAPRE1
INFO:root:MAPRE2
INFO:root:MAPRE3
INFO:root:MAPT
INFO:root:MARC1
INFO:root:MARC2
INFO:root:MARCH1
INFO:root:MARCH10
INFO:root:MARCH11
INFO:root:MARCH2
INFO:root:MARCH3
INFO:root:MARCH4
INFO:root:MARCH5
INFO:root:MARCH6
INFO:root:MARCH7
INFO:root:MARCH8
INFO:root:MARCH9
INFO:root:MARCKS
INFO:root:MARCKSL1
INFO:root:MARCO
INFO:root:MARF1
INFO:root:MARK1
INFO:root:MARK2
INFO:root:MARK3
INFO:root:MARK4
INFO:root:MARS
INFO:root:MARS2
INFO:root:MARVELD1
INFO:root:MARVELD2
INFO:root:MARVELD3
INFO:root:MAS1
INFO:root:MAS1L
INFO:root:MASP1
INFO:root:MASP2
INFO:root:MAST1
INFO:root:MAST2
INFO:root:MAST3
INFO:root:MAST4
INFO:root:MASTL
INFO:root:MAT1A
INFO:root:MAT2A
INFO:root:MAT2B
INFO:root:MATK
INFO:root:MATN1
INFO:root:MATN2
INFO:root:MATN3
INFO:root:MATN4
INFO:root:MATR3
INFO:root:MAU2
INFO:root:MAVS
INFO:root:MAX
INFO:root:MAZ
INFO:root:MB
INFO:root:MB21D2
INFO:root:MBD1
INFO:root:MBD2
INFO:root:MBD3
INFO:root:MBD3L1
INFO:root:MBD3L2
INFO:root:MBD3L3
INFO:root:MBD3L4
INFO:root:MBD3L5
INFO:root:MBD4
INFO:root:MBD5
INFO:root:MBD6
INFO:root:MBIP
INFO:root:MBL2
INFO:root:MBLAC1
INFO:root:MBLAC2
INFO:root:MBNL1
INFO:root:MBNL2
INFO:root:MBNL3
INFO:root:MBOAT1
INFO:root:MBOAT2
INFO:root:MBOAT4
INFO:root:MBOAT7
INFO:root:MBP
INFO:root:MBTD1
INFO:root:MBTPS1
INFO:root:MBTPS2
INFO:root:MC1R
INFO:root:MC2R
INFO:root:MC3R
INFO:root:MC4R
INFO:root:MC5R
INFO:root:MCAM
INFO:root:MCAT
INFO:root:MCC
INFO:root:MCCC1
INFO:root:MCCC2
INFO:root:MCCD1
INFO:root:MCEE
INFO:root:MCEMP1
INFO:root:MCF2
INFO:root:MCF2L
INFO:root:MCF2L2
INFO:root:MCFD2
INFO:root:MCHR1
INFO:root:MCHR2
INFO:root:MCIDAS
INFO:root:MCL1
INFO:root:MCM10
INFO:root:MCM2
INFO:root:MCM3
INFO:root:MCM3AP
INFO:root:MCM4
INFO:root:MCM5
INFO:root:MCM6
INFO:root:MCM7
INFO:root:MCM8
INFO:root:MCM9
INFO:root:MCMBP
INFO:root:MCMDC2
INFO:root:MCOLN1
INFO:root:MCOLN2
INFO:root:MCOLN3
INFO:root:MCPH1
INFO:root:MCRIP1
INFO:root:MCRIP2
INFO:root:MCRS1
INFO:root:MCTP1
INFO:root:MCTP2
INFO:root:MCTS1
INFO:root:MCU
INFO:root:MCUB
INFO:root:MCUR1
INFO:root:MDC1
INFO:root:MDFI
INFO:root:MDFIC
INFO:root:MDGA1
INFO:root:MDGA2
INFO:root:MDH1
INFO:root:MDH1B
INFO:root:MDH2
INFO:root:MDK
INFO:root:MDM1
INFO:root:MDM2
INFO:root:MDM4
INFO:root:MDN1
INFO:root:MDP1
INFO:root:MDS2
INFO:root:ME1
INFO:root:ME2
INFO:root:ME3
INFO:root:MEA1
INFO:root:MEAF6
INFO:root:MECOM
INFO:root:MECP2
INFO:root:MECR
INFO:root:MED1
INFO:root:MED10
INFO:root:MED11
INFO:root:MED12
INFO:root:MED12L
INFO:root:MED13
INFO:root:MED13L
INFO:root:MED14
INFO:root:MED15
INFO:root:MED16
INFO:root:MED17
INFO:root:MED18
INFO:root:MED19
INFO:root:MED20
INFO:root:MED21
INFO:root:MED22
INFO:root:MED23
INFO:root:MED24
INFO:root:MED25
INFO:root:MED26
INFO:root:MED27
INFO:root:MED28
INFO:root:MED29
INFO:root:MED30
INFO:root:MED31
INFO:root:MED4
INFO:root:MED6
INFO:root:MED7
INFO:root:MED8
INFO:root:MED9
INFO:root:MEDAG
INFO:root:MEF2A
INFO:root:MEF2B
INFO:root:MEF2C
INFO:root:MEF2D
INFO:root:MEFV
INFO:root:MEGF10
INFO:root:MEGF11
INFO:root:MEGF6
INFO:root:MEGF8
INFO:root:MEGF9
INFO:root:MEI1
INFO:root:MEI4
INFO:root:MEIG1
INFO:root:MEIOB
INFO:root:MEIOC
INFO:root:MEIS1
INFO:root:MEIS2
INFO:root:MEIS3
INFO:root:MELK
INFO:root:MELTF
INFO:root:MEMO1
INFO:root:MEN1
INFO:root:MEOX1
INFO:root:MEOX2
INFO:root:MEP1A
INFO:root:MEP1B
INFO:root:MEPCE
INFO:root:MEPE
INFO:root:MERTK
INFO:root:MESD
INFO:root:MESP1
INFO:root:MESP2
INFO:root:MEST
INFO:root:MET
INFO:root:METAP1
INFO:root:METAP1D
INFO:root:METAP2
INFO:root:METRN
INFO:root:METRNL
INFO:root:METTL1
INFO:root:METTL11B
INFO:root:METTL13
INFO:root:METTL14
INFO:root:METTL15
INFO:root:METTL16
INFO:root:METTL17
INFO:root:METTL18
INFO:root:METTL21A
INFO:root:METTL21C
INFO:root:METTL22
INFO:root:METTL23
INFO:root:METTL24
INFO:root:METTL25
INFO:root:METTL26
INFO:root:METTL27
INFO:root:METTL2A
INFO:root:METTL2B
INFO:root:METTL3
INFO:root:METTL4
INFO:root:METTL5
INFO:root:METTL6
INFO:root:METTL7A
INFO:root:METTL7B
INFO:root:METTL8
INFO:root:METTL9
INFO:root:MEX3A
INFO:root:MEX3B
INFO:root:MEX3C
INFO:root:MEX3D
INFO:root:MFAP1
INFO:root:MFAP2
INFO:root:MFAP3
INFO:root:MFAP3L
INFO:root:MFAP4
INFO:root:MFAP5
INFO:root:MFF
INFO:root:MFGE8
INFO:root:MFHAS1
INFO:root:MFN1
INFO:root:MFN2
INFO:root:MFNG
INFO:root:MFRP
INFO:root:MFSD1
INFO:root:MFSD10
INFO:root:MFSD11
INFO:root:MFSD12
INFO:root:MFSD13A
INFO:root:MFSD14A
INFO:root:MFSD14B
INFO:root:MFSD14C
INFO:root:MFSD2A
INFO:root:MFSD2B
INFO:root:MFSD3
INFO:root:MFSD4A
INFO:root:MFSD4B
INFO:root:MFSD5
INFO:root:MFSD6
INFO:root:MFSD6L
INFO:root:MFSD8
INFO:root:MFSD9
INFO:root:MGA
INFO:root:MGAM
INFO:root:MGARP
INFO:root:MGAT1
INFO:root:MGAT2
INFO:root:MGAT3
INFO:root:MGAT4A
INFO:root:MGAT4B
INFO:root:MGAT4C
INFO:root:MGAT5
INFO:root:MGAT5B
INFO:root:MGLL
INFO:root:MGME1
INFO:root:MGMT
INFO:root:MGP
INFO:root:MGRN1
INFO:root:MGST1
INFO:root:MGST2
INFO:root:MGST3
INFO:root:MIA
INFO:root:MIA2
INFO:root:MIA3
INFO:root:MIB1
INFO:root:MIB2
INFO:root:MICA
INFO:root:MICAL1
INFO:root:MICAL2
INFO:root:MICAL3
INFO:root:MICALCL
INFO:root:MICALL1
INFO:root:MICALL2
INFO:root:MICB
INFO:root:MICU1
INFO:root:MICU2
INFO:root:MICU3
INFO:root:MID1
INFO:root:MID1IP1
INFO:root:MID2
INFO:root:MIDN
INFO:root:MIEF1
INFO:root:MIEF2
INFO:root:MIEN1
INFO:root:MIER1
INFO:root:MIER2
INFO:root:MIER3
INFO:root:MIF
INFO:root:MIF4GD
INFO:root:MIGA1
INFO:root:MIGA2
INFO:root:MIIP
INFO:root:MINDY1
INFO:root:MINDY2
INFO:root:MINDY3
INFO:root:MINDY4
INFO:root:MINDY4B
INFO:root:MINK1
INFO:root:MINOS1
INFO:root:MINPP1
INFO:root:MIOS
INFO:root:MIOX
INFO:root:MIP
INFO:root:MIPEP
INFO:root:MIPOL1
INFO:root:MIS12
INFO:root:MIS18A
INFO:root:MIS18BP1
INFO:root:MISP
INFO:root:MITD1
INFO:root:MITF
INFO:root:MIXL1
INFO:root:MKI67
INFO:root:MKKS
INFO:root:MKL1
INFO:root:MKL2
INFO:root:MKLN1
INFO:root:MKNK1
INFO:root:MKNK2
INFO:root:MKRN1
INFO:root:MKRN2
INFO:root:MKRN2OS
INFO:root:MKRN3
INFO:root:MKS1
INFO:root:MKX
INFO:root:MLANA
INFO:root:MLC1
INFO:root:MLEC
INFO:root:MLF1
INFO:root:MLF2
INFO:root:MLH1
INFO:root:MLH3
INFO:root:MLIP
INFO:root:MLKL
INFO:root:MLLT1
INFO:root:MLLT10
INFO:root:MLLT11
INFO:root:MLLT3
INFO:root:MLLT6
INFO:root:MLN
INFO:root:MLNR
INFO:root:MLPH
INFO:root:MLST8
INFO:root:MLX
INFO:root:MLXIP
INFO:root:MLXIPL
INFO:root:MLYCD
INFO:root:MMAA
INFO:root:MMAB
INFO:root:MMACHC
INFO:root:MMADHC
INFO:root:MMD
INFO:root:MMD2
INFO:root:MME
INFO:root:MMEL1
INFO:root:MMGT1
INFO:root:MMP1
INFO:root:MMP10
INFO:root:MMP11
INFO:root:MMP13
INFO:root:MMP14
INFO:root:MMP15
INFO:root:MMP16
INFO:root:MMP17
INFO:root:MMP19
INFO:root:MMP2
INFO:root:MMP20
INFO:root:MMP21
INFO:root:MMP23B
INFO:root:MMP24
INFO:root:MMP25
INFO:root:MMP26
INFO:root:MMP27
INFO:root:MMP28
INFO:root:MMP3
INFO:root:MMP7
INFO:root:MMP8
INFO:root:MMP9
INFO:root:MMRN1
INFO:root:MMRN2
INFO:root:MMS19
INFO:root:MMS22L
INFO:root:MN1
INFO:root:MNAT1
INFO:root:MND1
INFO:root:MNDA
INFO:root:MNS1
INFO:root:MNT
INFO:root:MNX1
INFO:root:MOAP1
INFO:root:MOB1A
INFO:root:MOB1B
INFO:root:MOB2
INFO:root:MOB3A
INFO:root:MOB3B
INFO:root:MOB3C
INFO:root:MOB4
INFO:root:MOBP
INFO:root:MOCOS
INFO:root:MOCS1
INFO:root:MOCS2
INFO:root:MOCS3
INFO:root:MOG
INFO:root:MOGAT1
INFO:root:MOGAT2
INFO:root:MOGAT3
INFO:root:MOGS
INFO:root:MOK
INFO:root:MON1A
INFO:root:MON1B
INFO:root:MON2
INFO:root:MORC1
INFO:root:MORC2
INFO:root:MORC3
INFO:root:MORC4
INFO:root:MORF4L1
INFO:root:MORF4L2
INFO:root:MORN1
INFO:root:MORN2
INFO:root:MORN3
INFO:root:MORN4
INFO:root:MORN5
INFO:root:MOS
INFO:root:MOSMO
INFO:root:MOSPD1
INFO:root:MOSPD2
INFO:root:MOSPD3
INFO:root:MOV10
INFO:root:MOV10L1
INFO:root:MOXD1
INFO:root:MPC1
INFO:root:MPC2
INFO:root:MPDU1
INFO:root:MPDZ
INFO:root:MPEG1
INFO:root:MPG
INFO:root:MPHOSPH10
INFO:root:MPHOSPH6
INFO:root:MPHOSPH8
INFO:root:MPHOSPH9
INFO:root:MPI
INFO:root:MPIG6B
INFO:root:MPL
INFO:root:MPLKIP
INFO:root:MPND
INFO:root:MPO
INFO:root:MPP1
INFO:root:MPP2
INFO:root:MPP3
INFO:root:MPP4
INFO:root:MPP5
INFO:root:MPP6
INFO:root:MPP7
INFO:root:MPPE1
INFO:root:MPPED1
INFO:root:MPPED2
INFO:root:MPRIP
INFO:root:MPST
INFO:root:MPV17
INFO:root:MPV17L
INFO:root:MPV17L2
INFO:root:MPZ
INFO:root:MPZL1
INFO:root:MPZL2
INFO:root:MPZL3
INFO:root:MR1
INFO:root:MRAP
INFO:root:MRAP2
INFO:root:MRAS
INFO:root:MRC1
INFO:root:MRC2
INFO:root:MRE11
INFO:root:MREG
INFO:root:MRFAP1
INFO:root:MRFAP1L1
INFO:root:MRGBP
INFO:root:MRGPRD
INFO:root:MRGPRE
INFO:root:MRGPRF
INFO:root:MRGPRG
INFO:root:MRGPRX1
INFO:root:MRGPRX2
INFO:root:MRGPRX3
INFO:root:MRGPRX4
INFO:root:MRI1
INFO:root:MRM1
INFO:root:MRM2
INFO:root:MRM3
INFO:root:MRNIP
INFO:root:MRO
INFO:root:MROH1
INFO:root:MROH2A
INFO:root:MROH2B
INFO:root:MROH5
INFO:root:MROH6
INFO:root:MROH7
INFO:root:MROH8
INFO:root:MROH9
INFO:root:MRPL1
INFO:root:MRPL10
INFO:root:MRPL11
INFO:root:MRPL12
INFO:root:MRPL13
INFO:root:MRPL14
INFO:root:MRPL15
INFO:root:MRPL16
INFO:root:MRPL17
INFO:root:MRPL18
INFO:root:MRPL19
INFO:root:MRPL2
INFO:root:MRPL20
INFO:root:MRPL21
INFO:root:MRPL22
INFO:root:MRPL23
INFO:root:MRPL24
INFO:root:MRPL27
INFO:root:MRPL28
INFO:root:MRPL3
INFO:root:MRPL30
INFO:root:MRPL32
INFO:root:MRPL33
INFO:root:MRPL34
INFO:root:MRPL35
INFO:root:MRPL36
INFO:root:MRPL37
INFO:root:MRPL38
INFO:root:MRPL39
INFO:root:MRPL4
INFO:root:MRPL40
INFO:root:MRPL41
INFO:root:MRPL42
INFO:root:MRPL43
INFO:root:MRPL44
INFO:root:MRPL45
INFO:root:MRPL46
INFO:root:MRPL47
INFO:root:MRPL48
INFO:root:MRPL49
INFO:root:MRPL50
INFO:root:MRPL51
INFO:root:MRPL52
INFO:root:MRPL53
INFO:root:MRPL54
INFO:root:MRPL55
INFO:root:MRPL57
INFO:root:MRPL58
INFO:root:MRPL9
INFO:root:MRPS10
INFO:root:MRPS11
INFO:root:MRPS12
INFO:root:MRPS14
INFO:root:MRPS15
INFO:root:MRPS16
INFO:root:MRPS17
INFO:root:MRPS18A
INFO:root:MRPS18B
INFO:root:MRPS18C
INFO:root:MRPS2
INFO:root:MRPS21
INFO:root:MRPS22
INFO:root:MRPS23
INFO:root:MRPS24
INFO:root:MRPS25
INFO:root:MRPS26
INFO:root:MRPS27
INFO:root:MRPS28
INFO:root:MRPS30
INFO:root:MRPS31
INFO:root:MRPS33
INFO:root:MRPS34
INFO:root:MRPS35
INFO:root:MRPS36
INFO:root:MRPS5
INFO:root:MRPS6
INFO:root:MRPS7
INFO:root:MRPS9
INFO:root:MRRF
INFO:root:MRS2
INFO:root:MRTO4
INFO:root:MRVI1
INFO:root:MS4A1
INFO:root:MS4A10
INFO:root:MS4A12
INFO:root:MS4A13
INFO:root:MS4A14
INFO:root:MS4A15
INFO:root:MS4A18
INFO:root:MS4A2
INFO:root:MS4A3
INFO:root:MS4A4A
INFO:root:MS4A4E
INFO:root:MS4A5
INFO:root:MS4A6A
INFO:root:MS4A6E
INFO:root:MS4A7
INFO:root:MS4A8
INFO:root:MSANTD1
INFO:root:MSANTD2
INFO:root:MSANTD3
INFO:root:MSANTD4
INFO:root:MSC
INFO:root:MSGN1
INFO:root:MSH2
INFO:root:MSH3
INFO:root:MSH4
INFO:root:MSH5
INFO:root:MSH6
INFO:root:MSI1
INFO:root:MSI2
INFO:root:MSL1
INFO:root:MSL2
INFO:root:MSL3
INFO:root:MSLN
INFO:root:MSMB
INFO:root:MSMO1
INFO:root:MSMP
INFO:root:MSN
INFO:root:MSR1
INFO:root:MSRA
INFO:root:MSRB1
INFO:root:MSRB2
INFO:root:MSRB3
INFO:root:MSS51
INFO:root:MST1
INFO:root:MST1R
INFO:root:MSTN
INFO:root:MSTO1
INFO:root:MSX1
INFO:root:MSX2
INFO:root:MT1A
INFO:root:MT1B
INFO:root:MT1E
INFO:root:MT1F
INFO:root:MT1G
INFO:root:MT1H
INFO:root:MT1HL1
INFO:root:MT1M
INFO:root:MT1X
INFO:root:MT2A
INFO:root:MT3
INFO:root:MT4
INFO:root:MTA1
INFO:root:MTA2
INFO:root:MTA3
INFO:root:MTAP
INFO:root:MTBP
INFO:root:MTCH1
INFO:root:MTCH2
INFO:root:MTCL1
INFO:root:MTCP1
INFO:root:MTDH
INFO:root:MTERF1
INFO:root:MTERF2
INFO:root:MTERF3
INFO:root:MTERF4
INFO:root:MTF1
INFO:root:MTF2
INFO:root:MTFMT
INFO:root:MTFP1
INFO:root:MTFR1
INFO:root:MTFR1L
INFO:root:MTFR2
INFO:root:MTG1
INFO:root:MTG2
INFO:root:MTHFD1
INFO:root:MTHFD1L
INFO:root:MTHFD2
INFO:root:MTHFD2L
INFO:root:MTHFR
INFO:root:MTHFS
INFO:root:MTHFSD
INFO:root:MTIF2
INFO:root:MTIF3
INFO:root:MTM1
INFO:root:MTMR1
INFO:root:MTMR10
INFO:root:MTMR11
INFO:root:MTMR12
INFO:root:MTMR14
INFO:root:MTMR2
INFO:root:MTMR3
INFO:root:MTMR4
INFO:root:MTMR6
INFO:root:MTMR7
INFO:root:MTMR8
INFO:root:MTMR9
INFO:root:MTNR1A
INFO:root:MTNR1B
INFO:root:MTO1
INFO:root:MTOR
INFO:root:MTPAP
INFO:root:MTPN
INFO:root:MTR
INFO:root:MTREX
INFO:root:MTRF1
INFO:root:MTRF1L
INFO:root:MTRNR2L1
INFO:root:MTRNR2L10
INFO:root:MTRNR2L3
INFO:root:MTRNR2L4
INFO:root:MTRNR2L5
INFO:root:MTRNR2L6
INFO:root:MTRNR2L7
INFO:root:MTRNR2L8
INFO:root:MTRR
INFO:root:MTSS1
INFO:root:MTSS1L
INFO:root:MTTP
INFO:root:MTURN
INFO:root:MTUS1
INFO:root:MTUS2
INFO:root:MTX1
INFO:root:MTX2
INFO:root:MTX3
INFO:root:MUC1
INFO:root:MUC12
INFO:root:MUC13
INFO:root:MUC15
INFO:root:MUC16
INFO:root:MUC17
INFO:root:MUC19
INFO:root:MUC2
INFO:root:MUC20
INFO:root:MUC21
INFO:root:MUC22
INFO:root:MUC3A
INFO:root:MUC4
INFO:root:MUC5AC
INFO:root:MUC5B
INFO:root:MUC6
INFO:root:MUC7
INFO:root:MUCL1
INFO:root:MUCL3
INFO:root:MUL1
INFO:root:MUM1
INFO:root:MUM1L1
INFO:root:MUS81
INFO:root:MUSK
INFO:root:MUSTN1
INFO:root:MUT
INFO:root:MUTYH
INFO:root:MVB12A
INFO:root:MVB12B
INFO:root:MVD
INFO:root:MVK
INFO:root:MVP
INFO:root:MX1
INFO:root:MX2
INFO:root:MXD1
INFO:root:MXD3
INFO:root:MXD4
INFO:root:MXI1
INFO:root:MXRA5
INFO:root:MXRA7
INFO:root:MXRA8
INFO:root:MYADM
INFO:root:MYADML2
INFO:root:MYB
INFO:root:MYBBP1A
INFO:root:MYBL1
INFO:root:MYBL2
INFO:root:MYBPC1
INFO:root:MYBPC2
INFO:root:MYBPC3
INFO:root:MYBPH
INFO:root:MYBPHL
INFO:root:MYC
INFO:root:MYCBP
INFO:root:MYCBP2
INFO:root:MYCBPAP
INFO:root:MYCL
INFO:root:MYCN
INFO:root:MYCT1
INFO:root:MYD88
INFO:root:MYDGF
INFO:root:MYEF2
INFO:root:MYEOV
INFO:root:MYF5
INFO:root:MYF6
INFO:root:MYH1
INFO:root:MYH10
INFO:root:MYH11
INFO:root:MYH13
INFO:root:MYH14
INFO:root:MYH15
INFO:root:MYH2
INFO:root:MYH3
INFO:root:MYH4
INFO:root:MYH6
INFO:root:MYH7
INFO:root:MYH7B
INFO:root:MYH8
INFO:root:MYH9
INFO:root:MYL1
INFO:root:MYL10
INFO:root:MYL12A
INFO:root:MYL12B
INFO:root:MYL2
INFO:root:MYL3
INFO:root:MYL4
INFO:root:MYL5
INFO:root:MYL6
INFO:root:MYL6B
INFO:root:MYL7
INFO:root:MYL9
INFO:root:MYLIP
INFO:root:MYLK
INFO:root:MYLK2
INFO:root:MYLK3
INFO:root:MYLK4
INFO:root:MYLPF
INFO:root:MYMK
INFO:root:MYNN
INFO:root:MYO10
INFO:root:MYO15A
INFO:root:MYO15B
INFO:root:MYO16
INFO:root:MYO18A
INFO:root:MYO18B
INFO:root:MYO19
INFO:root:MYO1A
INFO:root:MYO1B
INFO:root:MYO1C
INFO:root:MYO1D
INFO:root:MYO1E
INFO:root:MYO1F
INFO:root:MYO1G
INFO:root:MYO1H
INFO:root:MYO3A
INFO:root:MYO3B
INFO:root:MYO5A
INFO:root:MYO5B
INFO:root:MYO5C
INFO:root:MYO6
INFO:root:MYO7A
INFO:root:MYO7B
INFO:root:MYO9A
INFO:root:MYO9B
INFO:root:MYOC
INFO:root:MYOCD
INFO:root:MYOD1
INFO:root:MYOF
INFO:root:MYOG
INFO:root:MYOM1
INFO:root:MYOM2
INFO:root:MYOM3
INFO:root:MYORG
INFO:root:MYOT
INFO:root:MYOZ1
INFO:root:MYOZ2
INFO:root:MYOZ3
INFO:root:MYPN
INFO:root:MYPOP
INFO:root:MYRF
INFO:root:MYRFL
INFO:root:MYRIP
INFO:root:MYSM1
INFO:root:MYT1
INFO:root:MYT1L
INFO:root:MYZAP
INFO:root:MZB1
INFO:root:MZF1
INFO:root:MZT1
INFO:root:MZT2A
INFO:root:MZT2B
INFO:root:N4BP1
INFO:root:N4BP2
INFO:root:N4BP2L1
INFO:root:N4BP2L2
INFO:root:N4BP3
INFO:root:N6AMT1
INFO:root:NAA10
INFO:root:NAA11
INFO:root:NAA15
INFO:root:NAA16
INFO:root:NAA20
INFO:root:NAA25
INFO:root:NAA30
INFO:root:NAA35
INFO:root:NAA38
INFO:root:NAA40
INFO:root:NAA50
INFO:root:NAA60
INFO:root:NAA80
INFO:root:NAAA
INFO:root:NAALAD2
INFO:root:NAALADL1
INFO:root:NAALADL2
INFO:root:NAB1
INFO:root:NAB2
INFO:root:NABP1
INFO:root:NABP2
INFO:root:NACA
INFO:root:NACA2
INFO:root:NACAD
INFO:root:NACC1
INFO:root:NACC2
INFO:root:NADK
INFO:root:NADK2
INFO:root:NADSYN1
INFO:root:NAE1
INFO:root:NAF1
INFO:root:NAGA
INFO:root:NAGK
INFO:root:NAGLU
INFO:root:NAGPA
INFO:root:NAGS
INFO:root:NAIF1
INFO:root:NAIP
INFO:root:NALCN
INFO:root:NAMPT
INFO:root:NANOG
INFO:root:NANOGNB
INFO:root:NANOS1
INFO:root:NANOS2
INFO:root:NANOS3
INFO:root:NANP
INFO:root:NANS
INFO:root:NAP1L1
INFO:root:NAP1L2
INFO:root:NAP1L3
INFO:root:NAP1L4
INFO:root:NAP1L5
INFO:root:NAPA
INFO:root:NAPB
INFO:root:NAPEPLD
INFO:root:NAPG
INFO:root:NAPRT
INFO:root:NAPSA
INFO:root:NARF
INFO:root:NARFL
INFO:root:NARS
INFO:root:NARS2
INFO:root:NASP
INFO:root:NAT1
INFO:root:NAT10
INFO:root:NAT14
INFO:root:NAT16
INFO:root:NAT2
INFO:root:NAT8
INFO:root:NAT8L
INFO:root:NAT9
INFO:root:NATD1
INFO:root:NAV1
INFO:root:NAV2
INFO:root:NAV3
INFO:root:NAXD
INFO:root:NAXE
INFO:root:NBAS
INFO:root:NBEA
INFO:root:NBEAL1
INFO:root:NBEAL2
INFO:root:NBL1
INFO:root:NBN
INFO:root:NBPF1
INFO:root:NBPF10
INFO:root:NBPF11
INFO:root:NBPF12
INFO:root:NBPF14
INFO:root:NBPF15
INFO:root:NBPF20
INFO:root:NBPF3
INFO:root:NBPF4
INFO:root:NBPF6
INFO:root:NBPF9
INFO:root:NBR1
INFO:root:NCALD
INFO:root:NCAM1
INFO:root:NCAM2
INFO:root:NCAN
INFO:root:NCAPD2
INFO:root:NCAPD3
INFO:root:NCAPG
INFO:root:NCAPG2
INFO:root:NCAPH
INFO:root:NCAPH2
INFO:root:NCBP1
INFO:root:NCBP2
INFO:root:NCBP2L
INFO:root:NCBP3
INFO:root:NCCRP1
INFO:root:NCDN
INFO:root:NCEH1
INFO:root:NCF1
INFO:root:NCF2
INFO:root:NCF4
INFO:root:NCK1
INFO:root:NCK2
INFO:root:NCKAP1
INFO:root:NCKAP1L
INFO:root:NCKAP5
INFO:root:NCKAP5L
INFO:root:NCKIPSD
INFO:root:NCL
INFO:root:NCLN
INFO:root:NCMAP
INFO:root:NCOA1
INFO:root:NCOA2
INFO:root:NCOA3
INFO:root:NCOA4
INFO:root:NCOA5
INFO:root:NCOA6
INFO:root:NCOA7
INFO:root:NCOR1
INFO:root:NCOR2
INFO:root:NCR1
INFO:root:NCR2
INFO:root:NCR3
INFO:root:NCR3LG1
INFO:root:NCS1
INFO:root:NCSTN
INFO:root:NDC1
INFO:root:NDC80
INFO:root:NDE1
INFO:root:NDEL1
INFO:root:NDFIP1
INFO:root:NDFIP2
INFO:root:NDN
INFO:root:NDNF
INFO:root:NDOR1
INFO:root:NDP
INFO:root:NDRG1
INFO:root:NDRG2
INFO:root:NDRG3
INFO:root:NDRG4
INFO:root:NDST1
INFO:root:NDST2
INFO:root:NDST3
INFO:root:NDST4
INFO:root:NDUFA1
INFO:root:NDUFA10
INFO:root:NDUFA11
INFO:root:NDUFA12
INFO:root:NDUFA13
INFO:root:NDUFA2
INFO:root:NDUFA3
INFO:root:NDUFA4
INFO:root:NDUFA4L2
INFO:root:NDUFA5
INFO:root:NDUFA6
INFO:root:NDUFA7
INFO:root:NDUFA8
INFO:root:NDUFA9
INFO:root:NDUFAB1
INFO:root:NDUFAF1
INFO:root:NDUFAF2
INFO:root:NDUFAF3
INFO:root:NDUFAF4
INFO:root:NDUFAF5
INFO:root:NDUFAF6
INFO:root:NDUFAF7
INFO:root:NDUFAF8
INFO:root:NDUFB1
INFO:root:NDUFB10
INFO:root:NDUFB11
INFO:root:NDUFB2
INFO:root:NDUFB3
INFO:root:NDUFB4
INFO:root:NDUFB5
INFO:root:NDUFB6
INFO:root:NDUFB7
INFO:root:NDUFB8
INFO:root:NDUFB9
INFO:root:NDUFC1
INFO:root:NDUFC2
INFO:root:NDUFS1
INFO:root:NDUFS2
INFO:root:NDUFS3
INFO:root:NDUFS4
INFO:root:NDUFS5
INFO:root:NDUFS6
INFO:root:NDUFS7
INFO:root:NDUFS8
INFO:root:NDUFV1
INFO:root:NDUFV2
INFO:root:NDUFV3
INFO:root:NEB
INFO:root:NEBL
INFO:root:NECAB1
INFO:root:NECAB2
INFO:root:NECAB3
INFO:root:NECAP1
INFO:root:NECAP2
INFO:root:NECTIN1
INFO:root:NECTIN2
INFO:root:NECTIN3
INFO:root:NECTIN4
INFO:root:NEDD1
INFO:root:NEDD4
INFO:root:NEDD4L
INFO:root:NEDD8
INFO:root:NEDD9
INFO:root:NEFH
INFO:root:NEFM
INFO:root:NEGR1
INFO:root:NEIL1
INFO:root:NEIL2
INFO:root:NEIL3
INFO:root:NEK1
INFO:root:NEK10
INFO:root:NEK11
INFO:root:NEK2
INFO:root:NEK3
INFO:root:NEK4
INFO:root:NEK5
INFO:root:NEK6
INFO:root:NEK7
INFO:root:NEK8
INFO:root:NEK9
INFO:root:NELFA
INFO:root:NELFB
INFO:root:NELFCD
INFO:root:NELFE
INFO:root:NELL1
INFO:root:NELL2
INFO:root:NEMF
INFO:root:NEMP1
INFO:root:NEMP2
INFO:root:NENF
INFO:root:NEO1
INFO:root:NEPRO
INFO:root:NES
INFO:root:NET1
INFO:root:NETO1
INFO:root:NETO2
INFO:root:NEU1
INFO:root:NEU2
INFO:root:NEU3
INFO:root:NEU4
INFO:root:NEURL1
INFO:root:NEURL1B
INFO:root:NEURL2
INFO:root:NEURL4
INFO:root:NEUROD1
INFO:root:NEUROD2
INFO:root:NEUROD4
INFO:root:NEUROD6
INFO:root:NEUROG1
INFO:root:NEUROG2
INFO:root:NEUROG3
INFO:root:NEXMIF
INFO:root:NEXN
INFO:root:NF1
INFO:root:NF2
INFO:root:NFAM1
INFO:root:NFASC
INFO:root:NFAT5
INFO:root:NFATC1
INFO:root:NFATC2
INFO:root:NFATC2IP
INFO:root:NFATC3
INFO:root:NFATC4
INFO:root:NFE2
INFO:root:NFE2L1
INFO:root:NFE2L2
INFO:root:NFE2L3
INFO:root:NFIA
INFO:root:NFIB
INFO:root:NFIC
INFO:root:NFIL3
INFO:root:NFIX
INFO:root:NFKB1
INFO:root:NFKB2
INFO:root:NFKBIA
INFO:root:NFKBIB
INFO:root:NFKBID
INFO:root:NFKBIE
INFO:root:NFKBIL1
INFO:root:NFKBIZ
INFO:root:NFRKB
INFO:root:NFS1
INFO:root:NFU1
INFO:root:NFX1
INFO:root:NFXL1
INFO:root:NFYA
INFO:root:NFYB
INFO:root:NFYC
INFO:root:NGB
INFO:root:NGDN
INFO:root:NGEF
INFO:root:NGF
INFO:root:NGFR
INFO:root:NGLY1
INFO:root:NGRN
INFO:root:NHEJ1
INFO:root:NHLH1
INFO:root:NHLH2
INFO:root:NHLRC1
INFO:root:NHLRC2
INFO:root:NHLRC3
INFO:root:NHLRC4
INFO:root:NHP2
INFO:root:NHS
INFO:root:NHSL1
INFO:root:NHSL2
INFO:root:NICN1
INFO:root:NID1
INFO:root:NID2
INFO:root:NIF3L1
INFO:root:NIFK
INFO:root:NIM1K
INFO:root:NIN
INFO:root:NINJ1
INFO:root:NINJ2
INFO:root:NINL
INFO:root:NIP7
INFO:root:NIPA1
INFO:root:NIPA2
INFO:root:NIPAL1
INFO:root:NIPAL2
INFO:root:NIPAL3
INFO:root:NIPAL4
INFO:root:NIPBL
INFO:root:NIPSNAP1
INFO:root:NIPSNAP2
INFO:root:NIPSNAP3A
INFO:root:NIPSNAP3B
INFO:root:NISCH
INFO:root:NIT1
INFO:root:NIT2
INFO:root:NKAIN1
INFO:root:NKAIN2
INFO:root:NKAIN3
INFO:root:NKAIN4
INFO:root:NKAP
INFO:root:NKAPD1
INFO:root:NKAPL
INFO:root:NKD1
INFO:root:NKD2
INFO:root:NKG7
INFO:root:NKIRAS1
INFO:root:NKIRAS2
INFO:root:NKPD1
INFO:root:NKRF
INFO:root:NKTR
INFO:root:NKX1-1
INFO:root:NKX1-2
INFO:root:NKX2-1
INFO:root:NKX2-2
INFO:root:NKX2-3
INFO:root:NKX2-4
INFO:root:NKX2-5
INFO:root:NKX2-6
INFO:root:NKX2-8
INFO:root:NKX3-1
INFO:root:NKX3-2
INFO:root:NKX6-1
INFO:root:NKX6-2
INFO:root:NKX6-3
INFO:root:NLE1
INFO:root:NLGN1
INFO:root:NLGN2
INFO:root:NLGN3
INFO:root:NLGN4X
INFO:root:NLK
INFO:root:NLN
INFO:root:NLRC3
INFO:root:NLRC4
INFO:root:NLRC5
INFO:root:NLRP1
INFO:root:NLRP10
INFO:root:NLRP11
INFO:root:NLRP12
INFO:root:NLRP13
INFO:root:NLRP14
INFO:root:NLRP2
INFO:root:NLRP3
INFO:root:NLRP4
INFO:root:NLRP5
INFO:root:NLRP6
INFO:root:NLRP7
INFO:root:NLRP8
INFO:root:NLRP9
INFO:root:NLRX1
INFO:root:NMB
INFO:root:NMBR
INFO:root:NMD3
INFO:root:NME1
INFO:root:NME2
INFO:root:NME3
INFO:root:NME4
INFO:root:NME5
INFO:root:NME6
INFO:root:NME7
INFO:root:NME8
INFO:root:NME9
INFO:root:NMI
INFO:root:NMNAT1
INFO:root:NMNAT2
INFO:root:NMNAT3
INFO:root:NMRAL1
INFO:root:NMRK1
INFO:root:NMRK2
INFO:root:NMS
INFO:root:NMT1
INFO:root:NMT2
INFO:root:NMU
INFO:root:NMUR1
INFO:root:NMUR2
INFO:root:NNAT
INFO:root:NNMT
INFO:root:NNT
INFO:root:NOA1
INFO:root:NOB1
INFO:root:NOBOX
INFO:root:NOC2L
INFO:root:NOC3L
INFO:root:NOC4L
INFO:root:NOCT
INFO:root:NOD1
INFO:root:NOD2
INFO:root:NODAL
INFO:root:NOG
INFO:root:NOL10
INFO:root:NOL11
INFO:root:NOL12
INFO:root:NOL3
INFO:root:NOL4
INFO:root:NOL4L
INFO:root:NOL6
INFO:root:NOL7
INFO:root:NOL8
INFO:root:NOL9
INFO:root:NOLC1
INFO:root:NOM1
INFO:root:NOMO1
INFO:root:NOMO2
INFO:root:NOMO3
INFO:root:NONO
INFO:root:NOP10
INFO:root:NOP14
INFO:root:NOP16
INFO:root:NOP2
INFO:root:NOP53
INFO:root:NOP56
INFO:root:NOP58
INFO:root:NOP9
INFO:root:NOS1
INFO:root:NOS1AP
INFO:root:NOS2
INFO:root:NOS3
INFO:root:NOSIP
INFO:root:NOSTRIN
INFO:root:NOTCH1
INFO:root:NOTCH2
INFO:root:NOTCH2NL
INFO:root:NOTCH3
INFO:root:NOTCH4
INFO:root:NOTO
INFO:root:NOTUM
INFO:root:NOV
INFO:root:NOVA1
INFO:root:NOVA2
INFO:root:NOX1
INFO:root:NOX3
INFO:root:NOX4
INFO:root:NOX5
INFO:root:NOXA1
INFO:root:NOXO1
INFO:root:NOXRED1
INFO:root:NPAP1
INFO:root:NPAS1
INFO:root:NPAS2
INFO:root:NPAS3
INFO:root:NPAS4
INFO:root:NPAT
INFO:root:NPB
INFO:root:NPBWR1
INFO:root:NPBWR2
INFO:root:NPC1
INFO:root:NPC1L1
INFO:root:NPC2
INFO:root:NPDC1
INFO:root:NPEPL1
INFO:root:NPEPPS
INFO:root:NPFF
INFO:root:NPFFR1
INFO:root:NPFFR2
INFO:root:NPHP1
INFO:root:NPHP3
INFO:root:NPHP4
INFO:root:NPHS1
INFO:root:NPHS2
INFO:root:NPIPA1
INFO:root:NPIPA2
INFO:root:NPIPA3
INFO:root:NPIPA5
INFO:root:NPIPA7
INFO:root:NPIPA8
INFO:root:NPIPB11
INFO:root:NPIPB15
INFO:root:NPIPB3
INFO:root:NPIPB4
INFO:root:NPIPB5
INFO:root:NPIPB6
INFO:root:NPIPB8
INFO:root:NPIPB9
INFO:root:NPL
INFO:root:NPLOC4
INFO:root:NPM1
INFO:root:NPM2
INFO:root:NPM3
INFO:root:NPNT
INFO:root:NPPA
INFO:root:NPPB
INFO:root:NPPC
INFO:root:NPR1
INFO:root:NPR2
INFO:root:NPR3
INFO:root:NPRL2
INFO:root:NPRL3
INFO:root:NPS
INFO:root:NPSR1
INFO:root:NPTN
INFO:root:NPTX1
INFO:root:NPTX2
INFO:root:NPTXR
INFO:root:NPVF
INFO:root:NPW
INFO:root:NPY
INFO:root:NPY1R
INFO:root:NPY2R
INFO:root:NPY4R
INFO:root:NPY5R
INFO:root:NQO1
INFO:root:NQO2
INFO:root:NR0B1
INFO:root:NR0B2
INFO:root:NR1D1
INFO:root:NR1D2
INFO:root:NR1H2
INFO:root:NR1H3
INFO:root:NR1H4
INFO:root:NR1I2
INFO:root:NR1I3
INFO:root:NR2C1
INFO:root:NR2C2
INFO:root:NR2C2AP
INFO:root:NR2E1
INFO:root:NR2F1
INFO:root:NR2F2
INFO:root:NR2F6
INFO:root:NR3C1
INFO:root:NR3C2
INFO:root:NR4A1
INFO:root:NR4A2
INFO:root:NR4A3
INFO:root:NR5A1
INFO:root:NR5A2
INFO:root:NR6A1
INFO:root:NRAP
INFO:root:NRARP
INFO:root:NRAS
INFO:root:NRBF2
INFO:root:NRBP1
INFO:root:NRBP2
INFO:root:NRCAM
INFO:root:NRDC
INFO:root:NRDE2
INFO:root:NREP
INFO:root:NRF1
INFO:root:NRG1
INFO:root:NRG2
INFO:root:NRG3
INFO:root:NRG4
INFO:root:NRGN
INFO:root:NRIP1
INFO:root:NRIP2
INFO:root:NRIP3
INFO:root:NRK
INFO:root:NRL
INFO:root:NRM
INFO:root:NRN1
INFO:root:NRN1L
INFO:root:NRP1
INFO:root:NRP2
INFO:root:NRROS
INFO:root:NRSN1
INFO:root:NRSN2
INFO:root:NRTN
INFO:root:NRXN1
INFO:root:NRXN2
INFO:root:NRXN3
INFO:root:NSA2
INFO:root:NSD1
INFO:root:NSD2
INFO:root:NSD3
INFO:root:NSDHL
INFO:root:NSF
INFO:root:NSFL1C
INFO:root:NSG1
INFO:root:NSG2
INFO:root:NSL1
INFO:root:NSMAF
INFO:root:NSMCE1
INFO:root:NSMCE2
INFO:root:NSMCE3
INFO:root:NSMCE4A
INFO:root:NSMF
INFO:root:NSRP1
INFO:root:NSUN2
INFO:root:NSUN3
INFO:root:NSUN4
INFO:root:NSUN5
INFO:root:NSUN6
INFO:root:NSUN7
INFO:root:NT5C
INFO:root:NT5C1A
INFO:root:NT5C1B
INFO:root:NT5C2
INFO:root:NT5C3A
INFO:root:NT5C3B
INFO:root:NT5DC1
INFO:root:NT5DC2
INFO:root:NT5DC3
INFO:root:NT5DC4
INFO:root:NT5E
INFO:root:NT5M
INFO:root:NTAN1
INFO:root:NTF3
INFO:root:NTF4
INFO:root:NTHL1
INFO:root:NTM
INFO:root:NTMT1
INFO:root:NTN1
INFO:root:NTN3
INFO:root:NTN4
INFO:root:NTN5
INFO:root:NTNG1
INFO:root:NTNG2
INFO:root:NTPCR
INFO:root:NTRK1
INFO:root:NTRK2
INFO:root:NTRK3
INFO:root:NTS
INFO:root:NTSR1
INFO:root:NTSR2
INFO:root:NUAK1
INFO:root:NUAK2
INFO:root:NUB1
INFO:root:NUBP1
INFO:root:NUBP2
INFO:root:NUBPL
INFO:root:NUCB1
INFO:root:NUCB2
INFO:root:NUCKS1
INFO:root:NUDC
INFO:root:NUDCD1
INFO:root:NUDCD2
INFO:root:NUDCD3
INFO:root:NUDT1
INFO:root:NUDT10
INFO:root:NUDT11
INFO:root:NUDT12
INFO:root:NUDT13
INFO:root:NUDT14
INFO:root:NUDT15
INFO:root:NUDT16
INFO:root:NUDT16L1
INFO:root:NUDT17
INFO:root:NUDT18
INFO:root:NUDT19
INFO:root:NUDT2
INFO:root:NUDT21
INFO:root:NUDT22
INFO:root:NUDT3
INFO:root:NUDT4
INFO:root:NUDT5
INFO:root:NUDT6
INFO:root:NUDT7
INFO:root:NUDT8
INFO:root:NUDT9
INFO:root:NUF2
INFO:root:NUFIP1
INFO:root:NUFIP2
INFO:root:NUGGC
INFO:root:NUMA1
INFO:root:NUMB
INFO:root:NUMBL
INFO:root:NUP107
INFO:root:NUP133
INFO:root:NUP153
INFO:root:NUP155
INFO:root:NUP160
INFO:root:NUP188
INFO:root:NUP205
INFO:root:NUP210
INFO:root:NUP210L
INFO:root:NUP214
INFO:root:NUP35
INFO:root:NUP37
INFO:root:NUP43
INFO:root:NUP50
INFO:root:NUP54
INFO:root:NUP58
INFO:root:NUP62
INFO:root:NUP62CL
INFO:root:NUP85
INFO:root:NUP88
INFO:root:NUP93
INFO:root:NUP98
INFO:root:NUPL2
INFO:root:NUPR1
INFO:root:NUPR2
INFO:root:NUS1
INFO:root:NUSAP1
INFO:root:NUTF2
INFO:root:NUTM1
INFO:root:NUTM2A
INFO:root:NUTM2B
INFO:root:NUTM2D
INFO:root:NUTM2E
INFO:root:NUTM2F
INFO:root:NUTM2G
INFO:root:NVL
INFO:root:NWD1
INFO:root:NWD2
INFO:root:NXF1
INFO:root:NXF2
INFO:root:NXF2B
INFO:root:NXF3
INFO:root:NXF5
INFO:root:NXN
INFO:root:NXNL1
INFO:root:NXNL2
INFO:root:NXPE1
INFO:root:NXPE2
INFO:root:NXPE3
INFO:root:NXPE4
INFO:root:NXPH1
INFO:root:NXPH2
INFO:root:NXPH3
INFO:root:NXPH4
INFO:root:NXT1
INFO:root:NXT2
INFO:root:NYAP1
INFO:root:NYAP2
INFO:root:NYNRIN
INFO:root:NYX
INFO:root:OAF
INFO:root:OARD1
INFO:root:OAS1
INFO:root:OAS2
INFO:root:OAS3
INFO:root:OASL
INFO:root:OAT
INFO:root:OAZ1
INFO:root:OAZ2
INFO:root:OAZ3
INFO:root:OBP2A
INFO:root:OBP2B
INFO:root:OBSCN
INFO:root:OBSL1
INFO:root:OC90
INFO:root:OCA2
INFO:root:OCEL1
INFO:root:OCIAD1
INFO:root:OCIAD2
INFO:root:OCLM
INFO:root:OCLN
INFO:root:OCM
INFO:root:OCM2
INFO:root:OCRL
INFO:root:OCSTAMP
INFO:root:ODAM
INFO:root:ODAPH
INFO:root:ODC1
INFO:root:ODF1
INFO:root:ODF2
INFO:root:ODF2L
INFO:root:ODF3
INFO:root:ODF3B
INFO:root:ODF3L1
INFO:root:ODF3L2
INFO:root:ODF4
INFO:root:ODR4
INFO:root:OFCC1
INFO:root:OFD1
INFO:root:OGA
INFO:root:OGDH
INFO:root:OGDHL
INFO:root:OGFOD1
INFO:root:OGFOD2
INFO:root:OGFOD3
INFO:root:OGFR
INFO:root:OGFRL1
INFO:root:OGG1
INFO:root:OGN
INFO:root:OGT
INFO:root:OIP5
INFO:root:OIT3
INFO:root:OLA1
INFO:root:OLAH
INFO:root:OLFM1
INFO:root:OLFM2
INFO:root:OLFM3
INFO:root:OLFM4
INFO:root:OLFML1
INFO:root:OLFML2A
INFO:root:OLFML2B
INFO:root:OLFML3
INFO:root:OLIG1
INFO:root:OLIG2
INFO:root:OLIG3
INFO:root:OLR1
INFO:root:OMA1
INFO:root:OMD
INFO:root:OMG
INFO:root:OMP
INFO:root:ONECUT1
INFO:root:ONECUT2
INFO:root:ONECUT3
INFO:root:OOEP
INFO:root:OOSP2
INFO:root:OPA1
INFO:root:OPA3
INFO:root:OPALIN
INFO:root:OPCML
INFO:root:OPHN1
INFO:root:OPLAH
INFO:root:OPN1LW
INFO:root:OPN1MW
INFO:root:OPN1MW2
INFO:root:OPN1SW
INFO:root:OPN3
INFO:root:OPN4
INFO:root:OPN5
INFO:root:OPRD1
INFO:root:OPRK1
INFO:root:OPRL1
INFO:root:OPRM1
INFO:root:OPRPN
INFO:root:OPTC
INFO:root:OPTN
INFO:root:OR10A2
INFO:root:OR10A3
INFO:root:OR10A4
INFO:root:OR10A5
INFO:root:OR10A6
INFO:root:OR10A7
INFO:root:OR10AC1
INFO:root:OR10AD1
INFO:root:OR10AG1
INFO:root:OR10C1
INFO:root:OR10D3
INFO:root:OR10G2
INFO:root:OR10G3
INFO:root:OR10G4
INFO:root:OR10G6
INFO:root:OR10G7
INFO:root:OR10G8
INFO:root:OR10G9
INFO:root:OR10H1
INFO:root:OR10H2
INFO:root:OR10H3
INFO:root:OR10H4
INFO:root:OR10H5
INFO:root:OR10J1
INFO:root:OR10J3
INFO:root:OR10J4
INFO:root:OR10J5
INFO:root:OR10K1
INFO:root:OR10K2
INFO:root:OR10P1
INFO:root:OR10Q1
INFO:root:OR10R2
INFO:root:OR10S1
INFO:root:OR10T2
INFO:root:OR10V1
INFO:root:OR10W1
INFO:root:OR10X1
INFO:root:OR10Z1
INFO:root:OR11A1
INFO:root:OR11G2
INFO:root:OR11H1
INFO:root:OR11H12
INFO:root:OR11H4
INFO:root:OR11H6
INFO:root:OR11H7
INFO:root:OR11L1
INFO:root:OR12D1
INFO:root:OR12D2
INFO:root:OR12D3
INFO:root:OR13A1
INFO:root:OR13C2
INFO:root:OR13C3
INFO:root:OR13C4
INFO:root:OR13C5
INFO:root:OR13C7
INFO:root:OR13C8
INFO:root:OR13C9
INFO:root:OR13D1
INFO:root:OR13F1
INFO:root:OR13G1
INFO:root:OR13H1
INFO:root:OR13J1
INFO:root:OR14A16
INFO:root:OR14A2
INFO:root:OR14C36
INFO:root:OR14I1
INFO:root:OR14J1
INFO:root:OR14K1
INFO:root:OR1A1
INFO:root:OR1A2
INFO:root:OR1B1
INFO:root:OR1C1
INFO:root:OR1D2
INFO:root:OR1D5
INFO:root:OR1E1
INFO:root:OR1E2
INFO:root:OR1F1
INFO:root:OR1G1
INFO:root:OR1I1
INFO:root:OR1J1
INFO:root:OR1J2
INFO:root:OR1J4
INFO:root:OR1K1
INFO:root:OR1L1
INFO:root:OR1L3
INFO:root:OR1L4
INFO:root:OR1L6
INFO:root:OR1L8
INFO:root:OR1M1
INFO:root:OR1N1
INFO:root:OR1N2
INFO:root:OR1Q1
INFO:root:OR1S1
INFO:root:OR1S2
INFO:root:OR2A1
INFO:root:OR2A12
INFO:root:OR2A14
INFO:root:OR2A2
INFO:root:OR2A25
INFO:root:OR2A4
INFO:root:OR2A42
INFO:root:OR2A5
INFO:root:OR2A7
INFO:root:OR2AE1
INFO:root:OR2AG1
INFO:root:OR2AG2
INFO:root:OR2AJ1
INFO:root:OR2AK2
INFO:root:OR2AP1
INFO:root:OR2AT4
INFO:root:OR2B11
INFO:root:OR2B2
INFO:root:OR2B3
INFO:root:OR2B6
INFO:root:OR2C1
INFO:root:OR2C3
INFO:root:OR2D2
INFO:root:OR2D3
INFO:root:OR2F1
INFO:root:OR2F2
INFO:root:OR2G2
INFO:root:OR2G3
INFO:root:OR2G6
INFO:root:OR2H1
INFO:root:OR2H2
INFO:root:OR2J1
INFO:root:OR2J2
INFO:root:OR2J3
INFO:root:OR2K2
INFO:root:OR2L13
INFO:root:OR2L2
INFO:root:OR2L3
INFO:root:OR2L5
INFO:root:OR2L8
INFO:root:OR2M2
INFO:root:OR2M3
INFO:root:OR2M4
INFO:root:OR2M5
INFO:root:OR2M7
INFO:root:OR2S2
INFO:root:OR2T1
INFO:root:OR2T10
INFO:root:OR2T11
INFO:root:OR2T12
INFO:root:OR2T2
INFO:root:OR2T27
INFO:root:OR2T29
INFO:root:OR2T3
INFO:root:OR2T33
INFO:root:OR2T34
INFO:root:OR2T35
INFO:root:OR2T4
INFO:root:OR2T5
INFO:root:OR2T6
INFO:root:OR2T7
INFO:root:OR2T8
INFO:root:OR2V1
INFO:root:OR2V2
INFO:root:OR2W1
INFO:root:OR2W3
INFO:root:OR2Y1
INFO:root:OR2Z1
INFO:root:OR3A1
INFO:root:OR3A2
INFO:root:OR3A3
INFO:root:OR4A15
INFO:root:OR4A16
INFO:root:OR4A47
INFO:root:OR4A5
INFO:root:OR4A8
INFO:root:OR4B1
INFO:root:OR4C11
INFO:root:OR4C12
INFO:root:OR4C13
INFO:root:OR4C15
INFO:root:OR4C16
INFO:root:OR4C3
INFO:root:OR4C46
INFO:root:OR4C5
INFO:root:OR4C6
INFO:root:OR4D1
INFO:root:OR4D10
INFO:root:OR4D11
INFO:root:OR4D2
INFO:root:OR4D5
INFO:root:OR4D6
INFO:root:OR4D9
INFO:root:OR4E2
INFO:root:OR4F15
INFO:root:OR4F16
INFO:root:OR4F17
INFO:root:OR4F21
INFO:root:OR4F29
INFO:root:OR4F3
INFO:root:OR4F4
INFO:root:OR4F5
INFO:root:OR4F6
INFO:root:OR4K1
INFO:root:OR4K13
INFO:root:OR4K14
INFO:root:OR4K15
INFO:root:OR4K17
INFO:root:OR4K2
INFO:root:OR4K5
INFO:root:OR4L1
INFO:root:OR4M1
INFO:root:OR4M2
INFO:root:OR4N2
INFO:root:OR4N4
INFO:root:OR4N5
INFO:root:OR4P4
INFO:root:OR4Q2
INFO:root:OR4Q3
INFO:root:OR4S1
INFO:root:OR4S2
INFO:root:OR4X1
INFO:root:OR4X2
INFO:root:OR51A2
INFO:root:OR51A4
INFO:root:OR51A7
INFO:root:OR51B2
INFO:root:OR51B4
INFO:root:OR51B5
INFO:root:OR51B6
INFO:root:OR51D1
INFO:root:OR51E1
INFO:root:OR51E2
INFO:root:OR51F1
INFO:root:OR51F2
INFO:root:OR51G1
INFO:root:OR51G2
INFO:root:OR51H1
INFO:root:OR51I1
INFO:root:OR51I2
INFO:root:OR51J1
INFO:root:OR51L1
INFO:root:OR51M1
INFO:root:OR51Q1
INFO:root:OR51S1
INFO:root:OR51T1
INFO:root:OR51V1
INFO:root:OR52A1
INFO:root:OR52A5
INFO:root:OR52B2
INFO:root:OR52B4
INFO:root:OR52B6
INFO:root:OR52D1
INFO:root:OR52E1
INFO:root:OR52E2
INFO:root:OR52E4
INFO:root:OR52E6
INFO:root:OR52E8
INFO:root:OR52H1
INFO:root:OR52I1
INFO:root:OR52I2
INFO:root:OR52J3
INFO:root:OR52K1
INFO:root:OR52K2
INFO:root:OR52L1
INFO:root:OR52M1
INFO:root:OR52N1
INFO:root:OR52N2
INFO:root:OR52N4
INFO:root:OR52N5
INFO:root:OR52R1
INFO:root:OR52W1
INFO:root:OR56A1
INFO:root:OR56A3
INFO:root:OR56A4
INFO:root:OR56B1
INFO:root:OR56B4
INFO:root:OR5A1
INFO:root:OR5A2
INFO:root:OR5AC1
INFO:root:OR5AC2
INFO:root:OR5AK2
INFO:root:OR5AL1
INFO:root:OR5AN1
INFO:root:OR5AP2
INFO:root:OR5AR1
INFO:root:OR5AS1
INFO:root:OR5AU1
INFO:root:OR5B12
INFO:root:OR5B17
INFO:root:OR5B2
INFO:root:OR5B21
INFO:root:OR5B3
INFO:root:OR5C1
INFO:root:OR5D13
INFO:root:OR5D14
INFO:root:OR5D16
INFO:root:OR5D18
INFO:root:OR5F1
INFO:root:OR5G3
INFO:root:OR5H1
INFO:root:OR5H14
INFO:root:OR5H15
INFO:root:OR5H2
INFO:root:OR5H6
INFO:root:OR5H8
INFO:root:OR5I1
INFO:root:OR5J2
INFO:root:OR5K1
INFO:root:OR5K2
INFO:root:OR5K3
INFO:root:OR5K4
INFO:root:OR5L1
INFO:root:OR5L2
INFO:root:OR5M1
INFO:root:OR5M10
INFO:root:OR5M11
INFO:root:OR5M3
INFO:root:OR5M8
INFO:root:OR5M9
INFO:root:OR5P2
INFO:root:OR5P3
INFO:root:OR5R1
INFO:root:OR5T1
INFO:root:OR5T2
INFO:root:OR5T3
INFO:root:OR5V1
INFO:root:OR5W2
INFO:root:OR6A2
INFO:root:OR6B1
INFO:root:OR6B2
INFO:root:OR6B3
INFO:root:OR6C1
INFO:root:OR6C2
INFO:root:OR6C3
INFO:root:OR6C4
INFO:root:OR6C6
INFO:root:OR6C65
INFO:root:OR6C68
INFO:root:OR6C70
INFO:root:OR6C74
INFO:root:OR6C75
INFO:root:OR6C76
INFO:root:OR6F1
INFO:root:OR6J1
INFO:root:OR6K2
INFO:root:OR6K3
INFO:root:OR6K6
INFO:root:OR6M1
INFO:root:OR6N1
INFO:root:OR6N2
INFO:root:OR6P1
INFO:root:OR6Q1
INFO:root:OR6S1
INFO:root:OR6T1
INFO:root:OR6V1
INFO:root:OR6X1
INFO:root:OR6Y1
INFO:root:OR7A10
INFO:root:OR7A17
INFO:root:OR7A5
INFO:root:OR7C1
INFO:root:OR7C2
INFO:root:OR7D2
INFO:root:OR7D4
INFO:root:OR7E24
INFO:root:OR7G1
INFO:root:OR7G2
INFO:root:OR7G3
INFO:root:OR8A1
INFO:root:OR8B12
INFO:root:OR8B2
INFO:root:OR8B3
INFO:root:OR8B4
INFO:root:OR8B8
INFO:root:OR8D1
INFO:root:OR8D2
INFO:root:OR8D4
INFO:root:OR8G1
INFO:root:OR8G5
INFO:root:OR8H1
INFO:root:OR8H2
INFO:root:OR8H3
INFO:root:OR8I2
INFO:root:OR8J1
INFO:root:OR8J2
INFO:root:OR8J3
INFO:root:OR8K1
INFO:root:OR8K3
INFO:root:OR8K5
INFO:root:OR8S1
INFO:root:OR8U1
INFO:root:OR9A2
INFO:root:OR9A4
INFO:root:OR9G1
INFO:root:OR9G4
INFO:root:OR9I1
INFO:root:OR9K2
INFO:root:OR9Q1
INFO:root:OR9Q2
INFO:root:ORAI1
INFO:root:ORAI2
INFO:root:ORAI3
INFO:root:ORAOV1
INFO:root:ORC1
INFO:root:ORC2
INFO:root:ORC3
INFO:root:ORC4
INFO:root:ORC5
INFO:root:ORC6
INFO:root:ORM1
INFO:root:ORM2
INFO:root:ORMDL1
INFO:root:ORMDL2
INFO:root:ORMDL3
INFO:root:OS9
INFO:root:OSBP
INFO:root:OSBP2
INFO:root:OSBPL10
INFO:root:OSBPL11
INFO:root:OSBPL1A
INFO:root:OSBPL2
INFO:root:OSBPL3
INFO:root:OSBPL5
INFO:root:OSBPL6
INFO:root:OSBPL7
INFO:root:OSBPL8
INFO:root:OSBPL9
INFO:root:OSCAR
INFO:root:OSCP1
INFO:root:OSER1
INFO:root:OSGEP
INFO:root:OSGEPL1
INFO:root:OSGIN1
INFO:root:OSGIN2
INFO:root:OSM
INFO:root:OSMR
INFO:root:OSR1
INFO:root:OSR2
INFO:root:OST4
INFO:root:OSTC
INFO:root:OSTF1
INFO:root:OSTM1
INFO:root:OSTN
INFO:root:OTC
INFO:root:OTOA
INFO:root:OTOF
INFO:root:OTOG
INFO:root:OTOGL
INFO:root:OTOL1
INFO:root:OTOP1
INFO:root:OTOP2
INFO:root:OTOP3
INFO:root:OTOR
INFO:root:OTOS
INFO:root:OTP
INFO:root:OTUB1
INFO:root:OTUB2
INFO:root:OTUD1
INFO:root:OTUD3
INFO:root:OTUD4
INFO:root:OTUD5
INFO:root:OTUD6A
INFO:root:OTUD6B
INFO:root:OTUD7A
INFO:root:OTUD7B
INFO:root:OTULIN
INFO:root:OTULINL
INFO:root:OTX1
INFO:root:OTX2
INFO:root:OVCA2
INFO:root:OVCH1
INFO:root:OVCH2
INFO:root:OVGP1
INFO:root:OVOL1
INFO:root:OVOL2
INFO:root:OVOL3
INFO:root:OXA1L
INFO:root:OXCT1
INFO:root:OXCT2
INFO:root:OXER1
INFO:root:OXGR1
INFO:root:OXLD1
INFO:root:OXNAD1
INFO:root:OXR1
INFO:root:OXSM
INFO:root:OXSR1
INFO:root:OXT
INFO:root:OXTR
INFO:root:P2RX1
INFO:root:P2RX2
INFO:root:P2RX3
INFO:root:P2RX4
INFO:root:P2RX5
INFO:root:P2RX6
INFO:root:P2RX7
INFO:root:P2RY1
INFO:root:P2RY10
INFO:root:P2RY11
INFO:root:P2RY12
INFO:root:P2RY13
INFO:root:P2RY14
INFO:root:P2RY2
INFO:root:P2RY4
INFO:root:P2RY6
INFO:root:P2RY8
INFO:root:P3H1
INFO:root:P3H2
INFO:root:P3H3
INFO:root:P3H4
INFO:root:P4HA1
INFO:root:P4HA2
INFO:root:P4HA3
INFO:root:P4HB
INFO:root:P4HTM
INFO:root:PA2G4
INFO:root:PAAF1
INFO:root:PABPC1
INFO:root:PABPC1L
INFO:root:PABPC1L2A
INFO:root:PABPC1L2B
INFO:root:PABPC3
INFO:root:PABPC4
INFO:root:PABPC4L
INFO:root:PABPC5
INFO:root:PABPN1
INFO:root:PABPN1L
INFO:root:PACRG
INFO:root:PACRGL
INFO:root:PACS1
INFO:root:PACS2
INFO:root:PACSIN1
INFO:root:PACSIN2
INFO:root:PACSIN3
INFO:root:PADI1
INFO:root:PADI2
INFO:root:PADI3
INFO:root:PADI4
INFO:root:PAEP
INFO:root:PAF1
INFO:root:PAFAH1B1
INFO:root:PAFAH1B2
INFO:root:PAFAH1B3
INFO:root:PAFAH2
INFO:root:PAG1
INFO:root:PAGE1
INFO:root:PAGE2
INFO:root:PAGE2B
INFO:root:PAGE3
INFO:root:PAGE4
INFO:root:PAGE5
INFO:root:PAGR1
INFO:root:PAH
INFO:root:PAICS
INFO:root:PAIP1
INFO:root:PAIP2
INFO:root:PAIP2B
INFO:root:PAK1
INFO:root:PAK1IP1
INFO:root:PAK2
INFO:root:PAK3
INFO:root:PAK4
INFO:root:PAK5
INFO:root:PAK6
INFO:root:PALB2
INFO:root:PALD1
INFO:root:PALLD
INFO:root:PALM
INFO:root:PALM2
INFO:root:PALM3
INFO:root:PALMD
INFO:root:PAM
INFO:root:PAM16
INFO:root:PAMR1
INFO:root:PAN2
INFO:root:PAN3
INFO:root:PANK1
INFO:root:PANK2
INFO:root:PANK3
INFO:root:PANK4
INFO:root:PANX1
INFO:root:PANX2
INFO:root:PANX3
INFO:root:PAOX
INFO:root:PAPLN
INFO:root:PAPOLA
INFO:root:PAPOLB
INFO:root:PAPOLG
INFO:root:PAPPA
INFO:root:PAPPA2
INFO:root:PAPSS1
INFO:root:PAPSS2
INFO:root:PAQR3
INFO:root:PAQR4
INFO:root:PAQR5
INFO:root:PAQR6
INFO:root:PAQR7
INFO:root:PAQR8
INFO:root:PAQR9
INFO:root:PARD3
INFO:root:PARD3B
INFO:root:PARD6A
INFO:root:PARD6B
INFO:root:PARD6G
INFO:root:PARG
INFO:root:PARK7
INFO:root:PARL
INFO:root:PARM1
INFO:root:PARN
INFO:root:PARP1
INFO:root:PARP10
INFO:root:PARP11
INFO:root:PARP12
INFO:root:PARP14
INFO:root:PARP15
INFO:root:PARP16
INFO:root:PARP2
INFO:root:PARP3
INFO:root:PARP4
INFO:root:PARP6
INFO:root:PARP8
INFO:root:PARP9
INFO:root:PARPBP
INFO:root:PARS2
INFO:root:PARVA
INFO:root:PARVB
INFO:root:PARVG
INFO:root:PASD1
INFO:root:PASK
INFO:root:PATE1
INFO:root:PATE2
INFO:root:PATE3
INFO:root:PATE4
INFO:root:PATJ
INFO:root:PATL1
INFO:root:PATL2
INFO:root:PATZ1
INFO:root:PAWR
INFO:root:PAX1
INFO:root:PAX2
INFO:root:PAX3
INFO:root:PAX4
INFO:root:PAX5
INFO:root:PAX6
INFO:root:PAX7
INFO:root:PAX8
INFO:root:PAX9
INFO:root:PAXBP1
INFO:root:PAXIP1
INFO:root:PAXX
INFO:root:PBDC1
INFO:root:PBK
INFO:root:PBLD
INFO:root:PBOV1
INFO:root:PBRM1
INFO:root:PBX1
INFO:root:PBX2
INFO:root:PBX3
INFO:root:PBX4
INFO:root:PBXIP1
INFO:root:PC
INFO:root:PCBD1
INFO:root:PCBD2
INFO:root:PCBP1
INFO:root:PCBP2
INFO:root:PCBP3
INFO:root:PCBP4
INFO:root:PCCA
INFO:root:PCCB
INFO:root:PCDH1
INFO:root:PCDH10
INFO:root:PCDH11X
INFO:root:PCDH12
INFO:root:PCDH15
INFO:root:PCDH17
INFO:root:PCDH18
INFO:root:PCDH19
INFO:root:PCDH20
INFO:root:PCDH7
INFO:root:PCDH8
INFO:root:PCDH9
INFO:root:PCED1A
INFO:root:PCED1B
INFO:root:PCF11
INFO:root:PCGF1
INFO:root:PCGF2
INFO:root:PCGF3
INFO:root:PCGF5
INFO:root:PCGF6
INFO:root:PCID2
INFO:root:PCIF1
INFO:root:PCK1
INFO:root:PCK2
INFO:root:PCLAF
INFO:root:PCLO
INFO:root:PCM1
INFO:root:PCMT1
INFO:root:PCMTD1
INFO:root:PCMTD2
INFO:root:PCNA
INFO:root:PCNP
INFO:root:PCNT
INFO:root:PCNX1
INFO:root:PCNX2
INFO:root:PCNX3
INFO:root:PCNX4
INFO:root:PCOLCE
INFO:root:PCOLCE2
INFO:root:PCP2
INFO:root:PCP4
INFO:root:PCP4L1
INFO:root:PCSK1
INFO:root:PCSK1N
INFO:root:PCSK2
INFO:root:PCSK4
INFO:root:PCSK5
INFO:root:PCSK6
INFO:root:PCSK7
INFO:root:PCSK9
INFO:root:PCTP
INFO:root:PCYOX1
INFO:root:PCYOX1L
INFO:root:PCYT1A
INFO:root:PCYT1B
INFO:root:PCYT2
INFO:root:PDAP1
INFO:root:PDC
INFO:root:PDCD1
INFO:root:PDCD10
INFO:root:PDCD11
INFO:root:PDCD1LG2
INFO:root:PDCD2
INFO:root:PDCD2L
INFO:root:PDCD4
INFO:root:PDCD5
INFO:root:PDCD6
INFO:root:PDCD6IP
INFO:root:PDCD7
INFO:root:PDCL
INFO:root:PDCL2
INFO:root:PDCL3
INFO:root:PDE10A
INFO:root:PDE11A
INFO:root:PDE12
INFO:root:PDE1A
INFO:root:PDE1B
INFO:root:PDE1C
INFO:root:PDE2A
INFO:root:PDE3A
INFO:root:PDE3B
INFO:root:PDE4A
INFO:root:PDE4B
INFO:root:PDE4C
INFO:root:PDE4D
INFO:root:PDE4DIP
INFO:root:PDE5A
INFO:root:PDE6A
INFO:root:PDE6B
INFO:root:PDE6C
INFO:root:PDE6D
INFO:root:PDE6G
INFO:root:PDE6H
INFO:root:PDE7A
INFO:root:PDE7B
INFO:root:PDE8A
INFO:root:PDE8B
INFO:root:PDE9A
INFO:root:PDF
INFO:root:PDGFA
INFO:root:PDGFB
INFO:root:PDGFC
INFO:root:PDGFD
INFO:root:PDGFRA
INFO:root:PDGFRB
INFO:root:PDGFRL
INFO:root:PDHA1
INFO:root:PDHA2
INFO:root:PDHB
INFO:root:PDHX
INFO:root:PDIA2
INFO:root:PDIA3
INFO:root:PDIA4
INFO:root:PDIA5
INFO:root:PDIA6
INFO:root:PDIK1L
INFO:root:PDILT
INFO:root:PDK1
INFO:root:PDK2
INFO:root:PDK3
INFO:root:PDK4
INFO:root:PDLIM1
INFO:root:PDLIM2
INFO:root:PDLIM3
INFO:root:PDLIM4
INFO:root:PDLIM5
INFO:root:PDLIM7
INFO:root:PDP1
INFO:root:PDP2
INFO:root:PDPK1
INFO:root:PDPN
INFO:root:PDPR
INFO:root:PDRG1
INFO:root:PDS5A
INFO:root:PDS5B
INFO:root:PDSS1
INFO:root:PDSS2
INFO:root:PDX1
INFO:root:PDXDC1
INFO:root:PDXK
INFO:root:PDXP
INFO:root:PDYN
INFO:root:PDZD11
INFO:root:PDZD2
INFO:root:PDZD3
INFO:root:PDZD4
INFO:root:PDZD7
INFO:root:PDZD8
INFO:root:PDZD9
INFO:root:PDZK1
INFO:root:PDZK1IP1
INFO:root:PDZRN3
INFO:root:PDZRN4
INFO:root:PEA15
INFO:root:PEAK1
INFO:root:PEAK3
INFO:root:PEAR1
INFO:root:PEBP1
INFO:root:PEBP4
INFO:root:PECR
INFO:root:PEF1
INFO:root:PEG10
INFO:root:PEG3
INFO:root:PELI1
INFO:root:PELI2
INFO:root:PELI3
INFO:root:PELO
INFO:root:PELP1
INFO:root:PEMT
INFO:root:PENK
INFO:root:PEPD
INFO:root:PER1
INFO:root:PER2
INFO:root:PER3
INFO:root:PERM1
INFO:root:PERP
INFO:root:PES1
INFO:root:PET100
INFO:root:PET117
INFO:root:PEX1
INFO:root:PEX10
INFO:root:PEX11A
INFO:root:PEX11B
INFO:root:PEX11G
INFO:root:PEX12
INFO:root:PEX13
INFO:root:PEX14
INFO:root:PEX16
INFO:root:PEX19
INFO:root:PEX2
INFO:root:PEX26
INFO:root:PEX3
INFO:root:PEX5
INFO:root:PEX5L
INFO:root:PEX6
INFO:root:PEX7
INFO:root:PF4
INFO:root:PF4V1
INFO:root:PFAS
INFO:root:PFDN1
INFO:root:PFDN2
INFO:root:PFDN4
INFO:root:PFDN5
