INFO:root:Loading rates
INFO:root:get expected
INFO:root:get weights
INFO:root:Loading de novos
INFO:root:Starting tests:  10000000 simulations
INFO:root:CYR61
INFO:root:CYREN
INFO:root:CYS1
INFO:root:CYSLTR1
INFO:root:CYSLTR2
INFO:root:CYSRT1
INFO:root:CYSTM1
INFO:root:CYTH1
INFO:root:CYTH2
INFO:root:CYTH3
INFO:root:CYTH4
INFO:root:CYTIP
INFO:root:CYTL1
INFO:root:CYYR1
INFO:root:D2HGDH
INFO:root:DAAM1
INFO:root:DAAM2
INFO:root:DAB1
INFO:root:DAB2
INFO:root:DAB2IP
INFO:root:DACH1
INFO:root:DACH2
INFO:root:DACT1
INFO:root:DACT2
INFO:root:DACT3
INFO:root:DAD1
INFO:root:DAG1
INFO:root:DAGLA
INFO:root:DAGLB
INFO:root:DALRD3
INFO:root:DAND5
INFO:root:DAO
INFO:root:DAOA
INFO:root:DAP
INFO:root:DAP3
INFO:root:DAPK1
INFO:root:DAPK2
INFO:root:DAPK3
INFO:root:DAPL1
INFO:root:DAPP1
INFO:root:DARS
INFO:root:DARS2
INFO:root:DAW1
INFO:root:DAXX
INFO:root:DAZAP1
INFO:root:DAZAP2
INFO:root:DAZL
INFO:root:DBF4
INFO:root:DBF4B
INFO:root:DBH
INFO:root:DBI
INFO:root:DBN1
INFO:root:DBNDD1
INFO:root:DBNDD2
INFO:root:DBNL
INFO:root:DBP
INFO:root:DBR1
INFO:root:DBT
INFO:root:DBX1
INFO:root:DBX2
INFO:root:DCAF1
INFO:root:DCAF10
INFO:root:DCAF11
INFO:root:DCAF12
INFO:root:DCAF12L1
INFO:root:DCAF12L2
INFO:root:DCAF13
INFO:root:DCAF15
INFO:root:DCAF16
INFO:root:DCAF17
INFO:root:DCAF4
INFO:root:DCAF4L1
INFO:root:DCAF4L2
INFO:root:DCAF5
INFO:root:DCAF6
INFO:root:DCAF7
INFO:root:DCAF8
INFO:root:DCAF8L1
INFO:root:DCAF8L2
INFO:root:DCAKD
INFO:root:DCANP1
INFO:root:DCBLD1
INFO:root:DCBLD2
INFO:root:DCC
INFO:root:DCD
INFO:root:DCDC1
INFO:root:DCDC2
INFO:root:DCDC2B
INFO:root:DCDC2C
INFO:root:DCHS1
INFO:root:DCHS2
INFO:root:DCK
INFO:root:DCLK1
INFO:root:DCLK2
INFO:root:DCLK3
INFO:root:DCLRE1A
INFO:root:DCLRE1B
INFO:root:DCLRE1C
INFO:root:DCN
INFO:root:DCP1A
INFO:root:DCP1B
INFO:root:DCP2
INFO:root:DCPS
INFO:root:DCST1
INFO:root:DCST2
INFO:root:DCSTAMP
INFO:root:DCT
INFO:root:DCTD
INFO:root:DCTN1
INFO:root:DCTN2
INFO:root:DCTN3
INFO:root:DCTN4
INFO:root:DCTN5
INFO:root:DCTN6
INFO:root:DCTPP1
INFO:root:DCUN1D1
INFO:root:DCUN1D2
INFO:root:DCUN1D3
INFO:root:DCUN1D4
INFO:root:DCUN1D5
INFO:root:DCX
INFO:root:DCXR
INFO:root:DDA1
INFO:root:DDAH1
INFO:root:DDAH2
INFO:root:DDB1
INFO:root:DDB2
INFO:root:DDC
INFO:root:DDHD1
INFO:root:DDHD2
INFO:root:DDI1
INFO:root:DDI2
INFO:root:DDIAS
INFO:root:DDIT3
INFO:root:DDIT4
INFO:root:DDIT4L
INFO:root:DDN
INFO:root:DDO
INFO:root:DDOST
INFO:root:DDR1
INFO:root:DDR2
INFO:root:DDRGK1
INFO:root:DDT
INFO:root:DDTL
INFO:root:DDX1
INFO:root:DDX10
INFO:root:DDX11
INFO:root:DDX17
INFO:root:DDX18
INFO:root:DDX19A
INFO:root:DDX19B
INFO:root:DDX20
INFO:root:DDX21
INFO:root:DDX23
INFO:root:DDX24
INFO:root:DDX25
INFO:root:DDX27
INFO:root:DDX28
INFO:root:DDX31
INFO:root:DDX39A
INFO:root:DDX39B
INFO:root:DDX3X
INFO:root:DDX4
INFO:root:DDX41
INFO:root:DDX42
INFO:root:DDX43
INFO:root:DDX46
INFO:root:DDX47
INFO:root:DDX49
INFO:root:DDX5
INFO:root:DDX50
INFO:root:DDX51
INFO:root:DDX52
INFO:root:DDX53
INFO:root:DDX54
INFO:root:DDX55
INFO:root:DDX56
INFO:root:DDX58
INFO:root:DDX59
INFO:root:DDX6
INFO:root:DDX60
INFO:root:DDX60L
INFO:root:DEAF1
INFO:root:DEC1
INFO:root:DECR1
INFO:root:DECR2
INFO:root:DEDD
INFO:root:DEDD2
INFO:root:DEF6
INFO:root:DEF8
INFO:root:DEFA1
INFO:root:DEFA1B
INFO:root:DEFA3
INFO:root:DEFA4
INFO:root:DEFA5
INFO:root:DEFA6
INFO:root:DEFB1
INFO:root:DEFB103A
INFO:root:DEFB103B
INFO:root:DEFB104A
INFO:root:DEFB104B
INFO:root:DEFB105A
INFO:root:DEFB105B
INFO:root:DEFB106A
INFO:root:DEFB106B
INFO:root:DEFB107A
INFO:root:DEFB107B
INFO:root:DEFB108B
INFO:root:DEFB110
INFO:root:DEFB112
INFO:root:DEFB113
INFO:root:DEFB114
INFO:root:DEFB115
INFO:root:DEFB116
INFO:root:DEFB118
INFO:root:DEFB119
INFO:root:DEFB121
INFO:root:DEFB123
INFO:root:DEFB124
INFO:root:DEFB125
INFO:root:DEFB126
INFO:root:DEFB127
INFO:root:DEFB128
INFO:root:DEFB129
INFO:root:DEFB130A
INFO:root:DEFB131A
INFO:root:DEFB132
INFO:root:DEFB133
INFO:root:DEFB134
INFO:root:DEFB135
INFO:root:DEFB136
INFO:root:DEFB4A
INFO:root:DEFB4B
INFO:root:DEGS1
INFO:root:DEGS2
INFO:root:DEK
INFO:root:DELE1
INFO:root:DENND1A
INFO:root:DENND1B
INFO:root:DENND1C
INFO:root:DENND2A
INFO:root:DENND2C
INFO:root:DENND2D
INFO:root:DENND3
INFO:root:DENND4A
INFO:root:DENND4B
INFO:root:DENND4C
INFO:root:DENND5A
INFO:root:DENND5B
INFO:root:DENND6A
INFO:root:DENND6B
INFO:root:DENR
INFO:root:DEPDC1
INFO:root:DEPDC1B
INFO:root:DEPDC4
INFO:root:DEPDC5
INFO:root:DEPDC7
INFO:root:DEPP1
INFO:root:DEPTOR
INFO:root:DERA
INFO:root:DERL1
INFO:root:DERL2
INFO:root:DERL3
INFO:root:DES
INFO:root:DESI1
INFO:root:DESI2
INFO:root:DET1
INFO:root:DEUP1
INFO:root:DEXI
INFO:root:DFFA
INFO:root:DFFB
INFO:root:DGAT1
INFO:root:DGAT2
INFO:root:DGAT2L6
INFO:root:DGCR2
INFO:root:DGCR6
INFO:root:DGCR6L
INFO:root:DGCR8
INFO:root:DGKA
INFO:root:DGKB
INFO:root:DGKD
INFO:root:DGKE
INFO:root:DGKG
INFO:root:DGKH
INFO:root:DGKI
INFO:root:DGKQ
INFO:root:DGKZ
INFO:root:DGLUCY
INFO:root:DGUOK
INFO:root:DHCR24
INFO:root:DHCR7
INFO:root:DHDDS
INFO:root:DHDH
INFO:root:DHFR
INFO:root:DHFR2
INFO:root:DHH
INFO:root:DHODH
INFO:root:DHPS
INFO:root:DHRS1
INFO:root:DHRS11
INFO:root:DHRS12
INFO:root:DHRS13
INFO:root:DHRS2
INFO:root:DHRS3
INFO:root:DHRS4
INFO:root:DHRS4L2
INFO:root:DHRS7
INFO:root:DHRS7B
INFO:root:DHRS7C
INFO:root:DHRS9
INFO:root:DHRSX
INFO:root:DHTKD1
INFO:root:DHX15
INFO:root:DHX16
INFO:root:DHX29
INFO:root:DHX30
INFO:root:DHX32
INFO:root:DHX33
INFO:root:DHX34
INFO:root:DHX35
INFO:root:DHX36
INFO:root:DHX37
INFO:root:DHX38
INFO:root:DHX40
INFO:root:DHX57
INFO:root:DHX58
INFO:root:DHX8
INFO:root:DHX9
INFO:root:DIABLO
INFO:root:DIAPH1
INFO:root:DIAPH2
INFO:root:DIAPH3
INFO:root:DICER1
INFO:root:DIDO1
INFO:root:DIMT1
INFO:root:DIO1
INFO:root:DIO2
INFO:root:DIO3
INFO:root:DIP2A
INFO:root:DIP2B
INFO:root:DIP2C
INFO:root:DIRAS1
INFO:root:DIRAS2
INFO:root:DIRAS3
INFO:root:DIRC1
INFO:root:DIRC2
INFO:root:DIS3
INFO:root:DIS3L
INFO:root:DIS3L2
INFO:root:DISC1
INFO:root:DISP1
INFO:root:DISP2
INFO:root:DISP3
INFO:root:DIXDC1
INFO:root:DKC1
INFO:root:DKK1
INFO:root:DKK2
INFO:root:DKK3
INFO:root:DKK4
INFO:root:DKKL1
INFO:root:DLAT
INFO:root:DLC1
INFO:root:DLD
INFO:root:DLEC1
INFO:root:DLEU7
INFO:root:DLG1
INFO:root:DLG2
INFO:root:DLG3
INFO:root:DLG4
INFO:root:DLG5
INFO:root:DLGAP1
INFO:root:DLGAP2
INFO:root:DLGAP3
INFO:root:DLGAP4
INFO:root:DLGAP5
INFO:root:DLK1
INFO:root:DLK2
INFO:root:DLL1
INFO:root:DLL3
INFO:root:DLL4
INFO:root:DLST
INFO:root:DLX1
INFO:root:DLX2
INFO:root:DLX3
INFO:root:DLX4
INFO:root:DLX5
INFO:root:DLX6
INFO:root:DMAC1
INFO:root:DMAC2
INFO:root:DMAP1
INFO:root:DMBT1
INFO:root:DMBX1
INFO:root:DMC1
INFO:root:DMD
INFO:root:DMGDH
INFO:root:DMKN
INFO:root:DMP1
INFO:root:DMPK
INFO:root:DMRT1
INFO:root:DMRT2
INFO:root:DMRT3
INFO:root:DMRTA1
INFO:root:DMRTA2
INFO:root:DMRTB1
INFO:root:DMRTC1
INFO:root:DMRTC1B
INFO:root:DMRTC2
INFO:root:DMTF1
INFO:root:DMTN
INFO:root:DMWD
INFO:root:DMXL1
INFO:root:DMXL2
INFO:root:DNA2
INFO:root:DNAAF1
INFO:root:DNAAF2
INFO:root:DNAAF3
INFO:root:DNAAF4
INFO:root:DNAAF5
INFO:root:DNAH1
INFO:root:DNAH10
INFO:root:DNAH10OS
INFO:root:DNAH11
INFO:root:DNAH12
INFO:root:DNAH14
INFO:root:DNAH17
INFO:root:DNAH2
INFO:root:DNAH3
INFO:root:DNAH5
INFO:root:DNAH6
INFO:root:DNAH7
INFO:root:DNAH8
INFO:root:DNAH9
INFO:root:DNAI1
INFO:root:DNAI2
INFO:root:DNAJA1
INFO:root:DNAJA2
INFO:root:DNAJA3
INFO:root:DNAJA4
INFO:root:DNAJB1
INFO:root:DNAJB11
INFO:root:DNAJB12
INFO:root:DNAJB13
INFO:root:DNAJB14
INFO:root:DNAJB2
INFO:root:DNAJB4
INFO:root:DNAJB5
INFO:root:DNAJB6
INFO:root:DNAJB7
INFO:root:DNAJB8
INFO:root:DNAJB9
INFO:root:DNAJC1
INFO:root:DNAJC10
INFO:root:DNAJC11
INFO:root:DNAJC12
INFO:root:DNAJC13
INFO:root:DNAJC14
INFO:root:DNAJC15
INFO:root:DNAJC16
INFO:root:DNAJC17
INFO:root:DNAJC18
INFO:root:DNAJC19
INFO:root:DNAJC2
INFO:root:DNAJC21
INFO:root:DNAJC22
INFO:root:DNAJC24
INFO:root:DNAJC25
INFO:root:DNAJC27
INFO:root:DNAJC28
INFO:root:DNAJC3
INFO:root:DNAJC30
INFO:root:DNAJC4
INFO:root:DNAJC5
INFO:root:DNAJC5B
INFO:root:DNAJC5G
INFO:root:DNAJC6
INFO:root:DNAJC7
INFO:root:DNAJC8
INFO:root:DNAJC9
INFO:root:DNAL1
INFO:root:DNAL4
INFO:root:DNALI1
INFO:root:DNASE1
INFO:root:DNASE1L1
INFO:root:DNASE1L2
INFO:root:DNASE1L3
INFO:root:DNASE2
INFO:root:DNASE2B
INFO:root:DND1
INFO:root:DNER
INFO:root:DNHD1
INFO:root:DNLZ
INFO:root:DNM1
INFO:root:DNM1L
INFO:root:DNM2
INFO:root:DNM3
INFO:root:DNMBP
INFO:root:DNMT1
INFO:root:DNMT3A
INFO:root:DNMT3B
INFO:root:DNMT3L
INFO:root:DNPEP
INFO:root:DNPH1
INFO:root:DNTT
INFO:root:DNTTIP1
INFO:root:DNTTIP2
INFO:root:DOC2A
INFO:root:DOC2B
INFO:root:DOCK1
INFO:root:DOCK10
INFO:root:DOCK11
INFO:root:DOCK2
INFO:root:DOCK3
INFO:root:DOCK4
INFO:root:DOCK5
INFO:root:DOCK6
INFO:root:DOCK7
INFO:root:DOCK8
INFO:root:DOCK9
INFO:root:DOHH
INFO:root:DOK1
INFO:root:DOK2
INFO:root:DOK3
INFO:root:DOK4
INFO:root:DOK5
INFO:root:DOK6
INFO:root:DOK7
INFO:root:DOLK
INFO:root:DOLPP1
INFO:root:DONSON
INFO:root:DOPEY1
INFO:root:DOPEY2
INFO:root:DOT1L
INFO:root:DPAGT1
INFO:root:DPCD
INFO:root:DPEP1
INFO:root:DPEP2
INFO:root:DPEP3
INFO:root:DPF1
INFO:root:DPF2
INFO:root:DPF3
INFO:root:DPH1
INFO:root:DPH2
INFO:root:DPH3
INFO:root:DPH5
INFO:root:DPH6
INFO:root:DPH7
INFO:root:DPM1
INFO:root:DPM2
INFO:root:DPM3
INFO:root:DPP10
INFO:root:DPP3
INFO:root:DPP4
INFO:root:DPP6
INFO:root:DPP7
INFO:root:DPP8
INFO:root:DPP9
INFO:root:DPPA2
INFO:root:DPPA3
INFO:root:DPPA4
INFO:root:DPPA5
INFO:root:DPRX
INFO:root:DPT
INFO:root:DPY19L1
INFO:root:DPY19L2
INFO:root:DPY19L3
INFO:root:DPY19L4
INFO:root:DPY30
INFO:root:DPYD
INFO:root:DPYS
INFO:root:DPYSL2
INFO:root:DPYSL3
INFO:root:DPYSL4
INFO:root:DPYSL5
INFO:root:DQX1
INFO:root:DR1
INFO:root:DRAM1
INFO:root:DRAM2
INFO:root:DRAP1
INFO:root:DRAXIN
INFO:root:DRC1
INFO:root:DRC3
INFO:root:DRC7
INFO:root:DRD1
INFO:root:DRD2
INFO:root:DRD3
INFO:root:DRD4
INFO:root:DRD5
INFO:root:DRG1
INFO:root:DRG2
INFO:root:DRGX
INFO:root:DRICH1
INFO:root:DROSHA
INFO:root:DRP2
INFO:root:DSC1
INFO:root:DSC2
INFO:root:DSC3
INFO:root:DSCAM
INFO:root:DSCAML1
INFO:root:DSCC1
INFO:root:DSE
INFO:root:DSEL
INFO:root:DSG1
INFO:root:DSG2
INFO:root:DSG3
INFO:root:DSG4
INFO:root:DSN1
INFO:root:DSP
INFO:root:DSPP
INFO:root:DST
INFO:root:DSTN
INFO:root:DSTYK
INFO:root:DTD1
INFO:root:DTD2
INFO:root:DTHD1
INFO:root:DTL
INFO:root:DTNA
INFO:root:DTNB
INFO:root:DTNBP1
INFO:root:DTWD1
INFO:root:DTWD2
INFO:root:DTX1
INFO:root:DTX2
INFO:root:DTX3
INFO:root:DTX3L
INFO:root:DTX4
INFO:root:DTYMK
INFO:root:DUOX1
INFO:root:DUOX2
INFO:root:DUOXA1
INFO:root:DUOXA2
INFO:root:DUPD1
INFO:root:DUS1L
INFO:root:DUS2
INFO:root:DUS3L
INFO:root:DUS4L
INFO:root:DUSP1
INFO:root:DUSP10
INFO:root:DUSP11
INFO:root:DUSP12
INFO:root:DUSP13
INFO:root:DUSP14
INFO:root:DUSP15
INFO:root:DUSP16
INFO:root:DUSP18
INFO:root:DUSP19
INFO:root:DUSP2
INFO:root:DUSP21
INFO:root:DUSP22
INFO:root:DUSP23
INFO:root:DUSP26
INFO:root:DUSP27
INFO:root:DUSP28
INFO:root:DUSP3
INFO:root:DUSP4
INFO:root:DUSP5
INFO:root:DUSP6
INFO:root:DUSP7
INFO:root:DUSP8
INFO:root:DUSP9
INFO:root:DUT
INFO:root:DUX4
INFO:root:DUXA
INFO:root:DVL1
INFO:root:DVL2
INFO:root:DVL3
INFO:root:DXO
INFO:root:DYDC1
INFO:root:DYDC2
INFO:root:DYM
INFO:root:DYNAP
INFO:root:DYNC1H1
INFO:root:DYNC1I1
INFO:root:DYNC1I2
INFO:root:DYNC1LI1
INFO:root:DYNC1LI2
INFO:root:DYNC2H1
INFO:root:DYNC2LI1
INFO:root:DYNLL1
INFO:root:DYNLL2
INFO:root:DYNLRB1
INFO:root:DYNLRB2
INFO:root:DYNLT1
INFO:root:DYNLT3
INFO:root:DYRK1A
INFO:root:DYRK1B
INFO:root:DYRK2
INFO:root:DYRK3
INFO:root:DYRK4
INFO:root:DYSF
INFO:root:DYTN
INFO:root:DZANK1
INFO:root:DZIP1
INFO:root:DZIP1L
INFO:root:DZIP3
INFO:root:E2F1
INFO:root:E2F2
INFO:root:E2F3
INFO:root:E2F4
INFO:root:E2F5
INFO:root:E2F6
INFO:root:E2F7
INFO:root:E2F8
INFO:root:E4F1
INFO:root:EAF1
INFO:root:EAF2
INFO:root:EAPP
INFO:root:EARS2
INFO:root:EBAG9
INFO:root:EBF1
INFO:root:EBF2
INFO:root:EBF3
INFO:root:EBF4
INFO:root:EBI3
INFO:root:EBLN1
INFO:root:EBLN2
INFO:root:EBNA1BP2
INFO:root:EBP
INFO:root:EBPL
INFO:root:ECD
INFO:root:ECE1
INFO:root:ECE2
INFO:root:ECEL1
INFO:root:ECH1
INFO:root:ECHDC1
INFO:root:ECHDC2
INFO:root:ECHDC3
INFO:root:ECHS1
INFO:root:ECI1
INFO:root:ECI2
INFO:root:ECM1
INFO:root:ECM2
INFO:root:ECPAS
INFO:root:ECSCR
INFO:root:ECSIT
INFO:root:ECT2
INFO:root:ECT2L
INFO:root:EDA
INFO:root:EDA2R
INFO:root:EDAR
INFO:root:EDARADD
INFO:root:EDC3
INFO:root:EDC4
INFO:root:EDDM3A
INFO:root:EDDM3B
INFO:root:EDEM1
INFO:root:EDEM2
INFO:root:EDEM3
INFO:root:EDF1
INFO:root:EDIL3
INFO:root:EDN1
INFO:root:EDN2
INFO:root:EDN3
INFO:root:EDNRA
INFO:root:EDNRB
INFO:root:EDRF1
INFO:root:EEA1
INFO:root:EED
INFO:root:EEF1A1
INFO:root:EEF1A2
INFO:root:EEF1AKMT1
INFO:root:EEF1AKMT2
INFO:root:EEF1AKMT3
INFO:root:EEF1B2
INFO:root:EEF1D
INFO:root:EEF1E1
INFO:root:EEF1G
INFO:root:EEF2
INFO:root:EEF2K
INFO:root:EEF2KMT
INFO:root:EEFSEC
INFO:root:EEPD1
INFO:root:EFCAB1
INFO:root:EFCAB10
INFO:root:EFCAB11
INFO:root:EFCAB12
INFO:root:EFCAB13
INFO:root:EFCAB14
INFO:root:EFCAB2
INFO:root:EFCAB3
INFO:root:EFCAB5
INFO:root:EFCAB6
INFO:root:EFCAB7
INFO:root:EFCAB8
INFO:root:EFCAB9
INFO:root:EFCC1
INFO:root:EFEMP1
INFO:root:EFEMP2
INFO:root:EFHB
INFO:root:EFHC1
INFO:root:EFHC2
INFO:root:EFHD1
INFO:root:EFHD2
INFO:root:EFL1
INFO:root:EFNA1
INFO:root:EFNA2
INFO:root:EFNA3
INFO:root:EFNA4
INFO:root:EFNA5
INFO:root:EFNB1
INFO:root:EFNB2
INFO:root:EFNB3
INFO:root:EFR3A
INFO:root:EFR3B
INFO:root:EFS
INFO:root:EFTUD2
INFO:root:EGF
INFO:root:EGFL6
INFO:root:EGFL7
INFO:root:EGFL8
INFO:root:EGFLAM
INFO:root:EGFR
INFO:root:EGLN1
INFO:root:EGLN2
INFO:root:EGLN3
INFO:root:EGR1
INFO:root:EGR2
INFO:root:EGR3
INFO:root:EGR4
INFO:root:EHBP1
INFO:root:EHBP1L1
INFO:root:EHD1
INFO:root:EHD2
INFO:root:EHD3
INFO:root:EHD4
INFO:root:EHF
INFO:root:EHHADH
INFO:root:EHMT1
INFO:root:EHMT2
INFO:root:EI24
INFO:root:EID1
INFO:root:EID2
INFO:root:EID2B
INFO:root:EID3
INFO:root:EIF1
INFO:root:EIF1AD
INFO:root:EIF1AX
INFO:root:EIF1B
INFO:root:EIF2A
INFO:root:EIF2AK1
INFO:root:EIF2AK2
INFO:root:EIF2AK3
INFO:root:EIF2AK4
INFO:root:EIF2B1
INFO:root:EIF2B2
INFO:root:EIF2B3
INFO:root:EIF2B4
INFO:root:EIF2B5
INFO:root:EIF2D
INFO:root:EIF2S1
INFO:root:EIF2S2
INFO:root:EIF2S3
INFO:root:EIF3A
INFO:root:EIF3B
INFO:root:EIF3C
INFO:root:EIF3CL
INFO:root:EIF3D
INFO:root:EIF3E
INFO:root:EIF3F
INFO:root:EIF3G
INFO:root:EIF3H
INFO:root:EIF3I
INFO:root:EIF3J
INFO:root:EIF3K
INFO:root:EIF3L
INFO:root:EIF3M
INFO:root:EIF4A1
INFO:root:EIF4A2
INFO:root:EIF4A3
INFO:root:EIF4B
INFO:root:EIF4E
INFO:root:EIF4E1B
INFO:root:EIF4E2
INFO:root:EIF4E3
INFO:root:EIF4EBP1
INFO:root:EIF4EBP2
INFO:root:EIF4EBP3
INFO:root:EIF4ENIF1
INFO:root:EIF4G1
INFO:root:EIF4G2
INFO:root:EIF4G3
INFO:root:EIF4H
INFO:root:EIF5
INFO:root:EIF5A
INFO:root:EIF5A2
INFO:root:EIF5AL1
INFO:root:EIF5B
INFO:root:EIF6
INFO:root:EIPR1
INFO:root:ELAC1
INFO:root:ELAC2
INFO:root:ELANE
INFO:root:ELAVL1
INFO:root:ELAVL2
INFO:root:ELAVL3
INFO:root:ELAVL4
INFO:root:ELF1
INFO:root:ELF2
INFO:root:ELF3
INFO:root:ELF4
INFO:root:ELF5
INFO:root:ELFN1
INFO:root:ELFN2
INFO:root:ELK1
INFO:root:ELK3
INFO:root:ELK4
INFO:root:ELL
INFO:root:ELL2
INFO:root:ELL3
INFO:root:ELMO1
INFO:root:ELMO2
INFO:root:ELMO3
INFO:root:ELMOD1
INFO:root:ELMOD2
INFO:root:ELMOD3
INFO:root:ELMSAN1
INFO:root:ELN
INFO:root:ELOA
INFO:root:ELOA2
INFO:root:ELOA3
INFO:root:ELOA3B
INFO:root:ELOA3D
INFO:root:ELOB
INFO:root:ELOC
INFO:root:ELOF1
INFO:root:ELOVL1
INFO:root:ELOVL2
INFO:root:ELOVL3
INFO:root:ELOVL4
INFO:root:ELOVL5
INFO:root:ELOVL6
INFO:root:ELOVL7
INFO:root:ELP1
INFO:root:ELP2
INFO:root:ELP3
INFO:root:ELP4
INFO:root:ELP5
INFO:root:ELP6
INFO:root:ELSPBP1
INFO:root:EMB
INFO:root:EMC1
INFO:root:EMC10
INFO:root:EMC2
INFO:root:EMC3
INFO:root:EMC4
INFO:root:EMC6
INFO:root:EMC7
INFO:root:EMC8
INFO:root:EMC9
INFO:root:EMCN
INFO:root:EMD
INFO:root:EME1
INFO:root:EME2
INFO:root:EMG1
INFO:root:EMID1
INFO:root:EMILIN1
INFO:root:EMILIN2
INFO:root:EMILIN3
INFO:root:EML1
INFO:root:EML2
INFO:root:EML3
INFO:root:EML4
INFO:root:EML5
INFO:root:EML6
INFO:root:EMP1
INFO:root:EMP2
INFO:root:EMP3
INFO:root:EMSY
INFO:root:EMX1
INFO:root:EMX2
INFO:root:EN1
INFO:root:EN2
INFO:root:ENAH
INFO:root:ENAM
INFO:root:ENC1
INFO:root:ENDOD1
INFO:root:ENDOG
INFO:root:ENDOU
INFO:root:ENDOV
INFO:root:ENG
INFO:root:ENGASE
INFO:root:ENHO
INFO:root:ENKD1
INFO:root:ENKUR
INFO:root:ENO1
INFO:root:ENO2
INFO:root:ENO3
INFO:root:ENO4
INFO:root:ENOPH1
INFO:root:ENOSF1
INFO:root:ENOX1
INFO:root:ENOX2
INFO:root:ENPEP
INFO:root:ENPP1
INFO:root:ENPP2
INFO:root:ENPP3
INFO:root:ENPP4
INFO:root:ENPP5
INFO:root:ENPP6
INFO:root:ENPP7
INFO:root:ENSA
INFO:root:ENTHD1
INFO:root:ENTPD1
INFO:root:ENTPD2
INFO:root:ENTPD3
INFO:root:ENTPD4
INFO:root:ENTPD5
INFO:root:ENTPD6
INFO:root:ENTPD7
INFO:root:ENTPD8
INFO:root:ENY2
INFO:root:EOGT
INFO:root:EOMES
INFO:root:EP300
INFO:root:EP400
INFO:root:EPAS1
INFO:root:EPB41
INFO:root:EPB41L1
INFO:root:EPB41L2
INFO:root:EPB41L3
INFO:root:EPB41L4A
INFO:root:EPB41L4B
INFO:root:EPB41L5
INFO:root:EPB42
INFO:root:EPC1
INFO:root:EPC2
INFO:root:EPCAM
INFO:root:EPDR1
INFO:root:EPG5
INFO:root:EPGN
INFO:root:EPHA1
INFO:root:EPHA10
INFO:root:EPHA2
INFO:root:EPHA3
INFO:root:EPHA4
INFO:root:EPHA5
INFO:root:EPHA6
INFO:root:EPHA7
INFO:root:EPHA8
INFO:root:EPHB1
INFO:root:EPHB2
INFO:root:EPHB3
INFO:root:EPHB4
INFO:root:EPHB6
INFO:root:EPHX1
INFO:root:EPHX2
INFO:root:EPHX3
INFO:root:EPHX4
INFO:root:EPM2A
INFO:root:EPM2AIP1
INFO:root:EPN1
INFO:root:EPN2
INFO:root:EPN3
INFO:root:EPO
INFO:root:EPOP
INFO:root:EPOR
INFO:root:EPPIN
INFO:root:EPPK1
INFO:root:EPRS
INFO:root:EPS15
INFO:root:EPS15L1
INFO:root:EPS8
INFO:root:EPS8L1
INFO:root:EPS8L2
INFO:root:EPS8L3
INFO:root:EPSTI1
INFO:root:EPX
INFO:root:EPYC
INFO:root:EQTN
INFO:root:ERAL1
INFO:root:ERAP1
INFO:root:ERAP2
INFO:root:ERAS
INFO:root:ERBB2
INFO:root:ERBB3
INFO:root:ERBB4
INFO:root:ERBIN
INFO:root:ERC1
INFO:root:ERC2
INFO:root:ERCC1
INFO:root:ERCC2
INFO:root:ERCC3
INFO:root:ERCC4
INFO:root:ERCC5
INFO:root:ERCC6
INFO:root:ERCC6L
INFO:root:ERCC6L2
INFO:root:ERCC8
INFO:root:EREG
INFO:root:ERF
INFO:root:ERFE
INFO:root:ERG
INFO:root:ERG28
INFO:root:ERGIC1
INFO:root:ERGIC2
INFO:root:ERGIC3
INFO:root:ERH
INFO:root:ERI1
INFO:root:ERI2
INFO:root:ERI3
INFO:root:ERICH1
INFO:root:ERICH2
INFO:root:ERICH3
INFO:root:ERICH4
INFO:root:ERICH5
INFO:root:ERICH6
INFO:root:ERICH6B
INFO:root:ERLEC1
INFO:root:ERLIN1
INFO:root:ERLIN2
INFO:root:ERMAP
INFO:root:ERMARD
INFO:root:ERMN
INFO:root:ERMP1
INFO:root:ERN1
INFO:root:ERN2
INFO:root:ERO1A
INFO:root:ERO1B
INFO:root:ERP27
INFO:root:ERP29
INFO:root:ERP44
INFO:root:ERRFI1
INFO:root:ERV3-1
INFO:root:ERVFRD-1
INFO:root:ERVMER34-1
INFO:root:ERVV-1
INFO:root:ERVV-2
INFO:root:ERVW-1
INFO:root:ESAM
INFO:root:ESCO1
INFO:root:ESCO2
INFO:root:ESD
INFO:root:ESF1
INFO:root:ESM1
INFO:root:ESPL1
INFO:root:ESPN
INFO:root:ESPNL
INFO:root:ESR1
INFO:root:ESR2
INFO:root:ESRP1
INFO:root:ESRP2
INFO:root:ESRRA
INFO:root:ESRRB
INFO:root:ESRRG
INFO:root:ESS2
INFO:root:ESX1
INFO:root:ESYT1
INFO:root:ESYT2
INFO:root:ESYT3
INFO:root:ETAA1
INFO:root:ETF1
INFO:root:ETFA
INFO:root:ETFB
INFO:root:ETFBKMT
INFO:root:ETFDH
INFO:root:ETFRF1
INFO:root:ETHE1
INFO:root:ETNK1
INFO:root:ETNK2
INFO:root:ETNPPL
INFO:root:ETS1
INFO:root:ETS2
INFO:root:ETV1
INFO:root:ETV2
INFO:root:ETV3
INFO:root:ETV3L
INFO:root:ETV4
INFO:root:ETV5
INFO:root:ETV6
INFO:root:ETV7
INFO:root:EVA1A
INFO:root:EVA1B
INFO:root:EVA1C
INFO:root:EVC
INFO:root:EVC2
INFO:root:EVI2A
INFO:root:EVI2B
INFO:root:EVI5
INFO:root:EVI5L
INFO:root:EVL
INFO:root:EVPL
INFO:root:EVPLL
INFO:root:EVX1
INFO:root:EVX2
INFO:root:EWSR1
INFO:root:EXD1
INFO:root:EXD2
INFO:root:EXD3
INFO:root:EXO1
INFO:root:EXO5
INFO:root:EXOC1
INFO:root:EXOC2
INFO:root:EXOC3
INFO:root:EXOC3L1
INFO:root:EXOC3L2
INFO:root:EXOC3L4
INFO:root:EXOC4
INFO:root:EXOC5
INFO:root:EXOC6
INFO:root:EXOC6B
INFO:root:EXOC7
INFO:root:EXOC8
INFO:root:EXOG
INFO:root:EXOSC1
INFO:root:EXOSC10
INFO:root:EXOSC2
INFO:root:EXOSC3
INFO:root:EXOSC4
INFO:root:EXOSC5
INFO:root:EXOSC6
INFO:root:EXOSC7
INFO:root:EXOSC8
INFO:root:EXOSC9
INFO:root:EXPH5
INFO:root:EXT1
INFO:root:EXT2
INFO:root:EXTL1
INFO:root:EXTL2
INFO:root:EXTL3
INFO:root:EYA1
INFO:root:EYA2
INFO:root:EYA3
INFO:root:EYA4
INFO:root:EYS
INFO:root:EZH1
INFO:root:EZH2
INFO:root:EZR
INFO:root:F10
INFO:root:F11
INFO:root:F11R
INFO:root:F12
INFO:root:F13A1
INFO:root:F13B
INFO:root:F2
INFO:root:F2R
INFO:root:F2RL1
INFO:root:F2RL2
INFO:root:F2RL3
INFO:root:F3
INFO:root:F5
INFO:root:F7
INFO:root:F8
INFO:root:F8A1
INFO:root:F8A2
INFO:root:F8A3
INFO:root:F9
INFO:root:FA2H
INFO:root:FAAH
INFO:root:FAAH2
INFO:root:FAAP100
INFO:root:FAAP20
INFO:root:FAAP24
INFO:root:FABP1
INFO:root:FABP12
INFO:root:FABP2
INFO:root:FABP3
INFO:root:FABP4
INFO:root:FABP5
INFO:root:FABP6
INFO:root:FABP7
INFO:root:FABP9
INFO:root:FADD
INFO:root:FADS1
INFO:root:FADS2
INFO:root:FADS3
INFO:root:FADS6
INFO:root:FAF1
INFO:root:FAF2
INFO:root:FAH
INFO:root:FAHD1
INFO:root:FAHD2A
INFO:root:FAHD2B
INFO:root:FAIM
INFO:root:FAIM2
INFO:root:FAM102A
INFO:root:FAM102B
INFO:root:FAM104A
INFO:root:FAM104B
INFO:root:FAM106A
INFO:root:FAM107A
INFO:root:FAM107B
INFO:root:FAM110A
INFO:root:FAM110B
INFO:root:FAM110C
INFO:root:FAM110D
INFO:root:FAM111A
INFO:root:FAM111B
INFO:root:FAM114A1
INFO:root:FAM114A2
INFO:root:FAM117A
INFO:root:FAM117B
INFO:root:FAM118A
INFO:root:FAM118B
INFO:root:FAM120A
INFO:root:FAM120AOS
INFO:root:FAM120B
INFO:root:FAM120C
INFO:root:FAM122A
INFO:root:FAM122B
INFO:root:FAM122C
INFO:root:FAM124A
INFO:root:FAM124B
INFO:root:FAM126A
INFO:root:FAM126B
INFO:root:FAM129A
INFO:root:FAM129B
INFO:root:FAM129C
INFO:root:FAM131A
INFO:root:FAM131B
INFO:root:FAM131C
INFO:root:FAM133A
INFO:root:FAM133B
INFO:root:FAM135A
INFO:root:FAM135B
INFO:root:FAM136A
INFO:root:FAM13A
INFO:root:FAM13B
INFO:root:FAM13C
INFO:root:FAM149A
INFO:root:FAM149B1
INFO:root:FAM151A
INFO:root:FAM151B
INFO:root:FAM153A
INFO:root:FAM153B
INFO:root:FAM153C
INFO:root:FAM155A
INFO:root:FAM155B
INFO:root:FAM156A
INFO:root:FAM156B
INFO:root:FAM160A1
INFO:root:FAM160A2
INFO:root:FAM160B1
INFO:root:FAM160B2
INFO:root:FAM161A
INFO:root:FAM161B
INFO:root:FAM162A
INFO:root:FAM162B
INFO:root:FAM163A
INFO:root:FAM163B
INFO:root:FAM166A
INFO:root:FAM166B
INFO:root:FAM167A
INFO:root:FAM167B
INFO:root:FAM168A
INFO:root:FAM168B
INFO:root:FAM169A
INFO:root:FAM169B
INFO:root:FAM170A
INFO:root:FAM170B
INFO:root:FAM171A1
INFO:root:FAM171A2
INFO:root:FAM171B
INFO:root:FAM172A
INFO:root:FAM173A
INFO:root:FAM173B
INFO:root:FAM174A
INFO:root:FAM174B
INFO:root:FAM177A1
INFO:root:FAM177B
INFO:root:FAM178B
INFO:root:FAM180A
INFO:root:FAM180B
INFO:root:FAM181A
INFO:root:FAM181B
INFO:root:FAM183A
INFO:root:FAM184A
INFO:root:FAM184B
INFO:root:FAM185A
INFO:root:FAM186A
INFO:root:FAM186B
INFO:root:FAM187A
INFO:root:FAM187B
INFO:root:FAM189A1
INFO:root:FAM189A2
INFO:root:FAM189B
INFO:root:FAM192A
INFO:root:FAM193A
INFO:root:FAM193B
INFO:root:FAM196A
INFO:root:FAM196B
INFO:root:FAM198A
INFO:root:FAM198B
INFO:root:FAM199X
INFO:root:FAM19A1
INFO:root:FAM19A2
INFO:root:FAM19A3
INFO:root:FAM19A4
INFO:root:FAM19A5
INFO:root:FAM200A
INFO:root:FAM200B
INFO:root:FAM204A
INFO:root:FAM205A
INFO:root:FAM206A
INFO:root:FAM207A
INFO:root:FAM208A
INFO:root:FAM208B
INFO:root:FAM209A
INFO:root:FAM209B
INFO:root:FAM20A
INFO:root:FAM20B
INFO:root:FAM20C
INFO:root:FAM210A
INFO:root:FAM210B
INFO:root:FAM213A
INFO:root:FAM213B
INFO:root:FAM214A
INFO:root:FAM214B
INFO:root:FAM216A
INFO:root:FAM216B
INFO:root:FAM217A
INFO:root:FAM217B
INFO:root:FAM218A
INFO:root:FAM219A
INFO:root:FAM219B
INFO:root:FAM220A
INFO:root:FAM221A
INFO:root:FAM221B
INFO:root:FAM222A
INFO:root:FAM222B
INFO:root:FAM227A
INFO:root:FAM227B
INFO:root:FAM228A
INFO:root:FAM228B
INFO:root:FAM229A
INFO:root:FAM229B
INFO:root:FAM231C
INFO:root:FAM234A
INFO:root:FAM234B
INFO:root:FAM241A
INFO:root:FAM241B
INFO:root:FAM24A
INFO:root:FAM24B
INFO:root:FAM25A
INFO:root:FAM25C
INFO:root:FAM25G
INFO:root:FAM32A
INFO:root:FAM3A
INFO:root:FAM3B
INFO:root:FAM3C
INFO:root:FAM3D
INFO:root:FAM43A
INFO:root:FAM43B
INFO:root:FAM45A
INFO:root:FAM47A
INFO:root:FAM47B
INFO:root:FAM47C
INFO:root:FAM47E
INFO:root:FAM49A
INFO:root:FAM49B
INFO:root:FAM50A
INFO:root:FAM50B
INFO:root:FAM53A
INFO:root:FAM53B
INFO:root:FAM53C
INFO:root:FAM57A
INFO:root:FAM57B
INFO:root:FAM69A
INFO:root:FAM69B
INFO:root:FAM69C
INFO:root:FAM71A
INFO:root:FAM71B
INFO:root:FAM71C
INFO:root:FAM71D
INFO:root:FAM71E1
INFO:root:FAM71E2
INFO:root:FAM71F1
INFO:root:FAM71F2
INFO:root:FAM72A
INFO:root:FAM72B
INFO:root:FAM72D
INFO:root:FAM76A
INFO:root:FAM76B
INFO:root:FAM78A
INFO:root:FAM78B
INFO:root:FAM81A
INFO:root:FAM81B
INFO:root:FAM83A
INFO:root:FAM83B
INFO:root:FAM83C
INFO:root:FAM83D
INFO:root:FAM83E
INFO:root:FAM83F
INFO:root:FAM83G
INFO:root:FAM83H
INFO:root:FAM84A
INFO:root:FAM84B
INFO:root:FAM86B1
INFO:root:FAM86B2
INFO:root:FAM86C1
INFO:root:FAM89A
INFO:root:FAM89B
INFO:root:FAM8A1
INFO:root:FAM90A1
INFO:root:FAM90A26
INFO:root:FAM91A1
INFO:root:FAM92A
INFO:root:FAM92B
INFO:root:FAM96A
INFO:root:FAM96B
INFO:root:FAM98A
INFO:root:FAM98B
INFO:root:FAM98C
INFO:root:FAM9A
INFO:root:FAM9B
INFO:root:FAM9C
INFO:root:FAN1
INFO:root:FANCA
INFO:root:FANCB
INFO:root:FANCC
INFO:root:FANCD2
INFO:root:FANCD2OS
INFO:root:FANCE
INFO:root:FANCF
INFO:root:FANCG
INFO:root:FANCI
INFO:root:FANCL
INFO:root:FANCM
INFO:root:FANK1
INFO:root:FAP
INFO:root:FAR1
INFO:root:FAR2
INFO:root:FARP1
INFO:root:FARP2
INFO:root:FARS2
INFO:root:FARSA
INFO:root:FARSB
INFO:root:FAS
INFO:root:FASLG
INFO:root:FASN
INFO:root:FASTK
INFO:root:FASTKD1
INFO:root:FASTKD2
INFO:root:FASTKD3
INFO:root:FASTKD5
INFO:root:FAT1
INFO:root:FAT2
INFO:root:FAT3
INFO:root:FAT4
INFO:root:FATE1
INFO:root:FAU
INFO:root:FAXC
INFO:root:FAXDC2
INFO:root:FBF1
INFO:root:FBH1
INFO:root:FBL
INFO:root:FBLIM1
INFO:root:FBLL1
INFO:root:FBLN1
INFO:root:FBLN2
INFO:root:FBLN5
INFO:root:FBLN7
INFO:root:FBN1
INFO:root:FBN2
INFO:root:FBN3
INFO:root:FBP1
INFO:root:FBP2
INFO:root:FBRS
INFO:root:FBRSL1
INFO:root:FBXL12
INFO:root:FBXL13
INFO:root:FBXL14
INFO:root:FBXL15
INFO:root:FBXL16
INFO:root:FBXL17
INFO:root:FBXL18
INFO:root:FBXL19
INFO:root:FBXL2
INFO:root:FBXL20
INFO:root:FBXL21
INFO:root:FBXL22
INFO:root:FBXL3
INFO:root:FBXL4
INFO:root:FBXL5
INFO:root:FBXL6
INFO:root:FBXL7
INFO:root:FBXL8
INFO:root:FBXO10
INFO:root:FBXO11
INFO:root:FBXO15
INFO:root:FBXO16
INFO:root:FBXO17
INFO:root:FBXO2
INFO:root:FBXO21
INFO:root:FBXO22
INFO:root:FBXO24
INFO:root:FBXO25
INFO:root:FBXO27
INFO:root:FBXO28
INFO:root:FBXO3
INFO:root:FBXO30
INFO:root:FBXO31
INFO:root:FBXO32
INFO:root:FBXO33
INFO:root:FBXO34
INFO:root:FBXO36
INFO:root:FBXO38
INFO:root:FBXO39
INFO:root:FBXO4
INFO:root:FBXO40
INFO:root:FBXO41
INFO:root:FBXO42
INFO:root:FBXO43
INFO:root:FBXO44
INFO:root:FBXO45
INFO:root:FBXO46
INFO:root:FBXO47
INFO:root:FBXO48
INFO:root:FBXO5
INFO:root:FBXO6
INFO:root:FBXO7
INFO:root:FBXO8
INFO:root:FBXO9
INFO:root:FBXW10
INFO:root:FBXW11
INFO:root:FBXW12
INFO:root:FBXW2
INFO:root:FBXW4
INFO:root:FBXW5
INFO:root:FBXW7
INFO:root:FBXW8
INFO:root:FBXW9
INFO:root:FCAMR
INFO:root:FCAR
INFO:root:FCER1A
INFO:root:FCER1G
INFO:root:FCER2
INFO:root:FCF1
INFO:root:FCGBP
INFO:root:FCGR1A
INFO:root:FCGR1B
INFO:root:FCGR2A
INFO:root:FCGR2B
INFO:root:FCGR2C
INFO:root:FCGR3A
INFO:root:FCGR3B
INFO:root:FCGRT
INFO:root:FCHO1
INFO:root:FCHO2
INFO:root:FCHSD1
INFO:root:FCHSD2
INFO:root:FCMR
INFO:root:FCN1
INFO:root:FCN2
INFO:root:FCN3
INFO:root:FCRL1
INFO:root:FCRL2
INFO:root:FCRL3
INFO:root:FCRL4
INFO:root:FCRL5
INFO:root:FCRL6
INFO:root:FCRLA
INFO:root:FCRLB
INFO:root:FDCSP
INFO:root:FDFT1
INFO:root:FDPS
INFO:root:FDX1
INFO:root:FDX2
INFO:root:FDXACB1
INFO:root:FDXR
INFO:root:FECH
INFO:root:FEM1A
INFO:root:FEM1B
INFO:root:FEM1C
INFO:root:FEN1
INFO:root:FER
INFO:root:FER1L6
INFO:root:FERD3L
INFO:root:FERMT1
INFO:root:FERMT2
INFO:root:FERMT3
INFO:root:FES
INFO:root:FETUB
INFO:root:FEV
INFO:root:FEZ1
INFO:root:FEZ2
INFO:root:FEZF1
INFO:root:FEZF2
INFO:root:FFAR1
INFO:root:FFAR2
INFO:root:FFAR3
INFO:root:FFAR4
INFO:root:FGA
INFO:root:FGB
INFO:root:FGD1
INFO:root:FGD2
INFO:root:FGD3
INFO:root:FGD4
INFO:root:FGD5
INFO:root:FGD6
INFO:root:FGF1
INFO:root:FGF10
INFO:root:FGF11
INFO:root:FGF12
INFO:root:FGF13
INFO:root:FGF14
INFO:root:FGF17
INFO:root:FGF18
INFO:root:FGF19
INFO:root:FGF2
INFO:root:FGF20
INFO:root:FGF21
INFO:root:FGF22
INFO:root:FGF23
INFO:root:FGF3
INFO:root:FGF4
INFO:root:FGF5
INFO:root:FGF6
INFO:root:FGF7
INFO:root:FGF8
INFO:root:FGF9
INFO:root:FGFBP1
INFO:root:FGFBP2
INFO:root:FGFBP3
INFO:root:FGFR1
INFO:root:FGFR1OP
INFO:root:FGFR1OP2
INFO:root:FGFR2
INFO:root:FGFR3
INFO:root:FGFR4
INFO:root:FGFRL1
INFO:root:FGG
INFO:root:FGGY
INFO:root:FGL1
INFO:root:FGL2
INFO:root:FGR
INFO:root:FH
INFO:root:FHAD1
INFO:root:FHDC1
INFO:root:FHIT
INFO:root:FHL1
INFO:root:FHL2
INFO:root:FHL3
INFO:root:FHL5
INFO:root:FHOD1
INFO:root:FHOD3
INFO:root:FIBCD1
INFO:root:FIBIN
INFO:root:FIBP
INFO:root:FICD
INFO:root:FIG4
INFO:root:FIGLA
INFO:root:FIGN
INFO:root:FIGNL1
INFO:root:FILIP1
INFO:root:FILIP1L
INFO:root:FIP1L1
INFO:root:FIS1
INFO:root:FITM1
INFO:root:FITM2
INFO:root:FIZ1
INFO:root:FJX1
INFO:root:FKBP10
INFO:root:FKBP11
INFO:root:FKBP14
INFO:root:FKBP15
INFO:root:FKBP1A
INFO:root:FKBP1B
INFO:root:FKBP2
INFO:root:FKBP3
INFO:root:FKBP4
INFO:root:FKBP5
INFO:root:FKBP6
INFO:root:FKBP7
INFO:root:FKBP8
INFO:root:FKBP9
INFO:root:FKBPL
INFO:root:FKRP
INFO:root:FKTN
INFO:root:FLAD1
INFO:root:FLCN
INFO:root:FLG
INFO:root:FLG2
INFO:root:FLI1
INFO:root:FLII
INFO:root:FLNA
INFO:root:FLNB
INFO:root:FLNC
INFO:root:FLOT1
INFO:root:FLOT2
INFO:root:FLRT1
INFO:root:FLRT2
INFO:root:FLRT3
INFO:root:FLT1
INFO:root:FLT3
INFO:root:FLT3LG
INFO:root:FLT4
INFO:root:FLVCR1
INFO:root:FLVCR2
INFO:root:FLYWCH1
INFO:root:FLYWCH2
INFO:root:FMC1
INFO:root:FMN1
INFO:root:FMN2
INFO:root:FMNL1
INFO:root:FMNL2
INFO:root:FMNL3
INFO:root:FMO1
INFO:root:FMO2
INFO:root:FMO3
INFO:root:FMO4
INFO:root:FMO5
INFO:root:FMOD
INFO:root:FMR1
INFO:root:FMR1NB
INFO:root:FN1
INFO:root:FN3K
INFO:root:FN3KRP
INFO:root:FNBP1
INFO:root:FNBP1L
INFO:root:FNBP4
INFO:root:FNDC1
INFO:root:FNDC10
INFO:root:FNDC11
INFO:root:FNDC3A
INFO:root:FNDC3B
INFO:root:FNDC4
INFO:root:FNDC5
INFO:root:FNDC7
INFO:root:FNDC8
INFO:root:FNDC9
INFO:root:FNIP1
INFO:root:FNIP2
INFO:root:FNTA
INFO:root:FNTB
INFO:root:FOCAD
INFO:root:FOLH1
INFO:root:FOLR1
INFO:root:FOLR2
INFO:root:FOLR3
INFO:root:FOPNL
INFO:root:FOS
INFO:root:FOSB
INFO:root:FOSL1
INFO:root:FOSL2
INFO:root:FOXA1
INFO:root:FOXA2
INFO:root:FOXA3
INFO:root:FOXB1
INFO:root:FOXB2
INFO:root:FOXC1
INFO:root:FOXC2
INFO:root:FOXD1
INFO:root:FOXD2
INFO:root:FOXD3
INFO:root:FOXD4
INFO:root:FOXD4L1
INFO:root:FOXD4L3
INFO:root:FOXD4L4
INFO:root:FOXD4L5
INFO:root:FOXD4L6
INFO:root:FOXE1
INFO:root:FOXE3
INFO:root:FOXF1
INFO:root:FOXF2
INFO:root:FOXG1
INFO:root:FOXH1
INFO:root:FOXI1
INFO:root:FOXI2
INFO:root:FOXJ1
INFO:root:FOXJ2
INFO:root:FOXJ3
INFO:root:FOXK1
INFO:root:FOXK2
INFO:root:FOXL1
INFO:root:FOXL2
INFO:root:FOXL2NB
INFO:root:FOXM1
INFO:root:FOXN1
INFO:root:FOXN2
INFO:root:FOXN3
INFO:root:FOXN4
INFO:root:FOXO1
INFO:root:FOXO3
INFO:root:FOXO4
INFO:root:FOXO6
INFO:root:FOXP1
INFO:root:FOXP2
INFO:root:FOXP3
INFO:root:FOXP4
INFO:root:FOXQ1
INFO:root:FOXR1
INFO:root:FOXR2
INFO:root:FOXRED1
INFO:root:FOXRED2
INFO:root:FOXS1
INFO:root:FPGS
INFO:root:FPGT
INFO:root:FPR1
INFO:root:FPR2
INFO:root:FPR3
INFO:root:FRA10AC1
INFO:root:FRAS1
INFO:root:FRAT1
INFO:root:FRAT2
INFO:root:FREM1
INFO:root:FREM2
INFO:root:FREM3
INFO:root:FRG1
INFO:root:FRG2
INFO:root:FRG2B
INFO:root:FRG2C
INFO:root:FRK
INFO:root:FRMD1
INFO:root:FRMD3
INFO:root:FRMD4A
INFO:root:FRMD4B
INFO:root:FRMD5
INFO:root:FRMD6
INFO:root:FRMD7
INFO:root:FRMD8
INFO:root:FRMPD1
INFO:root:FRMPD2
INFO:root:FRMPD3
INFO:root:FRMPD4
INFO:root:FRRS1
INFO:root:FRRS1L
INFO:root:FRS2
INFO:root:FRS3
INFO:root:FRY
INFO:root:FRYL
INFO:root:FRZB
INFO:root:FSBP
INFO:root:FSCB
INFO:root:FSCN1
INFO:root:FSCN2
INFO:root:FSCN3
INFO:root:FSD1
INFO:root:FSD1L
INFO:root:FSD2
INFO:root:FSHB
INFO:root:FSHR
INFO:root:FSIP1
INFO:root:FSIP2
INFO:root:FST
INFO:root:FSTL1
INFO:root:FSTL3
INFO:root:FSTL4
INFO:root:FSTL5
INFO:root:FTCD
INFO:root:FTCDNL1
INFO:root:FTH1
INFO:root:FTHL17
INFO:root:FTL
INFO:root:FTMT
INFO:root:FTO
INFO:root:FTSJ1
INFO:root:FTSJ3
INFO:root:FUBP1
INFO:root:FUBP3
INFO:root:FUCA1
INFO:root:FUCA2
INFO:root:FUK
INFO:root:FUNDC1
INFO:root:FUNDC2
INFO:root:FUOM
INFO:root:FURIN
INFO:root:FUS
INFO:root:FUT1
INFO:root:FUT10
INFO:root:FUT11
INFO:root:FUT2
INFO:root:FUT3
INFO:root:FUT4
INFO:root:FUT5
INFO:root:FUT6
INFO:root:FUT7
INFO:root:FUT8
INFO:root:FUT9
INFO:root:FUZ
INFO:root:FXN
INFO:root:FXR1
INFO:root:FXR2
INFO:root:FXYD1
INFO:root:FXYD2
INFO:root:FXYD3
INFO:root:FXYD4
INFO:root:FXYD5
INFO:root:FXYD6
INFO:root:FXYD7
INFO:root:FYB1
INFO:root:FYB2
INFO:root:FYCO1
INFO:root:FYN
INFO:root:FYTTD1
INFO:root:FZD1
INFO:root:FZD10
INFO:root:FZD2
INFO:root:FZD3
INFO:root:FZD4
INFO:root:FZD5
INFO:root:FZD6
INFO:root:FZD7
INFO:root:FZD8
INFO:root:FZD9
INFO:root:FZR1
INFO:root:G0S2
INFO:root:G2E3
INFO:root:G3BP1
INFO:root:G3BP2
INFO:root:G6PC
INFO:root:G6PC2
INFO:root:G6PC3
INFO:root:G6PD
INFO:root:GAA
INFO:root:GAB1
INFO:root:GAB2
INFO:root:GAB3
INFO:root:GAB4
INFO:root:GABARAP
INFO:root:GABARAPL1
INFO:root:GABARAPL2
INFO:root:GABBR1
INFO:root:GABBR2
INFO:root:GABPA
INFO:root:GABPB1
INFO:root:GABPB2
INFO:root:GABRA1
INFO:root:GABRA2
INFO:root:GABRA3
INFO:root:GABRA4
INFO:root:GABRA5
INFO:root:GABRA6
INFO:root:GABRB1
INFO:root:GABRB2
INFO:root:GABRB3
INFO:root:GABRD
INFO:root:GABRE
INFO:root:GABRG1
INFO:root:GABRG2
INFO:root:GABRG3
INFO:root:GABRP
INFO:root:GABRQ
INFO:root:GABRR1
INFO:root:GABRR2
INFO:root:GABRR3
INFO:root:GAD1
INFO:root:GAD2
INFO:root:GADD45A
INFO:root:GADD45B
INFO:root:GADD45G
INFO:root:GADD45GIP1
INFO:root:GADL1
INFO:root:GAGE1
INFO:root:GAGE10
INFO:root:GAGE12C
INFO:root:GAGE12D
INFO:root:GAGE12E
INFO:root:GAGE12F
INFO:root:GAGE12G
INFO:root:GAGE12H
INFO:root:GAGE12I
INFO:root:GAGE12J
INFO:root:GAGE13
INFO:root:GAGE2A
INFO:root:GAGE2B
INFO:root:GAGE2C
INFO:root:GAGE2D
INFO:root:GAGE2E
INFO:root:GAK
INFO:root:GAL
INFO:root:GAL3ST1
INFO:root:GAL3ST2
INFO:root:GAL3ST3
INFO:root:GAL3ST4
INFO:root:GALC
INFO:root:GALE
INFO:root:GALK1
INFO:root:GALK2
INFO:root:GALM
INFO:root:GALNS
INFO:root:GALNT1
INFO:root:GALNT10
INFO:root:GALNT11
INFO:root:GALNT12
INFO:root:GALNT13
INFO:root:GALNT14
INFO:root:GALNT15
INFO:root:GALNT16
INFO:root:GALNT17
INFO:root:GALNT18
INFO:root:GALNT2
INFO:root:GALNT3
INFO:root:GALNT4
INFO:root:GALNT5
INFO:root:GALNT6
INFO:root:GALNT7
INFO:root:GALNT8
INFO:root:GALNT9
INFO:root:GALNTL5
INFO:root:GALNTL6
INFO:root:GALP
INFO:root:GALR1
INFO:root:GALR2
INFO:root:GALR3
INFO:root:GALT
INFO:root:GAMT
INFO:root:GAN
INFO:root:GANAB
INFO:root:GANC
INFO:root:GAP43
INFO:root:GAPDH
INFO:root:GAPDHS
INFO:root:GAPT
INFO:root:GAPVD1
INFO:root:GAR1
INFO:root:GAREM1
INFO:root:GAREM2
INFO:root:GARNL3
INFO:root:GARS
INFO:root:GART
INFO:root:GAS1
INFO:root:GAS2
INFO:root:GAS2L1
INFO:root:GAS2L2
INFO:root:GAS2L3
INFO:root:GAS6
INFO:root:GAS7
INFO:root:GAS8
INFO:root:GAST
INFO:root:GATA1
INFO:root:GATA2
INFO:root:GATA3
INFO:root:GATA4
INFO:root:GATA5
INFO:root:GATA6
INFO:root:GATAD1
INFO:root:GATAD2A
INFO:root:GATAD2B
INFO:root:GATB
INFO:root:GATC
INFO:root:GATD1
INFO:root:GATD3A
INFO:root:GATM
INFO:root:GBA
INFO:root:GBA2
INFO:root:GBA3
INFO:root:GBE1
INFO:root:GBF1
INFO:root:GBGT1
INFO:root:GBP1
INFO:root:GBP2
INFO:root:GBP3
INFO:root:GBP4
INFO:root:GBP5
INFO:root:GBP6
INFO:root:GBP7
INFO:root:GBX1
INFO:root:GBX2
INFO:root:GC
INFO:root:GCA
INFO:root:GCAT
INFO:root:GCC1
INFO:root:GCC2
INFO:root:GCDH
INFO:root:GCFC2
INFO:root:GCG
INFO:root:GCGR
INFO:root:GCH1
INFO:root:GCHFR
INFO:root:GCK
INFO:root:GCKR
INFO:root:GCLC
INFO:root:GCLM
INFO:root:GCM1
INFO:root:GCM2
INFO:root:GCN1
INFO:root:GCNA
INFO:root:GCNT1
INFO:root:GCNT2
INFO:root:GCNT3
INFO:root:GCNT4
INFO:root:GCNT7
INFO:root:GCSAM
INFO:root:GCSAML
INFO:root:GCSH
INFO:root:GDA
INFO:root:GDAP1
INFO:root:GDAP1L1
INFO:root:GDAP2
INFO:root:GDE1
INFO:root:GDF1
INFO:root:GDF10
INFO:root:GDF11
INFO:root:GDF15
INFO:root:GDF2
INFO:root:GDF3
INFO:root:GDF5
INFO:root:GDF5OS
INFO:root:GDF6
INFO:root:GDF7
INFO:root:GDF9
INFO:root:GDI1
INFO:root:GDI2
INFO:root:GDNF
INFO:root:GDPD1
INFO:root:GDPD2
INFO:root:GDPD3
INFO:root:GDPD4
INFO:root:GDPD5
INFO:root:GDPGP1
INFO:root:GEM
INFO:root:GEMIN2
INFO:root:GEMIN4
INFO:root:GEMIN5
INFO:root:GEMIN6
INFO:root:GEMIN7
INFO:root:GEMIN8
INFO:root:GEN1
INFO:root:GET4
INFO:root:GFAP
INFO:root:GFER
INFO:root:GFI1
INFO:root:GFI1B
INFO:root:GFM1
INFO:root:GFM2
INFO:root:GFOD1
INFO:root:GFOD2
INFO:root:GFPT1
INFO:root:GFPT2
INFO:root:GFRA1
INFO:root:GFRA2
INFO:root:GFRA3
INFO:root:GFRA4
INFO:root:GFRAL
INFO:root:GFY
INFO:root:GGA1
INFO:root:GGA2
INFO:root:GGA3
INFO:root:GGACT
INFO:root:GGCT
INFO:root:GGCX
INFO:root:GGH
INFO:root:GGN
INFO:root:GGNBP2
INFO:root:GGPS1
INFO:root:GGT1
INFO:root:GGT2
INFO:root:GGT5
INFO:root:GGT6
INFO:root:GGT7
INFO:root:GGTLC1
INFO:root:GGTLC2
INFO:root:GGTLC3
INFO:root:GH1
INFO:root:GH2
INFO:root:GHDC
INFO:root:GHITM
INFO:root:GHR
INFO:root:GHRH
INFO:root:GHRHR
INFO:root:GHRL
INFO:root:GHSR
INFO:root:GID4
INFO:root:GID8
INFO:root:GIF
INFO:root:GIGYF1
INFO:root:GIGYF2
INFO:root:GIMAP1
INFO:root:GIMAP2
INFO:root:GIMAP4
INFO:root:GIMAP5
INFO:root:GIMAP6
INFO:root:GIMAP7
INFO:root:GIMAP8
INFO:root:GIN1
INFO:root:GINM1
INFO:root:GINS1
INFO:root:GINS2
INFO:root:GINS3
INFO:root:GINS4
INFO:root:GIP
INFO:root:GIPC1
INFO:root:GIPC2
INFO:root:GIPC3
INFO:root:GIPR
INFO:root:GIT1
INFO:root:GIT2
INFO:root:GJA1
INFO:root:GJA10
INFO:root:GJA3
INFO:root:GJA4
INFO:root:GJA5
INFO:root:GJA8
INFO:root:GJA9
INFO:root:GJB1
INFO:root:GJB2
INFO:root:GJB3
INFO:root:GJB4
INFO:root:GJB5
INFO:root:GJB6
INFO:root:GJB7
INFO:root:GJC1
INFO:root:GJC2
INFO:root:GJC3
INFO:root:GJD2
INFO:root:GJD3
INFO:root:GJD4
INFO:root:GJE1
INFO:root:GK
INFO:root:GK2
INFO:root:GK5
INFO:root:GKAP1
INFO:root:GKN1
INFO:root:GKN2
INFO:root:GLA
INFO:root:GLB1
INFO:root:GLB1L
INFO:root:GLB1L2
INFO:root:GLB1L3
INFO:root:GLCCI1
INFO:root:GLCE
INFO:root:GLDC
INFO:root:GLDN
INFO:root:GLE1
INFO:root:GLG1
INFO:root:GLI1
INFO:root:GLI2
INFO:root:GLI3
INFO:root:GLI4
INFO:root:GLIPR1
INFO:root:GLIPR1L1
INFO:root:GLIPR1L2
INFO:root:GLIPR2
INFO:root:GLIS1
INFO:root:GLIS2
INFO:root:GLIS3
INFO:root:GLMN
INFO:root:GLMP
INFO:root:GLO1
INFO:root:GLOD4
INFO:root:GLOD5
INFO:root:GLP1R
INFO:root:GLP2R
INFO:root:GLRA1
INFO:root:GLRA2
INFO:root:GLRA3
INFO:root:GLRA4
INFO:root:GLRB
INFO:root:GLRX
INFO:root:GLRX2
INFO:root:GLRX3
INFO:root:GLRX5
INFO:root:GLS
INFO:root:GLS2
INFO:root:GLT1D1
INFO:root:GLT6D1
INFO:root:GLT8D1
INFO:root:GLT8D2
INFO:root:GLTP
INFO:root:GLTPD2
INFO:root:GLUD1
INFO:root:GLUD2
INFO:root:GLUL
INFO:root:GLYAT
INFO:root:GLYATL1
INFO:root:GLYATL2
INFO:root:GLYATL3
INFO:root:GLYCTK
INFO:root:GLYR1
INFO:root:GM2A
INFO:root:GMCL1
INFO:root:GMDS
INFO:root:GMEB1
INFO:root:GMEB2
INFO:root:GMFB
INFO:root:GMFG
INFO:root:GMIP
INFO:root:GML
INFO:root:GMNC
INFO:root:GMNN
INFO:root:GMPPA
INFO:root:GMPPB
INFO:root:GMPR
INFO:root:GMPR2
INFO:root:GMPS
INFO:root:GNA11
INFO:root:GNA12
INFO:root:GNA13
INFO:root:GNA14
INFO:root:GNA15
INFO:root:GNAI1
INFO:root:GNAI2
INFO:root:GNAI3
INFO:root:GNAL
INFO:root:GNAO1
INFO:root:GNAQ
INFO:root:GNAS
INFO:root:GNAT1
INFO:root:GNAT2
INFO:root:GNAT3
INFO:root:GNAZ
INFO:root:GNB1
INFO:root:GNB1L
INFO:root:GNB2
INFO:root:GNB3
INFO:root:GNB4
INFO:root:GNB5
INFO:root:GNE
INFO:root:GNG10
INFO:root:GNG11
INFO:root:GNG12
INFO:root:GNG13
INFO:root:GNG2
INFO:root:GNG3
INFO:root:GNG4
INFO:root:GNG5
INFO:root:GNG7
INFO:root:GNG8
INFO:root:GNGT1
INFO:root:GNGT2
INFO:root:GNL1
INFO:root:GNL2
INFO:root:GNL3
INFO:root:GNL3L
INFO:root:GNLY
INFO:root:GNMT
INFO:root:GNPAT
INFO:root:GNPDA1
INFO:root:GNPDA2
INFO:root:GNPNAT1
INFO:root:GNPTAB
INFO:root:GNPTG
INFO:root:GNRH1
INFO:root:GNRH2
INFO:root:GNRHR
INFO:root:GNS
INFO:root:GOLGA1
INFO:root:GOLGA2
INFO:root:GOLGA3
INFO:root:GOLGA4
INFO:root:GOLGA5
INFO:root:GOLGA6A
INFO:root:GOLGA6B
INFO:root:GOLGA6C
INFO:root:GOLGA6D
INFO:root:GOLGA6L1
INFO:root:GOLGA6L10
INFO:root:GOLGA6L2
INFO:root:GOLGA6L4
INFO:root:GOLGA6L6
INFO:root:GOLGA6L9
INFO:root:GOLGA7
INFO:root:GOLGA7B
INFO:root:GOLGA8A
INFO:root:GOLGA8B
INFO:root:GOLGA8F
INFO:root:GOLGA8G
INFO:root:GOLGA8H
INFO:root:GOLGA8J
INFO:root:GOLGA8K
INFO:root:GOLGA8M
INFO:root:GOLGA8N
INFO:root:GOLGA8O
INFO:root:GOLGA8Q
INFO:root:GOLGA8R
INFO:root:GOLGA8S
INFO:root:GOLGA8T
INFO:root:GOLGB1
INFO:root:GOLIM4
INFO:root:GOLM1
INFO:root:GOLPH3
INFO:root:GOLPH3L
INFO:root:GOLT1A
INFO:root:GOLT1B
INFO:root:GON4L
INFO:root:GON7
INFO:root:GOPC
INFO:root:GORAB
INFO:root:GORASP1
INFO:root:GORASP2
INFO:root:GOSR1
INFO:root:GOSR2
INFO:root:GOT1
INFO:root:GOT1L1
INFO:root:GOT2
INFO:root:GP1BA
INFO:root:GP1BB
INFO:root:GP2
INFO:root:GP5
INFO:root:GP6
INFO:root:GP9
INFO:root:GPA33
INFO:root:GPAA1
INFO:root:GPALPP1
INFO:root:GPAM
INFO:root:GPANK1
INFO:root:GPAT2
INFO:root:GPAT3
INFO:root:GPAT4
INFO:root:GPATCH1
INFO:root:GPATCH11
INFO:root:GPATCH2
INFO:root:GPATCH2L
INFO:root:GPATCH3
INFO:root:GPATCH4
INFO:root:GPATCH8
INFO:root:GPBAR1
INFO:root:GPBP1
INFO:root:GPBP1L1
INFO:root:GPC1
INFO:root:GPC2
INFO:root:GPC3
INFO:root:GPC4
INFO:root:GPC5
INFO:root:GPC6
INFO:root:GPCPD1
INFO:root:GPD1
INFO:root:GPD1L
INFO:root:GPD2
INFO:root:GPER1
INFO:root:GPHA2
INFO:root:GPHN
INFO:root:GPI
INFO:root:GPIHBP1
INFO:root:GPKOW
INFO:root:GPLD1
INFO:root:GPM6A
INFO:root:GPM6B
INFO:root:GPN1
INFO:root:GPN2
INFO:root:GPN3
INFO:root:GPNMB
INFO:root:GPR1
INFO:root:GPR101
INFO:root:GPR107
INFO:root:GPR108
INFO:root:GPR119
INFO:root:GPR12
INFO:root:GPR132
INFO:root:GPR135
INFO:root:GPR137
INFO:root:GPR137B
INFO:root:GPR137C
INFO:root:GPR139
INFO:root:GPR141
INFO:root:GPR142
INFO:root:GPR143
INFO:root:GPR146
INFO:root:GPR148
INFO:root:GPR149
INFO:root:GPR15
INFO:root:GPR150
INFO:root:GPR151
INFO:root:GPR152
INFO:root:GPR153
INFO:root:GPR155
INFO:root:GPR156
INFO:root:GPR157
INFO:root:GPR158
INFO:root:GPR160
INFO:root:GPR161
INFO:root:GPR162
INFO:root:GPR17
INFO:root:GPR171
INFO:root:GPR173
INFO:root:GPR174
INFO:root:GPR176
INFO:root:GPR179
INFO:root:GPR18
INFO:root:GPR180
INFO:root:GPR182
INFO:root:GPR183
INFO:root:GPR19
INFO:root:GPR20
INFO:root:GPR21
INFO:root:GPR22
INFO:root:GPR25
INFO:root:GPR26
INFO:root:GPR27
INFO:root:GPR3
INFO:root:GPR31
INFO:root:GPR32
INFO:root:GPR33
INFO:root:GPR34
INFO:root:GPR35
INFO:root:GPR37
INFO:root:GPR37L1
INFO:root:GPR39
INFO:root:GPR4
INFO:root:GPR42
INFO:root:GPR45
INFO:root:GPR50
INFO:root:GPR52
INFO:root:GPR55
INFO:root:GPR6
INFO:root:GPR61
INFO:root:GPR62
INFO:root:GPR63
INFO:root:GPR65
INFO:root:GPR68
INFO:root:GPR75
INFO:root:GPR78
INFO:root:GPR82
INFO:root:GPR83
INFO:root:GPR84
INFO:root:GPR85
INFO:root:GPR87
INFO:root:GPR88
INFO:root:GPR89A
INFO:root:GPR89B
INFO:root:GPRASP1
INFO:root:GPRASP2
INFO:root:GPRC5A
INFO:root:GPRC5B
INFO:root:GPRC5C
INFO:root:GPRC5D
INFO:root:GPRC6A
INFO:root:GPRIN1
INFO:root:GPRIN2
INFO:root:GPRIN3
INFO:root:GPS1
INFO:root:GPS2
INFO:root:GPSM1
INFO:root:GPSM2
INFO:root:GPSM3
INFO:root:GPT
INFO:root:GPT2
INFO:root:GPX1
INFO:root:GPX2
INFO:root:GPX3
INFO:root:GPX4
INFO:root:GPX5
INFO:root:GPX6
INFO:root:GPX7
INFO:root:GPX8
INFO:root:GRAMD1A
INFO:root:GRAMD1B
INFO:root:GRAMD1C
INFO:root:GRAMD2A
INFO:root:GRAMD2B
INFO:root:GRAMD4
INFO:root:GRAP
INFO:root:GRAP2
INFO:root:GRAPL
INFO:root:GRASP
INFO:root:GRB10
INFO:root:GRB14
INFO:root:GRB2
INFO:root:GRB7
INFO:root:GREB1
INFO:root:GREB1L
INFO:root:GREM1
INFO:root:GREM2
INFO:root:GRHL1
INFO:root:GRHL2
INFO:root:GRHL3
INFO:root:GRHPR
INFO:root:GRIA1
INFO:root:GRIA2
INFO:root:GRIA3
INFO:root:GRIA4
INFO:root:GRID1
INFO:root:GRID2
INFO:root:GRID2IP
INFO:root:GRIK1
INFO:root:GRIK2
INFO:root:GRIK3
INFO:root:GRIK4
INFO:root:GRIK5
INFO:root:GRIN1
INFO:root:GRIN2A
INFO:root:GRIN2B
INFO:root:GRIN2C
INFO:root:GRIN2D
INFO:root:GRIN3A
INFO:root:GRIN3B
INFO:root:GRINA
INFO:root:GRIP1
INFO:root:GRIPAP1
INFO:root:GRK1
INFO:root:GRK2
INFO:root:GRK3
INFO:root:GRK4
INFO:root:GRK5
INFO:root:GRK6
INFO:root:GRK7
INFO:root:GRM1
INFO:root:GRM2
INFO:root:GRM3
INFO:root:GRM4
INFO:root:GRM5
INFO:root:GRM6
INFO:root:GRM7
INFO:root:GRM8
INFO:root:GRN
INFO:root:GRP
INFO:root:GRPEL1
INFO:root:GRPEL2
INFO:root:GRPR
INFO:root:GRSF1
INFO:root:GRTP1
INFO:root:GRWD1
INFO:root:GRXCR1
INFO:root:GRXCR2
INFO:root:GSAP
INFO:root:GSC
INFO:root:GSC2
INFO:root:GSDMA
INFO:root:GSDMB
INFO:root:GSDMC
INFO:root:GSDMD
INFO:root:GSDME
INFO:root:GSE1
INFO:root:GSG1
INFO:root:GSG1L
INFO:root:GSK3A
INFO:root:GSK3B
INFO:root:GSKIP
INFO:root:GSN
INFO:root:GSPT1
INFO:root:GSPT2
INFO:root:GSR
INFO:root:GSS
INFO:root:GSTA1
INFO:root:GSTA2
INFO:root:GSTA3
INFO:root:GSTA4
INFO:root:GSTA5
INFO:root:GSTCD
INFO:root:GSTK1
INFO:root:GSTM1
INFO:root:GSTM2
INFO:root:GSTM3
INFO:root:GSTM4
INFO:root:GSTM5
INFO:root:GSTO1
INFO:root:GSTO2
INFO:root:GSTP1
INFO:root:GSTT2
INFO:root:GSTT2B
INFO:root:GSTZ1
INFO:root:GSX1
INFO:root:GSX2
INFO:root:GTDC1
INFO:root:GTF2A1
INFO:root:GTF2A1L
INFO:root:GTF2A2
INFO:root:GTF2B
INFO:root:GTF2E1
INFO:root:GTF2E2
INFO:root:GTF2F1
INFO:root:GTF2F2
INFO:root:GTF2H1
INFO:root:GTF2H2
INFO:root:GTF2H2C
INFO:root:GTF2H3
INFO:root:GTF2H4
INFO:root:GTF2H5
INFO:root:GTF2I
INFO:root:GTF2IRD1
INFO:root:GTF2IRD2
INFO:root:GTF2IRD2B
INFO:root:GTF3A
INFO:root:GTF3C1
INFO:root:GTF3C2
INFO:root:GTF3C3
INFO:root:GTF3C4
INFO:root:GTF3C5
INFO:root:GTF3C6
INFO:root:GTPBP1
INFO:root:GTPBP10
INFO:root:GTPBP2
INFO:root:GTPBP3
INFO:root:GTPBP4
INFO:root:GTPBP6
INFO:root:GTPBP8
INFO:root:GTSE1
INFO:root:GTSF1
INFO:root:GTSF1L
INFO:root:GUCA1A
INFO:root:GUCA1B
INFO:root:GUCA1C
INFO:root:GUCA2A
INFO:root:GUCA2B
INFO:root:GUCD1
INFO:root:GUCY1A1
INFO:root:GUCY1A2
INFO:root:GUCY1B1
INFO:root:GUCY2C
INFO:root:GUCY2D
INFO:root:GUCY2F
INFO:root:GUF1
INFO:root:GUK1
INFO:root:GULP1
INFO:root:GUSB
INFO:root:GVQW1
INFO:root:GXYLT1
INFO:root:GXYLT2
INFO:root:GYG1
INFO:root:GYG2
INFO:root:GYPA
INFO:root:GYPB
INFO:root:GYPC
INFO:root:GYPE
INFO:root:GYS1
INFO:root:GYS2
INFO:root:GZF1
INFO:root:GZMA
INFO:root:GZMB
INFO:root:GZMH
INFO:root:GZMK
INFO:root:GZMM
INFO:root:H1F0
INFO:root:H1FNT
INFO:root:H1FOO
INFO:root:H1FX
INFO:root:H2AFB1
INFO:root:H2AFB2
INFO:root:H2AFB3
INFO:root:H2AFJ
INFO:root:H2AFV
INFO:root:H2AFX
INFO:root:H2AFY
INFO:root:H2AFY2
INFO:root:H2AFZ
INFO:root:H2BFM
INFO:root:H2BFWT
INFO:root:H3F3A
INFO:root:H3F3B
INFO:root:H3F3C
INFO:root:H6PD
INFO:root:HAAO
INFO:root:HABP2
INFO:root:HABP4
INFO:root:HACD1
INFO:root:HACD2
INFO:root:HACD3
INFO:root:HACD4
INFO:root:HACE1
INFO:root:HACL1
INFO:root:HADH
INFO:root:HADHA
INFO:root:HADHB
INFO:root:HAGH
INFO:root:HAGHL
INFO:root:HAL
INFO:root:HAMP
INFO:root:HAND1
INFO:root:HAND2
INFO:root:HAO1
INFO:root:HAO2
INFO:root:HAP1
INFO:root:HAPLN1
INFO:root:HAPLN2
INFO:root:HAPLN3
INFO:root:HAPLN4
INFO:root:HARBI1
INFO:root:HARS
INFO:root:HARS2
INFO:root:HAS1
INFO:root:HAS2
INFO:root:HAS3
INFO:root:HASPIN
INFO:root:HAT1
INFO:root:HAUS1
INFO:root:HAUS2
INFO:root:HAUS3
INFO:root:HAUS4
INFO:root:HAUS5
INFO:root:HAUS6
INFO:root:HAUS7
INFO:root:HAUS8
INFO:root:HAVCR1
INFO:root:HAVCR2
INFO:root:HAX1
INFO:root:HBA1
INFO:root:HBA2
INFO:root:HBB
INFO:root:HBD
INFO:root:HBE1
INFO:root:HBEGF
INFO:root:HBG1
INFO:root:HBG2
INFO:root:HBM
INFO:root:HBP1
INFO:root:HBQ1
INFO:root:HBS1L
INFO:root:HBZ
INFO:root:HCAR1
INFO:root:HCAR2
INFO:root:HCAR3
INFO:root:HCCS
INFO:root:HCFC1
INFO:root:HCFC1R1
INFO:root:HCFC2
INFO:root:HCK
INFO:root:HCLS1
INFO:root:HCN1
INFO:root:HCN2
INFO:root:HCN3
INFO:root:HCN4
INFO:root:HCRT
INFO:root:HCRTR1
INFO:root:HCRTR2
INFO:root:HCST
INFO:root:HDAC1
INFO:root:HDAC10
INFO:root:HDAC11
INFO:root:HDAC2
INFO:root:HDAC3
INFO:root:HDAC4
INFO:root:HDAC5
INFO:root:HDAC6
INFO:root:HDAC7
INFO:root:HDAC8
INFO:root:HDAC9
INFO:root:HDC
INFO:root:HDDC2
INFO:root:HDDC3
INFO:root:HDGF
INFO:root:HDGFL1
INFO:root:HDHD2
INFO:root:HDHD3
INFO:root:HDHD5
INFO:root:HDLBP
INFO:root:HDX
INFO:root:HEATR1
INFO:root:HEATR3
INFO:root:HEATR4
INFO:root:HEATR5A
INFO:root:HEATR5B
INFO:root:HEATR6
INFO:root:HEATR9
INFO:root:HEBP1
INFO:root:HEBP2
INFO:root:HECA
INFO:root:HECTD1
INFO:root:HECTD2
INFO:root:HECTD3
INFO:root:HECTD4
INFO:root:HECW1
INFO:root:HECW2
INFO:root:HEG1
INFO:root:HELB
INFO:root:HELLS
INFO:root:HELQ
INFO:root:HELT
INFO:root:HELZ
INFO:root:HELZ2
INFO:root:HEMGN
INFO:root:HEMK1
INFO:root:HENMT1
INFO:root:HEPACAM
INFO:root:HEPACAM2
INFO:root:HEPH
INFO:root:HEPHL1
INFO:root:HEPN1
INFO:root:HERC1
INFO:root:HERC2
INFO:root:HERC3
INFO:root:HERC4
INFO:root:HERC5
INFO:root:HERC6
INFO:root:HERPUD1
INFO:root:HERPUD2
INFO:root:HES1
INFO:root:HES2
INFO:root:HES3
INFO:root:HES4
INFO:root:HES5
INFO:root:HES6
INFO:root:HES7
INFO:root:HESX1
INFO:root:HEXA
INFO:root:HEXB
INFO:root:HEXDC
INFO:root:HEXIM1
INFO:root:HEXIM2
INFO:root:HEY1
INFO:root:HEY2
INFO:root:HEYL
INFO:root:HFE
INFO:root:HFM1
INFO:root:HGD
INFO:root:HGF
INFO:root:HGFAC
INFO:root:HGH1
INFO:root:HGS
INFO:root:HGSNAT
INFO:root:HHAT
INFO:root:HHATL
INFO:root:HHEX
INFO:root:HHIP
INFO:root:HHIPL1
INFO:root:HHIPL2
INFO:root:HHLA1
INFO:root:HHLA2
INFO:root:HHLA3
INFO:root:HIBADH
INFO:root:HIBCH
INFO:root:HIC1
INFO:root:HIC2
INFO:root:HID1
INFO:root:HIF1A
INFO:root:HIF1AN
INFO:root:HIF3A
INFO:root:HIGD1A
INFO:root:HIGD1B
INFO:root:HIGD1C
INFO:root:HIGD2A
INFO:root:HIGD2B
INFO:root:HIKESHI
INFO:root:HILPDA
INFO:root:HINFP
INFO:root:HINT1
INFO:root:HINT2
INFO:root:HINT3
INFO:root:HIP1
INFO:root:HIP1R
INFO:root:HIPK1
INFO:root:HIPK2
INFO:root:HIPK3
INFO:root:HIPK4
INFO:root:HIRA
INFO:root:HIRIP3
INFO:root:HIST1H1A
INFO:root:HIST1H1B
INFO:root:HIST1H1C
INFO:root:HIST1H1D
INFO:root:HIST1H1E
INFO:root:HIST1H1T
INFO:root:HIST1H2AA
INFO:root:HIST1H2AB
INFO:root:HIST1H2AC
INFO:root:HIST1H2AD
INFO:root:HIST1H2AE
INFO:root:HIST1H2AG
INFO:root:HIST1H2AH
INFO:root:HIST1H2AI
INFO:root:HIST1H2AJ
INFO:root:HIST1H2AK
INFO:root:HIST1H2AL
INFO:root:HIST1H2AM
INFO:root:HIST1H2BA
INFO:root:HIST1H2BB
INFO:root:HIST1H2BC
INFO:root:HIST1H2BD
INFO:root:HIST1H2BE
INFO:root:HIST1H2BF
INFO:root:HIST1H2BG
INFO:root:HIST1H2BH
INFO:root:HIST1H2BI
INFO:root:HIST1H2BJ
INFO:root:HIST1H2BK
INFO:root:HIST1H2BL
INFO:root:HIST1H2BM
INFO:root:HIST1H2BN
INFO:root:HIST1H2BO
INFO:root:HIST1H3A
INFO:root:HIST1H3B
INFO:root:HIST1H3C
INFO:root:HIST1H3D
INFO:root:HIST1H3E
INFO:root:HIST1H3F
INFO:root:HIST1H3G
INFO:root:HIST1H3H
INFO:root:HIST1H3I
INFO:root:HIST1H3J
INFO:root:HIST1H4A
INFO:root:HIST1H4B
INFO:root:HIST1H4C
INFO:root:HIST1H4D
INFO:root:HIST1H4E
INFO:root:HIST1H4F
INFO:root:HIST1H4G
INFO:root:HIST1H4H
INFO:root:HIST1H4I
INFO:root:HIST1H4J
INFO:root:HIST1H4K
INFO:root:HIST1H4L
INFO:root:HIST2H2AA3
INFO:root:HIST2H2AA4
INFO:root:HIST2H2AB
INFO:root:HIST2H2AC
INFO:root:HIST2H2BE
INFO:root:HIST2H2BF
INFO:root:HIST2H3A
INFO:root:HIST2H3C
INFO:root:HIST2H3D
INFO:root:HIST2H4A
INFO:root:HIST2H4B
INFO:root:HIST3H2A
INFO:root:HIST3H2BB
INFO:root:HIST3H3
INFO:root:HIST4H4
INFO:root:HIVEP1
INFO:root:HIVEP2
INFO:root:HIVEP3
INFO:root:HJURP
INFO:root:HJV
INFO:root:HK1
INFO:root:HK2
INFO:root:HK3
INFO:root:HKDC1
INFO:root:HKR1
INFO:root:HLA-A
INFO:root:HLA-B
INFO:root:HLA-C
INFO:root:HLA-DMA
INFO:root:HLA-DMB
INFO:root:HLA-DOA
INFO:root:HLA-DOB
INFO:root:HLA-DPA1
INFO:root:HLA-DPB1
INFO:root:HLA-DQA1
INFO:root:HLA-DQA2
INFO:root:HLA-DQB1
INFO:root:HLA-DQB2
INFO:root:HLA-DRA
INFO:root:HLA-DRB1
INFO:root:HLA-DRB5
INFO:root:HLA-E
INFO:root:HLA-F
INFO:root:HLA-G
INFO:root:HLCS
INFO:root:HLF
INFO:root:HLTF
INFO:root:HLX
INFO:root:HM13
INFO:root:HMBOX1
INFO:root:HMBS
INFO:root:HMCES
INFO:root:HMCN1
INFO:root:HMCN2
INFO:root:HMG20A
INFO:root:HMG20B
INFO:root:HMGA1
INFO:root:HMGA2
INFO:root:HMGB1
INFO:root:HMGB2
INFO:root:HMGB3
INFO:root:HMGB4
INFO:root:HMGCL
INFO:root:HMGCLL1
INFO:root:HMGCR
INFO:root:HMGCS1
INFO:root:HMGCS2
INFO:root:HMGN1
INFO:root:HMGN2
INFO:root:HMGN3
INFO:root:HMGN4
INFO:root:HMGN5
INFO:root:HMGXB3
INFO:root:HMGXB4
INFO:root:HMHB1
INFO:root:HMMR
INFO:root:HMOX1
INFO:root:HMOX2
INFO:root:HMSD
INFO:root:HMX1
INFO:root:HMX2
INFO:root:HMX3
INFO:root:HNF1A
INFO:root:HNF1B
INFO:root:HNF4A
INFO:root:HNF4G
INFO:root:HNMT
INFO:root:HNRNPA0
INFO:root:HNRNPA1
INFO:root:HNRNPA1L2
INFO:root:HNRNPA2B1
INFO:root:HNRNPA3
INFO:root:HNRNPAB
INFO:root:HNRNPC
INFO:root:HNRNPCL1
INFO:root:HNRNPD
INFO:root:HNRNPDL
INFO:root:HNRNPF
INFO:root:HNRNPH1
INFO:root:HNRNPH2
INFO:root:HNRNPH3
INFO:root:HNRNPK
INFO:root:HNRNPL
INFO:root:HNRNPLL
INFO:root:HNRNPM
INFO:root:HNRNPR
INFO:root:HNRNPU
INFO:root:HNRNPUL1
INFO:root:HNRNPUL2
INFO:root:HOGA1
INFO:root:HOMER1
INFO:root:HOMER2
INFO:root:HOMER3
INFO:root:HOMEZ
INFO:root:HOOK1
INFO:root:HOOK2
INFO:root:HOOK3
INFO:root:HOPX
INFO:root:HORMAD1
INFO:root:HORMAD2
INFO:root:HOXA1
INFO:root:HOXA10
INFO:root:HOXA11
INFO:root:HOXA13
INFO:root:HOXA2
INFO:root:HOXA3
INFO:root:HOXA4
INFO:root:HOXA5
INFO:root:HOXA6
INFO:root:HOXA7
INFO:root:HOXA9
INFO:root:HOXB1
INFO:root:HOXB13
INFO:root:HOXB2
INFO:root:HOXB3
INFO:root:HOXB4
INFO:root:HOXB5
INFO:root:HOXB6
INFO:root:HOXB7
INFO:root:HOXB8
INFO:root:HOXB9
INFO:root:HOXC10
INFO:root:HOXC11
INFO:root:HOXC12
INFO:root:HOXC13
INFO:root:HOXC4
INFO:root:HOXC5
INFO:root:HOXC6
INFO:root:HOXC8
INFO:root:HOXC9
INFO:root:HOXD1
INFO:root:HOXD10
INFO:root:HOXD11
INFO:root:HOXD12
INFO:root:HOXD13
INFO:root:HOXD3
INFO:root:HOXD4
INFO:root:HOXD8
INFO:root:HOXD9
INFO:root:HP
INFO:root:HP1BP3
INFO:root:HPCA
INFO:root:HPCAL1
INFO:root:HPCAL4
INFO:root:HPD
INFO:root:HPDL
INFO:root:HPF1
INFO:root:HPGD
INFO:root:HPGDS
INFO:root:HPN
INFO:root:HPR
INFO:root:HPRT1
INFO:root:HPS1
INFO:root:HPS3
INFO:root:HPS4
INFO:root:HPS5
INFO:root:HPS6
INFO:root:HPSE
INFO:root:HPSE2
INFO:root:HPX
INFO:root:HR
INFO:root:HRAS
INFO:root:HRASLS
INFO:root:HRASLS2
INFO:root:HRASLS5
INFO:root:HRC
INFO:root:HRCT1
INFO:root:HRG
INFO:root:HRH1
INFO:root:HRH2
INFO:root:HRH3
INFO:root:HRH4
INFO:root:HRK
INFO:root:HRNR
INFO:root:HS1BP3
INFO:root:HS2ST1
INFO:root:HS3ST1
INFO:root:HS3ST2
INFO:root:HS3ST3A1
INFO:root:HS3ST3B1
INFO:root:HS3ST4
INFO:root:HS3ST5
INFO:root:HS3ST6
INFO:root:HS6ST1
INFO:root:HS6ST2
INFO:root:HS6ST3
INFO:root:HSBP1
INFO:root:HSBP1L1
INFO:root:HSCB
INFO:root:HSD11B1
INFO:root:HSD11B1L
INFO:root:HSD11B2
INFO:root:HSD17B1
INFO:root:HSD17B10
INFO:root:HSD17B11
INFO:root:HSD17B12
INFO:root:HSD17B13
INFO:root:HSD17B14
INFO:root:HSD17B2
INFO:root:HSD17B3
INFO:root:HSD17B4
INFO:root:HSD17B6
INFO:root:HSD17B7
INFO:root:HSD17B8
INFO:root:HSD3B1
INFO:root:HSD3B2
INFO:root:HSD3B7
INFO:root:HSDL1
INFO:root:HSDL2
INFO:root:HSF1
INFO:root:HSF2
INFO:root:HSF2BP
INFO:root:HSF4
INFO:root:HSF5
INFO:root:HSFX1
INFO:root:HSFX2
INFO:root:HSH2D
INFO:root:HSP90AA1
INFO:root:HSP90AB1
INFO:root:HSP90B1
INFO:root:HSPA12A
INFO:root:HSPA12B
INFO:root:HSPA13
INFO:root:HSPA14
INFO:root:HSPA1A
INFO:root:HSPA1B
INFO:root:HSPA1L
INFO:root:HSPA2
INFO:root:HSPA4
INFO:root:HSPA4L
INFO:root:HSPA5
INFO:root:HSPA6
INFO:root:HSPA8
INFO:root:HSPA9
INFO:root:HSPB1
INFO:root:HSPB11
INFO:root:HSPB2
INFO:root:HSPB3
INFO:root:HSPB6
INFO:root:HSPB7
INFO:root:HSPB8
INFO:root:HSPB9
INFO:root:HSPBAP1
INFO:root:HSPBP1
INFO:root:HSPD1
INFO:root:HSPE1
INFO:root:HSPG2
INFO:root:HSPH1
INFO:root:HTATIP2
INFO:root:HTATSF1
INFO:root:HTN1
INFO:root:HTN3
INFO:root:HTR1A
INFO:root:HTR1B
INFO:root:HTR1D
INFO:root:HTR1E
INFO:root:HTR1F
INFO:root:HTR2A
INFO:root:HTR2B
INFO:root:HTR2C
INFO:root:HTR3A
INFO:root:HTR3B
INFO:root:HTR3C
INFO:root:HTR3D
INFO:root:HTR3E
INFO:root:HTR4
INFO:root:HTR5A
INFO:root:HTR6
INFO:root:HTR7
INFO:root:HTRA1
INFO:root:HTRA2
INFO:root:HTRA3
INFO:root:HTRA4
INFO:root:HTT
INFO:root:HUNK
INFO:root:HUS1
INFO:root:HUS1B
INFO:root:HUWE1
INFO:root:HVCN1
INFO:root:HYAL1
INFO:root:HYAL2
INFO:root:HYAL3
INFO:root:HYAL4
INFO:root:HYDIN
INFO:root:HYI
INFO:root:HYKK
INFO:root:HYLS1
INFO:root:HYOU1
INFO:root:HYPK
INFO:root:HYPM
INFO:root:IAH1
INFO:root:IAPP
INFO:root:IARS
INFO:root:IARS2
INFO:root:IBA57
INFO:root:IBSP
INFO:root:IBTK
INFO:root:ICA1
INFO:root:ICA1L
INFO:root:ICAM1
INFO:root:ICAM2
INFO:root:ICAM3
INFO:root:ICAM4
INFO:root:ICAM5
INFO:root:ICE1
INFO:root:ICE2
INFO:root:ICK
INFO:root:ICMT
INFO:root:ICOS
INFO:root:ICOSLG
INFO:root:ID1
INFO:root:ID2
INFO:root:ID3
INFO:root:ID4
INFO:root:IDE
INFO:root:IDH1
INFO:root:IDH2
INFO:root:IDH3A
INFO:root:IDH3B
INFO:root:IDH3G
INFO:root:IDI1
INFO:root:IDI2
INFO:root:IDNK
INFO:root:IDO1
INFO:root:IDO2
INFO:root:IDS
INFO:root:IDUA
INFO:root:IER2
INFO:root:IER3
INFO:root:IER3IP1
INFO:root:IER5
INFO:root:IER5L
INFO:root:IFFO1
INFO:root:IFFO2
INFO:root:IFI16
INFO:root:IFI27
INFO:root:IFI27L1
INFO:root:IFI27L2
INFO:root:IFI30
INFO:root:IFI35
INFO:root:IFI44
INFO:root:IFI44L
INFO:root:IFI6
INFO:root:IFIH1
INFO:root:IFIT1
INFO:root:IFIT1B
INFO:root:IFIT2
INFO:root:IFIT3
INFO:root:IFIT5
INFO:root:IFITM1
INFO:root:IFITM10
INFO:root:IFITM2
INFO:root:IFITM3
INFO:root:IFITM5
INFO:root:IFNA1
INFO:root:IFNA10
INFO:root:IFNA13
INFO:root:IFNA14
INFO:root:IFNA16
INFO:root:IFNA17
INFO:root:IFNA2
INFO:root:IFNA21
INFO:root:IFNA4
INFO:root:IFNA5
INFO:root:IFNA6
INFO:root:IFNA7
INFO:root:IFNA8
INFO:root:IFNAR1
INFO:root:IFNAR2
INFO:root:IFNB1
INFO:root:IFNE
INFO:root:IFNG
INFO:root:IFNGR1
INFO:root:IFNGR2
INFO:root:IFNK
INFO:root:IFNL1
INFO:root:IFNL2
INFO:root:IFNL3
INFO:root:IFNL4
INFO:root:IFNLR1
INFO:root:IFNW1
INFO:root:IFRD1
INFO:root:IFRD2
INFO:root:IFT122
INFO:root:IFT140
INFO:root:IFT172
INFO:root:IFT20
INFO:root:IFT22
INFO:root:IFT27
INFO:root:IFT43
INFO:root:IFT46
INFO:root:IFT52
INFO:root:IFT57
INFO:root:IFT74
INFO:root:IFT80
INFO:root:IFT81
INFO:root:IFT88
INFO:root:IGBP1
INFO:root:IGDCC3
INFO:root:IGDCC4
INFO:root:IGF1
INFO:root:IGF1R
INFO:root:IGF2
INFO:root:IGF2BP1
INFO:root:IGF2BP2
INFO:root:IGF2BP3
INFO:root:IGF2R
INFO:root:IGFALS
INFO:root:IGFBP1
INFO:root:IGFBP2
INFO:root:IGFBP3
INFO:root:IGFBP4
INFO:root:IGFBP5
INFO:root:IGFBP6
INFO:root:IGFBP7
INFO:root:IGFBPL1
INFO:root:IGFL1
INFO:root:IGFL2
INFO:root:IGFL3
INFO:root:IGFL4
INFO:root:IGFLR1
INFO:root:IGFN1
INFO:root:IGHMBP2
INFO:root:IGIP
INFO:root:IGLL1
INFO:root:IGLL5
INFO:root:IGLON5
INFO:root:IGSF1
INFO:root:IGSF10
INFO:root:IGSF11
INFO:root:IGSF21
INFO:root:IGSF22
INFO:root:IGSF23
INFO:root:IGSF3
INFO:root:IGSF5
INFO:root:IGSF6
INFO:root:IGSF8
INFO:root:IGSF9
INFO:root:IGSF9B
INFO:root:IHH
INFO:root:IK
INFO:root:IKBIP
INFO:root:IKBKB
INFO:root:IKBKE
INFO:root:IKBKG
INFO:root:IKZF1
INFO:root:IKZF2
INFO:root:IKZF3
INFO:root:IKZF4
INFO:root:IKZF5
INFO:root:IL10
INFO:root:IL10RA
INFO:root:IL10RB
INFO:root:IL11
INFO:root:IL11RA
INFO:root:IL12A
INFO:root:IL12B
INFO:root:IL12RB1
INFO:root:IL12RB2
INFO:root:IL13
INFO:root:IL13RA1
INFO:root:IL13RA2
INFO:root:IL15
INFO:root:IL15RA
INFO:root:IL16
INFO:root:IL17A
INFO:root:IL17B
INFO:root:IL17C
INFO:root:IL17D
INFO:root:IL17F
INFO:root:IL17RA
INFO:root:IL17RB
INFO:root:IL17RC
INFO:root:IL17RD
INFO:root:IL17RE
INFO:root:IL17REL
INFO:root:IL18
INFO:root:IL18BP
INFO:root:IL18R1
INFO:root:IL18RAP
INFO:root:IL19
INFO:root:IL1A
INFO:root:IL1B
INFO:root:IL1F10
INFO:root:IL1R1
INFO:root:IL1R2
INFO:root:IL1RAP
INFO:root:IL1RAPL1
INFO:root:IL1RAPL2
INFO:root:IL1RL1
INFO:root:IL1RL2
INFO:root:IL1RN
INFO:root:IL2
INFO:root:IL20
INFO:root:IL20RA
INFO:root:IL20RB
INFO:root:IL21
INFO:root:IL21R
INFO:root:IL22
INFO:root:IL22RA1
INFO:root:IL22RA2
INFO:root:IL23A
INFO:root:IL23R
INFO:root:IL24
INFO:root:IL25
INFO:root:IL26
INFO:root:IL27
INFO:root:IL27RA
INFO:root:IL2RA
INFO:root:IL2RB
INFO:root:IL2RG
INFO:root:IL3
INFO:root:IL31
INFO:root:IL31RA
INFO:root:IL32
INFO:root:IL33
INFO:root:IL34
INFO:root:IL36A
INFO:root:IL36B
INFO:root:IL36G
INFO:root:IL36RN
INFO:root:IL37
INFO:root:IL3RA
INFO:root:IL4
INFO:root:IL4I1
INFO:root:IL4R
INFO:root:IL5
INFO:root:IL5RA
INFO:root:IL6
INFO:root:IL6R
INFO:root:IL6ST
INFO:root:IL7
INFO:root:IL7R
INFO:root:IL9
INFO:root:IL9R
INFO:root:ILDR1
INFO:root:ILDR2
INFO:root:ILF2
INFO:root:ILF3
INFO:root:ILK
INFO:root:ILKAP
INFO:root:ILVBL
INFO:root:IMMP1L
INFO:root:IMMP2L
INFO:root:IMMT
INFO:root:IMP3
INFO:root:IMP4
INFO:root:IMPA1
INFO:root:IMPA2
INFO:root:IMPACT
INFO:root:IMPAD1
INFO:root:IMPDH1
INFO:root:IMPDH2
INFO:root:IMPG1
INFO:root:IMPG2
INFO:root:INA
INFO:root:INAFM1
INFO:root:INAVA
INFO:root:INCA1
INFO:root:INCENP
INFO:root:INF2
INFO:root:ING1
INFO:root:ING2
INFO:root:ING3
INFO:root:ING4
INFO:root:ING5
INFO:root:INHA
INFO:root:INHBA
INFO:root:INHBB
INFO:root:INHBC
INFO:root:INHBE
INFO:root:INIP
INFO:root:INKA1
INFO:root:INKA2
INFO:root:INMT
INFO:root:INO80
INFO:root:INO80B
INFO:root:INO80C
INFO:root:INO80D
INFO:root:INO80E
INFO:root:INPP1
INFO:root:INPP4A
INFO:root:INPP4B
INFO:root:INPP5A
INFO:root:INPP5B
INFO:root:INPP5D
INFO:root:INPP5E
INFO:root:INPP5F
INFO:root:INPP5J
INFO:root:INPP5K
INFO:root:INPPL1
INFO:root:INS
INFO:root:INSC
INFO:root:INSIG1
INFO:root:INSIG2
INFO:root:INSL3
INFO:root:INSL4
INFO:root:INSL5
INFO:root:INSL6
INFO:root:INSM1
INFO:root:INSM2
INFO:root:INSR
INFO:root:INSRR
INFO:root:INTS1
INFO:root:INTS10
INFO:root:INTS11
INFO:root:INTS12
INFO:root:INTS13
INFO:root:INTS14
INFO:root:INTS2
INFO:root:INTS3
INFO:root:INTS4
INFO:root:INTS5
INFO:root:INTS6
INFO:root:INTS6L
INFO:root:INTS7
INFO:root:INTS8
INFO:root:INTS9
INFO:root:INTU
INFO:root:INVS
INFO:root:IP6K1
INFO:root:IP6K2
INFO:root:IP6K3
INFO:root:IPCEF1
INFO:root:IPMK
INFO:root:IPO11
INFO:root:IPO13
INFO:root:IPO4
INFO:root:IPO5
INFO:root:IPO7
INFO:root:IPO8
INFO:root:IPO9
INFO:root:IPP
INFO:root:IPPK
INFO:root:IQCA1
INFO:root:IQCB1
INFO:root:IQCC
INFO:root:IQCD
INFO:root:IQCE
INFO:root:IQCF1
INFO:root:IQCF2
INFO:root:IQCF3
INFO:root:IQCF5
INFO:root:IQCF6
INFO:root:IQCG
INFO:root:IQCH
INFO:root:IQCJ
INFO:root:IQCK
INFO:root:IQCN
INFO:root:IQGAP1
INFO:root:IQGAP2
INFO:root:IQGAP3
INFO:root:IQSEC1
INFO:root:IQSEC2
INFO:root:IQSEC3
INFO:root:IQUB
INFO:root:IRAK1
INFO:root:IRAK1BP1
INFO:root:IRAK2
INFO:root:IRAK3
INFO:root:IRAK4
INFO:root:IREB2
INFO:root:IRF1
INFO:root:IRF2
INFO:root:IRF2BP1
INFO:root:IRF2BP2
INFO:root:IRF2BPL
INFO:root:IRF3
INFO:root:IRF4
INFO:root:IRF5
INFO:root:IRF6
INFO:root:IRF7
INFO:root:IRF8
INFO:root:IRF9
INFO:root:IRGC
INFO:root:IRGM
INFO:root:IRGQ
INFO:root:IRS1
INFO:root:IRS2
INFO:root:IRS4
INFO:root:IRX1
INFO:root:IRX2
INFO:root:IRX3
INFO:root:IRX4
INFO:root:IRX5
INFO:root:IRX6
INFO:root:ISCA1
INFO:root:ISCA2
INFO:root:ISCU
INFO:root:ISG15
INFO:root:ISG20
INFO:root:ISG20L2
INFO:root:ISL1
INFO:root:ISL2
INFO:root:ISLR
INFO:root:ISLR2
INFO:root:ISM1
INFO:root:ISM2
INFO:root:ISOC1
INFO:root:ISOC2
INFO:root:ISPD
INFO:root:IST1
INFO:root:ISX
INFO:root:ISY1
INFO:root:ISYNA1
INFO:root:ITCH
INFO:root:ITFG1
INFO:root:ITFG2
INFO:root:ITGA1
INFO:root:ITGA10
INFO:root:ITGA11
INFO:root:ITGA2
INFO:root:ITGA2B
INFO:root:ITGA3
INFO:root:ITGA4
INFO:root:ITGA5
INFO:root:ITGA6
INFO:root:ITGA7
INFO:root:ITGA8
INFO:root:ITGA9
INFO:root:ITGAD
INFO:root:ITGAE
INFO:root:ITGAL
INFO:root:ITGAM
INFO:root:ITGAV
INFO:root:ITGAX
INFO:root:ITGB1
INFO:root:ITGB1BP1
INFO:root:ITGB1BP2
INFO:root:ITGB2
INFO:root:ITGB3
INFO:root:ITGB3BP
INFO:root:ITGB4
INFO:root:ITGB5
INFO:root:ITGB6
INFO:root:ITGB7
INFO:root:ITGB8
INFO:root:ITGBL1
INFO:root:ITIH1
INFO:root:ITIH2
INFO:root:ITIH3
INFO:root:ITIH4
INFO:root:ITIH5
INFO:root:ITIH6
INFO:root:ITK
INFO:root:ITLN1
INFO:root:ITLN2
INFO:root:ITM2A
INFO:root:ITM2B
INFO:root:ITM2C
INFO:root:ITPA
INFO:root:ITPK1
INFO:root:ITPKA
INFO:root:ITPKB
INFO:root:ITPKC
INFO:root:ITPR1
INFO:root:ITPR2
INFO:root:ITPR3
INFO:root:ITPRIP
INFO:root:ITPRIPL1
INFO:root:ITPRIPL2
INFO:root:ITSN1
INFO:root:ITSN2
INFO:root:IVD
INFO:root:IVL
INFO:root:IVNS1ABP
INFO:root:IWS1
INFO:root:IYD
INFO:root:IZUMO1
INFO:root:IZUMO1R
INFO:root:IZUMO2
INFO:root:IZUMO3
INFO:root:IZUMO4
INFO:root:JADE1
INFO:root:JADE2
INFO:root:JADE3
INFO:root:JAG1
INFO:root:JAG2
INFO:root:JAGN1
INFO:root:JAK1
INFO:root:JAK2
INFO:root:JAK3
INFO:root:JAKMIP1
INFO:root:JAKMIP2
INFO:root:JAKMIP3
INFO:root:JAM2
INFO:root:JAM3
INFO:root:JAML
INFO:root:JARID2
INFO:root:JAZF1
INFO:root:JCAD
INFO:root:JCHAIN
INFO:root:JDP2
INFO:root:JHY
INFO:root:JKAMP
INFO:root:JMJD1C
INFO:root:JMJD4
INFO:root:JMJD6
INFO:root:JMJD7
INFO:root:JMJD8
INFO:root:JMY
INFO:root:JOSD1
INFO:root:JOSD2
INFO:root:JPH1
INFO:root:JPH2
INFO:root:JPH3
INFO:root:JPH4
INFO:root:JPT1
INFO:root:JPT2
INFO:root:JRKL
INFO:root:JSRP1
INFO:root:JTB
INFO:root:JUN
INFO:root:JUNB
INFO:root:JUND
INFO:root:JUP
INFO:root:KAAG1
INFO:root:KALRN
INFO:root:KANK1
INFO:root:KANK2
INFO:root:KANK3
INFO:root:KANK4
INFO:root:KANSL1
INFO:root:KANSL1L
INFO:root:KANSL2
INFO:root:KANSL3
INFO:root:KARS
INFO:root:KAT14
INFO:root:KAT2A
INFO:root:KAT2B
INFO:root:KAT5
INFO:root:KAT6A
INFO:root:KAT6B
INFO:root:KAT7
INFO:root:KAT8
INFO:root:KATNA1
INFO:root:KATNAL1
INFO:root:KATNAL2
INFO:root:KATNB1
INFO:root:KATNBL1
INFO:root:KAZALD1
INFO:root:KAZN
INFO:root:KBTBD2
INFO:root:KBTBD3
INFO:root:KBTBD4
