INFO:root:Loading rates
INFO:root:get expected
INFO:root:get weights
INFO:root:Loading de novos
INFO:root:Starting tests:  10000000 simulations
INFO:root:ABL
INFO:root:ABLIM
INFO:root:ACAC
INFO:root:ACAT
INFO:root:ACPT
INFO:root:ACSM2
INFO:root:ACTA
INFO:root:ACTC
INFO:root:ACTG
INFO:root:ACTL6
INFO:root:ACVR2
INFO:root:ADC
INFO:root:ADH1
INFO:root:ADORA2
INFO:root:ADRA2
INFO:root:AGAP8
INFO:root:ALAS
INFO:root:ALDH1
INFO:root:ALDH3
INFO:root:ALDH4
INFO:root:ALDH9
INFO:root:ALKBH
INFO:root:ALPPL2
INFO:root:AMY1
INFO:root:AMY2
INFO:root:ANK
INFO:root:ANKRD13
INFO:root:ANKRD20A
INFO:root:ANKRD34
INFO:root:ANKS1
INFO:root:ANXA8L2
INFO:root:APEX
INFO:root:APOL
INFO:root:AQP12
INFO:root:AREGB
INFO:root:ARL13
INFO:root:ARL17
INFO:root:ARL4
INFO:root:ARL5
INFO:root:ARL6IP
INFO:root:ASAH
INFO:root:ASAH2C
INFO:root:ASS
INFO:root:ASTN
INFO:root:ATG16L
INFO:root:ATP13A
INFO:root:ATP1B
INFO:root:ATP2A
INFO:root:ATP5
INFO:root:ATP5A
INFO:root:ATP5A1
INFO:root:ATP5B
INFO:root:ATP5C
INFO:root:ATP5C1
INFO:root:ATP5D
INFO:root:ATP5E
INFO:root:ATP5F1
INFO:root:ATP5G
INFO:root:ATP5G1
INFO:root:ATP5G2
INFO:root:ATP5G3
INFO:root:ATP5H
INFO:root:ATP5I
INFO:root:ATP5J
INFO:root:ATP5J2
INFO:root:ATP5L
INFO:root:ATP5L2
INFO:root:ATP5O
INFO:root:ATP6C
INFO:root:ATP6V0E
INFO:root:ATP6V1E
INFO:root:ATPIF1
INFO:root:AVPR1
INFO:root:B3GALTL
INFO:root:B3GNT1
INFO:root:BACE
INFO:root:BAI1
INFO:root:BAI2
INFO:root:BAI3
INFO:root:BBOX
INFO:root:BBS
INFO:root:BCL7
INFO:root:BCMO1
INFO:root:BDH
INFO:root:BLVR
INFO:root:BMP8
INFO:root:BNC
INFO:root:BOD1L
INFO:root:BRE
INFO:root:C10orf129
INFO:root:C10orf32
INFO:root:C10orf76
INFO:root:C12orf44
INFO:root:C14orf2
INFO:root:C14orf37
INFO:root:C15orf38
INFO:root:C17orf59
INFO:root:C18orf42
INFO:root:C19orf80
INFO:root:C1orf228
INFO:root:C4orf29
INFO:root:C6orf211
INFO:root:C6orf229
INFO:root:C7orf60
INFO:root:C9orf172
INFO:root:CCDC176
INFO:root:CCDC64
INFO:root:CCDC64B
INFO:root:CD97
INFO:root:CECR1
INFO:root:CXorf23
INFO:root:DARC
INFO:root:DCP1
INFO:root:ELTD1
INFO:root:EMR1
INFO:root:EMR2
INFO:root:EMR3
INFO:root:FAM150A
INFO:root:FAM150B
INFO:root:FAM175A
INFO:root:FAM175B
INFO:root:FANCD
INFO:root:GLTSCR1
INFO:root:GLTSCR1L
INFO:root:GPR110
INFO:root:GPR111
INFO:root:GPR112
INFO:root:GPR113
INFO:root:GPR114
INFO:root:GPR115
INFO:root:GPR116
INFO:root:GPR123
INFO:root:GPR124
INFO:root:GPR125
INFO:root:GPR126
INFO:root:GPR128
INFO:root:GPR133
INFO:root:GPR144
INFO:root:GPR56
INFO:root:GPR64
INFO:root:GPR97
INFO:root:GPR98
INFO:root:HMHA1
INFO:root:IRG1
INFO:root:JUB
INFO:root:KAL
INFO:root:KAL1
INFO:root:KIAA1244
INFO:root:LACE1
INFO:root:LEU7
INFO:root:LOH12CR1
INFO:root:LPHN1
INFO:root:LPHN2
INFO:root:LPHN3
INFO:root:MEF2BNB
INFO:root:MLLT4
INFO:root:NGFRAP1
INFO:root:P1
INFO:root:STRA13
INFO:root:SUMO1
INFO:root:SUMO2
INFO:root:SUMO3
INFO:root:SUMO4
INFO:root:SUN1
INFO:root:SUN2
INFO:root:SUN3
INFO:root:SUN5
INFO:root:SUOX
INFO:root:SUPT16H
INFO:root:SUPT20H
INFO:root:SUPT3H
INFO:root:SUPT4H1
INFO:root:SUPT5H
INFO:root:SUPT6H
INFO:root:SUPT7L
INFO:root:SUPV3L1
INFO:root:SURF1
INFO:root:SURF2
INFO:root:SURF4
INFO:root:SURF6
INFO:root:SUSD1
INFO:root:SUSD2
INFO:root:SUSD3
INFO:root:SUSD4
INFO:root:SUSD5
INFO:root:SUSD6
INFO:root:SUV39H1
INFO:root:SUV39H2
INFO:root:SUZ12
INFO:root:SV2A
INFO:root:SV2B
INFO:root:SV2C
INFO:root:SVBP
INFO:root:SVEP1
INFO:root:SVIL
INFO:root:SVIP
INFO:root:SVOP
INFO:root:SVOPL
INFO:root:SWAP70
INFO:root:SWI5
INFO:root:SWSAP1
INFO:root:SWT1
INFO:root:SYAP1
INFO:root:SYBU
INFO:root:SYCE1
INFO:root:SYCE1L
INFO:root:SYCE2
INFO:root:SYCE3
INFO:root:SYCN
INFO:root:SYCP1
INFO:root:SYCP2
INFO:root:SYCP2L
INFO:root:SYCP3
INFO:root:SYDE1
INFO:root:SYDE2
INFO:root:SYF2
INFO:root:SYK
INFO:root:SYMPK
INFO:root:SYN1
INFO:root:SYN3
INFO:root:SYNC
INFO:root:SYNCRIP
INFO:root:SYNDIG1
INFO:root:SYNDIG1L
INFO:root:SYNE1
INFO:root:SYNE2
INFO:root:SYNE3
INFO:root:SYNE4
INFO:root:SYNGAP1
INFO:root:SYNGR1
INFO:root:SYNGR2
INFO:root:SYNGR3
INFO:root:SYNGR4
INFO:root:SYNJ1
INFO:root:SYNJ2
INFO:root:SYNJ2BP
INFO:root:SYNM
INFO:root:SYNPO
INFO:root:SYNPO2
INFO:root:SYNPO2L
INFO:root:SYNPR
INFO:root:SYNRG
INFO:root:SYP
INFO:root:SYPL1
INFO:root:SYPL2
INFO:root:SYS1
INFO:root:SYT1
INFO:root:SYT10
INFO:root:SYT11
INFO:root:SYT12
INFO:root:SYT13
INFO:root:SYT14
INFO:root:SYT15
INFO:root:SYT16
INFO:root:SYT17
INFO:root:SYT2
INFO:root:SYT3
INFO:root:SYT4
INFO:root:SYT5
INFO:root:SYT6
INFO:root:SYT7
INFO:root:SYT8
INFO:root:SYT9
INFO:root:SYTL1
INFO:root:SYTL2
INFO:root:SYTL3
INFO:root:SYTL4
INFO:root:SYTL5
INFO:root:SYVN1
INFO:root:SZRD1
INFO:root:SZT2
INFO:root:TAAR1
INFO:root:TAAR2
INFO:root:TAAR5
INFO:root:TAAR6
INFO:root:TAAR8
INFO:root:TAAR9
INFO:root:TAB1
INFO:root:TAB2
INFO:root:TAB3
INFO:root:TAC1
INFO:root:TAC3
INFO:root:TAC4
INFO:root:TACC1
INFO:root:TACC2
INFO:root:TACC3
INFO:root:TACO1
INFO:root:TACR1
INFO:root:TACR2
INFO:root:TACR3
INFO:root:TACSTD2
INFO:root:TADA1
INFO:root:TADA2A
INFO:root:TADA2B
INFO:root:TADA3
INFO:root:TAF1
INFO:root:TAF10
INFO:root:TAF11
INFO:root:TAF12
INFO:root:TAF13
INFO:root:TAF15
INFO:root:TAF1A
INFO:root:TAF1B
INFO:root:TAF1C
INFO:root:TAF1D
INFO:root:TAF1L
INFO:root:TAF2
INFO:root:TAF3
INFO:root:TAF4
INFO:root:TAF4B
INFO:root:TAF5
INFO:root:TAF5L
INFO:root:TAF6
INFO:root:TAF6L
INFO:root:TAF7
INFO:root:TAF7L
INFO:root:TAF8
INFO:root:TAF9
INFO:root:TAF9B
INFO:root:TAGAP
INFO:root:TAGLN
INFO:root:TAGLN2
INFO:root:TAGLN3
INFO:root:TAL1
INFO:root:TAL2
INFO:root:TALDO1
INFO:root:TAMM41
INFO:root:TANC1
INFO:root:TANC2
INFO:root:TANGO2
INFO:root:TANGO6
INFO:root:TANK
INFO:root:TAOK1
INFO:root:TAOK2
INFO:root:TAOK3
INFO:root:TAP1
INFO:root:TAP2
INFO:root:TAPBP
INFO:root:TAPBPL
INFO:root:TAPT1
INFO:root:TARBP1
INFO:root:TARBP2
INFO:root:TARDBP
INFO:root:TARM1
INFO:root:TARS
INFO:root:TARS2
INFO:root:TARSL2
INFO:root:TAS1R1
INFO:root:TAS1R2
INFO:root:TAS1R3
INFO:root:TAS2R1
INFO:root:TAS2R10
INFO:root:TAS2R13
INFO:root:TAS2R14
INFO:root:TAS2R16
INFO:root:TAS2R19
INFO:root:TAS2R20
INFO:root:TAS2R3
INFO:root:TAS2R30
INFO:root:TAS2R31
INFO:root:TAS2R38
INFO:root:TAS2R39
INFO:root:TAS2R4
INFO:root:TAS2R40
INFO:root:TAS2R41
INFO:root:TAS2R42
INFO:root:TAS2R43
INFO:root:TAS2R46
INFO:root:TAS2R5
INFO:root:TAS2R50
INFO:root:TAS2R60
INFO:root:TAS2R7
INFO:root:TAS2R8
INFO:root:TAS2R9
INFO:root:TASP1
INFO:root:TAT
INFO:root:TATDN1
INFO:root:TATDN2
INFO:root:TATDN3
INFO:root:TAX1BP1
INFO:root:TAX1BP3
INFO:root:TAZ
INFO:root:TBATA
INFO:root:TBC1D1
INFO:root:TBC1D10A
INFO:root:TBC1D10B
INFO:root:TBC1D10C
INFO:root:TBC1D12
INFO:root:TBC1D13
INFO:root:TBC1D14
INFO:root:TBC1D15
INFO:root:TBC1D16
INFO:root:TBC1D17
INFO:root:TBC1D19
INFO:root:TBC1D2
INFO:root:TBC1D20
INFO:root:TBC1D21
INFO:root:TBC1D22A
INFO:root:TBC1D22B
INFO:root:TBC1D23
INFO:root:TBC1D24
INFO:root:TBC1D25
INFO:root:TBC1D26
INFO:root:TBC1D28
INFO:root:TBC1D29
INFO:root:TBC1D2B
INFO:root:TBC1D3
INFO:root:TBC1D30
INFO:root:TBC1D31
INFO:root:TBC1D32
INFO:root:TBC1D3B
INFO:root:TBC1D3C
INFO:root:TBC1D3F
INFO:root:TBC1D3G
INFO:root:TBC1D3H
INFO:root:TBC1D4
INFO:root:TBC1D5
INFO:root:TBC1D7
INFO:root:TBC1D8
INFO:root:TBC1D8B
INFO:root:TBC1D9
INFO:root:TBC1D9B
INFO:root:TBCA
INFO:root:TBCB
INFO:root:TBCC
INFO:root:TBCCD1
INFO:root:TBCD
INFO:root:TBCE
INFO:root:TBCEL
INFO:root:TBCK
INFO:root:TBK1
INFO:root:TBKBP1
INFO:root:TBL1X
INFO:root:TBL1XR1
INFO:root:TBL2
INFO:root:TBL3
INFO:root:TBP
INFO:root:TBPL1
INFO:root:TBPL2
INFO:root:TBR1
INFO:root:TBRG1
INFO:root:TBRG4
INFO:root:TBX1
INFO:root:TBX10
INFO:root:TBX15
INFO:root:TBX18
INFO:root:TBX19
INFO:root:TBX2
INFO:root:TBX20
INFO:root:TBX21
INFO:root:TBX22
INFO:root:TBX3
INFO:root:TBX4
INFO:root:TBX5
INFO:root:TBX6
INFO:root:TBXA2R
INFO:root:TBXAS1
INFO:root:TBXT
INFO:root:TC2N
INFO:root:TCAF1
INFO:root:TCAF2
INFO:root:TCAIM
INFO:root:TCAP
INFO:root:TCEA1
INFO:root:TCEA2
INFO:root:TCEA3
INFO:root:TCEAL1
INFO:root:TCEAL2
INFO:root:TCEAL3
INFO:root:TCEAL4
INFO:root:TCEAL5
INFO:root:TCEAL6
INFO:root:TCEAL7
INFO:root:TCEAL8
INFO:root:TCEAL9
INFO:root:TCEANC
INFO:root:TCEANC2
INFO:root:TCERG1
INFO:root:TCERG1L
INFO:root:TCF12
INFO:root:TCF15
INFO:root:TCF19
INFO:root:TCF20
INFO:root:TCF21
INFO:root:TCF23
INFO:root:TCF24
INFO:root:TCF25
INFO:root:TCF3
INFO:root:TCF4
INFO:root:TCF7
INFO:root:TCF7L1
INFO:root:TCF7L2
INFO:root:TCFL5
INFO:root:TCHH
INFO:root:TCHHL1
INFO:root:TCHP
INFO:root:TCIM
INFO:root:TCIRG1
INFO:root:TCL1A
INFO:root:TCL1B
INFO:root:TCN1
INFO:root:TCN2
INFO:root:TCOF1
INFO:root:TCP1
INFO:root:TCP10
INFO:root:TCP10L
INFO:root:TCP10L2
INFO:root:TCP11
INFO:root:TCP11L1
INFO:root:TCP11L2
INFO:root:TCP11X1
INFO:root:TCP11X2
INFO:root:TCTA
INFO:root:TCTE1
INFO:root:TCTE3
INFO:root:TCTEX1D1
INFO:root:TCTEX1D2
INFO:root:TCTEX1D4
INFO:root:TCTN1
INFO:root:TCTN2
INFO:root:TCTN3
INFO:root:TDG
INFO:root:TDGF1
INFO:root:TDO2
INFO:root:TDP1
INFO:root:TDP2
INFO:root:TDRD1
INFO:root:TDRD10
INFO:root:TDRD12
INFO:root:TDRD15
INFO:root:TDRD3
INFO:root:TDRD5
INFO:root:TDRD6
INFO:root:TDRD7
INFO:root:TDRD9
INFO:root:TDRKH
INFO:root:TDRP
INFO:root:TEAD1
INFO:root:TEAD2
INFO:root:TEAD3
INFO:root:TEAD4
INFO:root:TEC
INFO:root:TECPR1
INFO:root:TECPR2
INFO:root:TECR
INFO:root:TECRL
INFO:root:TECTA
INFO:root:TECTB
INFO:root:TEDC1
INFO:root:TEDC2
INFO:root:TEDDM1
INFO:root:TEF
INFO:root:TEFM
INFO:root:TEK
INFO:root:TEKT1
INFO:root:TEKT2
INFO:root:TEKT3
INFO:root:TEKT4
INFO:root:TEKT5
INFO:root:TELO2
INFO:root:TEN1
INFO:root:TENM1
INFO:root:TENM2
INFO:root:TENM3
INFO:root:TENM4
INFO:root:TENT2
INFO:root:TENT4A
INFO:root:TENT4B
INFO:root:TENT5A
INFO:root:TENT5B
INFO:root:TENT5C
INFO:root:TENT5D
INFO:root:TEP1
INFO:root:TEPP
INFO:root:TEPSIN
INFO:root:TERB1
INFO:root:TERB2
INFO:root:TERF1
INFO:root:TERF2
INFO:root:TERF2IP
INFO:root:TERT
INFO:root:TES
INFO:root:TESC
INFO:root:TESK1
INFO:root:TESK2
INFO:root:TESMIN
INFO:root:TESPA1
INFO:root:TET1
INFO:root:TET2
INFO:root:TET3
INFO:root:TEX10
INFO:root:TEX101
INFO:root:TEX11
INFO:root:TEX12
INFO:root:TEX13A
INFO:root:TEX13B
INFO:root:TEX14
INFO:root:TEX15
INFO:root:TEX19
INFO:root:TEX2
INFO:root:TEX22
INFO:root:TEX26
INFO:root:TEX261
INFO:root:TEX264
INFO:root:TEX28
INFO:root:TEX29
INFO:root:TEX30
INFO:root:TEX33
INFO:root:TEX35
INFO:root:TEX36
INFO:root:TEX37
INFO:root:TEX38
INFO:root:TEX43
INFO:root:TEX44
INFO:root:TEX45
INFO:root:TEX46
INFO:root:TEX47
INFO:root:TEX49
INFO:root:TEX9
INFO:root:TF
INFO:root:TFAM
INFO:root:TFAP2A
INFO:root:TFAP2B
INFO:root:TFAP2C
INFO:root:TFAP2D
INFO:root:TFAP2E
INFO:root:TFAP4
INFO:root:TFB1M
INFO:root:TFB2M
INFO:root:TFCP2
INFO:root:TFCP2L1
INFO:root:TFDP1
INFO:root:TFDP2
INFO:root:TFDP3
INFO:root:TFE3
INFO:root:TFEB
INFO:root:TFEC
INFO:root:TFF1
INFO:root:TFF2
INFO:root:TFF3
INFO:root:TFG
INFO:root:TFIP11
INFO:root:TFPI
INFO:root:TFPI2
INFO:root:TFPT
INFO:root:TFR2
INFO:root:TFRC
INFO:root:TG
INFO:root:TGDS
INFO:root:TGFA
INFO:root:TGFB1
INFO:root:TGFB1I1
INFO:root:TGFB2
INFO:root:TGFB3
INFO:root:TGFBI
INFO:root:TGFBR1
INFO:root:TGFBR2
INFO:root:TGFBR3
INFO:root:TGFBR3L
INFO:root:TGFBRAP1
INFO:root:TGIF1
INFO:root:TGIF2
INFO:root:TGIF2LX
INFO:root:TGM1
INFO:root:TGM2
INFO:root:TGM3
INFO:root:TGM4
INFO:root:TGM5
INFO:root:TGM6
INFO:root:TGM7
INFO:root:TGOLN2
INFO:root:TGS1
INFO:root:TH
INFO:root:THADA
INFO:root:THAP1
INFO:root:THAP10
INFO:root:THAP11
INFO:root:THAP12
INFO:root:THAP2
INFO:root:THAP3
INFO:root:THAP4
INFO:root:THAP5
INFO:root:THAP6
INFO:root:THAP7
INFO:root:THAP8
INFO:root:THAP9
INFO:root:THBD
INFO:root:THBS1
INFO:root:THBS2
INFO:root:THBS3
INFO:root:THBS4
INFO:root:THEG
INFO:root:THEGL
INFO:root:THEM4
INFO:root:THEM5
INFO:root:THEM6
INFO:root:THEMIS
INFO:root:THEMIS2
INFO:root:THG1L
INFO:root:THNSL1
INFO:root:THNSL2
INFO:root:THOC1
INFO:root:THOC2
INFO:root:THOC3
INFO:root:THOC5
INFO:root:THOC6
INFO:root:THOC7
INFO:root:THOP1
INFO:root:THPO
INFO:root:THRA
INFO:root:THRAP3
INFO:root:THRB
INFO:root:THRSP
INFO:root:THSD1
INFO:root:THSD4
INFO:root:THSD7A
INFO:root:THSD7B
INFO:root:THTPA
INFO:root:THUMPD1
INFO:root:THUMPD2
INFO:root:THUMPD3
INFO:root:THY1
INFO:root:THYN1
INFO:root:TIA1
INFO:root:TIAF1
INFO:root:TIAL1
INFO:root:TIAM1
INFO:root:TIAM2
INFO:root:TICAM1
INFO:root:TICAM2
INFO:root:TICRR
INFO:root:TIE1
INFO:root:TIFA
INFO:root:TIFAB
INFO:root:TIGAR
INFO:root:TIGD1
INFO:root:TIGD2
INFO:root:TIGD3
INFO:root:TIGD4
INFO:root:TIGD5
INFO:root:TIGD6
INFO:root:TIGD7
INFO:root:TIGIT
INFO:root:TIMD4
INFO:root:TIMELESS
INFO:root:TIMM10
INFO:root:TIMM10B
INFO:root:TIMM13
INFO:root:TIMM17A
INFO:root:TIMM17B
INFO:root:TIMM21
INFO:root:TIMM22
INFO:root:TIMM23
INFO:root:TIMM23B
INFO:root:TIMM29
INFO:root:TIMM44
INFO:root:TIMM50
INFO:root:TIMM8A
INFO:root:TIMM8B
INFO:root:TIMM9
INFO:root:TIMMDC1
INFO:root:TIMP1
INFO:root:TIMP2
INFO:root:TIMP3
INFO:root:TIMP4
INFO:root:TINAG
INFO:root:TINAGL1
INFO:root:TINF2
INFO:root:TIPARP
INFO:root:TIPIN
INFO:root:TIPRL
INFO:root:TIRAP
INFO:root:TJAP1
INFO:root:TJP1
INFO:root:TJP2
INFO:root:TJP3
INFO:root:TK1
INFO:root:TK2
INFO:root:TKFC
INFO:root:TKT
INFO:root:TKTL1
INFO:root:TKTL2
INFO:root:TLCD1
INFO:root:TLCD2
INFO:root:TLDC1
INFO:root:TLDC2
INFO:root:TLE1
INFO:root:TLE2
INFO:root:TLE3
INFO:root:TLE4
INFO:root:TLE6
INFO:root:TLK1
INFO:root:TLK2
INFO:root:TLL1
INFO:root:TLL2
INFO:root:TLN1
INFO:root:TLN2
INFO:root:TLNRD1
INFO:root:TLR1
INFO:root:TLR10
INFO:root:TLR2
INFO:root:TLR3
INFO:root:TLR4
INFO:root:TLR5
INFO:root:TLR6
INFO:root:TLR7
INFO:root:TLR8
INFO:root:TLR9
INFO:root:TLX1
INFO:root:TLX2
INFO:root:TLX3
INFO:root:TM2D1
INFO:root:TM2D2
INFO:root:TM2D3
INFO:root:TM4SF1
INFO:root:TM4SF18
INFO:root:TM4SF19
INFO:root:TM4SF20
INFO:root:TM4SF4
INFO:root:TM4SF5
INFO:root:TM6SF1
INFO:root:TM6SF2
INFO:root:TM7SF2
INFO:root:TM7SF3
INFO:root:TM9SF1
INFO:root:TM9SF2
INFO:root:TM9SF3
INFO:root:TM9SF4
INFO:root:TMA16
INFO:root:TMA7
INFO:root:TMBIM1
INFO:root:TMBIM4
INFO:root:TMBIM6
INFO:root:TMC1
INFO:root:TMC2
INFO:root:TMC3
INFO:root:TMC4
INFO:root:TMC5
INFO:root:TMC6
INFO:root:TMC7
INFO:root:TMC8
INFO:root:TMCC1
INFO:root:TMCC2
INFO:root:TMCC3
INFO:root:TMCO1
INFO:root:TMCO2
INFO:root:TMCO3
INFO:root:TMCO4
INFO:root:TMCO5A
INFO:root:TMCO6
INFO:root:TMED1
INFO:root:TMED10
INFO:root:TMED2
INFO:root:TMED3
INFO:root:TMED4
INFO:root:TMED5
INFO:root:TMED6
INFO:root:TMED7
INFO:root:TMED8
INFO:root:TMED9
INFO:root:TMEFF1
INFO:root:TMEFF2
INFO:root:TMEM100
INFO:root:TMEM101
INFO:root:TMEM102
INFO:root:TMEM104
INFO:root:TMEM105
INFO:root:TMEM106A
INFO:root:TMEM106B
INFO:root:TMEM106C
INFO:root:TMEM107
INFO:root:TMEM108
INFO:root:TMEM109
INFO:root:TMEM11
INFO:root:TMEM115
INFO:root:TMEM116
INFO:root:TMEM117
INFO:root:TMEM119
INFO:root:TMEM120A
INFO:root:TMEM120B
INFO:root:TMEM121
INFO:root:TMEM121B
INFO:root:TMEM123
INFO:root:TMEM125
INFO:root:TMEM126A
INFO:root:TMEM126B
INFO:root:TMEM127
INFO:root:TMEM128
INFO:root:TMEM129
INFO:root:TMEM130
INFO:root:TMEM131
INFO:root:TMEM131L
INFO:root:TMEM132A
INFO:root:TMEM132B
INFO:root:TMEM132C
INFO:root:TMEM132D
INFO:root:TMEM132E
INFO:root:TMEM133
INFO:root:TMEM134
INFO:root:TMEM135
INFO:root:TMEM136
INFO:root:TMEM138
INFO:root:TMEM139
INFO:root:TMEM140
INFO:root:TMEM141
INFO:root:TMEM143
INFO:root:TMEM144
INFO:root:TMEM145
INFO:root:TMEM147
INFO:root:TMEM14A
INFO:root:TMEM14B
INFO:root:TMEM14C
INFO:root:TMEM150A
INFO:root:TMEM150B
INFO:root:TMEM150C
INFO:root:TMEM151A
INFO:root:TMEM151B
INFO:root:TMEM154
INFO:root:TMEM155
INFO:root:TMEM156
INFO:root:TMEM158
INFO:root:TMEM159
INFO:root:TMEM160
INFO:root:TMEM161A
INFO:root:TMEM161B
INFO:root:TMEM163
INFO:root:TMEM164
INFO:root:TMEM165
INFO:root:TMEM167A
INFO:root:TMEM167B
INFO:root:TMEM168
INFO:root:TMEM169
INFO:root:TMEM17
INFO:root:TMEM170A
INFO:root:TMEM170B
INFO:root:TMEM171
INFO:root:TMEM173
INFO:root:TMEM174
INFO:root:TMEM175
INFO:root:TMEM176A
INFO:root:TMEM176B
INFO:root:TMEM177
INFO:root:TMEM178A
INFO:root:TMEM178B
INFO:root:TMEM179
INFO:root:TMEM179B
INFO:root:TMEM18
INFO:root:TMEM181
INFO:root:TMEM182
INFO:root:TMEM183A
INFO:root:TMEM184A
INFO:root:TMEM184B
INFO:root:TMEM184C
INFO:root:TMEM185A
INFO:root:TMEM185B
INFO:root:TMEM186
INFO:root:TMEM187
INFO:root:TMEM189
INFO:root:TMEM19
INFO:root:TMEM190
INFO:root:TMEM192
INFO:root:TMEM196
INFO:root:TMEM198
INFO:root:TMEM199
INFO:root:TMEM200A
INFO:root:TMEM200B
INFO:root:TMEM200C
INFO:root:TMEM201
INFO:root:TMEM202
INFO:root:TMEM203
INFO:root:TMEM204
INFO:root:TMEM205
INFO:root:TMEM206
INFO:root:TMEM207
INFO:root:TMEM208
INFO:root:TMEM209
INFO:root:TMEM210
INFO:root:TMEM211
INFO:root:TMEM212
INFO:root:TMEM213
INFO:root:TMEM214
INFO:root:TMEM215
INFO:root:TMEM216
INFO:root:TMEM217
INFO:root:TMEM218
INFO:root:TMEM219
INFO:root:TMEM220
INFO:root:TMEM221
INFO:root:TMEM222
INFO:root:TMEM223
INFO:root:TMEM225
INFO:root:TMEM229A
INFO:root:TMEM229B
INFO:root:TMEM230
INFO:root:TMEM231
INFO:root:TMEM232
INFO:root:TMEM233
INFO:root:TMEM234
INFO:root:TMEM235
INFO:root:TMEM236
INFO:root:TMEM237
INFO:root:TMEM238
INFO:root:TMEM239
INFO:root:TMEM240
INFO:root:TMEM241
INFO:root:TMEM242
INFO:root:TMEM243
INFO:root:TMEM244
INFO:root:TMEM245
INFO:root:TMEM246
INFO:root:TMEM247
INFO:root:TMEM248
INFO:root:TMEM249
INFO:root:TMEM25
INFO:root:TMEM250
INFO:root:TMEM251
INFO:root:TMEM252
INFO:root:TMEM253
INFO:root:TMEM254
INFO:root:TMEM255A
INFO:root:TMEM255B
INFO:root:TMEM256
INFO:root:TMEM258
INFO:root:TMEM259
INFO:root:TMEM26
INFO:root:TMEM260
INFO:root:TMEM262
INFO:root:TMEM263
INFO:root:TMEM266
INFO:root:TMEM267
INFO:root:TMEM268
INFO:root:TMEM270
INFO:root:TMEM273
INFO:root:TMEM30A
INFO:root:TMEM30B
INFO:root:TMEM31
INFO:root:TMEM33
INFO:root:TMEM35A
INFO:root:TMEM35B
INFO:root:TMEM37
INFO:root:TMEM38A
INFO:root:TMEM38B
INFO:root:TMEM39A
INFO:root:TMEM39B
INFO:root:TMEM40
INFO:root:TMEM41A
INFO:root:TMEM41B
INFO:root:TMEM42
INFO:root:TMEM43
INFO:root:TMEM44
INFO:root:TMEM45A
INFO:root:TMEM45B
INFO:root:TMEM47
INFO:root:TMEM50A
INFO:root:TMEM50B
INFO:root:TMEM51
INFO:root:TMEM52
INFO:root:TMEM52B
INFO:root:TMEM53
INFO:root:TMEM54
INFO:root:TMEM56
INFO:root:TMEM59
INFO:root:TMEM59L
INFO:root:TMEM60
INFO:root:TMEM61
INFO:root:TMEM62
INFO:root:TMEM63A
INFO:root:TMEM63B
INFO:root:TMEM63C
INFO:root:TMEM64
INFO:root:TMEM65
INFO:root:TMEM67
INFO:root:TMEM68
INFO:root:TMEM69
INFO:root:TMEM70
INFO:root:TMEM71
INFO:root:TMEM72
INFO:root:TMEM74
INFO:root:TMEM74B
INFO:root:TMEM78
INFO:root:TMEM79
INFO:root:TMEM80
INFO:root:TMEM81
INFO:root:TMEM82
INFO:root:TMEM86A
INFO:root:TMEM86B
INFO:root:TMEM87A
INFO:root:TMEM87B
INFO:root:TMEM88
INFO:root:TMEM88B
INFO:root:TMEM89
INFO:root:TMEM8A
INFO:root:TMEM8B
INFO:root:TMEM9
INFO:root:TMEM91
INFO:root:TMEM92
INFO:root:TMEM94
INFO:root:TMEM95
INFO:root:TMEM97
INFO:root:TMEM98
INFO:root:TMEM99
INFO:root:TMEM9B
INFO:root:TMF1
INFO:root:TMIE
INFO:root:TMIGD1
INFO:root:TMIGD2
INFO:root:TMLHE
INFO:root:TMOD1
INFO:root:TMOD2
INFO:root:TMOD3
INFO:root:TMOD4
INFO:root:TMPO
INFO:root:TMPPE
INFO:root:TMPRSS11A
INFO:root:TMPRSS11B
INFO:root:TMPRSS11D
INFO:root:TMPRSS11E
INFO:root:TMPRSS11F
INFO:root:TMPRSS12
INFO:root:TMPRSS13
INFO:root:TMPRSS15
INFO:root:TMPRSS2
INFO:root:TMPRSS3
INFO:root:TMPRSS4
INFO:root:TMPRSS5
INFO:root:TMPRSS6
INFO:root:TMPRSS7
INFO:root:TMPRSS9
INFO:root:TMSB10
INFO:root:TMSB15A
INFO:root:TMSB15B
INFO:root:TMSB4X
INFO:root:TMTC1
INFO:root:TMTC2
INFO:root:TMTC3
INFO:root:TMTC4
INFO:root:TMUB1
INFO:root:TMUB2
INFO:root:TMX1
INFO:root:TMX2
INFO:root:TMX3
INFO:root:TMX4
INFO:root:TNC
INFO:root:TNF
INFO:root:TNFAIP1
INFO:root:TNFAIP2
INFO:root:TNFAIP3
INFO:root:TNFAIP6
INFO:root:TNFAIP8
INFO:root:TNFAIP8L1
INFO:root:TNFAIP8L2
INFO:root:TNFAIP8L3
INFO:root:TNFRSF10A
INFO:root:TNFRSF10B
INFO:root:TNFRSF10C
INFO:root:TNFRSF10D
INFO:root:TNFRSF11A
INFO:root:TNFRSF11B
INFO:root:TNFRSF12A
INFO:root:TNFRSF13B
INFO:root:TNFRSF13C
INFO:root:TNFRSF14
INFO:root:TNFRSF17
INFO:root:TNFRSF18
INFO:root:TNFRSF19
INFO:root:TNFRSF1A
INFO:root:TNFRSF1B
INFO:root:TNFRSF21
INFO:root:TNFRSF25
INFO:root:TNFRSF4
INFO:root:TNFRSF6B
INFO:root:TNFRSF8
INFO:root:TNFRSF9
INFO:root:TNFSF10
INFO:root:TNFSF11
INFO:root:TNFSF12
INFO:root:TNFSF13
INFO:root:TNFSF13B
INFO:root:TNFSF14
INFO:root:TNFSF15
INFO:root:TNFSF18
INFO:root:TNFSF4
INFO:root:TNFSF8
INFO:root:TNFSF9
INFO:root:TNIK
INFO:root:TNIP1
INFO:root:TNIP2
INFO:root:TNIP3
INFO:root:TNK1
INFO:root:TNK2
INFO:root:TNKS
INFO:root:TNKS1BP1
INFO:root:TNKS2
INFO:root:TNMD
INFO:root:TNN
INFO:root:TNNC1
INFO:root:TNNC2
INFO:root:TNNI1
INFO:root:TNNI2
INFO:root:TNNI3
INFO:root:TNNI3K
INFO:root:TNNT1
INFO:root:TNNT2
INFO:root:TNNT3
INFO:root:TNP1
INFO:root:TNP2
INFO:root:TNPO1
INFO:root:TNPO2
INFO:root:TNPO3
INFO:root:TNR
INFO:root:TNRC18
INFO:root:TNRC6A
INFO:root:TNRC6B
INFO:root:TNRC6C
INFO:root:TNS1
INFO:root:TNS2
INFO:root:TNS3
INFO:root:TNS4
INFO:root:TNXB
INFO:root:TOB1
INFO:root:TOB2
INFO:root:TOE1
INFO:root:TOGARAM1
INFO:root:TOGARAM2
INFO:root:TOLLIP
INFO:root:TOM1
INFO:root:TOM1L1
INFO:root:TOM1L2
INFO:root:TOMM20
INFO:root:TOMM20L
INFO:root:TOMM22
INFO:root:TOMM34
INFO:root:TOMM40
INFO:root:TOMM40L
INFO:root:TOMM5
INFO:root:TOMM6
INFO:root:TOMM7
INFO:root:TOMM70
INFO:root:TONSL
INFO:root:TOP1
INFO:root:TOP1MT
INFO:root:TOP2A
INFO:root:TOP2B
INFO:root:TOP3A
INFO:root:TOP3B
INFO:root:TOPAZ1
INFO:root:TOPBP1
INFO:root:TOPORS
INFO:root:TOR1A
INFO:root:TOR1AIP1
INFO:root:TOR1AIP2
INFO:root:TOR1B
INFO:root:TOR2A
INFO:root:TOR3A
INFO:root:TOR4A
INFO:root:TOX
INFO:root:TOX2
INFO:root:TOX3
INFO:root:TOX4
INFO:root:TP53
INFO:root:TP53AIP1
INFO:root:TP53BP1
INFO:root:TP53BP2
INFO:root:TP53I11
INFO:root:TP53I13
INFO:root:TP53I3
INFO:root:TP53INP1
INFO:root:TP53INP2
INFO:root:TP53RK
INFO:root:TP53TG3
INFO:root:TP53TG3B
INFO:root:TP53TG3C
INFO:root:TP53TG3D
INFO:root:TP53TG5
INFO:root:TP63
INFO:root:TP73
INFO:root:TPBG
INFO:root:TPBGL
INFO:root:TPCN1
INFO:root:TPCN2
INFO:root:TPD52
INFO:root:TPD52L1
INFO:root:TPD52L2
INFO:root:TPD52L3
INFO:root:TPGS1
INFO:root:TPGS2
INFO:root:TPH1
INFO:root:TPH2
INFO:root:TPI1
INFO:root:TPK1
INFO:root:TPM1
INFO:root:TPM2
INFO:root:TPM3
INFO:root:TPM4
INFO:root:TPMT
INFO:root:TPO
INFO:root:TPP1
INFO:root:TPP2
INFO:root:TPPP
INFO:root:TPPP2
INFO:root:TPPP3
INFO:root:TPR
INFO:root:TPRA1
INFO:root:TPRG1
INFO:root:TPRG1L
INFO:root:TPRKB
INFO:root:TPRN
INFO:root:TPRX1
INFO:root:TPSAB1
INFO:root:TPSB2
INFO:root:TPSD1
INFO:root:TPSG1
INFO:root:TPST1
INFO:root:TPST2
INFO:root:TPT1
INFO:root:TPTE
INFO:root:TPTE2
INFO:root:TPX2
INFO:root:TRA2A
INFO:root:TRA2B
INFO:root:TRABD
INFO:root:TRABD2A
INFO:root:TRABD2B
INFO:root:TRADD
INFO:root:TRAF1
INFO:root:TRAF2
INFO:root:TRAF3
INFO:root:TRAF3IP1
INFO:root:TRAF3IP2
INFO:root:TRAF3IP3
INFO:root:TRAF4
INFO:root:TRAF5
INFO:root:TRAF6
INFO:root:TRAF7
INFO:root:TRAFD1
INFO:root:TRAIP
INFO:root:TRAK1
INFO:root:TRAK2
INFO:root:TRAM1
INFO:root:TRAM1L1
INFO:root:TRAM2
INFO:root:TRANK1
INFO:root:TRAP1
INFO:root:TRAPPC1
INFO:root:TRAPPC10
INFO:root:TRAPPC11
INFO:root:TRAPPC12
INFO:root:TRAPPC13
INFO:root:TRAPPC2
INFO:root:TRAPPC2B
INFO:root:TRAPPC2L
INFO:root:TRAPPC3
INFO:root:TRAPPC3L
INFO:root:TRAPPC4
INFO:root:TRAPPC5
INFO:root:TRAPPC6A
INFO:root:TRAPPC6B
INFO:root:TRAPPC8
INFO:root:TRAPPC9
INFO:root:TRARG1
INFO:root:TRAT1
INFO:root:TRDMT1
INFO:root:TRDN
INFO:root:TREH
INFO:root:TREM1
INFO:root:TREM2
INFO:root:TREML1
INFO:root:TREML2
INFO:root:TREML4
INFO:root:TRERF1
INFO:root:TREX1
INFO:root:TREX2
INFO:root:TRH
INFO:root:TRHDE
INFO:root:TRHR
INFO:root:TRIAP1
INFO:root:TRIB1
INFO:root:TRIB2
INFO:root:TRIB3
INFO:root:TRIM10
INFO:root:TRIM11
INFO:root:TRIM13
INFO:root:TRIM14
INFO:root:TRIM15
INFO:root:TRIM16
INFO:root:TRIM16L
INFO:root:TRIM17
INFO:root:TRIM2
INFO:root:TRIM21
INFO:root:TRIM22
INFO:root:TRIM23
INFO:root:TRIM24
INFO:root:TRIM25
INFO:root:TRIM26
INFO:root:TRIM27
INFO:root:TRIM28
INFO:root:TRIM29
INFO:root:TRIM3
INFO:root:TRIM31
INFO:root:TRIM32
INFO:root:TRIM33
INFO:root:TRIM34
INFO:root:TRIM35
INFO:root:TRIM36
INFO:root:TRIM37
INFO:root:TRIM38
INFO:root:TRIM39
INFO:root:TRIM4
INFO:root:TRIM40
INFO:root:TRIM41
INFO:root:TRIM42
INFO:root:TRIM43
INFO:root:TRIM44
INFO:root:TRIM45
INFO:root:TRIM46
INFO:root:TRIM47
INFO:root:TRIM48
INFO:root:TRIM49
INFO:root:TRIM49B
INFO:root:TRIM49C
INFO:root:TRIM49D1
INFO:root:TRIM5
INFO:root:TRIM50
INFO:root:TRIM51
INFO:root:TRIM52
INFO:root:TRIM54
INFO:root:TRIM55
INFO:root:TRIM56
INFO:root:TRIM58
INFO:root:TRIM59
INFO:root:TRIM6
INFO:root:TRIM60
INFO:root:TRIM61
INFO:root:TRIM62
INFO:root:TRIM63
INFO:root:TRIM64
INFO:root:TRIM64B
INFO:root:TRIM64C
INFO:root:TRIM65
INFO:root:TRIM66
INFO:root:TRIM67
INFO:root:TRIM68
INFO:root:TRIM69
INFO:root:TRIM7
INFO:root:TRIM71
INFO:root:TRIM72
INFO:root:TRIM73
INFO:root:TRIM74
INFO:root:TRIM77
INFO:root:TRIM8
INFO:root:TRIM9
INFO:root:TRIML1
INFO:root:TRIML2
INFO:root:TRIO
INFO:root:TRIOBP
INFO:root:TRIP10
INFO:root:TRIP11
INFO:root:TRIP12
INFO:root:TRIP13
INFO:root:TRIP4
INFO:root:TRIP6
INFO:root:TRIQK
INFO:root:TRIR
INFO:root:TRIT1
INFO:root:TRMO
INFO:root:TRMT1
INFO:root:TRMT10A
INFO:root:TRMT10B
INFO:root:TRMT10C
INFO:root:TRMT11
INFO:root:TRMT112
INFO:root:TRMT12
INFO:root:TRMT13
INFO:root:TRMT1L
INFO:root:TRMT2A
INFO:root:TRMT2B
INFO:root:TRMT44
INFO:root:TRMT5
INFO:root:TRMT6
INFO:root:TRMT61A
INFO:root:TRMT61B
INFO:root:TRMT9B
INFO:root:TRMU
INFO:root:TRNAU1AP
INFO:root:TRNP1
INFO:root:TRNT1
INFO:root:TRO
INFO:root:TROAP
INFO:root:TROVE2
INFO:root:TRPA1
INFO:root:TRPC1
INFO:root:TRPC3
INFO:root:TRPC4
INFO:root:TRPC4AP
INFO:root:TRPC5
INFO:root:TRPC6
INFO:root:TRPC7
INFO:root:TRPM1
INFO:root:TRPM2
INFO:root:TRPM3
INFO:root:TRPM4
INFO:root:TRPM5
INFO:root:TRPM6
INFO:root:TRPM7
INFO:root:TRPM8
INFO:root:TRPS1
INFO:root:TRPT1
INFO:root:TRPV1
INFO:root:TRPV2
INFO:root:TRPV3
INFO:root:TRPV4
INFO:root:TRPV5
INFO:root:TRPV6
INFO:root:TRRAP
INFO:root:TRUB1
INFO:root:TRUB2
INFO:root:TSACC
INFO:root:TSC1
INFO:root:TSC2
INFO:root:TSC22D1
INFO:root:TSC22D2
INFO:root:TSC22D3
INFO:root:TSC22D4
INFO:root:TSEN15
INFO:root:TSEN2
INFO:root:TSEN34
INFO:root:TSEN54
INFO:root:TSFM
INFO:root:TSG101
INFO:root:TSGA10
INFO:root:TSGA10IP
INFO:root:TSGA13
INFO:root:TSHB
INFO:root:TSHR
INFO:root:TSHZ1
INFO:root:TSHZ2
INFO:root:TSHZ3
INFO:root:TSKS
INFO:root:TSKU
INFO:root:TSLP
INFO:root:TSN
INFO:root:TSNARE1
INFO:root:TSNAX
INFO:root:TSNAXIP1
INFO:root:TSPAN1
INFO:root:TSPAN10
INFO:root:TSPAN11
INFO:root:TSPAN12
INFO:root:TSPAN13
INFO:root:TSPAN14
INFO:root:TSPAN15
INFO:root:TSPAN16
INFO:root:TSPAN17
INFO:root:TSPAN18
INFO:root:TSPAN19
INFO:root:TSPAN2
INFO:root:TSPAN3
INFO:root:TSPAN31
INFO:root:TSPAN32
INFO:root:TSPAN33
INFO:root:TSPAN4
INFO:root:TSPAN5
INFO:root:TSPAN6
INFO:root:TSPAN7
INFO:root:TSPAN8
INFO:root:TSPAN9
INFO:root:TSPEAR
INFO:root:TSPO
INFO:root:TSPO2
INFO:root:TSPOAP1
INFO:root:TSPYL1
INFO:root:TSPYL2
INFO:root:TSPYL4
INFO:root:TSPYL5
INFO:root:TSPYL6
INFO:root:TSR1
INFO:root:TSR2
INFO:root:TSR3
INFO:root:TSSC4
INFO:root:TSSK1B
INFO:root:TSSK2
INFO:root:TSSK3
INFO:root:TSSK4
INFO:root:TSSK6
INFO:root:TST
INFO:root:TSTA3
INFO:root:TSTD1
INFO:root:TSTD2
INFO:root:TTBK1
INFO:root:TTBK2
INFO:root:TTC1
INFO:root:TTC12
INFO:root:TTC13
INFO:root:TTC14
INFO:root:TTC16
INFO:root:TTC17
INFO:root:TTC19
INFO:root:TTC21A
INFO:root:TTC21B
INFO:root:TTC22
INFO:root:TTC23
INFO:root:TTC23L
INFO:root:TTC24
INFO:root:TTC26
INFO:root:TTC27
INFO:root:TTC28
INFO:root:TTC29
INFO:root:TTC3
INFO:root:TTC30A
INFO:root:TTC30B
INFO:root:TTC31
INFO:root:TTC32
INFO:root:TTC33
INFO:root:TTC34
INFO:root:TTC36
INFO:root:TTC37
INFO:root:TTC38
INFO:root:TTC39A
INFO:root:TTC39B
INFO:root:TTC39C
INFO:root:TTC4
INFO:root:TTC5
INFO:root:TTC6
INFO:root:TTC7A
INFO:root:TTC7B
INFO:root:TTC8
INFO:root:TTC9
INFO:root:TTC9B
INFO:root:TTC9C
INFO:root:TTF1
INFO:root:TTF2
INFO:root:TTI1
INFO:root:TTI2
INFO:root:TTK
INFO:root:TTL
INFO:root:TTLL1
INFO:root:TTLL10
INFO:root:TTLL11
INFO:root:TTLL12
INFO:root:TTLL2
INFO:root:TTLL3
INFO:root:TTLL4
INFO:root:TTLL5
INFO:root:TTLL6
INFO:root:TTLL7
INFO:root:TTLL8
INFO:root:TTLL9
INFO:root:TTN
INFO:root:TTPA
INFO:root:TTPAL
INFO:root:TTR
INFO:root:TTYH1
INFO:root:TTYH2
INFO:root:TTYH3
INFO:root:TUB
INFO:root:TUBA1A
INFO:root:TUBA1B
INFO:root:TUBA1C
INFO:root:TUBA3C
INFO:root:TUBA3D
INFO:root:TUBA3E
INFO:root:TUBA4A
INFO:root:TUBA8
INFO:root:TUBAL3
INFO:root:TUBB
INFO:root:TUBB1
INFO:root:TUBB2A
INFO:root:TUBB2B
INFO:root:TUBB3
INFO:root:TUBB4A
INFO:root:TUBB4B
INFO:root:TUBB6
INFO:root:TUBB8
INFO:root:TUBD1
INFO:root:TUBE1
INFO:root:TUBG1
INFO:root:TUBG2
INFO:root:TUBGCP2
INFO:root:TUBGCP3
INFO:root:TUBGCP4
INFO:root:TUBGCP5
INFO:root:TUBGCP6
INFO:root:TUFM
INFO:root:TUFT1
INFO:root:TULP1
INFO:root:TULP2
INFO:root:TULP3
INFO:root:TULP4
INFO:root:TUSC1
INFO:root:TUSC2
INFO:root:TUSC3
INFO:root:TUT1
INFO:root:TUT4
INFO:root:TUT7
INFO:root:TVP23A
INFO:root:TVP23B
INFO:root:TVP23C
INFO:root:TWF1
INFO:root:TWF2
INFO:root:TWIST1
INFO:root:TWIST2
INFO:root:TWISTNB
INFO:root:TWNK
INFO:root:TWSG1
INFO:root:TXK
INFO:root:TXLNA
INFO:root:TXLNB
INFO:root:TXLNG
INFO:root:TXN
INFO:root:TXN2
INFO:root:TXNDC11
INFO:root:TXNDC12
INFO:root:TXNDC15
INFO:root:TXNDC16
INFO:root:TXNDC17
INFO:root:TXNDC2
INFO:root:TXNDC5
INFO:root:TXNDC8
INFO:root:TXNDC9
INFO:root:TXNIP
INFO:root:TXNL1
INFO:root:TXNL4A
INFO:root:TXNL4B
INFO:root:TXNRD1
INFO:root:TXNRD2
INFO:root:TXNRD3
INFO:root:TXNRD3NB
INFO:root:TYK2
INFO:root:TYMP
INFO:root:TYMS
INFO:root:TYR
INFO:root:TYRO3
INFO:root:TYROBP
INFO:root:TYRP1
INFO:root:TYSND1
INFO:root:TYW1
INFO:root:TYW1B
INFO:root:TYW3
INFO:root:TYW5
INFO:root:U2AF1
INFO:root:U2AF1L4
INFO:root:U2AF2
INFO:root:U2SURP
INFO:root:UACA
INFO:root:UAP1
INFO:root:UAP1L1
INFO:root:UBA1
INFO:root:UBA2
INFO:root:UBA3
INFO:root:UBA5
INFO:root:UBA52
INFO:root:UBA6
INFO:root:UBA7
INFO:root:UBAC1
INFO:root:UBAC2
INFO:root:UBALD1
INFO:root:UBALD2
INFO:root:UBAP1
INFO:root:UBAP1L
INFO:root:UBAP2
INFO:root:UBAP2L
INFO:root:UBASH3A
INFO:root:UBASH3B
INFO:root:UBB
INFO:root:UBC
INFO:root:UBD
INFO:root:UBE2A
INFO:root:UBE2B
INFO:root:UBE2C
INFO:root:UBE2D1
INFO:root:UBE2D2
INFO:root:UBE2D3
INFO:root:UBE2D4
INFO:root:UBE2E1
INFO:root:UBE2E2
INFO:root:UBE2E3
INFO:root:UBE2F
INFO:root:UBE2G1
INFO:root:UBE2G2
INFO:root:UBE2H
INFO:root:UBE2I
INFO:root:UBE2J1
INFO:root:UBE2J2
INFO:root:UBE2K
INFO:root:UBE2L3
INFO:root:UBE2L6
INFO:root:UBE2M
INFO:root:UBE2N
INFO:root:UBE2NL
INFO:root:UBE2O
INFO:root:UBE2Q1
INFO:root:UBE2Q2
INFO:root:UBE2QL1
INFO:root:UBE2R2
INFO:root:UBE2S
INFO:root:UBE2T
INFO:root:UBE2U
INFO:root:UBE2V1
INFO:root:UBE2V2
INFO:root:UBE2W
INFO:root:UBE2Z
INFO:root:UBE3A
INFO:root:UBE3B
INFO:root:UBE3C
INFO:root:UBE3D
INFO:root:UBE4A
INFO:root:UBE4B
INFO:root:UBFD1
INFO:root:UBIAD1
INFO:root:UBL3
INFO:root:UBL4A
INFO:root:UBL4B
INFO:root:UBL5
INFO:root:UBL7
INFO:root:UBLCP1
INFO:root:UBN1
INFO:root:UBN2
INFO:root:UBOX5
INFO:root:UBP1
INFO:root:UBQLN1
INFO:root:UBQLN2
INFO:root:UBQLN3
INFO:root:UBQLN4
INFO:root:UBQLNL
INFO:root:UBR1
INFO:root:UBR2
INFO:root:UBR3
INFO:root:UBR4
INFO:root:UBR5
INFO:root:UBR7
INFO:root:UBTD1
INFO:root:UBTD2
INFO:root:UBTF
INFO:root:UBXN1
INFO:root:UBXN10
INFO:root:UBXN11
INFO:root:UBXN2A
INFO:root:UBXN2B
INFO:root:UBXN4
INFO:root:UBXN6
INFO:root:UBXN7
INFO:root:UCHL1
INFO:root:UCHL3
INFO:root:UCHL5
INFO:root:UCK1
INFO:root:UCK2
INFO:root:UCKL1
INFO:root:UCMA
INFO:root:UCN
INFO:root:UCN2
INFO:root:UCN3
INFO:root:UCP1
INFO:root:UCP2
INFO:root:UCP3
INFO:root:UEVLD
INFO:root:UFC1
INFO:root:UFD1
INFO:root:UFL1
INFO:root:UFM1
INFO:root:UFSP1
INFO:root:UFSP2
INFO:root:UGCG
INFO:root:UGDH
INFO:root:UGGT1
INFO:root:UGGT2
INFO:root:UGP2
INFO:root:UGT1A
INFO:root:UGT2A1
INFO:root:UGT2A3
INFO:root:UGT2B10
INFO:root:UGT2B11
INFO:root:UGT2B15
INFO:root:UGT2B17
INFO:root:UGT2B28
INFO:root:UGT2B4
INFO:root:UGT2B7
INFO:root:UGT3A1
INFO:root:UGT3A2
INFO:root:UGT8
INFO:root:UHMK1
INFO:root:UHRF1BP1
INFO:root:UHRF1BP1L
INFO:root:UHRF2
INFO:root:UIMC1
INFO:root:ULBP1
INFO:root:ULBP2
INFO:root:ULBP3
INFO:root:ULK1
INFO:root:ULK2
INFO:root:ULK3
INFO:root:ULK4
INFO:root:UMAD1
INFO:root:UMOD
INFO:root:UMODL1
INFO:root:UMPS
INFO:root:UNC119
INFO:root:UNC119B
INFO:root:UNC13A
INFO:root:UNC13B
INFO:root:UNC13C
INFO:root:UNC13D
INFO:root:UNC45A
INFO:root:UNC45B
INFO:root:UNC50
INFO:root:UNC5A
INFO:root:UNC5B
INFO:root:UNC5C
INFO:root:UNC5CL
INFO:root:UNC5D
INFO:root:UNC79
INFO:root:UNC80
INFO:root:UNC93A
INFO:root:UNC93B1
INFO:root:UNCX
INFO:root:UNG
INFO:root:UNK
INFO:root:UNKL
INFO:root:UPB1
INFO:root:UPF1
INFO:root:UPF2
INFO:root:UPF3A
INFO:root:UPF3B
INFO:root:UPK1A
INFO:root:UPK1B
INFO:root:UPK2
INFO:root:UPK3A
INFO:root:UPK3B
INFO:root:UPK3BL1
INFO:root:UPP1
INFO:root:UPP2
INFO:root:UPRT
INFO:root:UQCC1
INFO:root:UQCC2
INFO:root:UQCC3
INFO:root:UQCR10
INFO:root:UQCR11
INFO:root:UQCRB
INFO:root:UQCRC1
INFO:root:UQCRC2
INFO:root:UQCRFS1
INFO:root:UQCRH
INFO:root:UQCRQ
INFO:root:URAD
INFO:root:URB1
INFO:root:URB2
INFO:root:URGCP
INFO:root:URI1
INFO:root:URM1
INFO:root:UROC1
INFO:root:UROD
INFO:root:UROS
INFO:root:USB1
INFO:root:USE1
INFO:root:USF1
INFO:root:USF2
INFO:root:USF3
INFO:root:USH1C
INFO:root:USH1G
INFO:root:USH2A
INFO:root:USHBP1
INFO:root:USMG5
INFO:root:USO1
INFO:root:USP1
INFO:root:USP10
INFO:root:USP11
INFO:root:USP12
INFO:root:USP13
INFO:root:USP14
INFO:root:USP15
INFO:root:USP16
INFO:root:USP17L10
INFO:root:USP17L11
INFO:root:USP17L12
INFO:root:USP17L13
INFO:root:USP17L15
INFO:root:USP17L17
INFO:root:USP17L18
INFO:root:USP17L19
INFO:root:USP17L2
INFO:root:USP17L20
INFO:root:USP17L21
INFO:root:USP17L22
INFO:root:USP17L23
INFO:root:USP17L24
INFO:root:USP17L25
INFO:root:USP17L26
INFO:root:USP17L27
INFO:root:USP17L28
INFO:root:USP17L29
INFO:root:USP17L30
INFO:root:USP17L5
INFO:root:USP18
INFO:root:USP19
INFO:root:USP2
INFO:root:USP20
INFO:root:USP21
INFO:root:USP22
INFO:root:USP24
INFO:root:USP25
INFO:root:USP26
INFO:root:USP27X
INFO:root:USP28
INFO:root:USP29
INFO:root:USP3
INFO:root:USP30
INFO:root:USP31
INFO:root:USP32
INFO:root:USP33
INFO:root:USP34
INFO:root:USP35
INFO:root:USP36
INFO:root:USP37
INFO:root:USP38
INFO:root:USP39
INFO:root:USP4
INFO:root:USP40
INFO:root:USP41
INFO:root:USP42
INFO:root:USP43
INFO:root:USP44
INFO:root:USP45
INFO:root:USP46
INFO:root:USP47
INFO:root:USP48
INFO:root:USP49
INFO:root:USP5
INFO:root:USP50
INFO:root:USP51
INFO:root:USP53
INFO:root:USP54
INFO:root:USP6
INFO:root:USP6NL
INFO:root:USP7
INFO:root:USP8
INFO:root:USP9X
INFO:root:USPL1
INFO:root:UST
INFO:root:UTF1
INFO:root:UTP11
INFO:root:UTP14A
INFO:root:UTP14C
INFO:root:UTP15
INFO:root:UTP18
INFO:root:UTP20
INFO:root:UTP23
INFO:root:UTP25
INFO:root:UTP3
INFO:root:UTP4
INFO:root:UTP6
INFO:root:UTRN
INFO:root:UTS2
INFO:root:UTS2B
INFO:root:UTS2R
INFO:root:UVRAG
INFO:root:UVSSA
INFO:root:UXS1
INFO:root:UXT
INFO:root:VAC14
INFO:root:VAMP1
INFO:root:VAMP2
INFO:root:VAMP3
INFO:root:VAMP4
INFO:root:VAMP5
INFO:root:VAMP7
INFO:root:VAMP8
INFO:root:VANGL1
INFO:root:VANGL2
INFO:root:VAPA
INFO:root:VAPB
INFO:root:VARS
INFO:root:VARS2
INFO:root:VASH1
INFO:root:VASH2
INFO:root:VASN
INFO:root:VASP
INFO:root:VAT1
INFO:root:VAT1L
INFO:root:VAV1
INFO:root:VAV2
INFO:root:VAV3
INFO:root:VAX1
INFO:root:VAX2
INFO:root:VBP1
INFO:root:VCAM1
INFO:root:VCAN
INFO:root:VCL
INFO:root:VCP
INFO:root:VCPIP1
INFO:root:VCPKMT
INFO:root:VCX
INFO:root:VCX2
INFO:root:VCX3A
INFO:root:VCX3B
INFO:root:VDAC1
INFO:root:VDAC2
INFO:root:VDAC3
INFO:root:VDR
INFO:root:VEGFA
INFO:root:VEGFB
INFO:root:VEGFC
INFO:root:VEGFD
INFO:root:VENTX
INFO:root:VEPH1
INFO:root:VEZF1
INFO:root:VEZT
INFO:root:VGF
INFO:root:VGLL1
INFO:root:VGLL2
INFO:root:VGLL3
INFO:root:VGLL4
INFO:root:VHL
INFO:root:VHLL
INFO:root:VIL1
INFO:root:VILL
INFO:root:VIM
INFO:root:VIP
INFO:root:VIPAS39
INFO:root:VIPR1
INFO:root:VIPR2
INFO:root:VIRMA
INFO:root:VIT
INFO:root:VKORC1
INFO:root:VKORC1L1
INFO:root:VLDLR
INFO:root:VMA21
INFO:root:VMAC
INFO:root:VMO1
INFO:root:VMP1
INFO:root:VN1R1
INFO:root:VN1R2
INFO:root:VN1R4
INFO:root:VNN1
INFO:root:VNN2
INFO:root:VNN3
INFO:root:VOPP1
INFO:root:VPREB1
INFO:root:VPREB3
INFO:root:VPS11
INFO:root:VPS13A
INFO:root:VPS13B
INFO:root:VPS13C
INFO:root:VPS13D
INFO:root:VPS16
INFO:root:VPS18
INFO:root:VPS25
INFO:root:VPS26A
INFO:root:VPS26B
INFO:root:VPS26C
INFO:root:VPS28
INFO:root:VPS29
INFO:root:VPS33A
INFO:root:VPS33B
INFO:root:VPS35
INFO:root:VPS35L
INFO:root:VPS36
INFO:root:VPS37A
INFO:root:VPS37B
INFO:root:VPS37C
INFO:root:VPS37D
INFO:root:VPS39
INFO:root:VPS41
INFO:root:VPS45
INFO:root:VPS4A
INFO:root:VPS4B
INFO:root:VPS50
INFO:root:VPS51
INFO:root:VPS52
INFO:root:VPS53
INFO:root:VPS54
INFO:root:VPS72
INFO:root:VPS8
INFO:root:VPS9D1
INFO:root:VRK1
INFO:root:VRK2
INFO:root:VRK3
INFO:root:VRTN
INFO:root:VSIG1
INFO:root:VSIG10
INFO:root:VSIG10L
INFO:root:VSIG2
INFO:root:VSIG4
INFO:root:VSIG8
INFO:root:VSIR
INFO:root:VSNL1
INFO:root:VSTM1
INFO:root:VSTM2A
INFO:root:VSTM2B
INFO:root:VSTM2L
INFO:root:VSTM4
INFO:root:VSTM5
INFO:root:VSX1
INFO:root:VSX2
INFO:root:VTA1
INFO:root:VTCN1
INFO:root:VTI1A
INFO:root:VTI1B
INFO:root:VTN
INFO:root:VWA1
INFO:root:VWA2
INFO:root:VWA3A
INFO:root:VWA3B
INFO:root:VWA5A
INFO:root:VWA5B1
INFO:root:VWA5B2
INFO:root:VWA7
INFO:root:VWA8
INFO:root:VWC2
INFO:root:VWC2L
INFO:root:VWCE
INFO:root:VWDE
INFO:root:VWF
INFO:root:VXN
INFO:root:WAC
INFO:root:WAPL
INFO:root:WARS
INFO:root:WARS2
INFO:root:WAS
INFO:root:WASF1
INFO:root:WASF2
INFO:root:WASF3
INFO:root:WASHC2A
INFO:root:WASHC2C
INFO:root:WASHC3
INFO:root:WASHC4
INFO:root:WASHC5
INFO:root:WASL
INFO:root:WBP1
INFO:root:WBP11
INFO:root:WBP1L
INFO:root:WBP2
INFO:root:WBP2NL
INFO:root:WBP4
INFO:root:WDCP
INFO:root:WDFY1
INFO:root:WDFY2
INFO:root:WDFY3
INFO:root:WDFY4
INFO:root:WDHD1
INFO:root:WDPCP
INFO:root:WDR1
INFO:root:WDR11
INFO:root:WDR12
INFO:root:WDR13
INFO:root:WDR17
INFO:root:WDR18
INFO:root:WDR19
INFO:root:WDR20
INFO:root:WDR24
INFO:root:WDR25
INFO:root:WDR26
INFO:root:WDR27
INFO:root:WDR3
INFO:root:WDR31
INFO:root:WDR33
INFO:root:WDR34
INFO:root:WDR35
INFO:root:WDR36
INFO:root:WDR37
INFO:root:WDR38
INFO:root:WDR4
INFO:root:WDR41
INFO:root:WDR43
INFO:root:WDR44
INFO:root:WDR45
INFO:root:WDR45B
INFO:root:WDR46
INFO:root:WDR47
INFO:root:WDR48
INFO:root:WDR49
INFO:root:WDR5
INFO:root:WDR53
INFO:root:WDR54
INFO:root:WDR55
INFO:root:WDR59
INFO:root:WDR5B
INFO:root:WDR6
INFO:root:WDR60
INFO:root:WDR61
INFO:root:WDR62
INFO:root:WDR63
INFO:root:WDR64
INFO:root:WDR66
INFO:root:WDR7
INFO:root:WDR70
INFO:root:WDR72
INFO:root:WDR73
INFO:root:WDR74
INFO:root:WDR75
INFO:root:WDR76
INFO:root:WDR77
INFO:root:WDR78
INFO:root:WDR81
INFO:root:WDR82
INFO:root:WDR83
INFO:root:WDR83OS
INFO:root:WDR86
INFO:root:WDR87
INFO:root:WDR88
INFO:root:WDR89
INFO:root:WDR90
INFO:root:WDR91
INFO:root:WDR92
INFO:root:WDR93
INFO:root:WDR97
INFO:root:WDSUB1
INFO:root:WDTC1
INFO:root:WDYHV1
INFO:root:WEE1
INFO:root:WEE2
INFO:root:WFDC1
INFO:root:WFDC10A
INFO:root:WFDC10B
INFO:root:WFDC11
INFO:root:WFDC12
INFO:root:WFDC13
INFO:root:WFDC2
INFO:root:WFDC3
INFO:root:WFDC5
INFO:root:WFDC6
INFO:root:WFDC8
INFO:root:WFDC9
INFO:root:WFIKKN1
INFO:root:WFIKKN2
INFO:root:WFS1
INFO:root:WHAMM
INFO:root:WHRN
INFO:root:WIF1
INFO:root:WIPF1
INFO:root:WIPF2
INFO:root:WIPF3
INFO:root:WIPI1
INFO:root:WIPI2
INFO:root:WISP1
INFO:root:WISP2
INFO:root:WISP3
INFO:root:WIZ
INFO:root:WLS
INFO:root:WNK1
INFO:root:WNK2
INFO:root:WNK3
INFO:root:WNK4
INFO:root:WNT1
INFO:root:WNT10A
INFO:root:WNT10B
INFO:root:WNT11
INFO:root:WNT16
INFO:root:WNT2
INFO:root:WNT2B
INFO:root:WNT3
INFO:root:WNT3A
INFO:root:WNT4
INFO:root:WNT5A
INFO:root:WNT5B
INFO:root:WNT6
INFO:root:WNT7A
INFO:root:WNT7B
INFO:root:WNT8A
INFO:root:WNT8B
INFO:root:WNT9A
INFO:root:WNT9B
INFO:root:WRAP53
INFO:root:WRAP73
INFO:root:WRB
INFO:root:WRN
INFO:root:WRNIP1
INFO:root:WSB1
INFO:root:WSB2
INFO:root:WSCD1
INFO:root:WSCD2
INFO:root:WT1
INFO:root:WTAP
INFO:root:WTIP
INFO:root:WWC1
INFO:root:WWC2
INFO:root:WWC3
INFO:root:WWOX
INFO:root:WWP1
INFO:root:WWP2
INFO:root:WWTR1
INFO:root:XAB2
INFO:root:XAF1
INFO:root:XAGE1A
INFO:root:XAGE1B
INFO:root:XAGE1C
INFO:root:XAGE1D
INFO:root:XAGE1E
INFO:root:XAGE2
INFO:root:XAGE3
INFO:root:XAGE5
INFO:root:XBP1
INFO:root:XCL1
INFO:root:XCL2
INFO:root:XCR1
INFO:root:XDH
INFO:root:XG
INFO:root:XIAP
INFO:root:XIRP1
INFO:root:XIRP2
INFO:root:XK
INFO:root:XKR3
INFO:root:XKR4
INFO:root:XKR6
INFO:root:XKR7
INFO:root:XKR8
INFO:root:XKR9
INFO:root:XKRX
INFO:root:XPA
INFO:root:XPC
INFO:root:XPNPEP1
INFO:root:XPNPEP2
INFO:root:XPNPEP3
INFO:root:XPO1
INFO:root:XPO4
INFO:root:XPO5
INFO:root:XPO6
INFO:root:XPO7
INFO:root:XPOT
INFO:root:XPR1
INFO:root:XRCC1
INFO:root:XRCC2
INFO:root:XRCC3
INFO:root:XRCC4
INFO:root:XRCC5
INFO:root:XRCC6
INFO:root:XRCC6BP1
INFO:root:XRN1
INFO:root:XRN2
INFO:root:XRRA1
INFO:root:XXYLT1
INFO:root:XYLB
INFO:root:XYLT1
INFO:root:XYLT2
INFO:root:YAE1D1
INFO:root:YAF2
INFO:root:YAP1
INFO:root:YARS
INFO:root:YARS2
INFO:root:YBEY
INFO:root:YBX1
INFO:root:YBX2
INFO:root:YBX3
INFO:root:YDJC
INFO:root:YEATS2
INFO:root:YEATS4
INFO:root:YES1
INFO:root:YIF1A
INFO:root:YIF1B
INFO:root:YIPF1
INFO:root:YIPF2
INFO:root:YIPF3
INFO:root:YIPF4
INFO:root:YIPF5
INFO:root:YIPF6
INFO:root:YIPF7
INFO:root:YJEFN3
INFO:root:YJU2
INFO:root:YKT6
INFO:root:YLPM1
INFO:root:YME1L1
INFO:root:YOD1
INFO:root:YPEL1
INFO:root:YPEL2
INFO:root:YPEL3
INFO:root:YPEL4
INFO:root:YPEL5
INFO:root:YRDC
INFO:root:YTHDC1
INFO:root:YTHDC2
INFO:root:YTHDF1
INFO:root:YTHDF2
INFO:root:YTHDF3
INFO:root:YWHAB
INFO:root:YWHAE
INFO:root:YWHAG
INFO:root:YWHAH
INFO:root:YWHAQ
INFO:root:YWHAZ
INFO:root:YY1
INFO:root:YY1AP1
INFO:root:YY2
INFO:root:ZACN
INFO:root:ZADH2
INFO:root:ZAN
INFO:root:ZAP70
INFO:root:ZAR1
INFO:root:ZAR1L
INFO:root:ZBBX
INFO:root:ZBED1
INFO:root:ZBED2
INFO:root:ZBED3
INFO:root:ZBED4
INFO:root:ZBED5
INFO:root:ZBED6
INFO:root:ZBED6CL
INFO:root:ZBED8
INFO:root:ZBED9
INFO:root:ZBP1
INFO:root:ZBTB1
INFO:root:ZBTB10
INFO:root:ZBTB11
INFO:root:ZBTB12
INFO:root:ZBTB14
INFO:root:ZBTB16
INFO:root:ZBTB17
INFO:root:ZBTB18
INFO:root:ZBTB2
INFO:root:ZBTB20
INFO:root:ZBTB21
INFO:root:ZBTB22
INFO:root:ZBTB24
INFO:root:ZBTB25
INFO:root:ZBTB26
INFO:root:ZBTB3
INFO:root:ZBTB32
INFO:root:ZBTB33
INFO:root:ZBTB34
INFO:root:ZBTB37
INFO:root:ZBTB38
INFO:root:ZBTB39
INFO:root:ZBTB4
INFO:root:ZBTB40
INFO:root:ZBTB41
INFO:root:ZBTB42
INFO:root:ZBTB43
INFO:root:ZBTB44
INFO:root:ZBTB45
INFO:root:ZBTB46
INFO:root:ZBTB47
INFO:root:ZBTB48
INFO:root:ZBTB49
INFO:root:ZBTB5
INFO:root:ZBTB6
INFO:root:ZBTB7A
INFO:root:ZBTB7B
INFO:root:ZBTB7C
INFO:root:ZBTB8A
INFO:root:ZBTB8B
INFO:root:ZBTB8OS
INFO:root:ZBTB9
INFO:root:ZC2HC1A
INFO:root:ZC2HC1B
INFO:root:ZC2HC1C
INFO:root:ZC3H10
INFO:root:ZC3H11A
INFO:root:ZC3H12A
INFO:root:ZC3H12B
INFO:root:ZC3H12C
INFO:root:ZC3H12D
INFO:root:ZC3H13
INFO:root:ZC3H14
INFO:root:ZC3H15
INFO:root:ZC3H18
INFO:root:ZC3H3
INFO:root:ZC3H4
INFO:root:ZC3H6
INFO:root:ZC3H7A
INFO:root:ZC3H7B
INFO:root:ZC3H8
INFO:root:ZC3HAV1
INFO:root:ZC3HAV1L
INFO:root:ZC3HC1
INFO:root:ZC4H2
INFO:root:ZCCHC10
INFO:root:ZCCHC12
INFO:root:ZCCHC13
INFO:root:ZCCHC14
INFO:root:ZCCHC17
INFO:root:ZCCHC18
INFO:root:ZCCHC2
INFO:root:ZCCHC24
INFO:root:ZCCHC3
INFO:root:ZCCHC4
INFO:root:ZCCHC7
INFO:root:ZCCHC8
INFO:root:ZCCHC9
INFO:root:ZCRB1
INFO:root:ZCWPW1
INFO:root:ZCWPW2
INFO:root:ZDBF2
INFO:root:ZDHHC1
INFO:root:ZDHHC11
INFO:root:ZDHHC11B
INFO:root:ZDHHC12
INFO:root:ZDHHC13
INFO:root:ZDHHC14
INFO:root:ZDHHC15
INFO:root:ZDHHC16
INFO:root:ZDHHC17
INFO:root:ZDHHC18
INFO:root:ZDHHC19
INFO:root:ZDHHC2
INFO:root:ZDHHC20
INFO:root:ZDHHC21
INFO:root:ZDHHC22
INFO:root:ZDHHC23
INFO:root:ZDHHC24
INFO:root:ZDHHC3
INFO:root:ZDHHC4
INFO:root:ZDHHC5
INFO:root:ZDHHC6
INFO:root:ZDHHC7
INFO:root:ZDHHC8
INFO:root:ZDHHC9
INFO:root:ZEB1
INFO:root:ZEB2
INFO:root:ZER1
INFO:root:ZFAND1
INFO:root:ZFAND2A
INFO:root:ZFAND2B
INFO:root:ZFAND3
INFO:root:ZFAND4
INFO:root:ZFAND5
INFO:root:ZFAND6
INFO:root:ZFAT
INFO:root:ZFC3H1
INFO:root:ZFHX2
INFO:root:ZFHX3
INFO:root:ZFHX4
INFO:root:ZFP1
INFO:root:ZFP14
INFO:root:ZFP2
INFO:root:ZFP28
INFO:root:ZFP3
INFO:root:ZFP30
INFO:root:ZFP36
INFO:root:ZFP36L1
INFO:root:ZFP36L2
INFO:root:ZFP37
INFO:root:ZFP41
INFO:root:ZFP42
INFO:root:ZFP57
INFO:root:ZFP62
INFO:root:ZFP64
INFO:root:ZFP69
INFO:root:ZFP69B
INFO:root:ZFP82
INFO:root:ZFP90
INFO:root:ZFP91
INFO:root:ZFP92
INFO:root:ZFPL1
INFO:root:ZFPM1
INFO:root:ZFPM2
INFO:root:ZFR
INFO:root:ZFR2
INFO:root:ZFX
INFO:root:ZFYVE1
INFO:root:ZFYVE16
INFO:root:ZFYVE19
INFO:root:ZFYVE21
INFO:root:ZFYVE26
INFO:root:ZFYVE27
INFO:root:ZFYVE28
INFO:root:ZFYVE9
INFO:root:ZG16
INFO:root:ZG16B
INFO:root:ZGLP1
INFO:root:ZGPAT
INFO:root:ZGRF1
INFO:root:ZHX1
INFO:root:ZHX2
INFO:root:ZHX3
INFO:root:ZIC1
INFO:root:ZIC2
INFO:root:ZIC3
INFO:root:ZIC4
INFO:root:ZIC5
INFO:root:ZIK1
INFO:root:ZIM2
INFO:root:ZIM3
INFO:root:ZKSCAN1
INFO:root:ZKSCAN2
INFO:root:ZKSCAN3
INFO:root:ZKSCAN4
INFO:root:ZKSCAN5
INFO:root:ZKSCAN7
INFO:root:ZKSCAN8
INFO:root:ZMAT1
INFO:root:ZMAT2
INFO:root:ZMAT3
INFO:root:ZMAT4
INFO:root:ZMAT5
INFO:root:ZMIZ1
INFO:root:ZMIZ2
INFO:root:ZMPSTE24
INFO:root:ZMYM1
INFO:root:ZMYM2
INFO:root:ZMYM3
INFO:root:ZMYM4
INFO:root:ZMYM5
INFO:root:ZMYM6
INFO:root:ZMYND10
INFO:root:ZMYND11
INFO:root:ZMYND12
INFO:root:ZMYND15
INFO:root:ZMYND19
INFO:root:ZMYND8
INFO:root:ZNF10
INFO:root:ZNF100
INFO:root:ZNF101
INFO:root:ZNF106
INFO:root:ZNF107
INFO:root:ZNF112
INFO:root:ZNF114
INFO:root:ZNF117
INFO:root:ZNF12
INFO:root:ZNF121
INFO:root:ZNF124
INFO:root:ZNF131
INFO:root:ZNF132
INFO:root:ZNF133
INFO:root:ZNF134
INFO:root:ZNF135
INFO:root:ZNF136
INFO:root:ZNF138
INFO:root:ZNF14
INFO:root:ZNF140
INFO:root:ZNF141
INFO:root:ZNF142
INFO:root:ZNF143
INFO:root:ZNF146
INFO:root:ZNF148
INFO:root:ZNF154
INFO:root:ZNF155
INFO:root:ZNF157
INFO:root:ZNF16
INFO:root:ZNF160
INFO:root:ZNF165
INFO:root:ZNF169
INFO:root:ZNF17
INFO:root:ZNF174
INFO:root:ZNF175
INFO:root:ZNF177
INFO:root:ZNF18
INFO:root:ZNF180
INFO:root:ZNF181
INFO:root:ZNF182
INFO:root:ZNF184
INFO:root:ZNF185
INFO:root:ZNF189
INFO:root:ZNF19
INFO:root:ZNF195
INFO:root:ZNF197
INFO:root:ZNF2
INFO:root:ZNF20
INFO:root:ZNF200
INFO:root:ZNF202
INFO:root:ZNF205
INFO:root:ZNF207
INFO:root:ZNF208
INFO:root:ZNF211
INFO:root:ZNF212
INFO:root:ZNF213
INFO:root:ZNF214
INFO:root:ZNF215
INFO:root:ZNF217
INFO:root:ZNF219
INFO:root:ZNF22
INFO:root:ZNF221
INFO:root:ZNF222
INFO:root:ZNF223
INFO:root:ZNF224
INFO:root:ZNF225
INFO:root:ZNF226
INFO:root:ZNF227
INFO:root:ZNF229
INFO:root:ZNF23
INFO:root:ZNF230
INFO:root:ZNF232
INFO:root:ZNF233
INFO:root:ZNF234
INFO:root:ZNF235
INFO:root:ZNF236
INFO:root:ZNF239
INFO:root:ZNF24
INFO:root:ZNF248
INFO:root:ZNF25
INFO:root:ZNF250
INFO:root:ZNF251
INFO:root:ZNF253
INFO:root:ZNF254
INFO:root:ZNF256
INFO:root:ZNF257
INFO:root:ZNF26
INFO:root:ZNF260
INFO:root:ZNF263
INFO:root:ZNF264
INFO:root:ZNF266
INFO:root:ZNF267
INFO:root:ZNF268
INFO:root:ZNF273
INFO:root:ZNF274
INFO:root:ZNF275
INFO:root:ZNF276
INFO:root:ZNF277
INFO:root:ZNF28
INFO:root:ZNF280A
INFO:root:ZNF280B
INFO:root:ZNF280C
INFO:root:ZNF280D
INFO:root:ZNF281
INFO:root:ZNF282
INFO:root:ZNF283
INFO:root:ZNF284
INFO:root:ZNF285
INFO:root:ZNF286A
INFO:root:ZNF286B
INFO:root:ZNF287
INFO:root:ZNF292
INFO:root:ZNF296
INFO:root:ZNF3
INFO:root:ZNF30
INFO:root:ZNF300
INFO:root:ZNF302
INFO:root:ZNF304
INFO:root:ZNF311
INFO:root:ZNF317
INFO:root:ZNF318
INFO:root:ZNF319
INFO:root:ZNF32
INFO:root:ZNF320
INFO:root:ZNF322
INFO:root:ZNF324
INFO:root:ZNF324B
INFO:root:ZNF326
INFO:root:ZNF329
INFO:root:ZNF330
INFO:root:ZNF331
INFO:root:ZNF333
INFO:root:ZNF334
INFO:root:ZNF335
INFO:root:ZNF337
INFO:root:ZNF33A
INFO:root:ZNF33B
INFO:root:ZNF34
INFO:root:ZNF341
INFO:root:ZNF343
INFO:root:ZNF345
INFO:root:ZNF346
INFO:root:ZNF347
INFO:root:ZNF35
INFO:root:ZNF350
INFO:root:ZNF354A
INFO:root:ZNF354B
INFO:root:ZNF354C
INFO:root:ZNF358
INFO:root:ZNF362
INFO:root:ZNF365
INFO:root:ZNF366
INFO:root:ZNF367
INFO:root:ZNF37A
INFO:root:ZNF382
INFO:root:ZNF383
INFO:root:ZNF384
INFO:root:ZNF385A
INFO:root:ZNF385B
INFO:root:ZNF385C
INFO:root:ZNF385D
INFO:root:ZNF391
INFO:root:ZNF394
INFO:root:ZNF395
INFO:root:ZNF396
INFO:root:ZNF397
INFO:root:ZNF398
INFO:root:ZNF404
INFO:root:ZNF407
INFO:root:ZNF408
INFO:root:ZNF41
INFO:root:ZNF410
INFO:root:ZNF414
INFO:root:ZNF415
INFO:root:ZNF416
INFO:root:ZNF417
INFO:root:ZNF418
INFO:root:ZNF419
INFO:root:ZNF420
INFO:root:ZNF423
INFO:root:ZNF425
INFO:root:ZNF426
INFO:root:ZNF428
INFO:root:ZNF429
INFO:root:ZNF43
INFO:root:ZNF430
INFO:root:ZNF431
INFO:root:ZNF432
INFO:root:ZNF433
INFO:root:ZNF436
INFO:root:ZNF438
INFO:root:ZNF439
INFO:root:ZNF44
INFO:root:ZNF440
INFO:root:ZNF441
INFO:root:ZNF442
INFO:root:ZNF443
INFO:root:ZNF444
INFO:root:ZNF445
INFO:root:ZNF446
INFO:root:ZNF449
INFO:root:ZNF45
INFO:root:ZNF451
INFO:root:ZNF454
INFO:root:ZNF460
INFO:root:ZNF461
INFO:root:ZNF462
INFO:root:ZNF467
INFO:root:ZNF468
INFO:root:ZNF469
INFO:root:ZNF470
INFO:root:ZNF471
INFO:root:ZNF473
INFO:root:ZNF474
INFO:root:ZNF479
INFO:root:ZNF48
INFO:root:ZNF480
INFO:root:ZNF483
INFO:root:ZNF484
INFO:root:ZNF485
INFO:root:ZNF486
INFO:root:ZNF487
INFO:root:ZNF488
INFO:root:ZNF490
INFO:root:ZNF491
INFO:root:ZNF492
INFO:root:ZNF493
INFO:root:ZNF496
INFO:root:ZNF497
INFO:root:ZNF500
INFO:root:ZNF501
INFO:root:ZNF502
INFO:root:ZNF503
INFO:root:ZNF506
INFO:root:ZNF507
INFO:root:ZNF510
INFO:root:ZNF511
INFO:root:ZNF512
INFO:root:ZNF512B
INFO:root:ZNF513
INFO:root:ZNF514
INFO:root:ZNF516
INFO:root:ZNF517
INFO:root:ZNF518B
INFO:root:ZNF519
INFO:root:ZNF521
INFO:root:ZNF524
INFO:root:ZNF525
INFO:root:ZNF526
INFO:root:ZNF527
INFO:root:ZNF528
INFO:root:ZNF529
INFO:root:ZNF530
INFO:root:ZNF532
INFO:root:ZNF534
INFO:root:ZNF536
INFO:root:ZNF540
INFO:root:ZNF541
INFO:root:ZNF543
INFO:root:ZNF544
INFO:root:ZNF546
INFO:root:ZNF547
INFO:root:ZNF548
INFO:root:ZNF549
INFO:root:ZNF550
INFO:root:ZNF551
INFO:root:ZNF552
INFO:root:ZNF554
INFO:root:ZNF555
INFO:root:ZNF556
INFO:root:ZNF557
INFO:root:ZNF558
INFO:root:ZNF559
INFO:root:ZNF560
INFO:root:ZNF561
INFO:root:ZNF562
INFO:root:ZNF563
INFO:root:ZNF564
INFO:root:ZNF565
INFO:root:ZNF566
INFO:root:ZNF567
INFO:root:ZNF568
INFO:root:ZNF569
INFO:root:ZNF57
INFO:root:ZNF570
INFO:root:ZNF571
INFO:root:ZNF572
INFO:root:ZNF573
INFO:root:ZNF574
INFO:root:ZNF575
INFO:root:ZNF576
INFO:root:ZNF577
INFO:root:ZNF578
INFO:root:ZNF579
INFO:root:ZNF580
INFO:root:ZNF581
INFO:root:ZNF582
INFO:root:ZNF583
INFO:root:ZNF584
INFO:root:ZNF585A
INFO:root:ZNF585B
INFO:root:ZNF586
INFO:root:ZNF587
INFO:root:ZNF587B
INFO:root:ZNF589
INFO:root:ZNF592
INFO:root:ZNF593
INFO:root:ZNF594
INFO:root:ZNF595
INFO:root:ZNF596
INFO:root:ZNF597
INFO:root:ZNF598
INFO:root:ZNF599
INFO:root:ZNF600
INFO:root:ZNF605
INFO:root:ZNF606
INFO:root:ZNF607
INFO:root:ZNF608
INFO:root:ZNF609
INFO:root:ZNF610
INFO:root:ZNF611
INFO:root:ZNF613
INFO:root:ZNF614
INFO:root:ZNF615
INFO:root:ZNF616
INFO:root:ZNF618
INFO:root:ZNF619
INFO:root:ZNF620
INFO:root:ZNF621
INFO:root:ZNF622
INFO:root:ZNF623
INFO:root:ZNF624
INFO:root:ZNF625
INFO:root:ZNF626
INFO:root:ZNF627
INFO:root:ZNF628
INFO:root:ZNF629
INFO:root:ZNF630
INFO:root:ZNF638
INFO:root:ZNF639
INFO:root:ZNF641
INFO:root:ZNF644
INFO:root:ZNF646
INFO:root:ZNF648
INFO:root:ZNF649
INFO:root:ZNF652
INFO:root:ZNF653
INFO:root:ZNF654
INFO:root:ZNF655
INFO:root:ZNF658
INFO:root:ZNF66
INFO:root:ZNF660
INFO:root:ZNF662
INFO:root:ZNF664
INFO:root:ZNF665
INFO:root:ZNF667
INFO:root:ZNF668
INFO:root:ZNF669
INFO:root:ZNF670
INFO:root:ZNF671
INFO:root:ZNF672
INFO:root:ZNF674
INFO:root:ZNF675
INFO:root:ZNF676
INFO:root:ZNF677
INFO:root:ZNF678
INFO:root:ZNF679
INFO:root:ZNF680
INFO:root:ZNF681
INFO:root:ZNF682
INFO:root:ZNF683
INFO:root:ZNF684
INFO:root:ZNF687
INFO:root:ZNF688
INFO:root:ZNF689
INFO:root:ZNF69
INFO:root:ZNF691
INFO:root:ZNF692
INFO:root:ZNF695
INFO:root:ZNF696
INFO:root:ZNF697
INFO:root:ZNF699
INFO:root:ZNF7
INFO:root:ZNF70
INFO:root:ZNF700
INFO:root:ZNF701
INFO:root:ZNF703
INFO:root:ZNF704
INFO:root:ZNF705A
INFO:root:ZNF705B
INFO:root:ZNF705D
INFO:root:ZNF705G
INFO:root:ZNF706
INFO:root:ZNF707
INFO:root:ZNF708
INFO:root:ZNF709
INFO:root:ZNF71
INFO:root:ZNF710
INFO:root:ZNF711
INFO:root:ZNF713
INFO:root:ZNF714
INFO:root:ZNF716
INFO:root:ZNF717
INFO:root:ZNF720
INFO:root:ZNF721
INFO:root:ZNF724
INFO:root:ZNF726
INFO:root:ZNF727
INFO:root:ZNF728
INFO:root:ZNF729
INFO:root:ZNF730
INFO:root:ZNF732
INFO:root:ZNF736
INFO:root:ZNF737
INFO:root:ZNF738
INFO:root:ZNF74
INFO:root:ZNF740
INFO:root:ZNF746
INFO:root:ZNF747
INFO:root:ZNF749
INFO:root:ZNF750
INFO:root:ZNF75A
INFO:root:ZNF75D
INFO:root:ZNF76
INFO:root:ZNF763
INFO:root:ZNF764
INFO:root:ZNF765
INFO:root:ZNF766
INFO:root:ZNF768
INFO:root:ZNF77
INFO:root:ZNF770
INFO:root:ZNF771
INFO:root:ZNF772
INFO:root:ZNF773
INFO:root:ZNF774
INFO:root:ZNF775
INFO:root:ZNF776
INFO:root:ZNF777
INFO:root:ZNF778
INFO:root:ZNF780A
INFO:root:ZNF780B
INFO:root:ZNF781
INFO:root:ZNF782
INFO:root:ZNF783
INFO:root:ZNF784
INFO:root:ZNF785
INFO:root:ZNF786
INFO:root:ZNF787
INFO:root:ZNF789
INFO:root:ZNF79
INFO:root:ZNF790
INFO:root:ZNF791
INFO:root:ZNF792
INFO:root:ZNF793
INFO:root:ZNF799
INFO:root:ZNF8
INFO:root:ZNF80
INFO:root:ZNF800
INFO:root:ZNF804A
INFO:root:ZNF804B
INFO:root:ZNF805
INFO:root:ZNF808
INFO:root:ZNF81
INFO:root:ZNF813
INFO:root:ZNF814
INFO:root:ZNF816
INFO:root:ZNF821
INFO:root:ZNF823
INFO:root:ZNF827
INFO:root:ZNF829
INFO:root:ZNF83
INFO:root:ZNF830
INFO:root:ZNF831
INFO:root:ZNF835
INFO:root:ZNF836
INFO:root:ZNF837
INFO:root:ZNF839
INFO:root:ZNF84
INFO:root:ZNF841
INFO:root:ZNF843
INFO:root:ZNF844
INFO:root:ZNF845
INFO:root:ZNF846
INFO:root:ZNF85
INFO:root:ZNF850
INFO:root:ZNF852
INFO:root:ZNF853
INFO:root:ZNF860
INFO:root:ZNF862
INFO:root:ZNF865
INFO:root:ZNF878
INFO:root:ZNF879
INFO:root:ZNF880
INFO:root:ZNF891
INFO:root:ZNF90
INFO:root:ZNF91
INFO:root:ZNF92
INFO:root:ZNF93
INFO:root:ZNF98
INFO:root:ZNF99
INFO:root:ZNFX1
INFO:root:ZNHIT1
INFO:root:ZNHIT2
INFO:root:ZNHIT3
INFO:root:ZNHIT6
INFO:root:ZNRD1
INFO:root:ZNRF1
INFO:root:ZNRF2
INFO:root:ZNRF3
INFO:root:ZNRF4
INFO:root:ZP1
INFO:root:ZP2
INFO:root:ZP3
INFO:root:ZP4
INFO:root:ZPBP
INFO:root:ZPBP2
INFO:root:ZPLD1
INFO:root:ZPR1
INFO:root:ZRANB1
INFO:root:ZRANB2
INFO:root:ZRANB3
INFO:root:ZRSR2
INFO:root:ZSCAN1
INFO:root:ZSCAN10
INFO:root:ZSCAN12
INFO:root:ZSCAN16
INFO:root:ZSCAN18
INFO:root:ZSCAN2
INFO:root:ZSCAN20
INFO:root:ZSCAN21
INFO:root:ZSCAN22
INFO:root:ZSCAN23
INFO:root:ZSCAN25
INFO:root:ZSCAN29
INFO:root:ZSCAN30
INFO:root:ZSCAN31
INFO:root:ZSCAN32
INFO:root:ZSCAN4
INFO:root:ZSCAN5A
INFO:root:ZSCAN5B
INFO:root:ZSCAN5C
INFO:root:ZSCAN9
INFO:root:ZSWIM1
INFO:root:ZSWIM2
INFO:root:ZSWIM3
INFO:root:ZSWIM4
INFO:root:ZSWIM5
INFO:root:ZSWIM6
INFO:root:ZSWIM7
INFO:root:ZSWIM8
INFO:root:ZSWIM9
INFO:root:ZUP1
INFO:root:ZW10
INFO:root:ZWILCH
INFO:root:ZWINT
INFO:root:ZXDA
INFO:root:ZXDB
INFO:root:ZXDC
INFO:root:ZYG11A
INFO:root:ZYG11B
INFO:root:ZYX
INFO:root:ZZEF1
INFO:root:ZZZ3
