INFO:root:Loading rates
INFO:root:get expected
INFO:root:get weights
INFO:root:Loading de novos
INFO:root:Starting tests:  10000000 simulations
INFO:root:ACRC
INFO:root:ADCK3
INFO:root:ADCK4
INFO:root:ADRBK1
INFO:root:ADRBK2
INFO:root:AGPAT6
INFO:root:AGPAT9
INFO:root:AIM1
INFO:root:AIM1L
INFO:root:ALS2CR11
INFO:root:AMICA1
INFO:root:APITD1
INFO:root:APOA1BP
INFO:root:ASUN
INFO:root:ATP5SL
INFO:root:AZI1
INFO:root:BTN
INFO:root:C10orf10
INFO:root:C10orf107
INFO:root:C10orf11
INFO:root:C10orf115
INFO:root:C10orf118
INFO:root:C10orf12
INFO:root:C10orf131
INFO:root:C10orf35
INFO:root:C11orf30
INFO:root:C11orf35
INFO:root:C11orf48
INFO:root:C11orf57
INFO:root:C11orf63
INFO:root:C11orf70
INFO:root:C11orf73
INFO:root:C11orf82
INFO:root:C11orf85
INFO:root:C12orf55
INFO:root:C12orf68
INFO:root:C14orf1
INFO:root:C14orf105
INFO:root:C14orf142
INFO:root:C14orf159
INFO:root:C14orf166B
INFO:root:C14orf79
INFO:root:C15orf26
INFO:root:C15orf52
INFO:root:C15orf57
INFO:root:C16orf13
INFO:root:C16orf52
INFO:root:C16orf80
INFO:root:C16orf93
INFO:root:C17orf103
INFO:root:C17orf104
INFO:root:C17orf105
INFO:root:C17orf62
INFO:root:C17orf66
INFO:root:C17orf70
INFO:root:C17orf85
INFO:root:C17orf89
INFO:root:C17orf96
INFO:root:C19orf10
INFO:root:C19orf26
INFO:root:C19orf40
INFO:root:C19orf59
INFO:root:C19orf69
INFO:root:C1orf101
INFO:root:C1orf106
INFO:root:C1orf110
INFO:root:C1orf168
INFO:root:C1orf172
INFO:root:C1orf173
INFO:root:C1orf177
INFO:root:C1orf192
INFO:root:C1orf222
INFO:root:C1orf233
INFO:root:C1orf51
INFO:root:C1orf65
INFO:root:C1orf85
INFO:root:C1orf86
INFO:root:C20orf112
INFO:root:C20orf195
INFO:root:C20orf201
INFO:root:C20orf26
INFO:root:C21orf33
INFO:root:C21orf59
INFO:root:C22orf43
INFO:root:C2orf43
INFO:root:C2orf47
INFO:root:C2orf62
INFO:root:C3orf17
INFO:root:C3orf72
INFO:root:C3orf83
INFO:root:C4BP
INFO:root:C4orf22
INFO:root:C4orf27
INFO:root:C4orf32
INFO:root:C5orf20
INFO:root:C5orf42
INFO:root:C5orf45
INFO:root:C6orf25
INFO:root:C7orf34
INFO:root:C7orf49
INFO:root:C7orf55
INFO:root:C7orf63
INFO:root:C8orf47
INFO:root:C9orf117
INFO:root:C9orf169
INFO:root:C9orf171
INFO:root:C9orf41
INFO:root:C9orf89
INFO:root:CA5
INFO:root:CACNA2
INFO:root:CALB
INFO:root:CARKD
INFO:root:CASC5
INFO:root:CASQ
INFO:root:CAV
INFO:root:CBR
INFO:root:CCBL1
INFO:root:CCBL2
INFO:root:CCDC104
INFO:root:CCDC108
INFO:root:CCDC109B
INFO:root:CCDC11
INFO:root:CCDC135
INFO:root:CCDC147
INFO:root:CCDC163P
INFO:root:CCDC19
INFO:root:CCDC37
INFO:root:CCDC41
INFO:root:CCDC42B
INFO:root:CCDC67
INFO:root:CCNA
INFO:root:CCNB
INFO:root:CCNE
INFO:root:CCNG
INFO:root:CCRN4L
INFO:root:CCT6
INFO:root:CD1
INFO:root:CD8
INFO:root:CDC25
INFO:root:CDK11
INFO:root:CDKN1
INFO:root:CDKN2
INFO:root:CDR
INFO:root:CEA
INFO:root:CEBP
INFO:root:CEBPZ-AS1
INFO:root:CECR5
INFO:root:CEP2
INFO:root:CETN
INFO:root:CF
INFO:root:CFL
INFO:root:CGB
INFO:root:CHDC2
INFO:root:CHK
INFO:root:CHN
INFO:root:CHRNA
INFO:root:CHRNB
INFO:root:CKMT
INFO:root:CKMT1
INFO:root:CLTCL
INFO:root:CMPK
INFO:root:CNIH
INFO:root:CNR
INFO:root:CNTD
INFO:root:COPB
INFO:root:COPG
INFO:root:COPZ
INFO:root:COX4
INFO:root:COX6A
INFO:root:COX6B
INFO:root:COX7A
INFO:root:COX8
INFO:root:CPA
INFO:root:CPSF3L
INFO:root:CPT1
INFO:root:CPXM
INFO:root:CRAMP1L
INFO:root:CREG
INFO:root:CRHR
INFO:root:CSF2R
INFO:root:CSN1
INFO:root:CSRP2BP
INFO:root:CT45A4
INFO:root:CTAG
INFO:root:CTAG1
INFO:root:CTB
INFO:root:CTNNB
INFO:root:CTNND
INFO:root:CTPS
INFO:root:CTRB
INFO:root:CXorf22
INFO:root:CXorf27
INFO:root:CXorf30
INFO:root:CXorf40
INFO:root:CYB5
INFO:root:CYP1
INFO:root:CYP11A
INFO:root:CYP11B
INFO:root:CYP17
INFO:root:CYP19
INFO:root:CYP21
INFO:root:CYP24
INFO:root:CYP27
INFO:root:CYP2B
INFO:root:CYP2C
INFO:root:CYP2D
INFO:root:CYP2D7P
INFO:root:CYP2E
INFO:root:CYP2F
INFO:root:CYP46
INFO:root:CYP4A2
INFO:root:CYP51
INFO:root:CYP7
INFO:root:DACH
INFO:root:DDX19
INFO:root:DDX26B
INFO:root:DDX3
INFO:root:DDX39
INFO:root:DECR
INFO:root:DEFB103
INFO:root:DEFB104
INFO:root:DEFB105
INFO:root:DEFB106
INFO:root:DEFB107
INFO:root:DEFB130
INFO:root:DEFB131
INFO:root:DEFB4
INFO:root:DFNA5
INFO:root:DGAT
INFO:root:DGCR14
INFO:root:DHFRL1
INFO:root:DKC
INFO:root:DM
INFO:root:DNM
INFO:root:DNMT
INFO:root:DPAGT
INFO:root:DPCR1
INFO:root:DSG
INFO:root:DYRK
INFO:root:DYRK1
INFO:root:DYX1C1
INFO:root:EBF
INFO:root:ECE
INFO:root:EEF1A
INFO:root:EF1A
INFO:root:EF2
INFO:root:EFCAB4A
INFO:root:EFCAB4B
INFO:root:EFTUD1
INFO:root:EIF1A
INFO:root:EIF2
INFO:root:EIF2B
INFO:root:EIF3
INFO:root:EIF4A
INFO:root:EIF4G
INFO:root:ELA1
INFO:root:ELA3A
INFO:root:ELA3B
INFO:root:EPHX
INFO:root:ERBB2IP
INFO:root:ERO1L
INFO:root:ERO1LB
INFO:root:ERV3
INFO:root:ESR
INFO:root:EVI2
INFO:root:EXOC3L
INFO:root:F13A
INFO:root:F8A
INFO:root:FAIM3
INFO:root:FAM132A
INFO:root:FAM132B
INFO:root:FAM188A
INFO:root:FAM188B
INFO:root:FAM188B2
INFO:root:FAM194A
INFO:root:FAM194B
INFO:root:FAM195A
INFO:root:FAM195B
INFO:root:FAM203A
INFO:root:FAM203B
INFO:root:FAM211A
INFO:root:FAM211B
INFO:root:FAM212A
INFO:root:FAM212B
INFO:root:FAM26D
INFO:root:FAM26E
INFO:root:FAM26F
INFO:root:FAM58A
INFO:root:FAM63A
INFO:root:FAM63B
INFO:root:FAM73A
INFO:root:FAM73B
INFO:root:FAM86A
INFO:root:FAM86C
INFO:root:FAM92A1
INFO:root:FAT
INFO:root:FBN
INFO:root:FBP
INFO:root:FBXO18
INFO:root:FCGR2
INFO:root:FCGR3
INFO:root:FDX
INFO:root:FDX1L
INFO:root:FKBP1
INFO:root:FLN
INFO:root:FLT
INFO:root:FMN
INFO:root:FMNL
INFO:root:FNDC3
INFO:root:FOLH
INFO:root:FOLR
INFO:root:FOLR4
INFO:root:FOXD4L2
INFO:root:FRMD4
INFO:root:FTSJ2
INFO:root:FUBP
INFO:root:FUR
INFO:root:FYB
INFO:root:GAD
INFO:root:GAGE2
INFO:root:GALK
INFO:root:GAPD
INFO:root:GAREM
INFO:root:GAREML
INFO:root:GAS
INFO:root:GATS
INFO:root:GATSL1
INFO:root:GATSL2
INFO:root:GATSL3
INFO:root:GBAS
INFO:root:GCH
INFO:root:GCN1L1
INFO:root:GDH
INFO:root:GFPT
INFO:root:GGT
INFO:root:GLI
INFO:root:GLR
INFO:root:GLTPD1
INFO:root:GLTSCR2
INFO:root:GLUD
INFO:root:GNPTA
INFO:root:GNRH
INFO:root:GOLGA6
INFO:root:GOLGA6L18
INFO:root:GOLGA6L20
INFO:root:GON4
INFO:root:GP1B
INFO:root:GPER
INFO:root:GPM6
INFO:root:GPR89
INFO:root:GPR89C
INFO:root:GRAMD2
INFO:root:GRAMD3
INFO:root:GRIK
INFO:root:GSDM
INFO:root:GSG2
INFO:root:GST2
INFO:root:GUCA
INFO:root:GUCA1
INFO:root:GUCA2
INFO:root:GUCY1A3
INFO:root:GUCY1B3
INFO:root:GYG
INFO:root:GYLTL1B
INFO:root:GYS
INFO:root:H2A
INFO:root:H2AFB
INFO:root:H2B
INFO:root:H3F3
INFO:root:HAS
INFO:root:HEATR2
INFO:root:HFE2
INFO:root:HIAT1
INFO:root:HIATL1
INFO:root:HIATL2
INFO:root:HINT
INFO:root:HIST2H2AA
INFO:root:HIST2H4
INFO:root:HLA-DQA
INFO:root:HLA-DQB
INFO:root:HMGCS
INFO:root:HN1
INFO:root:HN1L
INFO:root:HPRT
INFO:root:HPS
INFO:root:HS6ST
INFO:root:HSD11
INFO:root:HSD11B
INFO:root:HSD3B
INFO:root:HSPA1
INFO:root:HTR2
INFO:root:HTR3
INFO:root:ICOSL
INFO:root:ICT1
INFO:root:IDO
INFO:root:IF
INFO:root:IFFO
INFO:root:IFLTD1
INFO:root:IFNAR
INFO:root:IFNB
INFO:root:IFNGR
INFO:root:IGJ
INFO:root:IGLL
INFO:root:IKBKAP
INFO:root:IL1
INFO:root:IL10R
INFO:root:IL12RB
INFO:root:IL17
INFO:root:IL17R
INFO:root:IL1R
INFO:root:IL1RAPL
INFO:root:IL22R
INFO:root:IL2R
INFO:root:IL5R
INFO:root:IL8
INFO:root:IMPA
INFO:root:INPP4
INFO:root:IQCA
INFO:root:ITFG3
INFO:root:ITSN
INFO:root:KCNE1L
INFO:root:KCNF
INFO:root:KCNG
INFO:root:KDM1
INFO:root:KIAA0141
INFO:root:KIAA0368
INFO:root:KIAA0430
INFO:root:KIAA0907
INFO:root:KIAA0947
INFO:root:KIAA1009
INFO:root:KIAA1161
INFO:root:KIAA1199
INFO:root:KIAA1279
INFO:root:KIAA1377
INFO:root:KIAA1407
INFO:root:KIAA1430
INFO:root:KIAA1462
INFO:root:KIAA1467
INFO:root:KIAA1524
INFO:root:KIAA1683
INFO:root:KIAA1715
INFO:root:KIAA1731
INFO:root:KIAA1919
INFO:root:KIAA2022
INFO:root:KIF2
INFO:root:KIR
INFO:root:KIRREL
INFO:root:KNG
INFO:root:KREMEN
INFO:root:KSR
INFO:root:L3MBTL
INFO:root:LAD
INFO:root:LAMA
INFO:root:LARGE
INFO:root:LDHAL6
INFO:root:LECT1
INFO:root:LEU1
INFO:root:LGS
INFO:root:LHFP
INFO:root:LIMS3L
INFO:root:LIN28
INFO:root:LINS
INFO:root:LLGL
INFO:root:LMX1
INFO:root:LNX
INFO:root:LP
INFO:root:LRRC16
INFO:root:LRRC16A
INFO:root:LRRC16B
INFO:root:LRRC48
INFO:root:LRRC8
INFO:root:LSMD1
INFO:root:LYRM5
INFO:root:MB21D1
INFO:root:MBD3L
INFO:root:MBL
INFO:root:MBNL
INFO:root:MEA
INFO:root:MEF
INFO:root:MESDC2
INFO:root:METTL10
INFO:root:METTL12
INFO:root:METTL2
INFO:root:METTL20
INFO:root:METTL21B
INFO:root:MFI2
INFO:root:MFSD2
INFO:root:MFSD4
INFO:root:MGAT
INFO:root:MKS
INFO:root:MLT
INFO:root:MMRN
INFO:root:MORC
INFO:root:MRC1L1
INFO:root:MRE11A
INFO:root:MRP63
INFO:root:MS4A4
INFO:root:MS4A6
INFO:root:MSRB
INFO:root:MT1
INFO:root:MT2
INFO:root:MTERF
INFO:root:MTERFD1
INFO:root:MTERFD2
INFO:root:MTERFD3
INFO:root:MTHFD
INFO:root:MTX
INFO:root:MUC3
INFO:root:MUC5
INFO:root:MURC
INFO:root:MYEOV2
INFO:root:MYO15
INFO:root:MYOZ
INFO:root:N6AMT2
INFO:root:NAPRT1
INFO:root:NARG2
INFO:root:NAT6
INFO:root:NBPF16
INFO:root:NBPF24
INFO:root:NCBP
INFO:root:NCK
INFO:root:NEU
INFO:root:NEURL
INFO:root:NEUROD
INFO:root:NFI
INFO:root:NFKBI
INFO:root:NFKBIL
INFO:root:NID
INFO:root:NLE
INFO:root:NLGN4
INFO:root:NOC4
INFO:root:NOS
INFO:root:NOT1
INFO:root:NOT2
INFO:root:NOT3
INFO:root:NOT4
INFO:root:NPIP
INFO:root:PDDC1
INFO:root:PET112
INFO:root:POF
INFO:root:PORC
INFO:root:PRKCDBP
INFO:root:PRR24
INFO:root:PTCHD2
INFO:root:PTPLA
INFO:root:PTPLAD1
INFO:root:PTPLAD2
INFO:root:PTPLB
INFO:root:PTRF
INFO:root:PVRL1
INFO:root:PVRL2
INFO:root:PVRL3
INFO:root:PVRL4
INFO:root:RABL5
INFO:root:RFWD2
INFO:root:RLTPR
INFO:root:RNMTL1
INFO:root:RQCD1
INFO:root:RSG1
INFO:root:S10
INFO:root:SDPR
INFO:root:SETD8
INFO:root:SKIV2L2
INFO:root:SOGA2
INFO:root:SUV420H1
INFO:root:SUV420H2
INFO:root:TCEB1
INFO:root:TCEB2
INFO:root:TCEB3
INFO:root:TCEB3B
INFO:root:TCEB3C
INFO:root:TCEB3CL
INFO:root:TCEB3CL2
INFO:root:TEX40
INFO:root:TMEM180
INFO:root:TMEM194
INFO:root:TMEM194A
INFO:root:TMEM194B
INFO:root:TMEM2
INFO:root:TMEM261
INFO:root:TMEM27
INFO:root:TMEM57
INFO:root:TMEM8C
INFO:root:TSSC1
INFO:root:TTC18
INFO:root:TTC40
INFO:root:VPRBP
INFO:root:VWA9
INFO:root:WBSCR17
INFO:root:WBSCR22
INFO:root:WBSCR27
INFO:root:WDR16
INFO:root:WDR52
INFO:root:WDR65
INFO:root:WDR96
INFO:root:ZNF645
