INFO:root:Loading rates
INFO:root:get expected
INFO:root:get weights
INFO:root:Loading de novos
INFO:root:Starting tests:  10000000 simulations
INFO:root:PFDN6
INFO:root:PFKFB1
INFO:root:PFKFB2
INFO:root:PFKFB3
INFO:root:PFKFB4
INFO:root:PFKL
INFO:root:PFKM
INFO:root:PFKP
INFO:root:PFN1
INFO:root:PFN2
INFO:root:PFN3
INFO:root:PFN4
INFO:root:PGA3
INFO:root:PGA4
INFO:root:PGA5
INFO:root:PGAM1
INFO:root:PGAM2
INFO:root:PGAM4
INFO:root:PGAM5
INFO:root:PGAP1
INFO:root:PGAP2
INFO:root:PGAP3
INFO:root:PGBD1
INFO:root:PGBD2
INFO:root:PGBD3
INFO:root:PGBD4
INFO:root:PGBD5
INFO:root:PGC
INFO:root:PGD
INFO:root:PGF
INFO:root:PGGHG
INFO:root:PGGT1B
INFO:root:PGK1
INFO:root:PGK2
INFO:root:PGLS
INFO:root:PGLYRP1
INFO:root:PGLYRP2
INFO:root:PGLYRP3
INFO:root:PGLYRP4
INFO:root:PGM1
INFO:root:PGM2
INFO:root:PGM2L1
INFO:root:PGM3
INFO:root:PGM5
INFO:root:PGP
INFO:root:PGPEP1
INFO:root:PGPEP1L
INFO:root:PGR
INFO:root:PGRMC1
INFO:root:PGRMC2
INFO:root:PGS1
INFO:root:PHACTR1
INFO:root:PHACTR2
INFO:root:PHACTR3
INFO:root:PHACTR4
INFO:root:PHAX
INFO:root:PHB
INFO:root:PHB2
INFO:root:PHC1
INFO:root:PHC2
INFO:root:PHC3
INFO:root:PHETA1
INFO:root:PHETA2
INFO:root:PHEX
INFO:root:PHF1
INFO:root:PHF10
INFO:root:PHF11
INFO:root:PHF12
INFO:root:PHF13
INFO:root:PHF14
INFO:root:PHF19
INFO:root:PHF2
INFO:root:PHF20
INFO:root:PHF20L1
INFO:root:PHF21A
INFO:root:PHF21B
INFO:root:PHF23
INFO:root:PHF24
INFO:root:PHF3
INFO:root:PHF5A
INFO:root:PHF6
INFO:root:PHF7
INFO:root:PHF8
INFO:root:PHGDH
INFO:root:PHGR1
INFO:root:PHIP
INFO:root:PHKA1
INFO:root:PHKA2
INFO:root:PHKB
INFO:root:PHKG1
INFO:root:PHKG2
INFO:root:PHLDA1
INFO:root:PHLDA2
INFO:root:PHLDA3
INFO:root:PHLDB1
INFO:root:PHLDB2
INFO:root:PHLDB3
INFO:root:PHLPP1
INFO:root:PHLPP2
INFO:root:PHOSPHO1
INFO:root:PHOSPHO2
INFO:root:PHOX2A
INFO:root:PHOX2B
INFO:root:PHPT1
INFO:root:PHRF1
INFO:root:PHTF1
INFO:root:PHTF2
INFO:root:PHYH
INFO:root:PHYHD1
INFO:root:PHYHIP
INFO:root:PHYHIPL
INFO:root:PHYKPL
INFO:root:PI15
INFO:root:PI16
INFO:root:PI3
INFO:root:PI4K2A
INFO:root:PI4K2B
INFO:root:PI4KA
INFO:root:PI4KB
INFO:root:PIANP
INFO:root:PIAS1
INFO:root:PIAS2
INFO:root:PIAS3
INFO:root:PIAS4
INFO:root:PIBF1
INFO:root:PICALM
INFO:root:PICK1
INFO:root:PID1
INFO:root:PIDD1
INFO:root:PIEZO1
INFO:root:PIEZO2
INFO:root:PIF1
INFO:root:PIFO
INFO:root:PIGA
INFO:root:PIGB
INFO:root:PIGC
INFO:root:PIGF
INFO:root:PIGG
INFO:root:PIGH
INFO:root:PIGK
INFO:root:PIGL
INFO:root:PIGM
INFO:root:PIGN
INFO:root:PIGO
INFO:root:PIGP
INFO:root:PIGQ
INFO:root:PIGR
INFO:root:PIGS
INFO:root:PIGT
INFO:root:PIGU
INFO:root:PIGV
INFO:root:PIGW
INFO:root:PIGX
INFO:root:PIGY
INFO:root:PIGZ
INFO:root:PIH1D1
INFO:root:PIH1D2
INFO:root:PIH1D3
INFO:root:PIK3AP1
INFO:root:PIK3C2A
INFO:root:PIK3C2B
INFO:root:PIK3C2G
INFO:root:PIK3C3
INFO:root:PIK3CA
INFO:root:PIK3CB
INFO:root:PIK3CD
INFO:root:PIK3CG
INFO:root:PIK3IP1
INFO:root:PIK3R1
INFO:root:PIK3R2
INFO:root:PIK3R3
INFO:root:PIK3R4
INFO:root:PIK3R5
INFO:root:PIK3R6
INFO:root:PIKFYVE
INFO:root:PILRA
INFO:root:PILRB
INFO:root:PIM1
INFO:root:PIM2
INFO:root:PIM3
INFO:root:PIMREG
INFO:root:PIN1
INFO:root:PIN4
INFO:root:PINK1
INFO:root:PINLYP
INFO:root:PINX1
INFO:root:PIP
INFO:root:PIP4K2A
INFO:root:PIP4K2B
INFO:root:PIP4K2C
INFO:root:PIP4P1
INFO:root:PIP4P2
INFO:root:PIP5K1A
INFO:root:PIP5K1B
INFO:root:PIP5K1C
INFO:root:PIP5KL1
INFO:root:PIPOX
INFO:root:PIR
INFO:root:PIRT
INFO:root:PISD
INFO:root:PITHD1
INFO:root:PITPNA
INFO:root:PITPNB
INFO:root:PITPNC1
INFO:root:PITPNM1
INFO:root:PITPNM2
INFO:root:PITPNM3
INFO:root:PITRM1
INFO:root:PITX1
INFO:root:PITX2
INFO:root:PITX3
INFO:root:PIWIL1
INFO:root:PIWIL2
INFO:root:PIWIL3
INFO:root:PIWIL4
INFO:root:PJA1
INFO:root:PJA2
INFO:root:PJVK
INFO:root:PKD1
INFO:root:PKD1L1
INFO:root:PKD1L2
INFO:root:PKD2
INFO:root:PKD2L1
INFO:root:PKD2L2
INFO:root:PKDCC
INFO:root:PKDREJ
INFO:root:PKHD1
INFO:root:PKHD1L1
INFO:root:PKIA
INFO:root:PKIB
INFO:root:PKIG
INFO:root:PKLR
INFO:root:PKM
INFO:root:PKMYT1
INFO:root:PKN1
INFO:root:PKN2
INFO:root:PKN3
INFO:root:PKNOX1
INFO:root:PKNOX2
INFO:root:PKP1
INFO:root:PKP2
INFO:root:PKP3
INFO:root:PKP4
INFO:root:PLA1A
INFO:root:PLA2G10
INFO:root:PLA2G12A
INFO:root:PLA2G12B
INFO:root:PLA2G15
INFO:root:PLA2G16
INFO:root:PLA2G1B
INFO:root:PLA2G2A
INFO:root:PLA2G2C
INFO:root:PLA2G2D
INFO:root:PLA2G2E
INFO:root:PLA2G2F
INFO:root:PLA2G3
INFO:root:PLA2G4A
INFO:root:PLA2G4B
INFO:root:PLA2G4C
INFO:root:PLA2G4D
INFO:root:PLA2G4E
INFO:root:PLA2G4F
INFO:root:PLA2G5
INFO:root:PLA2G6
INFO:root:PLA2G7
INFO:root:PLA2R1
INFO:root:PLAA
INFO:root:PLAC1
INFO:root:PLAC8
INFO:root:PLAC8L1
INFO:root:PLAC9
INFO:root:PLAG1
INFO:root:PLAGL1
INFO:root:PLAGL2
INFO:root:PLAT
INFO:root:PLAU
INFO:root:PLAUR
INFO:root:PLB1
INFO:root:PLBD1
INFO:root:PLBD2
INFO:root:PLCB1
INFO:root:PLCB2
INFO:root:PLCB3
INFO:root:PLCB4
INFO:root:PLCD1
INFO:root:PLCD3
INFO:root:PLCD4
INFO:root:PLCE1
INFO:root:PLCG1
INFO:root:PLCG2
INFO:root:PLCH1
INFO:root:PLCH2
INFO:root:PLCL1
INFO:root:PLCL2
INFO:root:PLCXD1
INFO:root:PLCXD2
INFO:root:PLCXD3
INFO:root:PLCZ1
INFO:root:PLD1
INFO:root:PLD2
INFO:root:PLD3
INFO:root:PLD4
INFO:root:PLD5
INFO:root:PLD6
INFO:root:PLEC
INFO:root:PLEK
INFO:root:PLEK2
INFO:root:PLEKHA1
INFO:root:PLEKHA2
INFO:root:PLEKHA3
INFO:root:PLEKHA4
INFO:root:PLEKHA5
INFO:root:PLEKHA6
INFO:root:PLEKHA7
INFO:root:PLEKHA8
INFO:root:PLEKHB1
INFO:root:PLEKHB2
INFO:root:PLEKHD1
INFO:root:PLEKHF1
INFO:root:PLEKHF2
INFO:root:PLEKHG1
INFO:root:PLEKHG2
INFO:root:PLEKHG3
INFO:root:PLEKHG4
INFO:root:PLEKHG4B
INFO:root:PLEKHG5
INFO:root:PLEKHG6
INFO:root:PLEKHG7
INFO:root:PLEKHH1
INFO:root:PLEKHH2
INFO:root:PLEKHH3
INFO:root:PLEKHJ1
INFO:root:PLEKHM1
INFO:root:PLEKHM2
INFO:root:PLEKHM3
INFO:root:PLEKHN1
INFO:root:PLEKHO1
INFO:root:PLEKHO2
INFO:root:PLEKHS1
INFO:root:PLET1
INFO:root:PLG
INFO:root:PLGLB1
INFO:root:PLGLB2
INFO:root:PLGRKT
INFO:root:PLIN1
INFO:root:PLIN2
INFO:root:PLIN3
INFO:root:PLIN4
INFO:root:PLIN5
INFO:root:PLK1
INFO:root:PLK2
INFO:root:PLK3
INFO:root:PLK4
INFO:root:PLK5
INFO:root:PLLP
INFO:root:PLN
INFO:root:PLOD1
INFO:root:PLOD2
INFO:root:PLOD3
INFO:root:PLP1
INFO:root:PLP2
INFO:root:PLPBP
INFO:root:PLPP1
INFO:root:PLPP2
INFO:root:PLPP3
INFO:root:PLPP4
INFO:root:PLPP5
INFO:root:PLPP6
INFO:root:PLPP7
INFO:root:PLRG1
INFO:root:PLS1
INFO:root:PLS3
INFO:root:PLSCR1
INFO:root:PLSCR2
INFO:root:PLSCR3
INFO:root:PLSCR4
INFO:root:PLSCR5
INFO:root:PLTP
INFO:root:PLVAP
INFO:root:PLXDC1
INFO:root:PLXDC2
INFO:root:PLXNA1
INFO:root:PLXNA2
INFO:root:PLXNA3
INFO:root:PLXNA4
INFO:root:PLXNB1
INFO:root:PLXNB2
INFO:root:PLXNB3
INFO:root:PLXNC1
INFO:root:PLXND1
INFO:root:PM20D1
INFO:root:PM20D2
INFO:root:PMAIP1
INFO:root:PMCH
INFO:root:PMEL
INFO:root:PMEPA1
INFO:root:PMF1
INFO:root:PMFBP1
INFO:root:PML
INFO:root:PMM1
INFO:root:PMM2
INFO:root:PMP2
INFO:root:PMP22
INFO:root:PMPCA
INFO:root:PMPCB
INFO:root:PMS1
INFO:root:PMS2
INFO:root:PMVK
INFO:root:PNCK
INFO:root:PNISR
INFO:root:PNKD
INFO:root:PNKP
INFO:root:PNLDC1
INFO:root:PNLIP
INFO:root:PNLIPRP1
INFO:root:PNLIPRP2
INFO:root:PNLIPRP3
INFO:root:PNMA1
INFO:root:PNMA2
INFO:root:PNMA3
INFO:root:PNMA5
INFO:root:PNMA6A
INFO:root:PNMA8A
INFO:root:PNMA8B
INFO:root:PNMT
INFO:root:PNN
INFO:root:PNO1
INFO:root:PNOC
INFO:root:PNP
INFO:root:PNPLA1
INFO:root:PNPLA2
INFO:root:PNPLA3
INFO:root:PNPLA4
INFO:root:PNPLA5
INFO:root:PNPLA6
INFO:root:PNPLA7
INFO:root:PNPLA8
INFO:root:PNPO
INFO:root:PNPT1
INFO:root:PNRC1
INFO:root:PNRC2
INFO:root:POC1A
INFO:root:POC1B
INFO:root:POC5
INFO:root:PODN
INFO:root:PODNL1
INFO:root:PODXL
INFO:root:PODXL2
INFO:root:POF1B
INFO:root:POFUT1
INFO:root:POFUT2
INFO:root:POGK
INFO:root:POGLUT1
INFO:root:POGZ
INFO:root:POLA1
INFO:root:POLA2
INFO:root:POLB
INFO:root:POLD1
INFO:root:POLD2
INFO:root:POLD3
INFO:root:POLD4
INFO:root:POLDIP2
INFO:root:POLDIP3
INFO:root:POLE
INFO:root:POLE2
INFO:root:POLE3
INFO:root:POLE4
INFO:root:POLG
INFO:root:POLG2
INFO:root:POLH
INFO:root:POLI
INFO:root:POLK
INFO:root:POLL
INFO:root:POLM
INFO:root:POLN
INFO:root:POLQ
INFO:root:POLR1A
INFO:root:POLR1B
INFO:root:POLR1C
INFO:root:POLR1D
INFO:root:POLR1E
INFO:root:POLR2A
INFO:root:POLR2B
INFO:root:POLR2C
INFO:root:POLR2D
INFO:root:POLR2E
INFO:root:POLR2F
INFO:root:POLR2G
INFO:root:POLR2H
INFO:root:POLR2I
INFO:root:POLR2J
INFO:root:POLR2J2
INFO:root:POLR2J3
INFO:root:POLR2K
INFO:root:POLR2L
INFO:root:POLR2M
INFO:root:POLR3A
INFO:root:POLR3B
INFO:root:POLR3C
INFO:root:POLR3D
INFO:root:POLR3E
INFO:root:POLR3F
INFO:root:POLR3G
INFO:root:POLR3GL
INFO:root:POLR3H
INFO:root:POLR3K
INFO:root:POLRMT
INFO:root:POM121
INFO:root:POM121C
INFO:root:POM121L12
INFO:root:POM121L2
INFO:root:POMC
INFO:root:POMGNT1
INFO:root:POMGNT2
INFO:root:POMK
INFO:root:POMP
INFO:root:POMT1
INFO:root:POMT2
INFO:root:POMZP3
INFO:root:PON1
INFO:root:PON2
INFO:root:PON3
INFO:root:POP1
INFO:root:POP4
INFO:root:POP5
INFO:root:POP7
INFO:root:POPDC2
INFO:root:POPDC3
INFO:root:POR
INFO:root:PORCN
INFO:root:POSTN
INFO:root:POT1
INFO:root:POTEB
INFO:root:POTEB2
INFO:root:POTEC
INFO:root:POTED
INFO:root:POTEE
INFO:root:POTEF
INFO:root:POTEG
INFO:root:POTEH
INFO:root:POTEI
INFO:root:POTEJ
INFO:root:POTEM
INFO:root:POU1F1
INFO:root:POU2AF1
INFO:root:POU2F1
INFO:root:POU2F2
INFO:root:POU2F3
INFO:root:POU3F1
INFO:root:POU3F2
INFO:root:POU3F3
INFO:root:POU3F4
INFO:root:POU4F1
INFO:root:POU4F2
INFO:root:POU4F3
INFO:root:POU5F1
INFO:root:POU5F1B
INFO:root:POU5F2
INFO:root:POU6F1
INFO:root:POU6F2
INFO:root:PP2D1
INFO:root:PPA1
INFO:root:PPA2
INFO:root:PPAN
INFO:root:PPARA
INFO:root:PPARD
INFO:root:PPARG
INFO:root:PPARGC1A
INFO:root:PPARGC1B
INFO:root:PPAT
INFO:root:PPBP
INFO:root:PPCDC
INFO:root:PPCS
INFO:root:PPDPF
INFO:root:PPDPFL
INFO:root:PPEF1
INFO:root:PPEF2
INFO:root:PPFIA1
INFO:root:PPFIA2
INFO:root:PPFIA3
INFO:root:PPFIA4
INFO:root:PPFIBP1
INFO:root:PPFIBP2
INFO:root:PPHLN1
INFO:root:PPIA
INFO:root:PPIAL4A
INFO:root:PPIAL4C
INFO:root:PPIAL4D
INFO:root:PPIAL4G
INFO:root:PPIB
INFO:root:PPIC
INFO:root:PPID
INFO:root:PPIE
INFO:root:PPIF
INFO:root:PPIG
INFO:root:PPIH
INFO:root:PPIL1
INFO:root:PPIL2
INFO:root:PPIL3
INFO:root:PPIL4
INFO:root:PPIL6
INFO:root:PPIP5K1
INFO:root:PPIP5K2
INFO:root:PPL
INFO:root:PPM1A
INFO:root:PPM1B
INFO:root:PPM1D
INFO:root:PPM1E
INFO:root:PPM1F
INFO:root:PPM1G
INFO:root:PPM1H
INFO:root:PPM1J
INFO:root:PPM1K
INFO:root:PPM1L
INFO:root:PPM1M
INFO:root:PPM1N
INFO:root:PPME1
INFO:root:PPOX
INFO:root:PPP1CA
INFO:root:PPP1CB
INFO:root:PPP1CC
INFO:root:PPP1R10
INFO:root:PPP1R11
INFO:root:PPP1R12A
INFO:root:PPP1R12B
INFO:root:PPP1R13B
INFO:root:PPP1R13L
INFO:root:PPP1R14A
INFO:root:PPP1R14B
INFO:root:PPP1R14C
INFO:root:PPP1R14D
INFO:root:PPP1R15A
INFO:root:PPP1R15B
INFO:root:PPP1R16A
INFO:root:PPP1R16B
INFO:root:PPP1R17
INFO:root:PPP1R18
INFO:root:PPP1R1A
INFO:root:PPP1R1B
INFO:root:PPP1R1C
INFO:root:PPP1R2
INFO:root:PPP1R21
INFO:root:PPP1R26
INFO:root:PPP1R27
INFO:root:PPP1R32
INFO:root:PPP1R35
INFO:root:PPP1R36
INFO:root:PPP1R37
INFO:root:PPP1R3A
INFO:root:PPP1R3B
INFO:root:PPP1R3C
INFO:root:PPP1R3D
INFO:root:PPP1R3E
INFO:root:PPP1R3F
INFO:root:PPP1R3G
INFO:root:PPP1R42
INFO:root:PPP1R7
INFO:root:PPP1R8
INFO:root:PPP1R9A
INFO:root:PPP1R9B
INFO:root:PPP2CA
INFO:root:PPP2CB
INFO:root:PPP2R1A
INFO:root:PPP2R1B
INFO:root:PPP2R2A
INFO:root:PPP2R2B
INFO:root:PPP2R2C
INFO:root:PPP2R2D
INFO:root:PPP2R3A
INFO:root:PPP2R3B
INFO:root:PPP2R3C
INFO:root:PPP2R5A
INFO:root:PPP2R5B
INFO:root:PPP2R5C
INFO:root:PPP2R5D
INFO:root:PPP2R5E
INFO:root:PPP3CA
INFO:root:PPP3CB
INFO:root:PPP3CC
INFO:root:PPP3R1
INFO:root:PPP3R2
INFO:root:PPP4C
INFO:root:PPP4R1
INFO:root:PPP4R2
INFO:root:PPP4R3A
INFO:root:PPP4R3B
INFO:root:PPP4R4
INFO:root:PPP5C
INFO:root:PPP5D1
INFO:root:PPP6C
INFO:root:PPP6R1
INFO:root:PPP6R2
INFO:root:PPP6R3
INFO:root:PPRC1
INFO:root:PPT1
INFO:root:PPT2
INFO:root:PPTC7
INFO:root:PPWD1
INFO:root:PPY
INFO:root:PQBP1
INFO:root:PQLC1
INFO:root:PQLC2
INFO:root:PQLC2L
INFO:root:PQLC3
INFO:root:PRAC1
INFO:root:PRADC1
INFO:root:PRAF2
INFO:root:PRAM1
INFO:root:PRAME
INFO:root:PRAMEF1
INFO:root:PRAMEF10
INFO:root:PRAMEF11
INFO:root:PRAMEF12
INFO:root:PRAMEF14
INFO:root:PRAMEF15
INFO:root:PRAMEF17
INFO:root:PRAMEF18
INFO:root:PRAMEF19
INFO:root:PRAMEF2
INFO:root:PRAMEF20
INFO:root:PRAMEF4
INFO:root:PRAMEF5
INFO:root:PRAMEF6
INFO:root:PRAMEF7
INFO:root:PRAMEF8
INFO:root:PRAMEF9
INFO:root:PRAP1
INFO:root:PRB1
INFO:root:PRB2
INFO:root:PRB3
INFO:root:PRB4
INFO:root:PRC1
INFO:root:PRCC
INFO:root:PRCD
INFO:root:PRCP
INFO:root:PRDM1
INFO:root:PRDM10
INFO:root:PRDM11
INFO:root:PRDM12
INFO:root:PRDM13
INFO:root:PRDM14
INFO:root:PRDM15
INFO:root:PRDM16
INFO:root:PRDM2
INFO:root:PRDM4
INFO:root:PRDM5
INFO:root:PRDM6
INFO:root:PRDM7
INFO:root:PRDM8
INFO:root:PRDM9
INFO:root:PRDX1
INFO:root:PRDX2
INFO:root:PRDX3
INFO:root:PRDX4
INFO:root:PRDX5
INFO:root:PRDX6
INFO:root:PREB
INFO:root:PRELID1
INFO:root:PRELID2
INFO:root:PRELID3A
INFO:root:PRELID3B
INFO:root:PRELP
INFO:root:PREP
INFO:root:PREPL
INFO:root:PREX1
INFO:root:PREX2
INFO:root:PRF1
INFO:root:PRG2
INFO:root:PRG3
INFO:root:PRG4
INFO:root:PRH1
INFO:root:PRH2
INFO:root:PRICKLE1
INFO:root:PRICKLE2
INFO:root:PRICKLE3
INFO:root:PRICKLE4
INFO:root:PRIM1
INFO:root:PRIM2
INFO:root:PRIMA1
INFO:root:PRIMPOL
INFO:root:PRKAA1
INFO:root:PRKAA2
INFO:root:PRKAB1
INFO:root:PRKAB2
INFO:root:PRKACA
INFO:root:PRKACB
INFO:root:PRKACG
INFO:root:PRKAG1
INFO:root:PRKAG2
INFO:root:PRKAG3
INFO:root:PRKAR1A
INFO:root:PRKAR1B
INFO:root:PRKAR2A
INFO:root:PRKAR2B
INFO:root:PRKCA
INFO:root:PRKCB
INFO:root:PRKCD
INFO:root:PRKCE
INFO:root:PRKCG
INFO:root:PRKCH
INFO:root:PRKCI
INFO:root:PRKCQ
INFO:root:PRKCSH
INFO:root:PRKCZ
INFO:root:PRKD1
INFO:root:PRKD2
INFO:root:PRKD3
INFO:root:PRKDC
INFO:root:PRKG1
INFO:root:PRKG2
INFO:root:PRKN
INFO:root:PRKRA
INFO:root:PRKRIP1
INFO:root:PRKX
INFO:root:PRL
INFO:root:PRLH
INFO:root:PRLHR
INFO:root:PRLR
INFO:root:PRM1
INFO:root:PRM2
INFO:root:PRM3
INFO:root:PRMT1
INFO:root:PRMT2
INFO:root:PRMT3
INFO:root:PRMT5
INFO:root:PRMT6
INFO:root:PRMT7
INFO:root:PRMT8
INFO:root:PRMT9
INFO:root:PRND
INFO:root:PRNP
INFO:root:PROB1
INFO:root:PROC
INFO:root:PROCA1
INFO:root:PROCR
INFO:root:PRODH
INFO:root:PRODH2
INFO:root:PROK1
INFO:root:PROK2
INFO:root:PROKR1
INFO:root:PROKR2
INFO:root:PROM1
INFO:root:PROM2
INFO:root:PROP1
INFO:root:PROS1
INFO:root:PROSER1
INFO:root:PROSER2
INFO:root:PROSER3
INFO:root:PROX1
INFO:root:PROX2
INFO:root:PROZ
INFO:root:PRPF18
INFO:root:PRPF19
INFO:root:PRPF3
INFO:root:PRPF31
INFO:root:PRPF38A
INFO:root:PRPF38B
INFO:root:PRPF39
INFO:root:PRPF4
INFO:root:PRPF40A
INFO:root:PRPF40B
INFO:root:PRPF4B
INFO:root:PRPF6
INFO:root:PRPF8
INFO:root:PRPH
INFO:root:PRPH2
INFO:root:PRPS1
INFO:root:PRPS1L1
INFO:root:PRPS2
INFO:root:PRPSAP1
INFO:root:PRPSAP2
INFO:root:PRR11
INFO:root:PRR12
INFO:root:PRR13
INFO:root:PRR14
INFO:root:PRR14L
INFO:root:PRR15
INFO:root:PRR15L
INFO:root:PRR16
INFO:root:PRR18
INFO:root:PRR19
INFO:root:PRR20A
INFO:root:PRR20B
INFO:root:PRR20C
INFO:root:PRR20D
INFO:root:PRR20E
INFO:root:PRR21
INFO:root:PRR22
INFO:root:PRR23A
INFO:root:PRR23B
INFO:root:PRR23C
INFO:root:PRR23D1
INFO:root:PRR23D2
INFO:root:PRR25
INFO:root:PRR26
INFO:root:PRR27
INFO:root:PRR29
INFO:root:PRR3
INFO:root:PRR30
INFO:root:PRR32
INFO:root:PRR33
INFO:root:PRR34
INFO:root:PRR35
INFO:root:PRR4
INFO:root:PRR5
INFO:root:PRR5L
INFO:root:PRR7
INFO:root:PRR9
INFO:root:PRRC1
INFO:root:PRRC2A
INFO:root:PRRC2B
INFO:root:PRRC2C
INFO:root:PRRG1
INFO:root:PRRG2
INFO:root:PRRG3
INFO:root:PRRG4
INFO:root:PRRT1
INFO:root:PRRT2
INFO:root:PRRT3
INFO:root:PRRT4
INFO:root:PRRX1
INFO:root:PRRX2
INFO:root:PRSS1
INFO:root:PRSS12
INFO:root:PRSS16
INFO:root:PRSS21
INFO:root:PRSS22
INFO:root:PRSS23
INFO:root:PRSS27
INFO:root:PRSS3
INFO:root:PRSS33
INFO:root:PRSS35
INFO:root:PRSS36
INFO:root:PRSS37
INFO:root:PRSS38
INFO:root:PRSS42
INFO:root:PRSS45
INFO:root:PRSS48
INFO:root:PRSS50
INFO:root:PRSS53
INFO:root:PRSS54
INFO:root:PRSS55
INFO:root:PRSS56
INFO:root:PRSS57
INFO:root:PRSS58
INFO:root:PRSS8
INFO:root:PRTFDC1
INFO:root:PRTG
INFO:root:PRTN3
INFO:root:PRUNE1
INFO:root:PRUNE2
INFO:root:PRX
INFO:root:PSAP
INFO:root:PSAPL1
INFO:root:PSAT1
INFO:root:PSCA
INFO:root:PSD
INFO:root:PSD2
INFO:root:PSD3
INFO:root:PSD4
INFO:root:PSEN1
INFO:root:PSEN2
INFO:root:PSENEN
INFO:root:PSG1
INFO:root:PSG11
INFO:root:PSG2
INFO:root:PSG3
INFO:root:PSG4
INFO:root:PSG5
INFO:root:PSG6
INFO:root:PSG7
INFO:root:PSG8
INFO:root:PSG9
INFO:root:PSIP1
INFO:root:PSKH1
INFO:root:PSKH2
INFO:root:PSMA1
INFO:root:PSMA2
INFO:root:PSMA3
INFO:root:PSMA4
INFO:root:PSMA5
INFO:root:PSMA6
INFO:root:PSMA7
INFO:root:PSMA8
INFO:root:PSMB1
INFO:root:PSMB10
INFO:root:PSMB11
INFO:root:PSMB2
INFO:root:PSMB3
INFO:root:PSMB4
INFO:root:PSMB5
INFO:root:PSMB6
INFO:root:PSMB7
INFO:root:PSMB8
INFO:root:PSMB9
INFO:root:PSMC1
INFO:root:PSMC2
INFO:root:PSMC3
INFO:root:PSMC3IP
INFO:root:PSMC4
INFO:root:PSMC5
INFO:root:PSMC6
INFO:root:PSMD1
INFO:root:PSMD10
INFO:root:PSMD11
INFO:root:PSMD12
INFO:root:PSMD13
INFO:root:PSMD14
INFO:root:PSMD2
INFO:root:PSMD3
INFO:root:PSMD4
INFO:root:PSMD5
INFO:root:PSMD6
INFO:root:PSMD7
INFO:root:PSMD8
INFO:root:PSMD9
INFO:root:PSME1
INFO:root:PSME2
INFO:root:PSME3
INFO:root:PSME4
INFO:root:PSMF1
INFO:root:PSMG1
INFO:root:PSMG2
INFO:root:PSMG3
INFO:root:PSMG4
INFO:root:PSORS1C1
INFO:root:PSORS1C2
INFO:root:PSPC1
INFO:root:PSPH
INFO:root:PSPN
INFO:root:PSRC1
INFO:root:PSTK
INFO:root:PSTPIP1
INFO:root:PSTPIP2
INFO:root:PTAFR
INFO:root:PTAR1
INFO:root:PTBP1
INFO:root:PTBP2
INFO:root:PTBP3
INFO:root:PTCD1
INFO:root:PTCD2
INFO:root:PTCD3
INFO:root:PTCH1
INFO:root:PTCH2
INFO:root:PTCHD1
INFO:root:PTCHD3
INFO:root:PTCHD4
INFO:root:PTCRA
INFO:root:PTDSS1
INFO:root:PTDSS2
INFO:root:PTEN
INFO:root:PTER
INFO:root:PTF1A
INFO:root:PTGDR
INFO:root:PTGDR2
INFO:root:PTGDS
INFO:root:PTGER1
INFO:root:PTGER2
INFO:root:PTGER3
INFO:root:PTGER4
INFO:root:PTGES
INFO:root:PTGES2
INFO:root:PTGES3
INFO:root:PTGES3L
INFO:root:PTGFR
INFO:root:PTGFRN
INFO:root:PTGIR
INFO:root:PTGIS
INFO:root:PTGR1
INFO:root:PTGR2
INFO:root:PTGS1
INFO:root:PTGS2
INFO:root:PTH
INFO:root:PTH1R
INFO:root:PTH2
INFO:root:PTH2R
INFO:root:PTHLH
INFO:root:PTK2
INFO:root:PTK2B
INFO:root:PTK6
INFO:root:PTK7
INFO:root:PTMA
INFO:root:PTMS
INFO:root:PTN
INFO:root:PTOV1
INFO:root:PTP4A1
INFO:root:PTP4A2
INFO:root:PTP4A3
INFO:root:PTPA
INFO:root:PTPDC1
INFO:root:PTPMT1
INFO:root:PTPN1
INFO:root:PTPN11
INFO:root:PTPN12
INFO:root:PTPN13
INFO:root:PTPN14
INFO:root:PTPN18
INFO:root:PTPN2
INFO:root:PTPN20
INFO:root:PTPN21
INFO:root:PTPN22
INFO:root:PTPN23
INFO:root:PTPN3
INFO:root:PTPN4
INFO:root:PTPN5
INFO:root:PTPN6
INFO:root:PTPN7
INFO:root:PTPN9
INFO:root:PTPRA
INFO:root:PTPRB
INFO:root:PTPRC
INFO:root:PTPRCAP
INFO:root:PTPRD
INFO:root:PTPRE
INFO:root:PTPRF
INFO:root:PTPRG
INFO:root:PTPRH
INFO:root:PTPRJ
INFO:root:PTPRK
INFO:root:PTPRM
INFO:root:PTPRN
INFO:root:PTPRN2
INFO:root:PTPRO
INFO:root:PTPRQ
INFO:root:PTPRR
INFO:root:PTPRS
INFO:root:PTPRT
INFO:root:PTPRU
INFO:root:PTPRZ1
INFO:root:PTRH1
INFO:root:PTRH2
INFO:root:PTRHD1
INFO:root:PTS
INFO:root:PTTG1
INFO:root:PTTG1IP
INFO:root:PTTG2
INFO:root:PTX3
INFO:root:PTX4
INFO:root:PUDP
INFO:root:PUF60
INFO:root:PUM1
INFO:root:PUM2
INFO:root:PUM3
INFO:root:PURA
INFO:root:PURB
INFO:root:PURG
INFO:root:PUS1
INFO:root:PUS10
INFO:root:PUS3
INFO:root:PUS7
INFO:root:PUS7L
INFO:root:PUSL1
INFO:root:PVALB
INFO:root:PVR
INFO:root:PVRIG
INFO:root:PWP1
INFO:root:PWP2
INFO:root:PWWP2A
INFO:root:PWWP2B
INFO:root:PXDC1
INFO:root:PXDN
INFO:root:PXDNL
INFO:root:PXK
INFO:root:PXMP2
INFO:root:PXMP4
INFO:root:PXN
INFO:root:PXT1
INFO:root:PXYLP1
INFO:root:PYCARD
INFO:root:PYCR1
INFO:root:PYCR2
INFO:root:PYCR3
INFO:root:PYDC1
INFO:root:PYDC2
INFO:root:PYGB
INFO:root:PYGL
INFO:root:PYGM
INFO:root:PYGO1
INFO:root:PYGO2
INFO:root:PYHIN1
INFO:root:PYM1
INFO:root:PYROXD1
INFO:root:PYROXD2
INFO:root:PYURF
INFO:root:PYY
INFO:root:PZP
INFO:root:QARS
INFO:root:QDPR
INFO:root:QKI
INFO:root:QPCT
INFO:root:QPCTL
INFO:root:QPRT
INFO:root:QRFP
INFO:root:QRFPR
INFO:root:QRICH1
INFO:root:QRICH2
INFO:root:QRSL1
INFO:root:QSER1
INFO:root:QSOX1
INFO:root:QSOX2
INFO:root:QTRT1
INFO:root:QTRT2
INFO:root:R3HCC1
INFO:root:R3HCC1L
INFO:root:R3HDM1
INFO:root:R3HDM2
INFO:root:R3HDM4
INFO:root:R3HDML
INFO:root:RAB10
INFO:root:RAB11A
INFO:root:RAB11B
INFO:root:RAB11FIP1
INFO:root:RAB11FIP2
INFO:root:RAB11FIP3
INFO:root:RAB11FIP4
INFO:root:RAB11FIP5
INFO:root:RAB12
INFO:root:RAB13
INFO:root:RAB14
INFO:root:RAB15
INFO:root:RAB17
INFO:root:RAB18
INFO:root:RAB19
INFO:root:RAB1A
INFO:root:RAB1B
INFO:root:RAB20
INFO:root:RAB21
INFO:root:RAB22A
INFO:root:RAB23
INFO:root:RAB24
INFO:root:RAB25
INFO:root:RAB26
INFO:root:RAB27A
INFO:root:RAB27B
INFO:root:RAB28
INFO:root:RAB29
INFO:root:RAB2A
INFO:root:RAB2B
INFO:root:RAB30
INFO:root:RAB31
INFO:root:RAB32
INFO:root:RAB33A
INFO:root:RAB33B
INFO:root:RAB34
INFO:root:RAB35
INFO:root:RAB36
INFO:root:RAB37
INFO:root:RAB38
INFO:root:RAB39A
INFO:root:RAB39B
INFO:root:RAB3A
INFO:root:RAB3B
INFO:root:RAB3C
INFO:root:RAB3D
INFO:root:RAB3GAP1
INFO:root:RAB3GAP2
INFO:root:RAB3IL1
INFO:root:RAB3IP
INFO:root:RAB40A
INFO:root:RAB40AL
INFO:root:RAB40B
INFO:root:RAB40C
INFO:root:RAB41
INFO:root:RAB42
INFO:root:RAB43
INFO:root:RAB4A
INFO:root:RAB4B
INFO:root:RAB5A
INFO:root:RAB5B
INFO:root:RAB5C
INFO:root:RAB5IF
INFO:root:RAB6A
INFO:root:RAB6B
INFO:root:RAB6C
INFO:root:RAB7A
INFO:root:RAB8A
INFO:root:RAB8B
INFO:root:RAB9A
INFO:root:RAB9B
INFO:root:RABAC1
INFO:root:RABEP1
INFO:root:RABEP2
INFO:root:RABEPK
INFO:root:RABGAP1
INFO:root:RABGAP1L
INFO:root:RABGEF1
INFO:root:RABGGTA
INFO:root:RABGGTB
INFO:root:RABIF
INFO:root:RABL2A
INFO:root:RABL2B
INFO:root:RABL3
INFO:root:RABL6
INFO:root:RAC1
INFO:root:RAC2
INFO:root:RAC3
INFO:root:RACGAP1
INFO:root:RACK1
INFO:root:RAD1
INFO:root:RAD17
INFO:root:RAD18
INFO:root:RAD21
INFO:root:RAD21L1
INFO:root:RAD23A
INFO:root:RAD23B
INFO:root:RAD50
INFO:root:RAD51
INFO:root:RAD51AP1
INFO:root:RAD51AP2
INFO:root:RAD51B
INFO:root:RAD51C
INFO:root:RAD51D
INFO:root:RAD52
INFO:root:RAD54B
INFO:root:RAD54L
INFO:root:RAD54L2
INFO:root:RAD9A
INFO:root:RAD9B
INFO:root:RADIL
INFO:root:RAE1
INFO:root:RAET1E
INFO:root:RAET1G
INFO:root:RAET1L
INFO:root:RAF1
INFO:root:RAG1
INFO:root:RAG2
INFO:root:RAI1
INFO:root:RAI14
INFO:root:RAI2
INFO:root:RALA
INFO:root:RALB
INFO:root:RALBP1
INFO:root:RALGAPA1
INFO:root:RALGAPA2
INFO:root:RALGAPB
INFO:root:RALGDS
INFO:root:RALGPS1
INFO:root:RALGPS2
INFO:root:RALY
INFO:root:RALYL
INFO:root:RAMMET
INFO:root:RAMP1
INFO:root:RAMP2
INFO:root:RAMP3
INFO:root:RAN
INFO:root:RANBP1
INFO:root:RANBP10
INFO:root:RANBP17
INFO:root:RANBP2
INFO:root:RANBP3
INFO:root:RANBP3L
INFO:root:RANBP6
INFO:root:RANBP9
INFO:root:RANGAP1
INFO:root:RANGRF
INFO:root:RAP1A
INFO:root:RAP1B
INFO:root:RAP1GAP
INFO:root:RAP1GAP2
INFO:root:RAP1GDS1
INFO:root:RAP2A
INFO:root:RAP2B
INFO:root:RAP2C
INFO:root:RAPGEF1
INFO:root:RAPGEF2
INFO:root:RAPGEF3
INFO:root:RAPGEF4
INFO:root:RAPGEF5
INFO:root:RAPGEF6
INFO:root:RAPGEFL1
INFO:root:RAPH1
INFO:root:RAPSN
INFO:root:RARA
INFO:root:RARB
INFO:root:RARG
INFO:root:RARRES1
INFO:root:RARRES2
INFO:root:RARRES3
INFO:root:RARS
INFO:root:RARS2
INFO:root:RASA1
INFO:root:RASA2
INFO:root:RASA3
INFO:root:RASA4
INFO:root:RASA4B
INFO:root:RASAL1
INFO:root:RASAL2
INFO:root:RASAL3
INFO:root:RASD1
INFO:root:RASD2
INFO:root:RASEF
INFO:root:RASGEF1A
INFO:root:RASGEF1B
INFO:root:RASGEF1C
INFO:root:RASGRF1
INFO:root:RASGRF2
INFO:root:RASGRP1
INFO:root:RASGRP2
INFO:root:RASGRP3
INFO:root:RASGRP4
INFO:root:RASIP1
INFO:root:RASL10A
INFO:root:RASL10B
INFO:root:RASL11A
INFO:root:RASL11B
INFO:root:RASL12
INFO:root:RASSF1
INFO:root:RASSF2
INFO:root:RASSF3
INFO:root:RASSF4
INFO:root:RASSF5
INFO:root:RASSF6
INFO:root:RASSF7
INFO:root:RASSF8
INFO:root:RASSF9
INFO:root:RAVER1
INFO:root:RAVER2
INFO:root:RAX
INFO:root:RAX2
INFO:root:RB1
INFO:root:RB1CC1
INFO:root:RBAK
INFO:root:RBBP4
INFO:root:RBBP5
INFO:root:RBBP6
INFO:root:RBBP7
INFO:root:RBBP8
INFO:root:RBBP8NL
INFO:root:RBBP9
INFO:root:RBCK1
INFO:root:RBFA
INFO:root:RBFOX1
INFO:root:RBFOX2
INFO:root:RBFOX3
INFO:root:RBKS
INFO:root:RBL1
INFO:root:RBL2
INFO:root:RBM10
INFO:root:RBM11
INFO:root:RBM12
INFO:root:RBM12B
INFO:root:RBM14
INFO:root:RBM15
INFO:root:RBM15B
INFO:root:RBM17
INFO:root:RBM18
INFO:root:RBM19
INFO:root:RBM20
INFO:root:RBM22
INFO:root:RBM23
INFO:root:RBM24
INFO:root:RBM25
INFO:root:RBM26
INFO:root:RBM27
INFO:root:RBM28
INFO:root:RBM3
INFO:root:RBM33
INFO:root:RBM34
INFO:root:RBM38
INFO:root:RBM39
INFO:root:RBM4
INFO:root:RBM41
INFO:root:RBM42
INFO:root:RBM43
INFO:root:RBM44
INFO:root:RBM45
INFO:root:RBM46
INFO:root:RBM47
INFO:root:RBM48
INFO:root:RBM4B
INFO:root:RBM5
INFO:root:RBM6
INFO:root:RBM7
INFO:root:RBM8A
INFO:root:RBMS1
INFO:root:RBMS2
INFO:root:RBMS3
INFO:root:RBMX
INFO:root:RBMX2
INFO:root:RBMXL1
INFO:root:RBMXL2
INFO:root:RBMXL3
INFO:root:RBP1
INFO:root:RBP2
INFO:root:RBP3
INFO:root:RBP4
INFO:root:RBP5
INFO:root:RBP7
INFO:root:RBPJ
INFO:root:RBPJL
INFO:root:RBPMS
INFO:root:RBPMS2
INFO:root:RBSN
INFO:root:RBX1
INFO:root:RC3H1
INFO:root:RC3H2
INFO:root:RCAN1
INFO:root:RCAN2
INFO:root:RCAN3
INFO:root:RCBTB1
INFO:root:RCBTB2
INFO:root:RCC1
INFO:root:RCC1L
INFO:root:RCC2
INFO:root:RCCD1
INFO:root:RCE1
INFO:root:RCHY1
INFO:root:RCL1
INFO:root:RCN1
INFO:root:RCN2
INFO:root:RCN3
INFO:root:RCOR1
INFO:root:RCOR2
INFO:root:RCOR3
INFO:root:RCSD1
INFO:root:RCVRN
INFO:root:RD3
INFO:root:RD3L
INFO:root:RDH10
INFO:root:RDH11
INFO:root:RDH12
INFO:root:RDH13
INFO:root:RDH14
INFO:root:RDH16
INFO:root:RDH5
INFO:root:RDH8
INFO:root:RDM1
INFO:root:RDX
INFO:root:REC114
INFO:root:REC8
INFO:root:RECK
INFO:root:RECQL
INFO:root:RECQL4
INFO:root:RECQL5
INFO:root:REEP1
INFO:root:REEP2
INFO:root:REEP3
INFO:root:REEP4
INFO:root:REEP5
INFO:root:REEP6
INFO:root:REG1A
INFO:root:REG1B
INFO:root:REG3A
INFO:root:REG3G
INFO:root:REG4
INFO:root:REL
INFO:root:RELA
INFO:root:RELB
INFO:root:RELL1
INFO:root:RELL2
INFO:root:RELN
INFO:root:RELT
INFO:root:REM1
INFO:root:REM2
INFO:root:REN
INFO:root:RENBP
INFO:root:REP15
INFO:root:REPIN1
INFO:root:REPS1
INFO:root:REPS2
INFO:root:RER1
INFO:root:RERE
INFO:root:RERG
INFO:root:RERGL
INFO:root:RESP18
INFO:root:REST
INFO:root:RET
INFO:root:RETN
INFO:root:RETNLB
INFO:root:RETREG1
INFO:root:RETREG2
INFO:root:RETREG3
INFO:root:RETSAT
INFO:root:REV1
INFO:root:REV3L
INFO:root:REX1BD
INFO:root:REXO1
INFO:root:REXO2
INFO:root:REXO4
INFO:root:RFC1
INFO:root:RFC2
INFO:root:RFC3
INFO:root:RFC4
INFO:root:RFC5
INFO:root:RFESD
INFO:root:RFFL
INFO:root:RFK
INFO:root:RFLNA
INFO:root:RFLNB
INFO:root:RFNG
INFO:root:RFPL1
INFO:root:RFPL2
INFO:root:RFPL3
INFO:root:RFPL4A
INFO:root:RFPL4AL1
INFO:root:RFPL4B
INFO:root:RFT1
INFO:root:RFTN1
INFO:root:RFTN2
INFO:root:RFWD3
INFO:root:RFX1
INFO:root:RFX2
INFO:root:RFX3
INFO:root:RFX4
INFO:root:RFX5
INFO:root:RFX6
INFO:root:RFX7
INFO:root:RFX8
INFO:root:RFXANK
INFO:root:RFXAP
INFO:root:RGCC
INFO:root:RGL1
INFO:root:RGL2
INFO:root:RGL3
INFO:root:RGL4
INFO:root:RGMA
INFO:root:RGMB
INFO:root:RGN
INFO:root:RGP1
INFO:root:RGPD1
INFO:root:RGPD2
INFO:root:RGPD3
INFO:root:RGPD4
INFO:root:RGPD5
INFO:root:RGPD6
INFO:root:RGPD8
INFO:root:RGR
INFO:root:RGS1
INFO:root:RGS10
INFO:root:RGS11
INFO:root:RGS12
INFO:root:RGS13
INFO:root:RGS14
INFO:root:RGS16
INFO:root:RGS17
INFO:root:RGS18
INFO:root:RGS19
INFO:root:RGS2
INFO:root:RGS20
INFO:root:RGS21
INFO:root:RGS22
INFO:root:RGS3
INFO:root:RGS4
INFO:root:RGS5
INFO:root:RGS6
INFO:root:RGS7
INFO:root:RGS7BP
INFO:root:RGS8
INFO:root:RGS9
INFO:root:RGS9BP
INFO:root:RGSL1
INFO:root:RHAG
INFO:root:RHBDD1
INFO:root:RHBDD2
INFO:root:RHBDD3
INFO:root:RHBDF1
INFO:root:RHBDF2
INFO:root:RHBDL1
INFO:root:RHBDL2
INFO:root:RHBDL3
INFO:root:RHBG
INFO:root:RHCE
INFO:root:RHCG
INFO:root:RHD
INFO:root:RHEB
INFO:root:RHEBL1
INFO:root:RHEX
INFO:root:RHNO1
INFO:root:RHO
INFO:root:RHOA
INFO:root:RHOB
INFO:root:RHOBTB1
INFO:root:RHOBTB2
INFO:root:RHOBTB3
INFO:root:RHOC
INFO:root:RHOD
INFO:root:RHOF
INFO:root:RHOG
INFO:root:RHOH
INFO:root:RHOJ
INFO:root:RHOQ
INFO:root:RHOT1
INFO:root:RHOT2
INFO:root:RHOU
INFO:root:RHOV
INFO:root:RHOXF1
INFO:root:RHOXF2
INFO:root:RHOXF2B
INFO:root:RHPN1
INFO:root:RHPN2
INFO:root:RIBC1
INFO:root:RIBC2
INFO:root:RIC1
INFO:root:RIC3
INFO:root:RIC8A
INFO:root:RIC8B
INFO:root:RICTOR
INFO:root:RIDA
INFO:root:RIF1
INFO:root:RIIAD1
INFO:root:RILP
INFO:root:RILPL1
INFO:root:RILPL2
INFO:root:RIMBP2
INFO:root:RIMBP3
INFO:root:RIMBP3B
INFO:root:RIMBP3C
INFO:root:RIMKLA
INFO:root:RIMKLB
INFO:root:RIMS1
INFO:root:RIMS2
INFO:root:RIMS3
INFO:root:RIMS4
INFO:root:RIN1
INFO:root:RIN2
INFO:root:RIN3
INFO:root:RING1
INFO:root:RINL
INFO:root:RINT1
INFO:root:RIOK1
INFO:root:RIOK2
INFO:root:RIOK3
INFO:root:RIOX2
INFO:root:RIPK1
INFO:root:RIPK2
INFO:root:RIPK3
INFO:root:RIPK4
INFO:root:RIPOR1
INFO:root:RIPOR2
INFO:root:RIPOR3
INFO:root:RIPPLY1
INFO:root:RIPPLY2
INFO:root:RIPPLY3
INFO:root:RIT1
INFO:root:RIT2
INFO:root:RITA1
INFO:root:RLBP1
INFO:root:RLF
INFO:root:RLIM
INFO:root:RLN1
INFO:root:RLN2
INFO:root:RLN3
INFO:root:RMC1
INFO:root:RMDN1
INFO:root:RMDN2
INFO:root:RMDN3
INFO:root:RMI1
INFO:root:RMI2
INFO:root:RMND1
INFO:root:RMND5A
INFO:root:RMND5B
INFO:root:RNASE1
INFO:root:RNASE10
INFO:root:RNASE11
INFO:root:RNASE12
INFO:root:RNASE13
INFO:root:RNASE2
INFO:root:RNASE3
INFO:root:RNASE4
INFO:root:RNASE6
INFO:root:RNASE7
INFO:root:RNASE8
INFO:root:RNASE9
INFO:root:RNASEH1
INFO:root:RNASEH2A
INFO:root:RNASEH2B
INFO:root:RNASEH2C
INFO:root:RNASEK
INFO:root:RNASEL
INFO:root:RNASET2
INFO:root:RND1
INFO:root:RND2
INFO:root:RND3
INFO:root:RNF10
INFO:root:RNF103
INFO:root:RNF11
INFO:root:RNF111
INFO:root:RNF112
INFO:root:RNF113A
INFO:root:RNF113B
INFO:root:RNF114
INFO:root:RNF115
INFO:root:RNF121
INFO:root:RNF122
INFO:root:RNF123
INFO:root:RNF125
INFO:root:RNF126
INFO:root:RNF128
INFO:root:RNF13
INFO:root:RNF130
INFO:root:RNF133
INFO:root:RNF135
INFO:root:RNF138
INFO:root:RNF139
INFO:root:RNF14
INFO:root:RNF141
INFO:root:RNF144A
INFO:root:RNF144B
INFO:root:RNF145
INFO:root:RNF146
INFO:root:RNF148
INFO:root:RNF149
INFO:root:RNF150
INFO:root:RNF151
INFO:root:RNF152
INFO:root:RNF157
INFO:root:RNF165
INFO:root:RNF166
INFO:root:RNF167
INFO:root:RNF168
INFO:root:RNF169
INFO:root:RNF17
INFO:root:RNF170
INFO:root:RNF175
INFO:root:RNF180
INFO:root:RNF181
INFO:root:RNF182
INFO:root:RNF183
INFO:root:RNF185
INFO:root:RNF186
INFO:root:RNF187
INFO:root:RNF19A
INFO:root:RNF19B
INFO:root:RNF2
INFO:root:RNF20
INFO:root:RNF207
INFO:root:RNF208
INFO:root:RNF212
INFO:root:RNF212B
INFO:root:RNF213
INFO:root:RNF214
INFO:root:RNF215
INFO:root:RNF216
INFO:root:RNF217
INFO:root:RNF219
INFO:root:RNF220
INFO:root:RNF222
INFO:root:RNF223
INFO:root:RNF224
INFO:root:RNF24
INFO:root:RNF25
INFO:root:RNF26
INFO:root:RNF31
INFO:root:RNF32
INFO:root:RNF34
INFO:root:RNF38
INFO:root:RNF39
INFO:root:RNF4
INFO:root:RNF40
INFO:root:RNF41
INFO:root:RNF43
INFO:root:RNF44
INFO:root:RNF5
INFO:root:RNF6
INFO:root:RNF7
INFO:root:RNF8
INFO:root:RNFT1
INFO:root:RNFT2
INFO:root:RNGTT
INFO:root:RNH1
INFO:root:RNLS
INFO:root:RNMT
INFO:root:RNPC3
INFO:root:RNPEP
INFO:root:RNPEPL1
INFO:root:RNPS1
INFO:root:ROBO1
INFO:root:ROBO2
INFO:root:ROBO3
INFO:root:ROBO4
INFO:root:ROCK1
INFO:root:ROCK2
INFO:root:ROGDI
INFO:root:ROM1
INFO:root:ROMO1
INFO:root:ROPN1
INFO:root:ROPN1B
INFO:root:ROPN1L
INFO:root:ROR1
INFO:root:ROR2
INFO:root:RORA
INFO:root:RORB
INFO:root:RORC
INFO:root:ROS1
INFO:root:RP1
INFO:root:RP1L1
INFO:root:RP2
INFO:root:RP9
INFO:root:RPA1
INFO:root:RPA2
INFO:root:RPA3
INFO:root:RPA4
INFO:root:RPAIN
INFO:root:RPAP1
INFO:root:RPAP2
INFO:root:RPAP3
INFO:root:RPE
INFO:root:RPE65
INFO:root:RPEL1
INFO:root:RPF1
INFO:root:RPF2
INFO:root:RPGR
INFO:root:RPGRIP1
INFO:root:RPGRIP1L
INFO:root:RPH3A
INFO:root:RPH3AL
INFO:root:RPIA
INFO:root:RPL10
INFO:root:RPL10A
INFO:root:RPL10L
INFO:root:RPL11
INFO:root:RPL12
INFO:root:RPL13
INFO:root:RPL13A
INFO:root:RPL14
INFO:root:RPL15
INFO:root:RPL17
INFO:root:RPL18
INFO:root:RPL18A
INFO:root:RPL19
INFO:root:RPL21
INFO:root:RPL22
INFO:root:RPL22L1
INFO:root:RPL23
INFO:root:RPL23A
INFO:root:RPL24
INFO:root:RPL26
INFO:root:RPL26L1
INFO:root:RPL27
INFO:root:RPL27A
INFO:root:RPL28
INFO:root:RPL29
INFO:root:RPL3
INFO:root:RPL30
INFO:root:RPL31
INFO:root:RPL32
INFO:root:RPL34
INFO:root:RPL35
INFO:root:RPL35A
INFO:root:RPL36
INFO:root:RPL36A
INFO:root:RPL36AL
INFO:root:RPL37
INFO:root:RPL37A
INFO:root:RPL38
INFO:root:RPL39
INFO:root:RPL39L
INFO:root:RPL3L
INFO:root:RPL4
INFO:root:RPL41
INFO:root:RPL5
INFO:root:RPL6
INFO:root:RPL7
INFO:root:RPL7A
INFO:root:RPL7L1
INFO:root:RPL8
INFO:root:RPL9
INFO:root:RPLP0
INFO:root:RPLP1
INFO:root:RPLP2
INFO:root:RPN1
INFO:root:RPN2
INFO:root:RPP14
INFO:root:RPP21
INFO:root:RPP25
INFO:root:RPP25L
INFO:root:RPP30
INFO:root:RPP38
INFO:root:RPP40
INFO:root:RPRD1A
INFO:root:RPRD1B
INFO:root:RPRD2
INFO:root:RPRM
INFO:root:RPRML
INFO:root:RPS10
INFO:root:RPS11
INFO:root:RPS12
INFO:root:RPS13
INFO:root:RPS14
INFO:root:RPS15
INFO:root:RPS15A
INFO:root:RPS16
INFO:root:RPS17
INFO:root:RPS18
INFO:root:RPS19
INFO:root:RPS19BP1
INFO:root:RPS2
INFO:root:RPS20
INFO:root:RPS21
INFO:root:RPS23
INFO:root:RPS24
INFO:root:RPS25
INFO:root:RPS26
INFO:root:RPS27
INFO:root:RPS27A
INFO:root:RPS27L
INFO:root:RPS28
INFO:root:RPS29
INFO:root:RPS3
INFO:root:RPS3A
INFO:root:RPS4X
INFO:root:RPS5
INFO:root:RPS6
INFO:root:RPS6KA1
INFO:root:RPS6KA2
INFO:root:RPS6KA3
INFO:root:RPS6KA4
INFO:root:RPS6KA5
INFO:root:RPS6KA6
INFO:root:RPS6KB1
INFO:root:RPS6KB2
INFO:root:RPS6KC1
INFO:root:RPS6KL1
INFO:root:RPS7
INFO:root:RPS8
INFO:root:RPS9
INFO:root:RPSA
INFO:root:RPTN
INFO:root:RPTOR
INFO:root:RPUSD1
INFO:root:RPUSD2
INFO:root:RPUSD3
INFO:root:RPUSD4
INFO:root:RRAD
INFO:root:RRAGA
INFO:root:RRAGB
INFO:root:RRAGC
INFO:root:RRAGD
INFO:root:RRAS
INFO:root:RRAS2
INFO:root:RRBP1
INFO:root:RREB1
INFO:root:RRH
INFO:root:RRM1
INFO:root:RRM2
INFO:root:RRM2B
INFO:root:RRN3
INFO:root:RRNAD1
INFO:root:RRP1
INFO:root:RRP12
INFO:root:RRP15
INFO:root:RRP1B
INFO:root:RRP36
INFO:root:RRP7A
INFO:root:RRP8
INFO:root:RRP9
INFO:root:RRS1
INFO:root:RS1
INFO:root:RSAD1
INFO:root:RSAD2
INFO:root:RSBN1
INFO:root:RSBN1L
INFO:root:RSC1A1
INFO:root:RSF1
INFO:root:RSL1D1
INFO:root:RSL24D1
INFO:root:RSPH1
INFO:root:RSPH10B
INFO:root:RSPH10B2
INFO:root:RSPH14
INFO:root:RSPH3
INFO:root:RSPH4A
INFO:root:RSPH6A
INFO:root:RSPH9
INFO:root:RSPO1
INFO:root:RSPO2
INFO:root:RSPO3
INFO:root:RSPO4
INFO:root:RSPRY1
INFO:root:RSRC1
INFO:root:RSRC2
INFO:root:RSRP1
INFO:root:RSU1
INFO:root:RTBDN
INFO:root:RTCA
INFO:root:RTCB
INFO:root:RTEL1
INFO:root:RTF1
INFO:root:RTF2
INFO:root:RTKN
INFO:root:RTKN2
INFO:root:RTL1
INFO:root:RTL10
INFO:root:RTL3
INFO:root:RTL4
INFO:root:RTL5
INFO:root:RTL6
INFO:root:RTL8A
INFO:root:RTL8B
INFO:root:RTL8C
INFO:root:RTL9
INFO:root:RTN1
INFO:root:RTN2
INFO:root:RTN3
INFO:root:RTN4
INFO:root:RTN4IP1
INFO:root:RTN4R
INFO:root:RTN4RL1
INFO:root:RTN4RL2
INFO:root:RTP1
INFO:root:RTP2
INFO:root:RTP3
INFO:root:RTP4
INFO:root:RTP5
INFO:root:RTRAF
INFO:root:RTTN
INFO:root:RUBCN
INFO:root:RUBCNL
INFO:root:RUFY1
INFO:root:RUFY2
INFO:root:RUFY3
INFO:root:RUFY4
INFO:root:RUNDC1
INFO:root:RUNDC3A
INFO:root:RUNDC3B
INFO:root:RUNX1
INFO:root:RUNX1T1
INFO:root:RUNX2
INFO:root:RUNX3
INFO:root:RUSC1
INFO:root:RUSC2
INFO:root:RUVBL1
INFO:root:RUVBL2
INFO:root:RWDD1
INFO:root:RWDD2A
INFO:root:RWDD2B
INFO:root:RWDD3
INFO:root:RWDD4
INFO:root:RXFP1
INFO:root:RXFP2
INFO:root:RXFP3
INFO:root:RXFP4
INFO:root:RXRA
INFO:root:RXRB
INFO:root:RXRG
INFO:root:RXYLT1
INFO:root:RYK
INFO:root:RYR1
INFO:root:RYR2
INFO:root:RYR3
INFO:root:S100A1
INFO:root:S100A10
INFO:root:S100A11
INFO:root:S100A12
INFO:root:S100A13
INFO:root:S100A14
INFO:root:S100A16
INFO:root:S100A2
INFO:root:S100A3
INFO:root:S100A4
INFO:root:S100A5
INFO:root:S100A6
INFO:root:S100A7
INFO:root:S100A7A
INFO:root:S100A7L2
INFO:root:S100A8
INFO:root:S100A9
INFO:root:S100B
INFO:root:S100G
INFO:root:S100P
INFO:root:S100PBP
INFO:root:S100Z
INFO:root:S1PR1
INFO:root:S1PR2
INFO:root:S1PR3
INFO:root:S1PR4
INFO:root:S1PR5
INFO:root:SAA1
INFO:root:SAA2
INFO:root:SAA4
INFO:root:SAAL1
INFO:root:SAC3D1
INFO:root:SACM1L
INFO:root:SACS
INFO:root:SAE1
INFO:root:SAFB
INFO:root:SAFB2
INFO:root:SAG
INFO:root:SAGE1
INFO:root:SALL1
INFO:root:SALL2
INFO:root:SALL3
INFO:root:SALL4
INFO:root:SAMD1
INFO:root:SAMD10
INFO:root:SAMD11
INFO:root:SAMD12
INFO:root:SAMD13
INFO:root:SAMD14
INFO:root:SAMD15
INFO:root:SAMD3
INFO:root:SAMD4A
INFO:root:SAMD4B
INFO:root:SAMD5
INFO:root:SAMD7
INFO:root:SAMD8
INFO:root:SAMD9
INFO:root:SAMD9L
INFO:root:SAMHD1
INFO:root:SAMM50
INFO:root:SAMSN1
INFO:root:SAP130
INFO:root:SAP18
INFO:root:SAP25
INFO:root:SAP30
INFO:root:SAP30BP
INFO:root:SAP30L
INFO:root:SAPCD1
INFO:root:SAPCD2
INFO:root:SAR1A
INFO:root:SAR1B
INFO:root:SARAF
INFO:root:SARDH
INFO:root:SARM1
INFO:root:SARNP
INFO:root:SARS
INFO:root:SARS2
INFO:root:SART1
INFO:root:SART3
INFO:root:SASH1
INFO:root:SASH3
INFO:root:SASS6
INFO:root:SAT1
INFO:root:SAT2
INFO:root:SATB1
INFO:root:SATB2
INFO:root:SATL1
INFO:root:SAV1
INFO:root:SAXO1
INFO:root:SAXO2
INFO:root:SAYSD1
INFO:root:SBDS
INFO:root:SBF1
INFO:root:SBF2
INFO:root:SBK1
INFO:root:SBK2
INFO:root:SBK3
INFO:root:SBNO1
INFO:root:SBNO2
INFO:root:SBSN
INFO:root:SBSPON
INFO:root:SC5D
INFO:root:SCAF1
INFO:root:SCAF11
INFO:root:SCAF4
INFO:root:SCAF8
INFO:root:SCAI
INFO:root:SCAMP1
INFO:root:SCAMP2
INFO:root:SCAMP3
INFO:root:SCAMP4
INFO:root:SCAMP5
INFO:root:SCAND1
INFO:root:SCAP
INFO:root:SCAPER
INFO:root:SCARA3
INFO:root:SCARA5
INFO:root:SCARB1
INFO:root:SCARB2
INFO:root:SCARF1
INFO:root:SCARF2
INFO:root:SCCPDH
INFO:root:SCD
INFO:root:SCD5
INFO:root:SCEL
INFO:root:SCFD1
INFO:root:SCFD2
INFO:root:SCG2
INFO:root:SCG3
INFO:root:SCG5
INFO:root:SCGB1A1
INFO:root:SCGB1C1
INFO:root:SCGB1D1
INFO:root:SCGB1D2
INFO:root:SCGB1D4
INFO:root:SCGB2A1
INFO:root:SCGB2A2
INFO:root:SCGB2B2
INFO:root:SCGB3A1
INFO:root:SCGB3A2
INFO:root:SCGN
INFO:root:SCHIP1
INFO:root:SCIMP
INFO:root:SCIN
INFO:root:SCLT1
INFO:root:SCLY
INFO:root:SCMH1
INFO:root:SCML1
INFO:root:SCML2
INFO:root:SCML4
INFO:root:SCN10A
INFO:root:SCN11A
INFO:root:SCN1A
INFO:root:SCN1B
INFO:root:SCN2A
INFO:root:SCN2B
INFO:root:SCN3A
INFO:root:SCN3B
INFO:root:SCN4A
INFO:root:SCN4B
INFO:root:SCN5A
INFO:root:SCN7A
INFO:root:SCN8A
INFO:root:SCN9A
INFO:root:SCNM1
INFO:root:SCNN1A
INFO:root:SCNN1B
INFO:root:SCNN1D
INFO:root:SCNN1G
INFO:root:SCO1
INFO:root:SCO2
INFO:root:SCOC
INFO:root:SCP2
INFO:root:SCP2D1
INFO:root:SCPEP1
INFO:root:SCRG1
INFO:root:SCRIB
INFO:root:SCRN1
INFO:root:SCRN2
INFO:root:SCRN3
INFO:root:SCRT1
INFO:root:SCRT2
INFO:root:SCT
INFO:root:SCTR
INFO:root:SCUBE1
INFO:root:SCUBE2
INFO:root:SCUBE3
INFO:root:SCX
INFO:root:SCYL1
INFO:root:SCYL2
INFO:root:SCYL3
INFO:root:SDAD1
INFO:root:SDC1
INFO:root:SDC2
INFO:root:SDC3
INFO:root:SDC4
INFO:root:SDCBP
INFO:root:SDCBP2
INFO:root:SDCCAG3
INFO:root:SDCCAG8
INFO:root:SDE2
INFO:root:SDF2
INFO:root:SDF2L1
INFO:root:SDF4
INFO:root:SDHA
INFO:root:SDHAF1
INFO:root:SDHAF2
INFO:root:SDHAF3
INFO:root:SDHAF4
INFO:root:SDHB
INFO:root:SDHC
INFO:root:SDHD
INFO:root:SDIM1
INFO:root:SDK1
INFO:root:SDK2
INFO:root:SDR16C5
INFO:root:SDR39U1
INFO:root:SDR42E1
INFO:root:SDR42E2
INFO:root:SDR9C7
INFO:root:SDS
INFO:root:SDSL
INFO:root:SEC11A
INFO:root:SEC11C
INFO:root:SEC13
INFO:root:SEC14L1
INFO:root:SEC14L2
INFO:root:SEC14L3
INFO:root:SEC14L4
INFO:root:SEC14L5
INFO:root:SEC14L6
INFO:root:SEC16A
INFO:root:SEC16B
INFO:root:SEC22A
INFO:root:SEC22C
INFO:root:SEC23A
INFO:root:SEC23B
INFO:root:SEC23IP
INFO:root:SEC24A
INFO:root:SEC24B
INFO:root:SEC24C
INFO:root:SEC24D
INFO:root:SEC31A
INFO:root:SEC31B
INFO:root:SEC61A1
INFO:root:SEC61A2
INFO:root:SEC61B
INFO:root:SEC61G
INFO:root:SEC62
INFO:root:SEC63
INFO:root:SECISBP2
INFO:root:SECISBP2L
INFO:root:SECTM1
INFO:root:SEH1L
INFO:root:SEL1L
INFO:root:SEL1L2
INFO:root:SEL1L3
INFO:root:SELE
INFO:root:SELENBP1
INFO:root:SELENOH
INFO:root:SELENOI
INFO:root:SELENON
INFO:root:SELENOP
INFO:root:SELENOS
INFO:root:SELENOW
INFO:root:SELL
INFO:root:SELP
INFO:root:SELPLG
INFO:root:SEM1
INFO:root:SEMA3A
INFO:root:SEMA3C
INFO:root:SEMA3D
INFO:root:SEMA3E
INFO:root:SEMA3F
INFO:root:SEMA3G
INFO:root:SEMA4A
INFO:root:SEMA4B
INFO:root:SEMA4C
INFO:root:SEMA4D
INFO:root:SEMA4F
INFO:root:SEMA4G
INFO:root:SEMA5A
INFO:root:SEMA5B
INFO:root:SEMA6A
INFO:root:SEMA6B
INFO:root:SEMA6C
INFO:root:SEMA6D
INFO:root:SEMA7A
INFO:root:SEMG1
INFO:root:SEMG2
INFO:root:SENP1
INFO:root:SENP2
INFO:root:SENP3
INFO:root:SENP5
INFO:root:SENP6
INFO:root:SENP7
INFO:root:SENP8
INFO:root:SEPHS1
INFO:root:SEPHS2
INFO:root:SEPSECS
INFO:root:SEPT1
INFO:root:SEPT10
INFO:root:SEPT11
INFO:root:SEPT12
INFO:root:SEPT14
INFO:root:SEPT2
INFO:root:SEPT3
INFO:root:SEPT4
INFO:root:SEPT5
INFO:root:SEPT6
INFO:root:SEPT7
INFO:root:SEPT8
INFO:root:SEPT9
INFO:root:SERAC1
INFO:root:SERBP1
INFO:root:SERF1A
INFO:root:SERF1B
INFO:root:SERF2
INFO:root:SERGEF
INFO:root:SERHL2
INFO:root:SERINC1
INFO:root:SERINC2
INFO:root:SERINC3
INFO:root:SERINC4
INFO:root:SERINC5
INFO:root:SERP1
INFO:root:SERP2
INFO:root:SERPINA1
INFO:root:SERPINA10
INFO:root:SERPINA11
INFO:root:SERPINA12
INFO:root:SERPINA3
INFO:root:SERPINA4
INFO:root:SERPINA5
INFO:root:SERPINA6
INFO:root:SERPINA7
INFO:root:SERPINA9
INFO:root:SERPINB1
INFO:root:SERPINB10
INFO:root:SERPINB11
INFO:root:SERPINB12
INFO:root:SERPINB13
INFO:root:SERPINB2
INFO:root:SERPINB3
INFO:root:SERPINB4
INFO:root:SERPINB5
INFO:root:SERPINB6
INFO:root:SERPINB7
INFO:root:SERPINB8
INFO:root:SERPINB9
INFO:root:SERPINC1
INFO:root:SERPIND1
INFO:root:SERPINE1
INFO:root:SERPINE2
INFO:root:SERPINE3
INFO:root:SERPINF1
INFO:root:SERPINF2
INFO:root:SERPING1
INFO:root:SERPINH1
INFO:root:SERPINI1
INFO:root:SERPINI2
INFO:root:SERTAD1
INFO:root:SERTAD2
INFO:root:SERTAD3
INFO:root:SERTAD4
INFO:root:SERTM1
INFO:root:SESN1
INFO:root:SESN2
INFO:root:SESN3
INFO:root:SESTD1
INFO:root:SET
INFO:root:SETBP1
INFO:root:SETD1A
INFO:root:SETD1B
INFO:root:SETD2
INFO:root:SETD3
INFO:root:SETD4
INFO:root:SETD5
INFO:root:SETD6
INFO:root:SETD7
INFO:root:SETD9
INFO:root:SETDB1
INFO:root:SETDB2
INFO:root:SETMAR
INFO:root:SETX
INFO:root:SEZ6
INFO:root:SEZ6L
INFO:root:SEZ6L2
INFO:root:SF1
INFO:root:SF3A1
INFO:root:SF3A2
INFO:root:SF3A3
INFO:root:SF3B1
INFO:root:SF3B2
INFO:root:SF3B3
INFO:root:SF3B4
INFO:root:SF3B5
INFO:root:SFI1
INFO:root:SFMBT1
INFO:root:SFMBT2
INFO:root:SFN
INFO:root:SFPQ
INFO:root:SFR1
INFO:root:SFRP1
INFO:root:SFRP2
INFO:root:SFRP4
INFO:root:SFRP5
INFO:root:SFSWAP
INFO:root:SFT2D1
INFO:root:SFT2D2
INFO:root:SFT2D3
INFO:root:SFTA2
INFO:root:SFTA3
INFO:root:SFTPA1
INFO:root:SFTPA2
INFO:root:SFTPB
INFO:root:SFTPC
INFO:root:SFTPD
INFO:root:SFXN1
INFO:root:SFXN2
INFO:root:SFXN3
INFO:root:SFXN4
INFO:root:SFXN5
INFO:root:SGCA
INFO:root:SGCB
INFO:root:SGCD
INFO:root:SGCE
INFO:root:SGCG
INFO:root:SGCZ
INFO:root:SGF29
INFO:root:SGIP1
INFO:root:SGK1
INFO:root:SGK2
INFO:root:SGK3
INFO:root:SGMS1
INFO:root:SGMS2
INFO:root:SGO1
INFO:root:SGO2
INFO:root:SGPL1
INFO:root:SGPP1
INFO:root:SGPP2
INFO:root:SGSH
INFO:root:SGSM1
INFO:root:SGSM2
INFO:root:SGSM3
INFO:root:SGTA
INFO:root:SGTB
INFO:root:SH2B1
INFO:root:SH2B2
INFO:root:SH2B3
INFO:root:SH2D1A
INFO:root:SH2D1B
INFO:root:SH2D2A
INFO:root:SH2D3A
INFO:root:SH2D3C
INFO:root:SH2D4A
INFO:root:SH2D4B
INFO:root:SH2D5
INFO:root:SH2D6
INFO:root:SH2D7
INFO:root:SH3BGR
INFO:root:SH3BGRL
INFO:root:SH3BGRL2
INFO:root:SH3BGRL3
INFO:root:SH3BP1
INFO:root:SH3BP2
INFO:root:SH3BP4
INFO:root:SH3BP5
INFO:root:SH3BP5L
INFO:root:SH3D19
INFO:root:SH3D21
INFO:root:SH3GL1
INFO:root:SH3GL2
INFO:root:SH3GL3
INFO:root:SH3GLB1
INFO:root:SH3GLB2
INFO:root:SH3KBP1
INFO:root:SH3PXD2A
INFO:root:SH3PXD2B
INFO:root:SH3RF1
INFO:root:SH3RF2
INFO:root:SH3RF3
INFO:root:SH3TC1
INFO:root:SH3TC2
INFO:root:SH3YL1
INFO:root:SHANK1
INFO:root:SHANK2
INFO:root:SHANK3
INFO:root:SHARPIN
INFO:root:SHB
INFO:root:SHBG
INFO:root:SHC1
INFO:root:SHC2
INFO:root:SHC3
INFO:root:SHC4
INFO:root:SHCBP1
INFO:root:SHCBP1L
INFO:root:SHD
INFO:root:SHE
INFO:root:SHF
INFO:root:SHH
INFO:root:SHISA2
INFO:root:SHISA3
INFO:root:SHISA4
INFO:root:SHISA5
INFO:root:SHISA6
INFO:root:SHISA7
INFO:root:SHISA9
INFO:root:SHISAL1
INFO:root:SHISAL2A
INFO:root:SHISAL2B
INFO:root:SHKBP1
INFO:root:SHLD1
INFO:root:SHLD2
INFO:root:SHMT1
INFO:root:SHMT2
INFO:root:SHOC2
INFO:root:SHOX
INFO:root:SHOX2
INFO:root:SHPK
INFO:root:SHPRH
INFO:root:SHQ1
INFO:root:SHROOM1
INFO:root:SHROOM2
INFO:root:SHROOM3
INFO:root:SHROOM4
INFO:root:SHTN1
INFO:root:SI
INFO:root:SIAE
INFO:root:SIAH1
INFO:root:SIAH2
INFO:root:SIAH3
INFO:root:SIDT1
INFO:root:SIDT2
INFO:root:SIGIRR
INFO:root:SIGLEC1
INFO:root:SIGLEC10
INFO:root:SIGLEC11
INFO:root:SIGLEC12
INFO:root:SIGLEC14
INFO:root:SIGLEC15
INFO:root:SIGLEC5
INFO:root:SIGLEC6
INFO:root:SIGLEC7
INFO:root:SIGLEC8
INFO:root:SIGLEC9
INFO:root:SIGLECL1
INFO:root:SIGMAR1
INFO:root:SIK1
INFO:root:SIK2
INFO:root:SIK3
INFO:root:SIKE1
INFO:root:SIL1
INFO:root:SIM1
INFO:root:SIM2
INFO:root:SIMC1
INFO:root:SIN3A
INFO:root:SIN3B
INFO:root:SINHCAF
INFO:root:SIPA1
INFO:root:SIPA1L1
INFO:root:SIPA1L2
INFO:root:SIPA1L3
INFO:root:SIRPA
INFO:root:SIRPB1
INFO:root:SIRPB2
INFO:root:SIRPD
INFO:root:SIRPG
INFO:root:SIRT1
INFO:root:SIRT2
INFO:root:SIRT3
INFO:root:SIRT4
INFO:root:SIRT5
INFO:root:SIRT6
INFO:root:SIRT7
INFO:root:SIT1
INFO:root:SIVA1
INFO:root:SIX1
INFO:root:SIX2
INFO:root:SIX3
INFO:root:SIX4
INFO:root:SIX5
INFO:root:SIX6
INFO:root:SKA1
INFO:root:SKA2
INFO:root:SKA3
INFO:root:SKAP1
INFO:root:SKAP2
INFO:root:SKI
INFO:root:SKIDA1
INFO:root:SKIL
INFO:root:SKIV2L
INFO:root:SKOR1
INFO:root:SKOR2
INFO:root:SKP1
INFO:root:SKP2
INFO:root:SLA
INFO:root:SLA2
INFO:root:SLAIN1
INFO:root:SLAIN2
INFO:root:SLAMF1
INFO:root:SLAMF6
INFO:root:SLAMF7
INFO:root:SLAMF8
INFO:root:SLAMF9
INFO:root:SLBP
INFO:root:SLC10A1
INFO:root:SLC10A2
INFO:root:SLC10A3
INFO:root:SLC10A4
INFO:root:SLC10A5
INFO:root:SLC10A6
INFO:root:SLC10A7
INFO:root:SLC11A1
INFO:root:SLC11A2
INFO:root:SLC12A1
INFO:root:SLC12A2
INFO:root:SLC12A3
INFO:root:SLC12A4
INFO:root:SLC12A5
INFO:root:SLC12A6
INFO:root:SLC12A7
INFO:root:SLC12A8
INFO:root:SLC12A9
INFO:root:SLC13A1
INFO:root:SLC13A2
INFO:root:SLC13A3
INFO:root:SLC13A4
INFO:root:SLC13A5
INFO:root:SLC14A1
INFO:root:SLC14A2
INFO:root:SLC15A1
INFO:root:SLC15A2
INFO:root:SLC15A3
INFO:root:SLC15A4
INFO:root:SLC15A5
INFO:root:SLC16A1
INFO:root:SLC16A10
INFO:root:SLC16A11
INFO:root:SLC16A12
INFO:root:SLC16A13
INFO:root:SLC16A14
INFO:root:SLC16A2
INFO:root:SLC16A3
INFO:root:SLC16A4
INFO:root:SLC16A5
INFO:root:SLC16A6
INFO:root:SLC16A7
INFO:root:SLC16A8
INFO:root:SLC16A9
INFO:root:SLC17A1
INFO:root:SLC17A2
INFO:root:SLC17A3
INFO:root:SLC17A4
INFO:root:SLC17A5
INFO:root:SLC17A6
INFO:root:SLC17A7
INFO:root:SLC17A8
INFO:root:SLC17A9
INFO:root:SLC18A1
INFO:root:SLC18A2
INFO:root:SLC18A3
INFO:root:SLC18B1
INFO:root:SLC19A1
INFO:root:SLC19A2
INFO:root:SLC19A3
INFO:root:SLC1A1
INFO:root:SLC1A2
INFO:root:SLC1A3
INFO:root:SLC1A4
INFO:root:SLC1A5
INFO:root:SLC1A6
INFO:root:SLC1A7
INFO:root:SLC20A1
INFO:root:SLC20A2
INFO:root:SLC22A1
INFO:root:SLC22A10
INFO:root:SLC22A11
INFO:root:SLC22A12
INFO:root:SLC22A13
INFO:root:SLC22A14
INFO:root:SLC22A15
INFO:root:SLC22A16
INFO:root:SLC22A17
INFO:root:SLC22A18
INFO:root:SLC22A18AS
INFO:root:SLC22A2
INFO:root:SLC22A23
INFO:root:SLC22A24
INFO:root:SLC22A25
INFO:root:SLC22A3
INFO:root:SLC22A31
INFO:root:SLC22A4
INFO:root:SLC22A5
INFO:root:SLC22A6
INFO:root:SLC22A7
INFO:root:SLC22A8
INFO:root:SLC22A9
INFO:root:SLC23A1
INFO:root:SLC23A2
INFO:root:SLC23A3
INFO:root:SLC24A1
INFO:root:SLC24A2
INFO:root:SLC24A3
INFO:root:SLC24A4
INFO:root:SLC24A5
INFO:root:SLC25A1
INFO:root:SLC25A10
INFO:root:SLC25A11
INFO:root:SLC25A12
INFO:root:SLC25A13
INFO:root:SLC25A14
INFO:root:SLC25A15
INFO:root:SLC25A16
INFO:root:SLC25A17
INFO:root:SLC25A18
INFO:root:SLC25A19
INFO:root:SLC25A2
INFO:root:SLC25A20
INFO:root:SLC25A21
INFO:root:SLC25A22
INFO:root:SLC25A23
INFO:root:SLC25A24
INFO:root:SLC25A25
INFO:root:SLC25A26
INFO:root:SLC25A27
INFO:root:SLC25A28
INFO:root:SLC25A29
INFO:root:SLC25A3
INFO:root:SLC25A30
INFO:root:SLC25A31
INFO:root:SLC25A32
INFO:root:SLC25A33
INFO:root:SLC25A34
INFO:root:SLC25A35
INFO:root:SLC25A36
INFO:root:SLC25A37
INFO:root:SLC25A38
INFO:root:SLC25A39
INFO:root:SLC25A4
INFO:root:SLC25A40
INFO:root:SLC25A41
INFO:root:SLC25A42
INFO:root:SLC25A43
INFO:root:SLC25A44
INFO:root:SLC25A45
INFO:root:SLC25A46
INFO:root:SLC25A47
INFO:root:SLC25A48
INFO:root:SLC25A5
INFO:root:SLC25A51
INFO:root:SLC25A52
INFO:root:SLC25A53
INFO:root:SLC25A6
INFO:root:SLC26A1
INFO:root:SLC26A10
INFO:root:SLC26A11
INFO:root:SLC26A2
INFO:root:SLC26A3
INFO:root:SLC26A4
INFO:root:SLC26A5
INFO:root:SLC26A6
INFO:root:SLC26A7
INFO:root:SLC26A8
INFO:root:SLC26A9
INFO:root:SLC27A1
INFO:root:SLC27A2
INFO:root:SLC27A3
INFO:root:SLC27A4
INFO:root:SLC27A5
INFO:root:SLC27A6
INFO:root:SLC28A1
INFO:root:SLC28A2
INFO:root:SLC28A3
INFO:root:SLC29A1
INFO:root:SLC29A2
INFO:root:SLC29A3
INFO:root:SLC29A4
INFO:root:SLC2A1
INFO:root:SLC2A10
INFO:root:SLC2A11
INFO:root:SLC2A12
INFO:root:SLC2A13
INFO:root:SLC2A14
INFO:root:SLC2A2
INFO:root:SLC2A3
INFO:root:SLC2A4
INFO:root:SLC2A4RG
INFO:root:SLC2A5
INFO:root:SLC2A6
INFO:root:SLC2A7
INFO:root:SLC2A8
INFO:root:SLC2A9
INFO:root:SLC30A1
INFO:root:SLC30A10
INFO:root:SLC30A2
INFO:root:SLC30A3
INFO:root:SLC30A4
INFO:root:SLC30A5
INFO:root:SLC30A6
INFO:root:SLC30A7
INFO:root:SLC30A8
INFO:root:SLC30A9
INFO:root:SLC31A1
INFO:root:SLC31A2
INFO:root:SLC32A1
INFO:root:SLC33A1
INFO:root:SLC34A1
INFO:root:SLC34A2
INFO:root:SLC34A3
INFO:root:SLC35A1
INFO:root:SLC35A2
INFO:root:SLC35A3
INFO:root:SLC35A4
INFO:root:SLC35A5
INFO:root:SLC35B1
INFO:root:SLC35B2
INFO:root:SLC35B3
INFO:root:SLC35B4
INFO:root:SLC35C1
INFO:root:SLC35C2
INFO:root:SLC35D1
INFO:root:SLC35D2
INFO:root:SLC35D3
INFO:root:SLC35E1
INFO:root:SLC35E2A
INFO:root:SLC35E2B
INFO:root:SLC35E3
INFO:root:SLC35E4
INFO:root:SLC35F1
INFO:root:SLC35F2
INFO:root:SLC35F3
INFO:root:SLC35F4
INFO:root:SLC35F5
INFO:root:SLC35F6
INFO:root:SLC35G1
INFO:root:SLC35G2
INFO:root:SLC35G3
INFO:root:SLC35G5
INFO:root:SLC35G6
INFO:root:SLC36A1
INFO:root:SLC36A2
INFO:root:SLC36A3
INFO:root:SLC36A4
INFO:root:SLC37A1
INFO:root:SLC37A2
INFO:root:SLC37A3
INFO:root:SLC37A4
INFO:root:SLC38A1
INFO:root:SLC38A10
INFO:root:SLC38A11
INFO:root:SLC38A2
INFO:root:SLC38A4
INFO:root:SLC38A5
INFO:root:SLC38A6
INFO:root:SLC38A7
INFO:root:SLC38A8
INFO:root:SLC38A9
INFO:root:SLC39A1
INFO:root:SLC39A10
INFO:root:SLC39A11
INFO:root:SLC39A12
INFO:root:SLC39A13
INFO:root:SLC39A14
INFO:root:SLC39A2
INFO:root:SLC39A3
INFO:root:SLC39A4
INFO:root:SLC39A5
INFO:root:SLC39A6
INFO:root:SLC39A7
INFO:root:SLC39A8
INFO:root:SLC39A9
INFO:root:SLC3A1
INFO:root:SLC3A2
INFO:root:SLC40A1
INFO:root:SLC41A1
INFO:root:SLC41A2
INFO:root:SLC41A3
INFO:root:SLC43A1
INFO:root:SLC43A2
INFO:root:SLC43A3
INFO:root:SLC44A1
INFO:root:SLC44A2
INFO:root:SLC44A3
INFO:root:SLC44A4
INFO:root:SLC44A5
INFO:root:SLC45A1
INFO:root:SLC45A2
INFO:root:SLC45A3
INFO:root:SLC45A4
INFO:root:SLC46A1
INFO:root:SLC46A2
INFO:root:SLC46A3
INFO:root:SLC47A1
INFO:root:SLC47A2
INFO:root:SLC48A1
INFO:root:SLC49A3
INFO:root:SLC4A1
INFO:root:SLC4A10
INFO:root:SLC4A11
INFO:root:SLC4A1AP
INFO:root:SLC4A2
INFO:root:SLC4A3
INFO:root:SLC4A4
INFO:root:SLC4A5
INFO:root:SLC4A7
INFO:root:SLC4A8
INFO:root:SLC4A9
INFO:root:SLC50A1
INFO:root:SLC51A
INFO:root:SLC51B
INFO:root:SLC52A1
INFO:root:SLC52A2
INFO:root:SLC52A3
INFO:root:SLC5A1
INFO:root:SLC5A10
INFO:root:SLC5A11
INFO:root:SLC5A12
INFO:root:SLC5A2
INFO:root:SLC5A3
INFO:root:SLC5A4
INFO:root:SLC5A5
INFO:root:SLC5A6
INFO:root:SLC5A7
INFO:root:SLC5A8
INFO:root:SLC5A9
INFO:root:SLC6A1
INFO:root:SLC6A11
INFO:root:SLC6A12
INFO:root:SLC6A13
INFO:root:SLC6A14
INFO:root:SLC6A15
INFO:root:SLC6A16
INFO:root:SLC6A17
INFO:root:SLC6A18
INFO:root:SLC6A19
INFO:root:SLC6A2
INFO:root:SLC6A20
INFO:root:SLC6A3
INFO:root:SLC6A4
INFO:root:SLC6A5
INFO:root:SLC6A6
INFO:root:SLC6A7
INFO:root:SLC6A8
INFO:root:SLC6A9
INFO:root:SLC7A1
INFO:root:SLC7A10
INFO:root:SLC7A11
INFO:root:SLC7A13
INFO:root:SLC7A14
INFO:root:SLC7A2
INFO:root:SLC7A3
INFO:root:SLC7A4
INFO:root:SLC7A5
INFO:root:SLC7A6
INFO:root:SLC7A6OS
INFO:root:SLC7A7
INFO:root:SLC7A8
INFO:root:SLC7A9
INFO:root:SLC8A1
INFO:root:SLC8A2
INFO:root:SLC8A3
INFO:root:SLC8B1
INFO:root:SLC9A1
INFO:root:SLC9A2
INFO:root:SLC9A3
INFO:root:SLC9A3R1
INFO:root:SLC9A3R2
INFO:root:SLC9A4
INFO:root:SLC9A5
INFO:root:SLC9A6
INFO:root:SLC9A7
INFO:root:SLC9A8
INFO:root:SLC9A9
INFO:root:SLC9B1
INFO:root:SLC9B2
INFO:root:SLC9C1
INFO:root:SLC9C2
INFO:root:SLCO1A2
INFO:root:SLCO1B1
INFO:root:SLCO1B3
INFO:root:SLCO1B7
INFO:root:SLCO1C1
INFO:root:SLCO2A1
INFO:root:SLCO2B1
INFO:root:SLCO3A1
INFO:root:SLCO4A1
INFO:root:SLCO4C1
INFO:root:SLCO5A1
INFO:root:SLCO6A1
INFO:root:SLF1
INFO:root:SLF2
INFO:root:SLFN11
INFO:root:SLFN12
INFO:root:SLFN12L
INFO:root:SLFN13
INFO:root:SLFN14
INFO:root:SLFN5
INFO:root:SLFNL1
INFO:root:SLIRP
INFO:root:SLIT1
INFO:root:SLIT2
INFO:root:SLIT3
INFO:root:SLITRK1
INFO:root:SLITRK2
INFO:root:SLITRK3
INFO:root:SLITRK4
INFO:root:SLITRK5
INFO:root:SLITRK6
INFO:root:SLK
INFO:root:SLMAP
INFO:root:SLN
INFO:root:SLPI
INFO:root:SLTM
INFO:root:SLU7
INFO:root:SLURP1
INFO:root:SLX1A
INFO:root:SLX1B
INFO:root:SLX4
INFO:root:SLX4IP
INFO:root:SMAD1
INFO:root:SMAD2
INFO:root:SMAD3
INFO:root:SMAD4
INFO:root:SMAD5
INFO:root:SMAD6
INFO:root:SMAD7
INFO:root:SMAD9
INFO:root:SMAGP
INFO:root:SMAP1
INFO:root:SMAP2
INFO:root:SMARCA1
INFO:root:SMARCA2
INFO:root:SMARCA4
INFO:root:SMARCA5
INFO:root:SMARCAD1
INFO:root:SMARCAL1
INFO:root:SMARCB1
INFO:root:SMARCC1
INFO:root:SMARCC2
INFO:root:SMARCD1
INFO:root:SMARCD2
INFO:root:SMARCD3
INFO:root:SMARCE1
INFO:root:SMC1A
INFO:root:SMC1B
INFO:root:SMC2
INFO:root:SMC3
INFO:root:SMC4
INFO:root:SMC5
INFO:root:SMC6
INFO:root:SMCHD1
INFO:root:SMCO1
INFO:root:SMCO2
INFO:root:SMCO3
INFO:root:SMCO4
INFO:root:SMCP
INFO:root:SMCR8
INFO:root:SMDT1
INFO:root:SMG1
INFO:root:SMG5
INFO:root:SMG6
INFO:root:SMG7
INFO:root:SMG8
INFO:root:SMG9
INFO:root:SMIM1
INFO:root:SMIM10
INFO:root:SMIM11A
INFO:root:SMIM12
INFO:root:SMIM13
INFO:root:SMIM14
INFO:root:SMIM15
INFO:root:SMIM17
INFO:root:SMIM18
INFO:root:SMIM19
INFO:root:SMIM2
INFO:root:SMIM20
INFO:root:SMIM21
INFO:root:SMIM22
INFO:root:SMIM23
INFO:root:SMIM24
INFO:root:SMIM29
INFO:root:SMIM3
INFO:root:SMIM30
INFO:root:SMIM4
INFO:root:SMIM5
INFO:root:SMIM6
INFO:root:SMIM7
INFO:root:SMIM8
INFO:root:SMIM9
INFO:root:SMKR1
INFO:root:SMLR1
INFO:root:SMN1
INFO:root:SMN2
INFO:root:SMNDC1
INFO:root:SMO
INFO:root:SMOC1
INFO:root:SMOC2
INFO:root:SMOX
INFO:root:SMPD1
INFO:root:SMPD2
INFO:root:SMPD3
INFO:root:SMPD4
INFO:root:SMPDL3A
INFO:root:SMPDL3B
INFO:root:SMPX
INFO:root:SMR3A
INFO:root:SMR3B
INFO:root:SMS
INFO:root:SMTN
INFO:root:SMTNL1
INFO:root:SMTNL2
INFO:root:SMU1
INFO:root:SMUG1
INFO:root:SMURF1
INFO:root:SMURF2
INFO:root:SMYD1
INFO:root:SMYD2
INFO:root:SMYD3
INFO:root:SMYD4
INFO:root:SMYD5
INFO:root:SNAI1
INFO:root:SNAI2
INFO:root:SNAI3
INFO:root:SNAP23
INFO:root:SNAP25
INFO:root:SNAP29
INFO:root:SNAP47
INFO:root:SNAP91
INFO:root:SNAPC1
INFO:root:SNAPC2
INFO:root:SNAPC3
INFO:root:SNAPC4
INFO:root:SNAPC5
INFO:root:SNAPIN
INFO:root:SNCA
INFO:root:SNCAIP
INFO:root:SNCB
INFO:root:SNCG
INFO:root:SND1
INFO:root:SNED1
INFO:root:SNF8
INFO:root:SNIP1
INFO:root:SNN
INFO:root:SNORC
INFO:root:SNPH
INFO:root:SNRK
INFO:root:SNRNP200
INFO:root:SNRNP25
INFO:root:SNRNP27
INFO:root:SNRNP35
INFO:root:SNRNP40
INFO:root:SNRNP48
INFO:root:SNRNP70
INFO:root:SNRPA
INFO:root:SNRPA1
INFO:root:SNRPB
INFO:root:SNRPB2
INFO:root:SNRPC
INFO:root:SNRPD1
INFO:root:SNRPD2
INFO:root:SNRPD3
INFO:root:SNRPE
INFO:root:SNRPF
INFO:root:SNRPG
INFO:root:SNRPN
INFO:root:SNTA1
INFO:root:SNTB1
INFO:root:SNTB2
INFO:root:SNTG1
INFO:root:SNTG2
INFO:root:SNTN
INFO:root:SNU13
INFO:root:SNUPN
INFO:root:SNURF
INFO:root:SNW1
INFO:root:SNX1
INFO:root:SNX10
INFO:root:SNX11
INFO:root:SNX12
INFO:root:SNX13
INFO:root:SNX14
INFO:root:SNX15
INFO:root:SNX16
INFO:root:SNX17
INFO:root:SNX18
INFO:root:SNX19
INFO:root:SNX2
INFO:root:SNX20
INFO:root:SNX21
INFO:root:SNX22
INFO:root:SNX24
INFO:root:SNX25
INFO:root:SNX27
INFO:root:SNX29
INFO:root:SNX3
INFO:root:SNX30
INFO:root:SNX31
INFO:root:SNX32
INFO:root:SNX33
INFO:root:SNX4
INFO:root:SNX5
INFO:root:SNX6
INFO:root:SNX7
INFO:root:SNX8
INFO:root:SNX9
INFO:root:SOAT1
INFO:root:SOAT2
INFO:root:SOBP
INFO:root:SOCS1
INFO:root:SOCS2
INFO:root:SOCS3
INFO:root:SOCS4
INFO:root:SOCS5
INFO:root:SOCS6
INFO:root:SOCS7
INFO:root:SOD1
INFO:root:SOD2
INFO:root:SOD3
INFO:root:SOGA1
INFO:root:SOGA3
INFO:root:SOHLH1
INFO:root:SOHLH2
INFO:root:SON
INFO:root:SORBS1
INFO:root:SORBS2
INFO:root:SORBS3
INFO:root:SORCS1
INFO:root:SORCS2
INFO:root:SORCS3
INFO:root:SORD
INFO:root:SORL1
INFO:root:SORT1
INFO:root:SOS1
INFO:root:SOS2
INFO:root:SOST
INFO:root:SOSTDC1
INFO:root:SOWAHA
INFO:root:SOWAHB
INFO:root:SOWAHC
INFO:root:SOWAHD
INFO:root:SOX1
INFO:root:SOX10
INFO:root:SOX11
INFO:root:SOX12
INFO:root:SOX13
INFO:root:SOX14
INFO:root:SOX15
INFO:root:SOX17
INFO:root:SOX18
INFO:root:SOX2
INFO:root:SOX21
INFO:root:SOX3
INFO:root:SOX30
INFO:root:SOX4
INFO:root:SOX5
INFO:root:SOX6
INFO:root:SOX7
INFO:root:SOX8
INFO:root:SOX9
INFO:root:SP1
INFO:root:SP100
INFO:root:SP110
INFO:root:SP140
INFO:root:SP140L
INFO:root:SP2
INFO:root:SP3
INFO:root:SP4
INFO:root:SP5
INFO:root:SP6
INFO:root:SP7
INFO:root:SP8
INFO:root:SP9
INFO:root:SPA17
INFO:root:SPACA1
INFO:root:SPACA3
INFO:root:SPACA4
INFO:root:SPACA5
INFO:root:SPACA5B
INFO:root:SPACA7
INFO:root:SPACA9
INFO:root:SPAG1
INFO:root:SPAG11A
INFO:root:SPAG11B
INFO:root:SPAG16
INFO:root:SPAG17
INFO:root:SPAG4
INFO:root:SPAG5
INFO:root:SPAG6
INFO:root:SPAG7
INFO:root:SPAG8
INFO:root:SPAG9
INFO:root:SPAM1
INFO:root:SPANXA1
INFO:root:SPANXA2
INFO:root:SPANXB1
INFO:root:SPANXC
INFO:root:SPANXD
INFO:root:SPANXN1
INFO:root:SPANXN2
INFO:root:SPANXN3
INFO:root:SPANXN4
INFO:root:SPANXN5
INFO:root:SPARC
INFO:root:SPARCL1
INFO:root:SPART
INFO:root:SPAST
INFO:root:SPATA12
INFO:root:SPATA13
INFO:root:SPATA16
INFO:root:SPATA17
INFO:root:SPATA18
INFO:root:SPATA19
INFO:root:SPATA2
INFO:root:SPATA20
INFO:root:SPATA21
INFO:root:SPATA22
INFO:root:SPATA24
INFO:root:SPATA25
INFO:root:SPATA2L
INFO:root:SPATA3
INFO:root:SPATA31A1
INFO:root:SPATA31A3
INFO:root:SPATA31A5
INFO:root:SPATA31A6
INFO:root:SPATA31A7
INFO:root:SPATA31D1
INFO:root:SPATA31E1
INFO:root:SPATA32
INFO:root:SPATA33
INFO:root:SPATA4
INFO:root:SPATA45
INFO:root:SPATA46
INFO:root:SPATA48
INFO:root:SPATA5
INFO:root:SPATA5L1
INFO:root:SPATA6
INFO:root:SPATA6L
INFO:root:SPATA7
INFO:root:SPATA8
INFO:root:SPATA9
INFO:root:SPATC1
INFO:root:SPATC1L
INFO:root:SPATS1
INFO:root:SPATS2
INFO:root:SPATS2L
INFO:root:SPC24
INFO:root:SPC25
INFO:root:SPCS1
INFO:root:SPCS2
INFO:root:SPCS3
INFO:root:SPDEF
INFO:root:SPDL1
INFO:root:SPDYA
INFO:root:SPDYC
INFO:root:SPDYE1
INFO:root:SPDYE2
INFO:root:SPDYE2B
INFO:root:SPDYE3
INFO:root:SPDYE4
INFO:root:SPECC1
INFO:root:SPECC1L
INFO:root:SPEF1
INFO:root:SPEF2
INFO:root:SPEG
INFO:root:SPEM1
INFO:root:SPEM2
INFO:root:SPEN
INFO:root:SPERT
INFO:root:SPESP1
INFO:root:SPG11
INFO:root:SPG21
INFO:root:SPG7
INFO:root:SPHAR
INFO:root:SPHK1
INFO:root:SPHK2
INFO:root:SPHKAP
INFO:root:SPI1
INFO:root:SPIB
INFO:root:SPIC
INFO:root:SPICE1
INFO:root:SPIDR
INFO:root:SPIN1
INFO:root:SPIN2A
INFO:root:SPIN2B
INFO:root:SPIN3
INFO:root:SPIN4
INFO:root:SPINDOC
INFO:root:SPINK1
INFO:root:SPINK13
INFO:root:SPINK14
INFO:root:SPINK2
INFO:root:SPINK4
INFO:root:SPINK5
INFO:root:SPINK6
INFO:root:SPINK7
INFO:root:SPINK8
INFO:root:SPINK9
INFO:root:SPINT1
INFO:root:SPINT2
INFO:root:SPINT3
INFO:root:SPINT4
INFO:root:SPIRE1
INFO:root:SPIRE2
INFO:root:SPN
INFO:root:SPNS1
INFO:root:SPNS2
INFO:root:SPNS3
INFO:root:SPO11
INFO:root:SPOCD1
INFO:root:SPOCK1
INFO:root:SPOCK2
INFO:root:SPOCK3
INFO:root:SPON2
INFO:root:SPOP
INFO:root:SPOPL
INFO:root:SPOUT1
INFO:root:SPP1
INFO:root:SPP2
INFO:root:SPPL2A
INFO:root:SPPL2C
INFO:root:SPPL3
INFO:root:SPR
INFO:root:SPRED1
INFO:root:SPRED2
INFO:root:SPRED3
INFO:root:SPRN
INFO:root:SPRR1A
INFO:root:SPRR1B
INFO:root:SPRR2A
INFO:root:SPRR2B
INFO:root:SPRR2D
INFO:root:SPRR2E
INFO:root:SPRR2F
INFO:root:SPRR2G
INFO:root:SPRR3
INFO:root:SPRR4
INFO:root:SPRTN
INFO:root:SPRY1
INFO:root:SPRY2
INFO:root:SPRY3
INFO:root:SPRY4
INFO:root:SPRYD3
INFO:root:SPRYD4
INFO:root:SPRYD7
INFO:root:SPSB1
INFO:root:SPSB2
INFO:root:SPSB3
INFO:root:SPSB4
INFO:root:SPTA1
INFO:root:SPTAN1
INFO:root:SPTB
INFO:root:SPTBN1
INFO:root:SPTBN2
INFO:root:SPTBN4
INFO:root:SPTBN5
INFO:root:SPTLC1
INFO:root:SPTLC2
INFO:root:SPTLC3
INFO:root:SPTSSA
INFO:root:SPTSSB
INFO:root:SPTY2D1
INFO:root:SPX
INFO:root:SPZ1
INFO:root:SQLE
INFO:root:SQOR
INFO:root:SQSTM1
INFO:root:SRA1
INFO:root:SRARP
INFO:root:SRBD1
INFO:root:SRC
INFO:root:SRCAP
INFO:root:SRCIN1
INFO:root:SRD5A1
INFO:root:SRD5A3
INFO:root:SREBF1
INFO:root:SREBF2
INFO:root:SREK1
INFO:root:SREK1IP1
INFO:root:SRF
INFO:root:SRFBP1
INFO:root:SRGAP1
INFO:root:SRGAP2
INFO:root:SRGAP3
INFO:root:SRGN
INFO:root:SRI
INFO:root:SRL
INFO:root:SRM
INFO:root:SRMS
INFO:root:SRP14
INFO:root:SRP19
INFO:root:SRP54
INFO:root:SRP68
INFO:root:SRP72
INFO:root:SRP9
INFO:root:SRPK1
INFO:root:SRPK2
INFO:root:SRPK3
INFO:root:SRPRA
INFO:root:SRPRB
INFO:root:SRPX
INFO:root:SRPX2
INFO:root:SRR
INFO:root:SRRD
INFO:root:SRRM1
INFO:root:SRRM2
INFO:root:SRRM3
INFO:root:SRRM4
INFO:root:SRRM5
INFO:root:SRRT
INFO:root:SRSF1
INFO:root:SRSF10
INFO:root:SRSF11
INFO:root:SRSF12
INFO:root:SRSF2
INFO:root:SRSF3
INFO:root:SRSF4
INFO:root:SRSF5
INFO:root:SRSF6
INFO:root:SRSF7
INFO:root:SRSF8
INFO:root:SRSF9
INFO:root:SRXN1
INFO:root:SS18
INFO:root:SS18L1
INFO:root:SS18L2
INFO:root:SSB
INFO:root:SSBP1
INFO:root:SSBP2
INFO:root:SSBP3
INFO:root:SSBP4
INFO:root:SSC4D
INFO:root:SSC5D
INFO:root:SSFA2
INFO:root:SSH1
INFO:root:SSH2
INFO:root:SSH3
INFO:root:SSMEM1
INFO:root:SSNA1
INFO:root:SSPN
INFO:root:SSR1
INFO:root:SSR2
INFO:root:SSR3
INFO:root:SSR4
INFO:root:SSRP1
INFO:root:SSSCA1
INFO:root:SST
INFO:root:SSTR1
INFO:root:SSTR2
INFO:root:SSTR3
INFO:root:SSTR4
INFO:root:SSTR5
INFO:root:SSU72
INFO:root:SSUH2
INFO:root:SSX1
INFO:root:SSX2
INFO:root:SSX2B
INFO:root:SSX2IP
INFO:root:SSX3
INFO:root:SSX4
INFO:root:SSX4B
INFO:root:SSX5
INFO:root:SSX7
INFO:root:ST13
INFO:root:ST14
INFO:root:ST18
INFO:root:ST20
INFO:root:ST3GAL1
INFO:root:ST3GAL2
INFO:root:ST3GAL3
INFO:root:ST3GAL4
INFO:root:ST3GAL5
INFO:root:ST3GAL6
INFO:root:ST5
INFO:root:ST6GAL1
INFO:root:ST6GAL2
INFO:root:ST6GALNAC1
INFO:root:ST6GALNAC2
INFO:root:ST6GALNAC3
INFO:root:ST6GALNAC4
INFO:root:ST6GALNAC5
INFO:root:ST6GALNAC6
INFO:root:ST7
INFO:root:ST7L
INFO:root:ST8SIA1
INFO:root:ST8SIA2
INFO:root:ST8SIA3
INFO:root:ST8SIA4
INFO:root:ST8SIA5
INFO:root:ST8SIA6
INFO:root:STAB1
INFO:root:STAB2
INFO:root:STAC
INFO:root:STAC2
INFO:root:STAC3
INFO:root:STAG1
INFO:root:STAG2
INFO:root:STAG3
INFO:root:STAM
INFO:root:STAM2
INFO:root:STAMBP
INFO:root:STAMBPL1
INFO:root:STAP1
INFO:root:STAP2
INFO:root:STAR
INFO:root:STARD10
INFO:root:STARD13
INFO:root:STARD3
INFO:root:STARD3NL
INFO:root:STARD4
INFO:root:STARD5
INFO:root:STARD6
INFO:root:STARD7
INFO:root:STARD8
INFO:root:STARD9
INFO:root:STAT1
INFO:root:STAT2
INFO:root:STAT3
INFO:root:STAT4
INFO:root:STAT5A
INFO:root:STAT5B
INFO:root:STAT6
INFO:root:STATH
INFO:root:STAU1
INFO:root:STAU2
INFO:root:STBD1
INFO:root:STC1
INFO:root:STC2
INFO:root:STEAP1
INFO:root:STEAP1B
INFO:root:STEAP2
INFO:root:STEAP3
INFO:root:STEAP4
INFO:root:STH
INFO:root:STIL
INFO:root:STIM1
INFO:root:STIM2
INFO:root:STIMATE
INFO:root:STIP1
INFO:root:STK10
INFO:root:STK11
INFO:root:STK11IP
INFO:root:STK16
INFO:root:STK17A
INFO:root:STK17B
INFO:root:STK19
INFO:root:STK24
INFO:root:STK25
INFO:root:STK3
INFO:root:STK31
INFO:root:STK32A
INFO:root:STK32B
INFO:root:STK32C
INFO:root:STK33
INFO:root:STK35
INFO:root:STK36
INFO:root:STK38
INFO:root:STK38L
INFO:root:STK39
INFO:root:STK4
INFO:root:STK40
INFO:root:STKLD1
INFO:root:STMN1
INFO:root:STMN2
INFO:root:STMN3
INFO:root:STMN4
INFO:root:STMND1
INFO:root:STMP1
INFO:root:STN1
INFO:root:STOM
INFO:root:STOML1
INFO:root:STOML2
INFO:root:STOML3
INFO:root:STON1
INFO:root:STON2
INFO:root:STOX1
INFO:root:STOX2
INFO:root:STPG1
INFO:root:STPG2
INFO:root:STPG3
INFO:root:STPG4
INFO:root:STRA6
INFO:root:STRA8
INFO:root:STRADA
INFO:root:STRADB
INFO:root:STRAP
INFO:root:STRBP
INFO:root:STRC
INFO:root:STRIP1
INFO:root:STRIP2
INFO:root:STRN
INFO:root:STRN3
INFO:root:STRN4
INFO:root:STS
INFO:root:STT3A
INFO:root:STT3B
INFO:root:STUB1
INFO:root:STUM
INFO:root:STX10
INFO:root:STX11
INFO:root:STX12
INFO:root:STX16
INFO:root:STX17
INFO:root:STX18
INFO:root:STX19
INFO:root:STX1A
INFO:root:STX1B
INFO:root:STX2
INFO:root:STX3
INFO:root:STX4
INFO:root:STX5
INFO:root:STX6
INFO:root:STX7
INFO:root:STX8
INFO:root:STXBP1
INFO:root:STXBP2
INFO:root:STXBP3
INFO:root:STXBP4
INFO:root:STXBP5
INFO:root:STXBP5L
INFO:root:STXBP6
INFO:root:STYK1
INFO:root:STYX
INFO:root:STYXL1
INFO:root:SUB1
INFO:root:SUCLA2
INFO:root:SUCLG1
INFO:root:SUCLG2
INFO:root:SUCNR1
INFO:root:SUCO
INFO:root:SUDS3
INFO:root:SUFU
INFO:root:SUGCT
INFO:root:SUGP1
INFO:root:SUGP2
INFO:root:SUGT1
INFO:root:SULF1
INFO:root:SULF2
INFO:root:SULT1A1
INFO:root:SULT1A2
INFO:root:SULT1A3
INFO:root:SULT1A4
INFO:root:SULT1B1
INFO:root:SULT1C2
INFO:root:SULT1C3
INFO:root:SULT1C4
INFO:root:SULT1E1
INFO:root:SULT2A1
INFO:root:SULT2B1
INFO:root:SULT4A1
INFO:root:SULT6B1
INFO:root:SUMF1
INFO:root:SUMF2
