INFO:root:Loading rates
INFO:root:get expected
INFO:root:get weights
INFO:root:Loading de novos
INFO:root:Starting tests:  10000000 simulations
INFO:root:A1BG
INFO:root:A1CF
INFO:root:A2M
INFO:root:A2ML1
INFO:root:A3GALT2
INFO:root:A4GALT
INFO:root:A4GNT
INFO:root:AAAS
INFO:root:AACS
INFO:root:AADAC
INFO:root:AADACL2
INFO:root:AADACL3
INFO:root:AADACL4
INFO:root:AADAT
INFO:root:AAED1
INFO:root:AAGAB
INFO:root:AAK1
INFO:root:AAMDC
INFO:root:AAMP
INFO:root:AANAT
INFO:root:AAR2
INFO:root:AARD
INFO:root:AARS
INFO:root:AARS2
INFO:root:AARSD1
INFO:root:AASDH
INFO:root:AASDHPPT
INFO:root:AASS
INFO:root:AATF
INFO:root:AATK
INFO:root:ABAT
INFO:root:ABCA1
INFO:root:ABCA10
INFO:root:ABCA12
INFO:root:ABCA13
INFO:root:ABCA2
INFO:root:ABCA3
INFO:root:ABCA4
INFO:root:ABCA5
INFO:root:ABCA6
INFO:root:ABCA7
INFO:root:ABCA8
INFO:root:ABCA9
INFO:root:ABCB1
INFO:root:ABCB10
INFO:root:ABCB11
INFO:root:ABCB4
INFO:root:ABCB5
INFO:root:ABCB6
INFO:root:ABCB7
INFO:root:ABCB8
INFO:root:ABCB9
INFO:root:ABCC1
INFO:root:ABCC10
INFO:root:ABCC11
INFO:root:ABCC12
INFO:root:ABCC2
INFO:root:ABCC3
INFO:root:ABCC4
INFO:root:ABCC5
INFO:root:ABCC6
INFO:root:ABCC8
INFO:root:ABCC9
INFO:root:ABCD1
INFO:root:ABCD2
INFO:root:ABCD3
INFO:root:ABCD4
INFO:root:ABCE1
INFO:root:ABCF1
INFO:root:ABCF2
INFO:root:ABCF3
INFO:root:ABCG1
INFO:root:ABCG2
INFO:root:ABCG4
INFO:root:ABCG5
INFO:root:ABCG8
INFO:root:ABHD1
INFO:root:ABHD10
INFO:root:ABHD11
INFO:root:ABHD12
INFO:root:ABHD12B
INFO:root:ABHD13
INFO:root:ABHD14A
INFO:root:ABHD14B
INFO:root:ABHD15
INFO:root:ABHD16A
INFO:root:ABHD16B
INFO:root:ABHD17A
INFO:root:ABHD17B
INFO:root:ABHD17C
INFO:root:ABHD18
INFO:root:ABHD2
INFO:root:ABHD3
INFO:root:ABHD4
INFO:root:ABHD5
INFO:root:ABHD6
INFO:root:ABHD8
INFO:root:ABI1
INFO:root:ABI2
INFO:root:ABI3
INFO:root:ABI3BP
INFO:root:ABL1
INFO:root:ABL2
INFO:root:ABLIM1
INFO:root:ABLIM2
INFO:root:ABLIM3
INFO:root:ABR
INFO:root:ABRA
INFO:root:ABRACL
INFO:root:ABRAXAS1
INFO:root:ABRAXAS2
INFO:root:ABT1
INFO:root:ABTB1
INFO:root:ABTB2
INFO:root:ACAA1
INFO:root:ACAA2
INFO:root:ACACA
INFO:root:ACACB
INFO:root:ACAD10
INFO:root:ACAD11
INFO:root:ACAD8
INFO:root:ACAD9
INFO:root:ACADL
INFO:root:ACADM
INFO:root:ACADS
INFO:root:ACADSB
INFO:root:ACADVL
INFO:root:ACAN
INFO:root:ACAP1
INFO:root:ACAP2
INFO:root:ACAP3
INFO:root:ACAT1
INFO:root:ACAT2
INFO:root:ACBD3
INFO:root:ACBD4
INFO:root:ACBD5
INFO:root:ACBD6
INFO:root:ACBD7
INFO:root:ACCS
INFO:root:ACCSL
INFO:root:ACD
INFO:root:ACE
INFO:root:ACE2
INFO:root:ACER1
INFO:root:ACER2
INFO:root:ACER3
INFO:root:ACHE
INFO:root:ACIN1
INFO:root:ACKR1
INFO:root:ACKR2
INFO:root:ACKR3
INFO:root:ACKR4
INFO:root:ACLY
INFO:root:ACMSD
INFO:root:ACO1
INFO:root:ACO2
INFO:root:ACOD1
INFO:root:ACOT1
INFO:root:ACOT11
INFO:root:ACOT12
INFO:root:ACOT13
INFO:root:ACOT2
INFO:root:ACOT4
INFO:root:ACOT6
INFO:root:ACOT7
INFO:root:ACOT8
INFO:root:ACOT9
INFO:root:ACOX1
INFO:root:ACOX2
INFO:root:ACOX3
INFO:root:ACOXL
INFO:root:ACP1
INFO:root:ACP2
INFO:root:ACP4
INFO:root:ACP5
INFO:root:ACP6
INFO:root:ACPP
INFO:root:ACR
INFO:root:ACRBP
INFO:root:ACRV1
INFO:root:ACSBG1
INFO:root:ACSBG2
INFO:root:ACSF2
INFO:root:ACSF3
INFO:root:ACSL1
INFO:root:ACSL3
INFO:root:ACSL4
INFO:root:ACSL5
INFO:root:ACSL6
INFO:root:ACSM1
INFO:root:ACSM2A
INFO:root:ACSM2B
INFO:root:ACSM3
INFO:root:ACSM4
INFO:root:ACSM5
INFO:root:ACSM6
INFO:root:ACSS1
INFO:root:ACSS2
INFO:root:ACSS3
INFO:root:ACTA1
INFO:root:ACTA2
INFO:root:ACTB
INFO:root:ACTBL2
INFO:root:ACTC1
INFO:root:ACTG1
INFO:root:ACTG2
INFO:root:ACTL10
INFO:root:ACTL6A
INFO:root:ACTL6B
INFO:root:ACTL7A
INFO:root:ACTL7B
INFO:root:ACTL8
INFO:root:ACTL9
INFO:root:ACTN1
INFO:root:ACTN2
INFO:root:ACTN3
INFO:root:ACTN4
INFO:root:ACTR10
INFO:root:ACTR1A
INFO:root:ACTR1B
INFO:root:ACTR2
INFO:root:ACTR3
INFO:root:ACTR3B
INFO:root:ACTR3C
INFO:root:ACTR5
INFO:root:ACTR6
INFO:root:ACTR8
INFO:root:ACTRT1
INFO:root:ACTRT2
INFO:root:ACTRT3
INFO:root:ACVR1
INFO:root:ACVR1B
INFO:root:ACVR1C
INFO:root:ACVR2A
INFO:root:ACVR2B
INFO:root:ACVRL1
INFO:root:ACY1
INFO:root:ACY3
INFO:root:ACYP1
INFO:root:ACYP2
INFO:root:ADA
INFO:root:ADA2
INFO:root:ADAD1
INFO:root:ADAD2
INFO:root:ADAL
INFO:root:ADAM10
INFO:root:ADAM11
INFO:root:ADAM12
INFO:root:ADAM15
INFO:root:ADAM17
INFO:root:ADAM18
INFO:root:ADAM19
INFO:root:ADAM2
INFO:root:ADAM20
INFO:root:ADAM21
INFO:root:ADAM22
INFO:root:ADAM23
INFO:root:ADAM28
INFO:root:ADAM29
INFO:root:ADAM30
INFO:root:ADAM32
INFO:root:ADAM33
INFO:root:ADAM7
INFO:root:ADAM8
INFO:root:ADAM9
INFO:root:ADAMDEC1
INFO:root:ADAMTS1
INFO:root:ADAMTS10
INFO:root:ADAMTS12
INFO:root:ADAMTS13
INFO:root:ADAMTS14
INFO:root:ADAMTS15
INFO:root:ADAMTS16
INFO:root:ADAMTS17
INFO:root:ADAMTS18
INFO:root:ADAMTS19
INFO:root:ADAMTS2
INFO:root:ADAMTS20
INFO:root:ADAMTS3
INFO:root:ADAMTS4
INFO:root:ADAMTS5
INFO:root:ADAMTS6
INFO:root:ADAMTS7
INFO:root:ADAMTS8
INFO:root:ADAMTS9
INFO:root:ADAMTSL1
INFO:root:ADAMTSL2
INFO:root:ADAMTSL3
INFO:root:ADAMTSL4
INFO:root:ADAMTSL5
INFO:root:ADAP1
INFO:root:ADAP2
INFO:root:ADAR
INFO:root:ADARB1
INFO:root:ADARB2
INFO:root:ADAT1
INFO:root:ADAT2
INFO:root:ADAT3
INFO:root:ADCK1
INFO:root:ADCK2
INFO:root:ADCK5
INFO:root:ADCY1
INFO:root:ADCY10
INFO:root:ADCY2
INFO:root:ADCY3
INFO:root:ADCY4
INFO:root:ADCY5
INFO:root:ADCY6
INFO:root:ADCY7
INFO:root:ADCY8
INFO:root:ADCY9
INFO:root:ADCYAP1
INFO:root:ADCYAP1R1
INFO:root:ADD1
INFO:root:ADD2
INFO:root:ADD3
INFO:root:ADGB
INFO:root:ADGRA1
INFO:root:ADGRA2
INFO:root:ADGRA3
INFO:root:ADGRB1
INFO:root:ADGRB2
INFO:root:ADGRB3
INFO:root:ADGRD1
INFO:root:ADGRD2
INFO:root:ADGRE1
INFO:root:ADGRE2
INFO:root:ADGRE3
INFO:root:ADGRE5
INFO:root:ADGRF1
INFO:root:ADGRF2
INFO:root:ADGRF3
INFO:root:ADGRF4
INFO:root:ADGRF5
INFO:root:ADGRG1
INFO:root:ADGRG2
INFO:root:ADGRG3
INFO:root:ADGRG4
INFO:root:ADGRG5
INFO:root:ADGRG6
INFO:root:ADGRG7
INFO:root:ADGRL1
INFO:root:ADGRL2
INFO:root:ADGRL3
INFO:root:ADGRL4
INFO:root:ADGRV1
INFO:root:ADH1A
INFO:root:ADH1B
INFO:root:ADH1C
INFO:root:ADH4
INFO:root:ADH5
INFO:root:ADH6
INFO:root:ADH7
INFO:root:ADHFE1
INFO:root:ADI1
INFO:root:ADIG
INFO:root:ADIPOQ
INFO:root:ADIPOR1
INFO:root:ADIPOR2
INFO:root:ADIRF
INFO:root:ADK
INFO:root:ADM
INFO:root:ADM2
INFO:root:ADM5
INFO:root:ADNP
INFO:root:ADNP2
INFO:root:ADO
INFO:root:ADORA1
INFO:root:ADORA2A
INFO:root:ADORA2B
INFO:root:ADORA3
INFO:root:ADPGK
INFO:root:ADPRH
INFO:root:ADPRHL1
INFO:root:ADPRHL2
INFO:root:ADPRM
INFO:root:ADRA1A
INFO:root:ADRA1B
INFO:root:ADRA1D
INFO:root:ADRA2A
INFO:root:ADRA2B
INFO:root:ADRA2C
INFO:root:ADRB1
INFO:root:ADRB2
INFO:root:ADRB3
INFO:root:ADRM1
INFO:root:ADSL
INFO:root:ADSS
INFO:root:ADSSL1
INFO:root:ADTRP
INFO:root:AEBP1
INFO:root:AEBP2
INFO:root:AEN
INFO:root:AES
INFO:root:AFAP1
INFO:root:AFAP1L1
INFO:root:AFAP1L2
INFO:root:AFDN
INFO:root:AFF1
INFO:root:AFF2
INFO:root:AFF3
INFO:root:AFF4
INFO:root:AFG1L
INFO:root:AFG3L2
INFO:root:AFM
INFO:root:AFMID
INFO:root:AFP
INFO:root:AFTPH
INFO:root:AGA
INFO:root:AGAP1
INFO:root:AGAP2
INFO:root:AGAP3
INFO:root:AGAP4
INFO:root:AGAP5
INFO:root:AGAP6
INFO:root:AGAP9
INFO:root:AGBL1
INFO:root:AGBL2
INFO:root:AGBL3
INFO:root:AGBL4
INFO:root:AGBL5
INFO:root:AGER
INFO:root:AGFG1
INFO:root:AGFG2
INFO:root:AGGF1
INFO:root:AGK
INFO:root:AGL
INFO:root:AGMAT
INFO:root:AGMO
INFO:root:AGO1
INFO:root:AGO2
INFO:root:AGO3
INFO:root:AGO4
INFO:root:AGPAT1
INFO:root:AGPAT2
INFO:root:AGPAT3
INFO:root:AGPAT4
INFO:root:AGPAT5
INFO:root:AGPS
INFO:root:AGR2
INFO:root:AGR3
INFO:root:AGRN
INFO:root:AGRP
INFO:root:AGT
INFO:root:AGTPBP1
INFO:root:AGTR1
INFO:root:AGTR2
INFO:root:AGTRAP
INFO:root:AGXT
INFO:root:AGXT2
INFO:root:AHCTF1
INFO:root:AHCY
INFO:root:AHCYL1
INFO:root:AHCYL2
INFO:root:AHDC1
INFO:root:AHI1
INFO:root:AHNAK
INFO:root:AHNAK2
INFO:root:AHR
INFO:root:AHRR
INFO:root:AHSA1
INFO:root:AHSG
INFO:root:AHSP
INFO:root:AICDA
INFO:root:AIDA
INFO:root:AIF1
INFO:root:AIF1L
INFO:root:AIFM1
INFO:root:AIFM2
INFO:root:AIFM3
INFO:root:AIG1
INFO:root:AIM2
INFO:root:AIMP1
INFO:root:AIMP2
INFO:root:AIP
INFO:root:AIPL1
INFO:root:AIRE
INFO:root:AJAP1
INFO:root:AJM1
INFO:root:AJUBA
INFO:root:AK1
INFO:root:AK2
INFO:root:AK3
INFO:root:AK4
INFO:root:AK5
INFO:root:AK7
INFO:root:AK8
INFO:root:AK9
INFO:root:AKAIN1
INFO:root:AKAP1
INFO:root:AKAP10
INFO:root:AKAP11
INFO:root:AKAP12
INFO:root:AKAP13
INFO:root:AKAP14
INFO:root:AKAP17A
INFO:root:AKAP2
INFO:root:AKAP3
INFO:root:AKAP4
INFO:root:AKAP5
INFO:root:AKAP6
INFO:root:AKAP7
INFO:root:AKAP8
INFO:root:AKAP8L
INFO:root:AKAP9
INFO:root:AKIP1
INFO:root:AKIRIN1
INFO:root:AKIRIN2
INFO:root:AKNA
INFO:root:AKNAD1
INFO:root:AKR1A1
INFO:root:AKR1B1
INFO:root:AKR1B10
INFO:root:AKR1B15
INFO:root:AKR1C1
INFO:root:AKR1C2
INFO:root:AKR1C3
INFO:root:AKR1C4
INFO:root:AKR1D1
INFO:root:AKR1E2
INFO:root:AKR7A2
INFO:root:AKR7A3
INFO:root:AKR7L
INFO:root:AKT1
INFO:root:AKT1S1
INFO:root:AKT2
INFO:root:AKT3
INFO:root:AKTIP
INFO:root:ALAD
INFO:root:ALAS1
INFO:root:ALAS2
INFO:root:ALB
INFO:root:ALCAM
INFO:root:ALDH16A1
INFO:root:ALDH18A1
INFO:root:ALDH1A1
INFO:root:ALDH1A2
INFO:root:ALDH1A3
INFO:root:ALDH1B1
INFO:root:ALDH1L1
INFO:root:ALDH1L2
INFO:root:ALDH2
INFO:root:ALDH3A1
INFO:root:ALDH3A2
INFO:root:ALDH3B1
INFO:root:ALDH3B2
INFO:root:ALDH4A1
INFO:root:ALDH5A1
INFO:root:ALDH6A1
INFO:root:ALDH7A1
INFO:root:ALDH8A1
INFO:root:ALDH9A1
INFO:root:ALDOA
INFO:root:ALDOB
INFO:root:ALDOC
INFO:root:ALG1
INFO:root:ALG10
INFO:root:ALG10B
INFO:root:ALG11
INFO:root:ALG12
INFO:root:ALG13
INFO:root:ALG14
INFO:root:ALG1L
INFO:root:ALG2
INFO:root:ALG3
INFO:root:ALG5
INFO:root:ALG6
INFO:root:ALG8
INFO:root:ALG9
INFO:root:ALK
INFO:root:ALKAL1
INFO:root:ALKAL2
INFO:root:ALKBH1
INFO:root:ALKBH2
INFO:root:ALKBH3
INFO:root:ALKBH4
INFO:root:ALKBH5
INFO:root:ALKBH6
INFO:root:ALKBH7
INFO:root:ALKBH8
INFO:root:ALLC
INFO:root:ALMS1
INFO:root:ALOX12
INFO:root:ALOX12B
INFO:root:ALOX15
INFO:root:ALOX15B
INFO:root:ALOX5
INFO:root:ALOX5AP
INFO:root:ALOXE3
INFO:root:ALPG
INFO:root:ALPI
INFO:root:ALPK1
INFO:root:ALPK2
INFO:root:ALPK3
INFO:root:ALPL
INFO:root:ALPP
INFO:root:ALS2
INFO:root:ALS2CL
INFO:root:ALS2CR12
INFO:root:ALX1
INFO:root:ALX3
INFO:root:ALX4
INFO:root:ALYREF
INFO:root:AMACR
INFO:root:AMBN
INFO:root:AMBP
INFO:root:AMBRA1
INFO:root:AMD1
INFO:root:AMDHD1
INFO:root:AMDHD2
INFO:root:AMELX
INFO:root:AMER1
INFO:root:AMER2
INFO:root:AMER3
INFO:root:AMFR
INFO:root:AMH
INFO:root:AMHR2
INFO:root:AMIGO1
INFO:root:AMIGO2
INFO:root:AMIGO3
INFO:root:AMMECR1
INFO:root:AMMECR1L
INFO:root:AMN
INFO:root:AMN1
INFO:root:AMOT
INFO:root:AMOTL1
INFO:root:AMOTL2
INFO:root:AMPD1
INFO:root:AMPD2
INFO:root:AMPD3
INFO:root:AMPH
INFO:root:AMT
INFO:root:AMTN
INFO:root:AMY1A
INFO:root:AMY1B
INFO:root:AMY1C
INFO:root:AMY2A
INFO:root:AMY2B
INFO:root:AMZ1
INFO:root:AMZ2
INFO:root:ANAPC1
INFO:root:ANAPC10
INFO:root:ANAPC11
INFO:root:ANAPC13
INFO:root:ANAPC15
INFO:root:ANAPC16
INFO:root:ANAPC2
INFO:root:ANAPC4
INFO:root:ANAPC5
INFO:root:ANAPC7
INFO:root:ANG
INFO:root:ANGEL1
INFO:root:ANGEL2
INFO:root:ANGPT1
INFO:root:ANGPT2
INFO:root:ANGPT4
INFO:root:ANGPTL1
INFO:root:ANGPTL2
INFO:root:ANGPTL3
INFO:root:ANGPTL4
INFO:root:ANGPTL5
INFO:root:ANGPTL6
INFO:root:ANGPTL7
INFO:root:ANGPTL8
INFO:root:ANHX
INFO:root:ANK1
INFO:root:ANK2
INFO:root:ANK3
INFO:root:ANKAR
INFO:root:ANKDD1A
INFO:root:ANKDD1B
INFO:root:ANKEF1
INFO:root:ANKFN1
INFO:root:ANKFY1
INFO:root:ANKH
INFO:root:ANKHD1
INFO:root:ANKIB1
INFO:root:ANKK1
INFO:root:ANKLE1
INFO:root:ANKLE2
INFO:root:ANKMY1
INFO:root:ANKMY2
INFO:root:ANKRA2
INFO:root:ANKRD1
INFO:root:ANKRD10
INFO:root:ANKRD11
INFO:root:ANKRD12
INFO:root:ANKRD13A
INFO:root:ANKRD13B
INFO:root:ANKRD13C
INFO:root:ANKRD13D
INFO:root:ANKRD16
INFO:root:ANKRD17
INFO:root:ANKRD18A
INFO:root:ANKRD18B
INFO:root:ANKRD2
INFO:root:ANKRD20A1
INFO:root:ANKRD20A2
INFO:root:ANKRD20A3
INFO:root:ANKRD20A4
INFO:root:ANKRD22
INFO:root:ANKRD23
INFO:root:ANKRD24
INFO:root:ANKRD26
INFO:root:ANKRD27
INFO:root:ANKRD28
INFO:root:ANKRD29
INFO:root:ANKRD30A
INFO:root:ANKRD30B
INFO:root:ANKRD30BL
INFO:root:ANKRD31
INFO:root:ANKRD33
INFO:root:ANKRD33B
INFO:root:ANKRD34A
INFO:root:ANKRD34B
INFO:root:ANKRD34C
INFO:root:ANKRD35
INFO:root:ANKRD36
INFO:root:ANKRD36C
INFO:root:ANKRD37
INFO:root:ANKRD39
INFO:root:ANKRD40
INFO:root:ANKRD42
INFO:root:ANKRD44
INFO:root:ANKRD45
INFO:root:ANKRD46
INFO:root:ANKRD49
INFO:root:ANKRD50
INFO:root:ANKRD52
INFO:root:ANKRD53
INFO:root:ANKRD54
INFO:root:ANKRD55
INFO:root:ANKRD6
INFO:root:ANKRD60
INFO:root:ANKRD61
INFO:root:ANKRD62
INFO:root:ANKRD63
INFO:root:ANKRD65
INFO:root:ANKRD66
INFO:root:ANKRD7
INFO:root:ANKRD9
INFO:root:ANKS1A
INFO:root:ANKS1B
INFO:root:ANKS3
INFO:root:ANKS4B
INFO:root:ANKS6
INFO:root:ANKUB1
INFO:root:ANKZF1
INFO:root:ANLN
INFO:root:ANO1
INFO:root:ANO10
INFO:root:ANO2
INFO:root:ANO3
INFO:root:ANO4
INFO:root:ANO5
INFO:root:ANO6
INFO:root:ANO7
INFO:root:ANO8
INFO:root:ANO9
INFO:root:ANOS1
INFO:root:ANP32A
INFO:root:ANP32B
INFO:root:ANP32D
INFO:root:ANP32E
INFO:root:ANPEP
INFO:root:ANTXR1
INFO:root:ANTXR2
INFO:root:ANTXRL
INFO:root:ANXA1
INFO:root:ANXA10
INFO:root:ANXA11
INFO:root:ANXA13
INFO:root:ANXA2
INFO:root:ANXA2R
INFO:root:ANXA3
INFO:root:ANXA4
INFO:root:ANXA5
INFO:root:ANXA6
INFO:root:ANXA7
INFO:root:ANXA8
INFO:root:ANXA8L1
INFO:root:ANXA9
INFO:root:AOAH
INFO:root:AOC1
INFO:root:AOC2
INFO:root:AOC3
INFO:root:AOX1
INFO:root:AP1AR
INFO:root:AP1B1
INFO:root:AP1G1
INFO:root:AP1G2
INFO:root:AP1M1
INFO:root:AP1M2
INFO:root:AP1S1
INFO:root:AP1S2
INFO:root:AP1S3
INFO:root:AP2A1
INFO:root:AP2A2
INFO:root:AP2B1
INFO:root:AP2M1
INFO:root:AP2S1
INFO:root:AP3B1
INFO:root:AP3B2
INFO:root:AP3D1
INFO:root:AP3M1
INFO:root:AP3M2
INFO:root:AP3S1
INFO:root:AP3S2
INFO:root:AP4B1
INFO:root:AP4E1
INFO:root:AP4M1
INFO:root:AP4S1
INFO:root:AP5B1
INFO:root:AP5M1
INFO:root:AP5S1
INFO:root:AP5Z1
INFO:root:APAF1
INFO:root:APBA1
INFO:root:APBA2
INFO:root:APBA3
INFO:root:APBB1
INFO:root:APBB1IP
INFO:root:APBB2
INFO:root:APBB3
INFO:root:APC
INFO:root:APC2
INFO:root:APCDD1
INFO:root:APCDD1L
INFO:root:APCS
INFO:root:APEH
INFO:root:APEX1
INFO:root:APEX2
INFO:root:APH1A
INFO:root:APH1B
INFO:root:API5
INFO:root:APIP
INFO:root:APLF
INFO:root:APLN
INFO:root:APLNR
INFO:root:APLP1
INFO:root:APLP2
INFO:root:APMAP
INFO:root:APOA1
INFO:root:APOA2
INFO:root:APOA4
INFO:root:APOA5
INFO:root:APOB
INFO:root:APOBEC1
INFO:root:APOBEC2
INFO:root:APOBEC3A
INFO:root:APOBEC3B
INFO:root:APOBEC3C
INFO:root:APOBEC3D
INFO:root:APOBEC3F
INFO:root:APOBEC3G
INFO:root:APOBEC3H
INFO:root:APOBEC4
INFO:root:APOBR
INFO:root:APOC1
INFO:root:APOC2
INFO:root:APOC3
INFO:root:APOC4
INFO:root:APOD
INFO:root:APOE
INFO:root:APOF
INFO:root:APOH
INFO:root:APOL1
INFO:root:APOL2
INFO:root:APOL3
INFO:root:APOL4
INFO:root:APOL5
INFO:root:APOL6
INFO:root:APOLD1
INFO:root:APOM
INFO:root:APOO
INFO:root:APOOL
INFO:root:APOPT1
INFO:root:APP
INFO:root:APPBP2
INFO:root:APPL1
INFO:root:APPL2
INFO:root:APRT
INFO:root:APTX
INFO:root:AQP1
INFO:root:AQP10
INFO:root:AQP11
INFO:root:AQP12A
INFO:root:AQP12B
INFO:root:AQP2
INFO:root:AQP3
INFO:root:AQP4
INFO:root:AQP5
INFO:root:AQP6
INFO:root:AQP7
INFO:root:AQP8
INFO:root:AQP9
INFO:root:AQR
INFO:root:AR
INFO:root:ARAF
INFO:root:ARAP1
INFO:root:ARAP2
INFO:root:ARAP3
INFO:root:ARC
INFO:root:ARCN1
INFO:root:AREG
INFO:root:AREL1
INFO:root:ARF1
INFO:root:ARF3
INFO:root:ARF4
INFO:root:ARF5
INFO:root:ARF6
INFO:root:ARFGAP1
INFO:root:ARFGAP2
INFO:root:ARFGAP3
INFO:root:ARFGEF1
INFO:root:ARFGEF2
INFO:root:ARFGEF3
INFO:root:ARFIP1
INFO:root:ARFIP2
INFO:root:ARFRP1
INFO:root:ARG1
INFO:root:ARG2
INFO:root:ARGFX
INFO:root:ARGLU1
INFO:root:ARHGAP1
INFO:root:ARHGAP10
INFO:root:ARHGAP11A
INFO:root:ARHGAP11B
INFO:root:ARHGAP12
INFO:root:ARHGAP15
INFO:root:ARHGAP17
INFO:root:ARHGAP18
INFO:root:ARHGAP19
INFO:root:ARHGAP20
INFO:root:ARHGAP21
INFO:root:ARHGAP22
INFO:root:ARHGAP23
INFO:root:ARHGAP24
INFO:root:ARHGAP25
INFO:root:ARHGAP26
INFO:root:ARHGAP27
INFO:root:ARHGAP28
INFO:root:ARHGAP29
INFO:root:ARHGAP30
INFO:root:ARHGAP31
INFO:root:ARHGAP32
INFO:root:ARHGAP33
INFO:root:ARHGAP35
INFO:root:ARHGAP36
INFO:root:ARHGAP39
INFO:root:ARHGAP4
INFO:root:ARHGAP40
INFO:root:ARHGAP42
INFO:root:ARHGAP44
INFO:root:ARHGAP45
INFO:root:ARHGAP5
INFO:root:ARHGAP6
INFO:root:ARHGAP8
INFO:root:ARHGAP9
INFO:root:ARHGDIA
INFO:root:ARHGDIB
INFO:root:ARHGDIG
INFO:root:ARHGEF1
INFO:root:ARHGEF10
INFO:root:ARHGEF10L
INFO:root:ARHGEF11
INFO:root:ARHGEF12
INFO:root:ARHGEF15
INFO:root:ARHGEF16
INFO:root:ARHGEF17
INFO:root:ARHGEF18
INFO:root:ARHGEF19
INFO:root:ARHGEF2
INFO:root:ARHGEF25
INFO:root:ARHGEF26
INFO:root:ARHGEF28
INFO:root:ARHGEF3
INFO:root:ARHGEF33
INFO:root:ARHGEF35
INFO:root:ARHGEF37
INFO:root:ARHGEF38
INFO:root:ARHGEF39
INFO:root:ARHGEF4
INFO:root:ARHGEF40
INFO:root:ARHGEF5
INFO:root:ARHGEF6
INFO:root:ARHGEF7
INFO:root:ARHGEF9
INFO:root:ARID1A
INFO:root:ARID1B
INFO:root:ARID2
INFO:root:ARID3A
INFO:root:ARID3B
INFO:root:ARID3C
INFO:root:ARID4A
INFO:root:ARID4B
INFO:root:ARID5A
INFO:root:ARID5B
INFO:root:ARIH1
INFO:root:ARIH2
INFO:root:ARIH2OS
INFO:root:ARL1
INFO:root:ARL10
INFO:root:ARL11
INFO:root:ARL13A
INFO:root:ARL13B
INFO:root:ARL14
INFO:root:ARL14EP
INFO:root:ARL14EPL
INFO:root:ARL15
INFO:root:ARL16
INFO:root:ARL17A
INFO:root:ARL17B
INFO:root:ARL2
INFO:root:ARL2BP
INFO:root:ARL3
INFO:root:ARL4A
INFO:root:ARL4C
INFO:root:ARL4D
INFO:root:ARL5A
INFO:root:ARL5B
INFO:root:ARL5C
INFO:root:ARL6
INFO:root:ARL6IP1
INFO:root:ARL6IP4
INFO:root:ARL6IP5
INFO:root:ARL6IP6
INFO:root:ARL8A
INFO:root:ARL8B
INFO:root:ARL9
INFO:root:ARMC1
INFO:root:ARMC10
INFO:root:ARMC12
INFO:root:ARMC2
INFO:root:ARMC3
INFO:root:ARMC4
INFO:root:ARMC5
INFO:root:ARMC6
INFO:root:ARMC7
INFO:root:ARMC8
INFO:root:ARMC9
INFO:root:ARMCX1
INFO:root:ARMCX2
INFO:root:ARMCX3
INFO:root:ARMCX4
INFO:root:ARMCX5
INFO:root:ARMCX6
INFO:root:ARMH1
INFO:root:ARMH2
INFO:root:ARMH3
INFO:root:ARMH4
INFO:root:ARMS2
INFO:root:ARMT1
INFO:root:ARNT
INFO:root:ARNT2
INFO:root:ARNTL
INFO:root:ARNTL2
INFO:root:ARPC1A
INFO:root:ARPC1B
INFO:root:ARPC2
INFO:root:ARPC3
INFO:root:ARPC4
INFO:root:ARPC5
INFO:root:ARPC5L
INFO:root:ARPIN
INFO:root:ARPP19
INFO:root:ARPP21
INFO:root:ARR3
INFO:root:ARRB1
INFO:root:ARRB2
INFO:root:ARRDC1
INFO:root:ARRDC2
INFO:root:ARRDC3
INFO:root:ARRDC4
INFO:root:ARRDC5
INFO:root:ARSA
INFO:root:ARSB
INFO:root:ARSD
INFO:root:ARSE
INFO:root:ARSF
INFO:root:ARSG
INFO:root:ARSH
INFO:root:ARSI
INFO:root:ARSJ
INFO:root:ARSK
INFO:root:ART1
INFO:root:ART3
INFO:root:ART4
INFO:root:ART5
INFO:root:ARTN
INFO:root:ARV1
INFO:root:ARVCF
INFO:root:ARX
INFO:root:AS3MT
INFO:root:ASAH1
INFO:root:ASAH2
INFO:root:ASAH2B
INFO:root:ASAP1
INFO:root:ASAP2
INFO:root:ASAP3
INFO:root:ASB1
INFO:root:ASB10
INFO:root:ASB11
INFO:root:ASB12
INFO:root:ASB13
INFO:root:ASB14
INFO:root:ASB15
INFO:root:ASB16
INFO:root:ASB17
INFO:root:ASB18
INFO:root:ASB2
INFO:root:ASB3
INFO:root:ASB4
INFO:root:ASB5
INFO:root:ASB6
INFO:root:ASB7
INFO:root:ASB8
INFO:root:ASB9
INFO:root:ASCC1
INFO:root:ASCC2
INFO:root:ASCC3
INFO:root:ASCL1
INFO:root:ASCL2
INFO:root:ASCL3
INFO:root:ASCL4
INFO:root:ASCL5
INFO:root:ASF1A
INFO:root:ASF1B
INFO:root:ASGR1
INFO:root:ASGR2
INFO:root:ASH1L
INFO:root:ASH2L
INFO:root:ASIC1
INFO:root:ASIC2
INFO:root:ASIC3
INFO:root:ASIC4
INFO:root:ASIC5
INFO:root:ASIP
INFO:root:ASL
INFO:root:ASMT
INFO:root:ASMTL
INFO:root:ASNA1
INFO:root:ASNS
INFO:root:ASNSD1
INFO:root:ASPA
INFO:root:ASPDH
INFO:root:ASPG
INFO:root:ASPH
INFO:root:ASPHD1
INFO:root:ASPHD2
INFO:root:ASPM
INFO:root:ASPN
INFO:root:ASPRV1
INFO:root:ASPSCR1
INFO:root:ASRGL1
INFO:root:ASS1
INFO:root:ASTE1
INFO:root:ASTL
INFO:root:ASTN1
INFO:root:ASTN2
INFO:root:ASXL1
INFO:root:ASXL2
INFO:root:ASXL3
INFO:root:ASZ1
INFO:root:ATAD1
INFO:root:ATAD2
INFO:root:ATAD2B
INFO:root:ATAD3A
INFO:root:ATAD3B
INFO:root:ATAD3C
INFO:root:ATAD5
INFO:root:ATAT1
INFO:root:ATCAY
INFO:root:ATE1
INFO:root:ATF1
INFO:root:ATF2
INFO:root:ATF3
INFO:root:ATF4
INFO:root:ATF5
INFO:root:ATF6
INFO:root:ATF6B
INFO:root:ATF7
INFO:root:ATF7IP
INFO:root:ATF7IP2
INFO:root:ATG10
INFO:root:ATG101
INFO:root:ATG12
INFO:root:ATG13
INFO:root:ATG14
INFO:root:ATG16L1
INFO:root:ATG16L2
INFO:root:ATG2A
INFO:root:ATG2B
INFO:root:ATG3
INFO:root:ATG4A
INFO:root:ATG4B
INFO:root:ATG4C
INFO:root:ATG4D
INFO:root:ATG5
INFO:root:ATG7
INFO:root:ATG9A
INFO:root:ATG9B
INFO:root:ATIC
INFO:root:ATL1
INFO:root:ATL2
INFO:root:ATL3
INFO:root:ATM
INFO:root:ATMIN
INFO:root:ATN1
INFO:root:ATOH1
INFO:root:ATOH7
INFO:root:ATOH8
INFO:root:ATOX1
INFO:root:ATP10A
INFO:root:ATP10B
INFO:root:ATP10D
INFO:root:ATP11A
INFO:root:ATP11B
INFO:root:ATP11C
INFO:root:ATP12A
INFO:root:ATP13A1
INFO:root:ATP13A2
INFO:root:ATP13A3
INFO:root:ATP13A4
INFO:root:ATP13A5
INFO:root:ATP1A1
INFO:root:ATP1A2
INFO:root:ATP1A3
INFO:root:ATP1A4
INFO:root:ATP1B1
INFO:root:ATP1B2
INFO:root:ATP1B3
INFO:root:ATP1B4
INFO:root:ATP23
INFO:root:ATP2A1
INFO:root:ATP2A2
INFO:root:ATP2A3
INFO:root:ATP2B1
INFO:root:ATP2B2
INFO:root:ATP2B3
INFO:root:ATP2B4
INFO:root:ATP2C1
INFO:root:ATP2C2
INFO:root:ATP4A
INFO:root:ATP4B
INFO:root:ATP5F1A
INFO:root:ATP5F1B
INFO:root:ATP5F1C
INFO:root:ATP5F1D
INFO:root:ATP5F1E
INFO:root:ATP5IF1
INFO:root:ATP5MC1
INFO:root:ATP5MC2
INFO:root:ATP5MC3
INFO:root:ATP5MD
INFO:root:ATP5ME
INFO:root:ATP5MF
INFO:root:ATP5MG
INFO:root:ATP5MGL
INFO:root:ATP5MPL
INFO:root:ATP5PB
INFO:root:ATP5PD
INFO:root:ATP5PF
INFO:root:ATP5PO
INFO:root:ATP5S
INFO:root:ATP6AP1
INFO:root:ATP6AP1L
INFO:root:ATP6AP2
INFO:root:ATP6V0A1
INFO:root:ATP6V0A2
INFO:root:ATP6V0A4
INFO:root:ATP6V0B
INFO:root:ATP6V0C
INFO:root:ATP6V0D1
INFO:root:ATP6V0D2
INFO:root:ATP6V0E1
INFO:root:ATP6V0E2
INFO:root:ATP6V1A
INFO:root:ATP6V1B1
INFO:root:ATP6V1B2
INFO:root:ATP6V1C1
INFO:root:ATP6V1C2
INFO:root:ATP6V1D
INFO:root:ATP6V1E1
INFO:root:ATP6V1E2
INFO:root:ATP6V1F
INFO:root:ATP6V1G1
INFO:root:ATP6V1G2
INFO:root:ATP6V1G3
INFO:root:ATP6V1H
INFO:root:ATP7A
INFO:root:ATP7B
INFO:root:ATP8A1
INFO:root:ATP8A2
INFO:root:ATP8B1
INFO:root:ATP8B2
INFO:root:ATP8B3
INFO:root:ATP8B4
INFO:root:ATP9A
INFO:root:ATP9B
INFO:root:ATPAF1
INFO:root:ATPAF2
INFO:root:ATR
INFO:root:ATRAID
INFO:root:ATRIP
INFO:root:ATRN
INFO:root:ATRNL1
INFO:root:ATRX
INFO:root:ATXN1
INFO:root:ATXN10
INFO:root:ATXN1L
INFO:root:ATXN2
INFO:root:ATXN2L
INFO:root:ATXN3
INFO:root:ATXN3L
INFO:root:ATXN7
INFO:root:ATXN7L1
INFO:root:ATXN7L2
INFO:root:ATXN7L3
INFO:root:ATXN7L3B
INFO:root:AUH
INFO:root:AUNIP
INFO:root:AUP1
INFO:root:AURKA
INFO:root:AURKAIP1
INFO:root:AURKB
INFO:root:AURKC
INFO:root:AUTS2
INFO:root:AVEN
INFO:root:AVIL
INFO:root:AVL9
INFO:root:AVP
INFO:root:AVPI1
INFO:root:AVPR1A
INFO:root:AVPR1B
INFO:root:AVPR2
INFO:root:AWAT1
INFO:root:AWAT2
INFO:root:AXDND1
INFO:root:AXIN1
INFO:root:AXIN2
INFO:root:AXL
INFO:root:AZGP1
INFO:root:AZI2
INFO:root:AZIN1
INFO:root:AZIN2
INFO:root:AZU1
INFO:root:B2M
INFO:root:B3GALNT1
INFO:root:B3GALNT2
INFO:root:B3GALT1
INFO:root:B3GALT2
INFO:root:B3GALT4
INFO:root:B3GALT5
INFO:root:B3GALT6
INFO:root:B3GAT1
INFO:root:B3GAT2
INFO:root:B3GAT3
INFO:root:B3GLCT
INFO:root:B3GNT2
INFO:root:B3GNT3
INFO:root:B3GNT4
INFO:root:B3GNT5
INFO:root:B3GNT6
INFO:root:B3GNT7
INFO:root:B3GNT8
INFO:root:B3GNT9
INFO:root:B3GNTL1
INFO:root:B4GALNT1
INFO:root:B4GALNT2
INFO:root:B4GALNT3
INFO:root:B4GALNT4
INFO:root:B4GALT1
INFO:root:B4GALT2
INFO:root:B4GALT3
INFO:root:B4GALT4
INFO:root:B4GALT5
INFO:root:B4GALT6
INFO:root:B4GALT7
INFO:root:B4GAT1
INFO:root:B9D1
INFO:root:B9D2
INFO:root:BAALC
INFO:root:BAAT
INFO:root:BABAM1
INFO:root:BABAM2
INFO:root:BACE1
INFO:root:BACE2
INFO:root:BACH1
INFO:root:BACH2
INFO:root:BAD
INFO:root:BAG1
INFO:root:BAG2
INFO:root:BAG3
INFO:root:BAG4
INFO:root:BAG5
INFO:root:BAG6
INFO:root:BAHD1
INFO:root:BAIAP2
INFO:root:BAIAP2L1
INFO:root:BAIAP2L2
INFO:root:BAIAP3
INFO:root:BAK1
INFO:root:BAMBI
INFO:root:BANF1
INFO:root:BANF2
INFO:root:BANK1
INFO:root:BANP
INFO:root:BAP1
INFO:root:BARD1
INFO:root:BARHL1
INFO:root:BARHL2
INFO:root:BARX1
INFO:root:BARX2
INFO:root:BASP1
INFO:root:BATF
INFO:root:BATF2
INFO:root:BATF3
INFO:root:BAX
INFO:root:BAZ1A
INFO:root:BAZ1B
INFO:root:BAZ2A
INFO:root:BAZ2B
INFO:root:BBC3
INFO:root:BBIP1
INFO:root:BBOF1
INFO:root:BBOX1
INFO:root:BBS1
INFO:root:BBS10
INFO:root:BBS12
INFO:root:BBS2
INFO:root:BBS4
INFO:root:BBS5
INFO:root:BBS7
INFO:root:BBS9
INFO:root:BBX
INFO:root:BCAM
INFO:root:BCAN
INFO:root:BCAP29
INFO:root:BCAP31
INFO:root:BCAR1
INFO:root:BCAR3
INFO:root:BCAS1
INFO:root:BCAS2
INFO:root:BCAS3
INFO:root:BCAS4
INFO:root:BCAT1
INFO:root:BCAT2
INFO:root:BCCIP
INFO:root:BCDIN3D
INFO:root:BCHE
INFO:root:BCKDHA
INFO:root:BCKDHB
INFO:root:BCKDK
INFO:root:BCL10
INFO:root:BCL11A
INFO:root:BCL11B
INFO:root:BCL2
INFO:root:BCL2A1
INFO:root:BCL2L1
INFO:root:BCL2L10
INFO:root:BCL2L11
INFO:root:BCL2L12
INFO:root:BCL2L13
INFO:root:BCL2L14
INFO:root:BCL2L15
INFO:root:BCL2L2
INFO:root:BCL3
INFO:root:BCL6
INFO:root:BCL6B
INFO:root:BCL7A
INFO:root:BCL7B
INFO:root:BCL7C
INFO:root:BCL9
INFO:root:BCL9L
INFO:root:BCLAF1
INFO:root:BCLAF3
INFO:root:BCO1
INFO:root:BCO2
INFO:root:BCOR
INFO:root:BCORL1
INFO:root:BCR
INFO:root:BCS1L
INFO:root:BDH1
INFO:root:BDH2
INFO:root:BDKRB1
INFO:root:BDKRB2
INFO:root:BDNF
INFO:root:BDP1
INFO:root:BEAN1
INFO:root:BECN1
INFO:root:BEGAIN
INFO:root:BEND2
INFO:root:BEND3
INFO:root:BEND4
INFO:root:BEND5
INFO:root:BEND6
INFO:root:BEND7
INFO:root:BEST1
INFO:root:BEST2
INFO:root:BEST3
INFO:root:BEST4
INFO:root:BET1
INFO:root:BET1L
INFO:root:BEX1
INFO:root:BEX2
INFO:root:BEX3
INFO:root:BEX4
INFO:root:BEX5
INFO:root:BFAR
INFO:root:BFSP1
INFO:root:BFSP2
INFO:root:BGLAP
INFO:root:BGN
INFO:root:BHLHA15
INFO:root:BHLHA9
INFO:root:BHLHB9
INFO:root:BHLHE22
INFO:root:BHLHE23
INFO:root:BHLHE40
INFO:root:BHLHE41
INFO:root:BHMT
INFO:root:BHMT2
INFO:root:BICC1
INFO:root:BICD1
INFO:root:BICD2
INFO:root:BICDL1
INFO:root:BICDL2
INFO:root:BICRA
INFO:root:BICRAL
INFO:root:BID
INFO:root:BIK
INFO:root:BIN1
INFO:root:BIN2
INFO:root:BIN3
INFO:root:BIRC2
INFO:root:BIRC3
INFO:root:BIRC5
INFO:root:BIRC6
INFO:root:BIRC7
INFO:root:BIRC8
INFO:root:BIVM
INFO:root:BLCAP
INFO:root:BLID
INFO:root:BLK
INFO:root:BLM
INFO:root:BLMH
INFO:root:BLNK
INFO:root:BLOC1S1
INFO:root:BLOC1S2
INFO:root:BLOC1S3
INFO:root:BLOC1S4
INFO:root:BLOC1S5
INFO:root:BLOC1S6
INFO:root:BLVRA
INFO:root:BLVRB
INFO:root:BLZF1
INFO:root:BMF
INFO:root:BMI1
INFO:root:BMP1
INFO:root:BMP10
INFO:root:BMP15
INFO:root:BMP2
INFO:root:BMP2K
INFO:root:BMP3
INFO:root:BMP4
INFO:root:BMP5
INFO:root:BMP6
INFO:root:BMP7
INFO:root:BMP8A
INFO:root:BMP8B
INFO:root:BMPER
INFO:root:BMPR1A
INFO:root:BMPR1B
INFO:root:BMPR2
INFO:root:BMS1
INFO:root:BMT2
INFO:root:BMX
INFO:root:BNC1
INFO:root:BNC2
INFO:root:BNIP1
INFO:root:BNIP2
INFO:root:BNIP3
INFO:root:BNIP3L
INFO:root:BNIPL
INFO:root:BOC
INFO:root:BOD1
INFO:root:BOD1L1
INFO:root:BOD1L2
INFO:root:BOK
INFO:root:BOLA1
INFO:root:BOLA2
INFO:root:BOLA2B
INFO:root:BOLA3
INFO:root:BOLL
INFO:root:BOP1
INFO:root:BORA
INFO:root:BORCS5
INFO:root:BORCS6
INFO:root:BORCS7
INFO:root:BORCS8
INFO:root:BPGM
INFO:root:BPHL
INFO:root:BPI
INFO:root:BPIFA1
INFO:root:BPIFA2
INFO:root:BPIFA3
INFO:root:BPIFB1
INFO:root:BPIFB2
INFO:root:BPIFB3
INFO:root:BPIFB4
INFO:root:BPIFB6
INFO:root:BPIFC
INFO:root:BPNT1
INFO:root:BPTF
INFO:root:BRAF
INFO:root:BRAP
INFO:root:BRAT1
INFO:root:BRCA1
INFO:root:BRCA2
INFO:root:BRCC3
INFO:root:BRD1
INFO:root:BRD2
INFO:root:BRD3
INFO:root:BRD4
INFO:root:BRD7
INFO:root:BRD8
INFO:root:BRD9
INFO:root:BRDT
INFO:root:BRF1
INFO:root:BRF2
INFO:root:BRI3
INFO:root:BRI3BP
INFO:root:BRICD5
INFO:root:BRINP1
INFO:root:BRINP2
INFO:root:BRINP3
INFO:root:BRIP1
INFO:root:BRIX1
INFO:root:BRK1
INFO:root:BRMS1
INFO:root:BRMS1L
INFO:root:BROX
INFO:root:BRPF1
INFO:root:BRPF3
INFO:root:BRS3
INFO:root:BRSK1
INFO:root:BRSK2
INFO:root:BRWD1
INFO:root:BRWD3
INFO:root:BSCL2
INFO:root:BSDC1
INFO:root:BSG
INFO:root:BSN
INFO:root:BSND
INFO:root:BSPH1
INFO:root:BSPRY
INFO:root:BST1
INFO:root:BST2
INFO:root:BSX
INFO:root:BTAF1
INFO:root:BTBD1
INFO:root:BTBD10
INFO:root:BTBD11
INFO:root:BTBD16
INFO:root:BTBD17
INFO:root:BTBD18
INFO:root:BTBD19
INFO:root:BTBD2
INFO:root:BTBD3
INFO:root:BTBD6
INFO:root:BTBD7
INFO:root:BTBD8
INFO:root:BTBD9
INFO:root:BTC
INFO:root:BTD
INFO:root:BTF3
INFO:root:BTF3L4
INFO:root:BTG1
INFO:root:BTG2
INFO:root:BTG3
INFO:root:BTG4
INFO:root:BTK
INFO:root:BTLA
INFO:root:BTN1A1
INFO:root:BTN2A1
INFO:root:BTN2A2
INFO:root:BTN3A1
INFO:root:BTN3A2
INFO:root:BTN3A3
INFO:root:BTNL2
INFO:root:BTNL3
INFO:root:BTNL8
INFO:root:BTNL9
INFO:root:BTRC
INFO:root:BUB1
INFO:root:BUB1B
INFO:root:BUB3
INFO:root:BUD13
INFO:root:BUD23
INFO:root:BUD31
INFO:root:BVES
INFO:root:BYSL
INFO:root:BZW1
INFO:root:BZW2
INFO:root:C10orf105
INFO:root:C10orf113
INFO:root:C10orf120
INFO:root:C10orf126
INFO:root:C10orf53
INFO:root:C10orf55
INFO:root:C10orf62
INFO:root:C10orf67
INFO:root:C10orf71
INFO:root:C10orf82
INFO:root:C10orf88
INFO:root:C10orf90
INFO:root:C10orf95
INFO:root:C10orf99
INFO:root:C11orf1
INFO:root:C11orf16
INFO:root:C11orf21
INFO:root:C11orf24
INFO:root:C11orf40
INFO:root:C11orf42
INFO:root:C11orf45
INFO:root:C11orf49
INFO:root:C11orf52
INFO:root:C11orf53
INFO:root:C11orf54
INFO:root:C11orf58
INFO:root:C11orf65
INFO:root:C11orf68
INFO:root:C11orf71
INFO:root:C11orf74
INFO:root:C11orf80
INFO:root:C11orf86
INFO:root:C11orf87
INFO:root:C11orf88
INFO:root:C11orf91
INFO:root:C11orf94
INFO:root:C11orf96
INFO:root:C11orf98
INFO:root:C12orf10
INFO:root:C12orf29
INFO:root:C12orf4
INFO:root:C12orf40
INFO:root:C12orf42
INFO:root:C12orf43
INFO:root:C12orf45
INFO:root:C12orf49
INFO:root:C12orf50
INFO:root:C12orf54
INFO:root:C12orf56
INFO:root:C12orf57
INFO:root:C12orf60
INFO:root:C12orf65
INFO:root:C12orf66
INFO:root:C12orf71
INFO:root:C12orf73
INFO:root:C12orf74
INFO:root:C12orf75
INFO:root:C12orf76
INFO:root:C14orf119
INFO:root:C14orf132
INFO:root:C14orf177
INFO:root:C14orf178
INFO:root:C14orf180
INFO:root:C14orf28
INFO:root:C14orf39
INFO:root:C14orf93
INFO:root:C15orf39
INFO:root:C15orf40
INFO:root:C15orf41
INFO:root:C15orf48
INFO:root:C15orf59
INFO:root:C15orf61
INFO:root:C15orf62
INFO:root:C15orf65
INFO:root:C16orf45
INFO:root:C16orf46
INFO:root:C16orf54
INFO:root:C16orf58
INFO:root:C16orf70
INFO:root:C16orf71
INFO:root:C16orf72
INFO:root:C16orf74
INFO:root:C16orf78
INFO:root:C16orf86
INFO:root:C16orf87
INFO:root:C16orf89
INFO:root:C16orf90
INFO:root:C16orf91
INFO:root:C16orf92
INFO:root:C16orf95
INFO:root:C16orf96
INFO:root:C17orf100
INFO:root:C17orf107
INFO:root:C17orf47
INFO:root:C17orf49
INFO:root:C17orf50
INFO:root:C17orf51
INFO:root:C17orf53
INFO:root:C17orf58
INFO:root:C17orf64
INFO:root:C17orf67
INFO:root:C17orf75
INFO:root:C17orf78
INFO:root:C17orf80
INFO:root:C17orf97
INFO:root:C17orf98
INFO:root:C17orf99
INFO:root:C18orf21
INFO:root:C18orf25
INFO:root:C18orf32
INFO:root:C18orf54
INFO:root:C18orf63
INFO:root:C19orf12
INFO:root:C19orf18
INFO:root:C19orf24
INFO:root:C19orf25
INFO:root:C19orf33
INFO:root:C19orf38
INFO:root:C19orf44
INFO:root:C19orf47
INFO:root:C19orf48
INFO:root:C19orf53
INFO:root:C19orf54
INFO:root:C19orf57
INFO:root:C19orf66
INFO:root:C19orf67
INFO:root:C19orf70
INFO:root:C19orf71
INFO:root:C19orf73
INFO:root:C19orf81
INFO:root:C19orf84
INFO:root:C1D
INFO:root:C1GALT1
INFO:root:C1GALT1C1
INFO:root:C1QA
INFO:root:C1QB
INFO:root:C1QBP
INFO:root:C1QC
INFO:root:C1QL1
INFO:root:C1QL2
INFO:root:C1QL3
INFO:root:C1QL4
INFO:root:C1QTNF1
INFO:root:C1QTNF12
INFO:root:C1QTNF2
INFO:root:C1QTNF3
INFO:root:C1QTNF4
INFO:root:C1QTNF5
INFO:root:C1QTNF6
INFO:root:C1QTNF7
INFO:root:C1QTNF8
INFO:root:C1QTNF9
INFO:root:C1QTNF9B
INFO:root:C1R
INFO:root:C1RL
INFO:root:C1S
INFO:root:C1orf100
INFO:root:C1orf105
INFO:root:C1orf109
INFO:root:C1orf112
INFO:root:C1orf115
INFO:root:C1orf116
INFO:root:C1orf122
INFO:root:C1orf123
INFO:root:C1orf127
INFO:root:C1orf131
INFO:root:C1orf141
INFO:root:C1orf146
INFO:root:C1orf158
INFO:root:C1orf159
INFO:root:C1orf162
INFO:root:C1orf167
INFO:root:C1orf174
INFO:root:C1orf185
INFO:root:C1orf189
INFO:root:C1orf194
INFO:root:C1orf198
INFO:root:C1orf21
INFO:root:C1orf210
INFO:root:C1orf216
INFO:root:C1orf226
INFO:root:C1orf35
INFO:root:C1orf43
INFO:root:C1orf50
INFO:root:C1orf52
INFO:root:C1orf53
INFO:root:C1orf54
INFO:root:C1orf56
INFO:root:C1orf61
INFO:root:C1orf68
INFO:root:C1orf74
INFO:root:C1orf87
INFO:root:C1orf94
INFO:root:C2
INFO:root:C20orf141
INFO:root:C20orf144
INFO:root:C20orf173
INFO:root:C20orf194
INFO:root:C20orf202
INFO:root:C20orf27
INFO:root:C20orf85
INFO:root:C20orf96
INFO:root:C21orf140
INFO:root:C21orf2
INFO:root:C21orf58
INFO:root:C21orf62
INFO:root:C21orf91
INFO:root:C22orf15
INFO:root:C22orf23
INFO:root:C22orf31
INFO:root:C22orf39
INFO:root:C22orf42
INFO:root:C22orf46
INFO:root:C2CD2
INFO:root:C2CD2L
INFO:root:C2CD3
INFO:root:C2CD4A
INFO:root:C2CD4B
INFO:root:C2CD4C
INFO:root:C2CD4D
INFO:root:C2CD5
INFO:root:C2CD6
INFO:root:C2orf15
INFO:root:C2orf16
INFO:root:C2orf40
INFO:root:C2orf42
INFO:root:C2orf49
INFO:root:C2orf50
INFO:root:C2orf54
INFO:root:C2orf66
INFO:root:C2orf68
INFO:root:C2orf69
INFO:root:C2orf70
INFO:root:C2orf71
INFO:root:C2orf72
INFO:root:C2orf73
INFO:root:C2orf74
INFO:root:C2orf76
INFO:root:C2orf78
INFO:root:C2orf80
INFO:root:C2orf81
INFO:root:C2orf83
INFO:root:C2orf88
INFO:root:C2orf91
INFO:root:C3
INFO:root:C3AR1
INFO:root:C3orf14
INFO:root:C3orf18
INFO:root:C3orf20
INFO:root:C3orf22
INFO:root:C3orf30
INFO:root:C3orf33
INFO:root:C3orf35
INFO:root:C3orf36
INFO:root:C3orf38
INFO:root:C3orf49
INFO:root:C3orf52
INFO:root:C3orf56
INFO:root:C3orf58
INFO:root:C3orf62
INFO:root:C3orf67
INFO:root:C3orf70
INFO:root:C3orf80
INFO:root:C3orf84
INFO:root:C4A
INFO:root:C4B
INFO:root:C4BPA
INFO:root:C4BPB
INFO:root:C4orf17
INFO:root:C4orf19
INFO:root:C4orf3
INFO:root:C4orf33
INFO:root:C4orf36
INFO:root:C4orf45
INFO:root:C4orf46
INFO:root:C4orf47
INFO:root:C4orf48
INFO:root:C4orf50
INFO:root:C4orf51
INFO:root:C5
INFO:root:C5AR1
INFO:root:C5AR2
INFO:root:C5orf15
INFO:root:C5orf22
INFO:root:C5orf24
INFO:root:C5orf30
INFO:root:C5orf34
INFO:root:C5orf38
INFO:root:C5orf46
INFO:root:C5orf47
INFO:root:C5orf49
INFO:root:C5orf51
INFO:root:C5orf52
INFO:root:C5orf56
INFO:root:C5orf58
INFO:root:C5orf60
INFO:root:C5orf63
INFO:root:C6
INFO:root:C6orf10
INFO:root:C6orf106
INFO:root:C6orf118
INFO:root:C6orf120
INFO:root:C6orf132
INFO:root:C6orf136
INFO:root:C6orf141
INFO:root:C6orf15
INFO:root:C6orf163
INFO:root:C6orf201
INFO:root:C6orf203
INFO:root:C6orf222
INFO:root:C6orf223
INFO:root:C6orf226
INFO:root:C6orf47
INFO:root:C6orf48
INFO:root:C6orf52
INFO:root:C6orf58
INFO:root:C6orf62
INFO:root:C6orf89
INFO:root:C7
INFO:root:C7orf25
INFO:root:C7orf26
INFO:root:C7orf31
INFO:root:C7orf33
INFO:root:C7orf43
INFO:root:C7orf50
INFO:root:C7orf57
INFO:root:C7orf61
INFO:root:C8A
INFO:root:C8B
INFO:root:C8G
INFO:root:C8orf33
INFO:root:C8orf34
INFO:root:C8orf37
INFO:root:C8orf44
INFO:root:C8orf48
INFO:root:C8orf58
INFO:root:C8orf59
INFO:root:C8orf74
INFO:root:C8orf76
INFO:root:C8orf82
INFO:root:C8orf86
INFO:root:C8orf88
INFO:root:C9
INFO:root:C9orf116
INFO:root:C9orf129
INFO:root:C9orf131
INFO:root:C9orf135
INFO:root:C9orf152
INFO:root:C9orf153
INFO:root:C9orf16
INFO:root:C9orf24
INFO:root:C9orf3
INFO:root:C9orf40
INFO:root:C9orf43
INFO:root:C9orf47
INFO:root:C9orf50
INFO:root:C9orf57
INFO:root:C9orf64
INFO:root:C9orf66
INFO:root:C9orf72
INFO:root:C9orf78
INFO:root:C9orf84
INFO:root:C9orf85
INFO:root:C9orf92
INFO:root:CA1
INFO:root:CA10
INFO:root:CA11
INFO:root:CA12
INFO:root:CA13
INFO:root:CA14
INFO:root:CA2
INFO:root:CA3
INFO:root:CA4
INFO:root:CA5A
INFO:root:CA5B
INFO:root:CA6
INFO:root:CA7
INFO:root:CA8
INFO:root:CA9
INFO:root:CAAP1
INFO:root:CAB39
INFO:root:CAB39L
INFO:root:CABCOCO1
INFO:root:CABIN1
INFO:root:CABLES1
INFO:root:CABLES2
INFO:root:CABP1
INFO:root:CABP2
INFO:root:CABP4
INFO:root:CABP5
INFO:root:CABP7
INFO:root:CABS1
INFO:root:CABYR
INFO:root:CACFD1
INFO:root:CACHD1
INFO:root:CACNA1A
INFO:root:CACNA1B
INFO:root:CACNA1C
INFO:root:CACNA1D
INFO:root:CACNA1E
INFO:root:CACNA1F
INFO:root:CACNA1G
INFO:root:CACNA1H
INFO:root:CACNA1I
INFO:root:CACNA1S
INFO:root:CACNA2D1
INFO:root:CACNA2D2
INFO:root:CACNA2D3
INFO:root:CACNA2D4
INFO:root:CACNB1
INFO:root:CACNB2
INFO:root:CACNB3
INFO:root:CACNB4
INFO:root:CACNG1
INFO:root:CACNG2
INFO:root:CACNG3
INFO:root:CACNG4
INFO:root:CACNG5
INFO:root:CACNG6
INFO:root:CACNG7
INFO:root:CACNG8
INFO:root:CACTIN
INFO:root:CACUL1
INFO:root:CACYBP
INFO:root:CAD
INFO:root:CADM1
INFO:root:CADM2
INFO:root:CADM3
INFO:root:CADM4
INFO:root:CADPS
INFO:root:CADPS2
INFO:root:CAGE1
INFO:root:CALB1
INFO:root:CALB2
INFO:root:CALCA
INFO:root:CALCB
INFO:root:CALCOCO1
INFO:root:CALCOCO2
INFO:root:CALCR
INFO:root:CALCRL
INFO:root:CALD1
INFO:root:CALHM1
INFO:root:CALHM2
INFO:root:CALHM3
INFO:root:CALHM4
INFO:root:CALHM5
INFO:root:CALHM6
INFO:root:CALM1
INFO:root:CALM2
INFO:root:CALM3
INFO:root:CALML3
INFO:root:CALML4
INFO:root:CALML5
INFO:root:CALML6
INFO:root:CALN1
INFO:root:CALR
INFO:root:CALR3
INFO:root:CALU
INFO:root:CALY
INFO:root:CAMK1
INFO:root:CAMK1D
INFO:root:CAMK1G
INFO:root:CAMK2A
INFO:root:CAMK2B
INFO:root:CAMK2D
INFO:root:CAMK2G
INFO:root:CAMK2N1
INFO:root:CAMK2N2
INFO:root:CAMK4
INFO:root:CAMKK1
INFO:root:CAMKK2
INFO:root:CAMKMT
INFO:root:CAMKV
INFO:root:CAMLG
INFO:root:CAMP
INFO:root:CAMSAP1
INFO:root:CAMSAP2
INFO:root:CAMSAP3
INFO:root:CAMTA1
INFO:root:CAMTA2
INFO:root:CAND1
INFO:root:CAND2
INFO:root:CANT1
INFO:root:CANX
INFO:root:CAP1
INFO:root:CAP2
INFO:root:CAPG
INFO:root:CAPN1
INFO:root:CAPN10
INFO:root:CAPN11
INFO:root:CAPN12
INFO:root:CAPN13
INFO:root:CAPN14
INFO:root:CAPN15
INFO:root:CAPN2
INFO:root:CAPN3
INFO:root:CAPN5
INFO:root:CAPN6
INFO:root:CAPN7
INFO:root:CAPN8
INFO:root:CAPN9
INFO:root:CAPNS1
INFO:root:CAPNS2
INFO:root:CAPRIN1
INFO:root:CAPRIN2
INFO:root:CAPS
INFO:root:CAPS2
INFO:root:CAPSL
INFO:root:CAPZA1
INFO:root:CAPZA2
INFO:root:CAPZA3
INFO:root:CAPZB
INFO:root:CARD10
INFO:root:CARD11
INFO:root:CARD14
INFO:root:CARD16
INFO:root:CARD17
INFO:root:CARD18
INFO:root:CARD19
INFO:root:CARD6
INFO:root:CARD8
INFO:root:CARD9
INFO:root:CARF
INFO:root:CARHSP1
INFO:root:CARM1
INFO:root:CARMIL1
INFO:root:CARMIL2
INFO:root:CARMIL3
INFO:root:CARNMT1
INFO:root:CARNS1
INFO:root:CARS
INFO:root:CARS2
INFO:root:CARTPT
INFO:root:CASC1
INFO:root:CASC10
INFO:root:CASC3
INFO:root:CASC4
INFO:root:CASD1
INFO:root:CASK
INFO:root:CASKIN1
INFO:root:CASKIN2
INFO:root:CASP1
INFO:root:CASP10
INFO:root:CASP12
INFO:root:CASP14
INFO:root:CASP2
INFO:root:CASP3
INFO:root:CASP4
INFO:root:CASP5
INFO:root:CASP6
INFO:root:CASP7
INFO:root:CASP8
INFO:root:CASP9
INFO:root:CASQ1
INFO:root:CASQ2
INFO:root:CASR
INFO:root:CASS4
INFO:root:CAST
INFO:root:CASTOR1
INFO:root:CASTOR2
INFO:root:CASTOR3
INFO:root:CASZ1
INFO:root:CAT
INFO:root:CATIP
INFO:root:CATSPER1
INFO:root:CATSPER2
INFO:root:CATSPER3
INFO:root:CATSPER4
INFO:root:CATSPERB
INFO:root:CATSPERD
INFO:root:CATSPERE
INFO:root:CATSPERG
INFO:root:CATSPERZ
INFO:root:CAV1
INFO:root:CAV2
INFO:root:CAV3
INFO:root:CAVIN1
INFO:root:CAVIN2
INFO:root:CAVIN3
INFO:root:CAVIN4
INFO:root:CBARP
INFO:root:CBFA2T2
INFO:root:CBFA2T3
INFO:root:CBFB
INFO:root:CBL
INFO:root:CBLB
INFO:root:CBLC
INFO:root:CBLL1
INFO:root:CBLL2
INFO:root:CBLN1
INFO:root:CBLN2
INFO:root:CBLN3
INFO:root:CBLN4
INFO:root:CBR1
INFO:root:CBR3
INFO:root:CBR4
INFO:root:CBS
INFO:root:CBWD1
INFO:root:CBWD2
INFO:root:CBWD3
INFO:root:CBWD5
INFO:root:CBWD6
INFO:root:CBX1
INFO:root:CBX2
INFO:root:CBX3
INFO:root:CBX4
INFO:root:CBX5
INFO:root:CBX6
INFO:root:CBX7
INFO:root:CBX8
INFO:root:CBY1
INFO:root:CBY3
INFO:root:CC2D1A
INFO:root:CC2D1B
INFO:root:CC2D2A
INFO:root:CC2D2B
INFO:root:CCAR1
INFO:root:CCAR2
INFO:root:CCBE1
INFO:root:CCDC102A
INFO:root:CCDC102B
INFO:root:CCDC103
INFO:root:CCDC105
INFO:root:CCDC106
INFO:root:CCDC107
INFO:root:CCDC110
INFO:root:CCDC112
INFO:root:CCDC113
INFO:root:CCDC114
INFO:root:CCDC115
INFO:root:CCDC116
INFO:root:CCDC117
INFO:root:CCDC12
INFO:root:CCDC120
INFO:root:CCDC121
INFO:root:CCDC122
INFO:root:CCDC124
INFO:root:CCDC125
INFO:root:CCDC126
INFO:root:CCDC127
INFO:root:CCDC129
INFO:root:CCDC13
INFO:root:CCDC130
INFO:root:CCDC134
INFO:root:CCDC136
INFO:root:CCDC137
INFO:root:CCDC138
INFO:root:CCDC14
INFO:root:CCDC140
INFO:root:CCDC141
INFO:root:CCDC142
INFO:root:CCDC144A
INFO:root:CCDC144NL
INFO:root:CCDC146
INFO:root:CCDC148
INFO:root:CCDC149
INFO:root:CCDC15
INFO:root:CCDC150
INFO:root:CCDC151
INFO:root:CCDC152
INFO:root:CCDC153
INFO:root:CCDC154
INFO:root:CCDC155
INFO:root:CCDC157
INFO:root:CCDC158
INFO:root:CCDC159
INFO:root:CCDC160
INFO:root:CCDC163
INFO:root:CCDC166
INFO:root:CCDC167
INFO:root:CCDC168
INFO:root:CCDC169
INFO:root:CCDC17
INFO:root:CCDC170
INFO:root:CCDC171
INFO:root:CCDC172
INFO:root:CCDC173
INFO:root:CCDC174
INFO:root:CCDC175
INFO:root:CCDC177
INFO:root:CCDC178
INFO:root:CCDC179
INFO:root:CCDC18
INFO:root:CCDC180
INFO:root:CCDC181
INFO:root:CCDC182
INFO:root:CCDC183
INFO:root:CCDC184
INFO:root:CCDC185
INFO:root:CCDC186
INFO:root:CCDC189
INFO:root:CCDC190
INFO:root:CCDC191
INFO:root:CCDC198
INFO:root:CCDC22
INFO:root:CCDC24
INFO:root:CCDC25
INFO:root:CCDC27
INFO:root:CCDC28A
INFO:root:CCDC28B
INFO:root:CCDC3
INFO:root:CCDC30
INFO:root:CCDC32
INFO:root:CCDC33
INFO:root:CCDC34
INFO:root:CCDC36
INFO:root:CCDC38
INFO:root:CCDC39
INFO:root:CCDC40
INFO:root:CCDC42
INFO:root:CCDC43
INFO:root:CCDC47
INFO:root:CCDC50
INFO:root:CCDC51
INFO:root:CCDC54
INFO:root:CCDC57
INFO:root:CCDC58
INFO:root:CCDC59
INFO:root:CCDC6
INFO:root:CCDC60
INFO:root:CCDC61
INFO:root:CCDC62
INFO:root:CCDC63
INFO:root:CCDC65
INFO:root:CCDC66
INFO:root:CCDC68
INFO:root:CCDC69
INFO:root:CCDC7
INFO:root:CCDC70
INFO:root:CCDC71
INFO:root:CCDC71L
INFO:root:CCDC73
INFO:root:CCDC74A
INFO:root:CCDC74B
INFO:root:CCDC77
INFO:root:CCDC78
INFO:root:CCDC8
INFO:root:CCDC80
INFO:root:CCDC81
INFO:root:CCDC82
INFO:root:CCDC83
INFO:root:CCDC84
INFO:root:CCDC85A
INFO:root:CCDC85B
INFO:root:CCDC85C
INFO:root:CCDC86
INFO:root:CCDC87
INFO:root:CCDC88A
INFO:root:CCDC88B
INFO:root:CCDC88C
INFO:root:CCDC89
INFO:root:CCDC9
INFO:root:CCDC90B
INFO:root:CCDC91
INFO:root:CCDC92
INFO:root:CCDC93
INFO:root:CCDC96
INFO:root:CCDC97
INFO:root:CCDC9B
INFO:root:CCER1
INFO:root:CCER2
INFO:root:CCHCR1
INFO:root:CCIN
INFO:root:CCK
INFO:root:CCKAR
INFO:root:CCKBR
INFO:root:CCL1
INFO:root:CCL11
INFO:root:CCL13
INFO:root:CCL14
INFO:root:CCL15
INFO:root:CCL16
INFO:root:CCL17
INFO:root:CCL18
INFO:root:CCL19
INFO:root:CCL2
INFO:root:CCL20
INFO:root:CCL21
INFO:root:CCL22
INFO:root:CCL23
INFO:root:CCL24
INFO:root:CCL25
INFO:root:CCL26
INFO:root:CCL27
INFO:root:CCL28
INFO:root:CCL3
INFO:root:CCL3L3
INFO:root:CCL4
INFO:root:CCL4L2
INFO:root:CCL5
INFO:root:CCL7
INFO:root:CCL8
INFO:root:CCM2
INFO:root:CCM2L
INFO:root:CCNA1
INFO:root:CCNA2
INFO:root:CCNB1
INFO:root:CCNB1IP1
INFO:root:CCNB2
INFO:root:CCNB3
INFO:root:CCNC
INFO:root:CCND1
INFO:root:CCND2
INFO:root:CCND3
INFO:root:CCNDBP1
INFO:root:CCNE1
INFO:root:CCNE2
INFO:root:CCNF
INFO:root:CCNG1
INFO:root:CCNG2
INFO:root:CCNH
INFO:root:CCNI
INFO:root:CCNI2
INFO:root:CCNJ
INFO:root:CCNJL
INFO:root:CCNK
INFO:root:CCNL1
INFO:root:CCNL2
INFO:root:CCNO
INFO:root:CCNQ
INFO:root:CCNT1
INFO:root:CCNT2
INFO:root:CCNY
INFO:root:CCNYL1
INFO:root:CCP110
INFO:root:CCPG1
INFO:root:CCR1
INFO:root:CCR10
INFO:root:CCR2
INFO:root:CCR3
INFO:root:CCR4
INFO:root:CCR5
INFO:root:CCR6
INFO:root:CCR7
INFO:root:CCR8
INFO:root:CCR9
INFO:root:CCRL2
INFO:root:CCS
INFO:root:CCSAP
INFO:root:CCSER1
INFO:root:CCSER2
INFO:root:CCT2
INFO:root:CCT3
INFO:root:CCT4
INFO:root:CCT5
INFO:root:CCT6A
INFO:root:CCT6B
INFO:root:CCT7
INFO:root:CCT8
INFO:root:CCT8L2
INFO:root:CCZ1
INFO:root:CCZ1B
INFO:root:CD101
INFO:root:CD109
INFO:root:CD14
INFO:root:CD151
INFO:root:CD160
INFO:root:CD163
INFO:root:CD163L1
INFO:root:CD164
INFO:root:CD164L2
INFO:root:CD177
INFO:root:CD180
INFO:root:CD19
INFO:root:CD1A
INFO:root:CD1B
INFO:root:CD1C
INFO:root:CD1D
INFO:root:CD1E
INFO:root:CD2
INFO:root:CD200
INFO:root:CD200R1
INFO:root:CD200R1L
INFO:root:CD207
INFO:root:CD209
INFO:root:CD22
INFO:root:CD226
INFO:root:CD244
INFO:root:CD247
INFO:root:CD248
INFO:root:CD27
INFO:root:CD274
INFO:root:CD276
INFO:root:CD28
INFO:root:CD2AP
INFO:root:CD2BP2
INFO:root:CD300A
INFO:root:CD300C
INFO:root:CD300E
INFO:root:CD300LB
INFO:root:CD300LD
INFO:root:CD300LF
INFO:root:CD300LG
INFO:root:CD302
INFO:root:CD320
INFO:root:CD33
INFO:root:CD34
INFO:root:CD36
INFO:root:CD37
INFO:root:CD38
INFO:root:CD3D
INFO:root:CD3E
INFO:root:CD3EAP
INFO:root:CD3G
INFO:root:CD4
INFO:root:CD40
INFO:root:CD40LG
INFO:root:CD44
INFO:root:CD46
INFO:root:CD47
INFO:root:CD48
INFO:root:CD5
INFO:root:CD52
INFO:root:CD53
INFO:root:CD55
INFO:root:CD58
INFO:root:CD59
INFO:root:CD5L
INFO:root:CD6
INFO:root:CD63
INFO:root:CD68
INFO:root:CD69
INFO:root:CD7
INFO:root:CD70
INFO:root:CD72
INFO:root:CD74
INFO:root:CD79A
INFO:root:CD79B
INFO:root:CD80
INFO:root:CD81
INFO:root:CD82
INFO:root:CD83
INFO:root:CD84
INFO:root:CD86
INFO:root:CD8A
INFO:root:CD8B
INFO:root:CD9
INFO:root:CD93
INFO:root:CD96
INFO:root:CD99
INFO:root:CD99L2
INFO:root:CDA
INFO:root:CDADC1
INFO:root:CDAN1
INFO:root:CDC123
INFO:root:CDC14A
INFO:root:CDC14B
INFO:root:CDC16
INFO:root:CDC20
INFO:root:CDC20B
INFO:root:CDC23
INFO:root:CDC25A
INFO:root:CDC25B
INFO:root:CDC25C
INFO:root:CDC26
INFO:root:CDC27
INFO:root:CDC34
INFO:root:CDC37
INFO:root:CDC37L1
INFO:root:CDC40
INFO:root:CDC42
INFO:root:CDC42BPA
INFO:root:CDC42BPB
INFO:root:CDC42BPG
INFO:root:CDC42EP1
INFO:root:CDC42EP2
INFO:root:CDC42EP3
INFO:root:CDC42EP4
INFO:root:CDC42EP5
INFO:root:CDC42SE1
INFO:root:CDC42SE2
INFO:root:CDC45
INFO:root:CDC5L
INFO:root:CDC6
INFO:root:CDC7
INFO:root:CDC73
INFO:root:CDCA2
INFO:root:CDCA3
INFO:root:CDCA4
INFO:root:CDCA5
INFO:root:CDCA7
INFO:root:CDCA7L
INFO:root:CDCA8
INFO:root:CDCP1
INFO:root:CDCP2
INFO:root:CDH1
INFO:root:CDH10
INFO:root:CDH11
INFO:root:CDH12
INFO:root:CDH13
INFO:root:CDH15
INFO:root:CDH16
INFO:root:CDH17
INFO:root:CDH18
INFO:root:CDH19
INFO:root:CDH2
INFO:root:CDH20
INFO:root:CDH22
INFO:root:CDH23
INFO:root:CDH24
INFO:root:CDH26
INFO:root:CDH3
INFO:root:CDH4
INFO:root:CDH5
INFO:root:CDH6
INFO:root:CDH7
INFO:root:CDH8
INFO:root:CDH9
INFO:root:CDHR1
INFO:root:CDHR2
INFO:root:CDHR3
INFO:root:CDHR4
INFO:root:CDHR5
INFO:root:CDIP1
INFO:root:CDIPT
INFO:root:CDK1
INFO:root:CDK10
INFO:root:CDK11A
INFO:root:CDK11B
INFO:root:CDK12
INFO:root:CDK13
INFO:root:CDK14
INFO:root:CDK15
INFO:root:CDK16
INFO:root:CDK17
INFO:root:CDK18
INFO:root:CDK19
INFO:root:CDK2
INFO:root:CDK20
INFO:root:CDK2AP1
INFO:root:CDK2AP2
INFO:root:CDK3
INFO:root:CDK4
INFO:root:CDK5
INFO:root:CDK5R1
INFO:root:CDK5R2
INFO:root:CDK5RAP1
INFO:root:CDK5RAP2
INFO:root:CDK5RAP3
INFO:root:CDK6
INFO:root:CDK7
INFO:root:CDK8
INFO:root:CDK9
INFO:root:CDKAL1
INFO:root:CDKL1
INFO:root:CDKL2
INFO:root:CDKL3
INFO:root:CDKL4
INFO:root:CDKL5
INFO:root:CDKN1A
INFO:root:CDKN1B
INFO:root:CDKN1C
INFO:root:CDKN2A
INFO:root:CDKN2AIP
INFO:root:CDKN2AIPNL
INFO:root:CDKN2B
INFO:root:CDKN2C
INFO:root:CDKN2D
INFO:root:CDKN3
INFO:root:CDNF
INFO:root:CDO1
INFO:root:CDON
INFO:root:CDPF1
INFO:root:CDR1
INFO:root:CDR2
INFO:root:CDR2L
INFO:root:CDRT1
INFO:root:CDRT15
INFO:root:CDRT15L2
INFO:root:CDRT4
INFO:root:CDS1
INFO:root:CDS2
INFO:root:CDSN
INFO:root:CDT1
INFO:root:CDV3
INFO:root:CDX1
INFO:root:CDX2
INFO:root:CDX4
INFO:root:CDYL
INFO:root:CDYL2
INFO:root:CEACAM1
INFO:root:CEACAM16
INFO:root:CEACAM18
INFO:root:CEACAM19
INFO:root:CEACAM21
INFO:root:CEACAM3
INFO:root:CEACAM4
INFO:root:CEACAM5
INFO:root:CEACAM6
INFO:root:CEACAM7
INFO:root:CEACAM8
INFO:root:CEBPA
INFO:root:CEBPB
INFO:root:CEBPD
INFO:root:CEBPE
INFO:root:CEBPG
INFO:root:CEBPZ
INFO:root:CEBPZOS
INFO:root:CECR2
INFO:root:CEL
INFO:root:CELA1
INFO:root:CELA2A
INFO:root:CELA2B
INFO:root:CELA3A
INFO:root:CELA3B
INFO:root:CELF1
INFO:root:CELF2
INFO:root:CELF3
INFO:root:CELF4
INFO:root:CELF5
INFO:root:CELF6
INFO:root:CELSR1
INFO:root:CELSR2
INFO:root:CELSR3
INFO:root:CEMIP
INFO:root:CEMIP2
INFO:root:CEMP1
INFO:root:CEND1
INFO:root:CENPA
INFO:root:CENPB
INFO:root:CENPBD1
INFO:root:CENPC
INFO:root:CENPE
INFO:root:CENPF
INFO:root:CENPH
INFO:root:CENPI
INFO:root:CENPJ
INFO:root:CENPK
INFO:root:CENPL
INFO:root:CENPM
INFO:root:CENPN
INFO:root:CENPO
INFO:root:CENPP
INFO:root:CENPQ
INFO:root:CENPS
INFO:root:CENPT
INFO:root:CENPU
INFO:root:CENPV
INFO:root:CENPW
INFO:root:CENPX
INFO:root:CEP104
INFO:root:CEP112
INFO:root:CEP120
INFO:root:CEP126
INFO:root:CEP128
INFO:root:CEP131
INFO:root:CEP135
INFO:root:CEP152
INFO:root:CEP162
INFO:root:CEP164
INFO:root:CEP170
INFO:root:CEP170B
INFO:root:CEP19
INFO:root:CEP192
INFO:root:CEP250
INFO:root:CEP290
INFO:root:CEP295
INFO:root:CEP350
INFO:root:CEP41
INFO:root:CEP44
INFO:root:CEP55
INFO:root:CEP57
INFO:root:CEP57L1
INFO:root:CEP63
INFO:root:CEP68
INFO:root:CEP70
INFO:root:CEP72
INFO:root:CEP76
INFO:root:CEP78
INFO:root:CEP83
INFO:root:CEP85
INFO:root:CEP85L
INFO:root:CEP89
INFO:root:CEP95
INFO:root:CEP97
INFO:root:CEPT1
INFO:root:CER1
INFO:root:CERCAM
INFO:root:CERK
INFO:root:CERKL
INFO:root:CERS1
INFO:root:CERS2
INFO:root:CERS3
INFO:root:CERS4
INFO:root:CERS5
INFO:root:CERS6
INFO:root:CES1
INFO:root:CES2
INFO:root:CES3
INFO:root:CES4A
INFO:root:CES5A
INFO:root:CETN1
INFO:root:CETN2
INFO:root:CETN3
INFO:root:CETP
INFO:root:CFAP100
INFO:root:CFAP126
INFO:root:CFAP157
INFO:root:CFAP161
INFO:root:CFAP20
INFO:root:CFAP298
INFO:root:CFAP299
INFO:root:CFAP300
INFO:root:CFAP36
INFO:root:CFAP43
INFO:root:CFAP44
INFO:root:CFAP45
INFO:root:CFAP46
INFO:root:CFAP47
INFO:root:CFAP52
INFO:root:CFAP53
INFO:root:CFAP54
INFO:root:CFAP57
INFO:root:CFAP58
INFO:root:CFAP61
INFO:root:CFAP65
INFO:root:CFAP69
INFO:root:CFAP70
INFO:root:CFAP73
INFO:root:CFAP74
INFO:root:CFAP77
INFO:root:CFAP97
INFO:root:CFAP97D1
INFO:root:CFB
INFO:root:CFC1
INFO:root:CFC1B
INFO:root:CFD
INFO:root:CFDP1
INFO:root:CFH
INFO:root:CFHR1
INFO:root:CFHR2
INFO:root:CFHR3
INFO:root:CFHR4
INFO:root:CFHR5
INFO:root:CFI
INFO:root:CFL1
INFO:root:CFL2
INFO:root:CFLAR
INFO:root:CFP
INFO:root:CFTR
INFO:root:CGA
INFO:root:CGAS
INFO:root:CGB1
INFO:root:CGB2
INFO:root:CGB3
INFO:root:CGB5
INFO:root:CGB7
INFO:root:CGB8
INFO:root:CGGBP1
INFO:root:CGN
INFO:root:CGNL1
INFO:root:CGREF1
INFO:root:CGRRF1
INFO:root:CH25H
INFO:root:CHAC1
INFO:root:CHAC2
INFO:root:CHAD
INFO:root:CHADL
INFO:root:CHAF1A
INFO:root:CHAF1B
INFO:root:CHAMP1
INFO:root:CHAT
INFO:root:CHCHD1
INFO:root:CHCHD10
INFO:root:CHCHD2
INFO:root:CHCHD3
INFO:root:CHCHD4
INFO:root:CHCHD5
INFO:root:CHCHD6
INFO:root:CHCHD7
INFO:root:CHD1
INFO:root:CHD1L
INFO:root:CHD2
INFO:root:CHD3
INFO:root:CHD4
INFO:root:CHD5
INFO:root:CHD6
INFO:root:CHD7
INFO:root:CHD8
INFO:root:CHD9
INFO:root:CHDH
INFO:root:CHEK1
INFO:root:CHEK2
INFO:root:CHERP
INFO:root:CHFR
INFO:root:CHGA
INFO:root:CHGB
INFO:root:CHI3L1
INFO:root:CHI3L2
INFO:root:CHIA
INFO:root:CHIC1
INFO:root:CHIC2
INFO:root:CHID1
INFO:root:CHIT1
INFO:root:CHKA
INFO:root:CHKB
INFO:root:CHL1
INFO:root:CHM
INFO:root:CHML
INFO:root:CHMP1A
INFO:root:CHMP1B
INFO:root:CHMP2A
INFO:root:CHMP2B
INFO:root:CHMP3
INFO:root:CHMP4A
INFO:root:CHMP4B
INFO:root:CHMP4C
INFO:root:CHMP5
INFO:root:CHMP6
INFO:root:CHMP7
INFO:root:CHN1
INFO:root:CHN2
INFO:root:CHODL
INFO:root:CHORDC1
INFO:root:CHP1
INFO:root:CHP2
INFO:root:CHPF
INFO:root:CHPF2
INFO:root:CHPT1
INFO:root:CHRAC1
INFO:root:CHRD
INFO:root:CHRDL1
INFO:root:CHRDL2
INFO:root:CHRFAM7A
INFO:root:CHRM1
INFO:root:CHRM2
INFO:root:CHRM3
INFO:root:CHRM4
INFO:root:CHRM5
INFO:root:CHRNA1
INFO:root:CHRNA10
INFO:root:CHRNA2
INFO:root:CHRNA3
INFO:root:CHRNA4
INFO:root:CHRNA5
INFO:root:CHRNA6
INFO:root:CHRNA7
INFO:root:CHRNA9
INFO:root:CHRNB1
INFO:root:CHRNB2
INFO:root:CHRNB3
INFO:root:CHRNB4
INFO:root:CHRND
INFO:root:CHRNE
INFO:root:CHRNG
INFO:root:CHST1
INFO:root:CHST10
INFO:root:CHST11
INFO:root:CHST12
INFO:root:CHST13
INFO:root:CHST14
INFO:root:CHST15
INFO:root:CHST2
INFO:root:CHST3
INFO:root:CHST4
INFO:root:CHST5
INFO:root:CHST6
INFO:root:CHST7
INFO:root:CHST8
INFO:root:CHST9
INFO:root:CHSY1
INFO:root:CHSY3
INFO:root:CHTF18
INFO:root:CHTF8
INFO:root:CHTOP
INFO:root:CHUK
INFO:root:CHURC1
INFO:root:CIAO1
INFO:root:CIAPIN1
INFO:root:CIART
INFO:root:CIB1
INFO:root:CIB2
INFO:root:CIB3
INFO:root:CIB4
INFO:root:CIC
INFO:root:CIDEA
INFO:root:CIDEB
INFO:root:CIDEC
INFO:root:CIITA
INFO:root:CILP
INFO:root:CILP2
INFO:root:CINP
INFO:root:CIP2A
INFO:root:CIPC
INFO:root:CIR1
INFO:root:CIRBP
INFO:root:CISD1
INFO:root:CISD2
INFO:root:CISD3
INFO:root:CISH
INFO:root:CIT
INFO:root:CITED1
INFO:root:CITED2
INFO:root:CITED4
INFO:root:CIZ1
INFO:root:CKAP2
INFO:root:CKAP2L
INFO:root:CKAP4
INFO:root:CKAP5
INFO:root:CKB
INFO:root:CKLF
INFO:root:CKM
INFO:root:CKMT1A
INFO:root:CKMT1B
INFO:root:CKMT2
INFO:root:CKS1B
INFO:root:CKS2
INFO:root:CLASP1
INFO:root:CLASP2
INFO:root:CLASRP
INFO:root:CLBA1
INFO:root:CLC
INFO:root:CLCA1
INFO:root:CLCA2
INFO:root:CLCA4
INFO:root:CLCC1
INFO:root:CLCF1
INFO:root:CLCN1
INFO:root:CLCN2
INFO:root:CLCN3
INFO:root:CLCN4
INFO:root:CLCN5
INFO:root:CLCN6
INFO:root:CLCN7
INFO:root:CLCNKA
INFO:root:CLCNKB
INFO:root:CLDN1
INFO:root:CLDN10
INFO:root:CLDN11
INFO:root:CLDN12
INFO:root:CLDN14
INFO:root:CLDN15
INFO:root:CLDN16
INFO:root:CLDN17
INFO:root:CLDN18
INFO:root:CLDN19
INFO:root:CLDN2
INFO:root:CLDN20
INFO:root:CLDN22
INFO:root:CLDN23
INFO:root:CLDN24
INFO:root:CLDN25
INFO:root:CLDN3
INFO:root:CLDN4
INFO:root:CLDN5
INFO:root:CLDN6
INFO:root:CLDN7
INFO:root:CLDN8
INFO:root:CLDN9
INFO:root:CLDND1
INFO:root:CLDND2
INFO:root:CLEC10A
INFO:root:CLEC11A
INFO:root:CLEC12A
INFO:root:CLEC12B
INFO:root:CLEC14A
INFO:root:CLEC16A
INFO:root:CLEC17A
INFO:root:CLEC18A
INFO:root:CLEC18B
INFO:root:CLEC18C
INFO:root:CLEC19A
INFO:root:CLEC1A
INFO:root:CLEC1B
INFO:root:CLEC2A
INFO:root:CLEC2B
INFO:root:CLEC2D
INFO:root:CLEC2L
INFO:root:CLEC3A
INFO:root:CLEC3B
INFO:root:CLEC4A
INFO:root:CLEC4C
INFO:root:CLEC4D
INFO:root:CLEC4E
INFO:root:CLEC4F
INFO:root:CLEC4G
INFO:root:CLEC4M
INFO:root:CLEC5A
INFO:root:CLEC6A
INFO:root:CLEC7A
INFO:root:CLEC9A
INFO:root:CLECL1
INFO:root:CLGN
INFO:root:CLHC1
INFO:root:CLIC1
INFO:root:CLIC2
INFO:root:CLIC3
INFO:root:CLIC4
INFO:root:CLIC5
INFO:root:CLIC6
INFO:root:CLINT1
INFO:root:CLIP1
INFO:root:CLIP2
INFO:root:CLIP3
INFO:root:CLIP4
INFO:root:CLK1
INFO:root:CLK2
INFO:root:CLK3
INFO:root:CLK4
INFO:root:CLLU1OS
INFO:root:CLMN
INFO:root:CLMP
INFO:root:CLN3
INFO:root:CLN5
INFO:root:CLN6
INFO:root:CLN8
INFO:root:CLNK
INFO:root:CLNS1A
INFO:root:CLOCK
INFO:root:CLP1
INFO:root:CLPB
INFO:root:CLPP
INFO:root:CLPS
INFO:root:CLPSL1
INFO:root:CLPSL2
INFO:root:CLPTM1
INFO:root:CLPTM1L
INFO:root:CLPX
INFO:root:CLRN1
INFO:root:CLRN2
INFO:root:CLRN3
INFO:root:CLSPN
INFO:root:CLSTN1
INFO:root:CLSTN2
INFO:root:CLSTN3
INFO:root:CLTA
INFO:root:CLTB
INFO:root:CLTC
INFO:root:CLTCL1
INFO:root:CLTRN
INFO:root:CLU
INFO:root:CLUAP1
INFO:root:CLUH
INFO:root:CLUL1
INFO:root:CLVS1
INFO:root:CLVS2
INFO:root:CLYBL
INFO:root:CMA1
INFO:root:CMAS
INFO:root:CMBL
INFO:root:CMC1
INFO:root:CMC2
INFO:root:CMC4
INFO:root:CMIP
INFO:root:CMKLR1
INFO:root:CMPK1
INFO:root:CMPK2
INFO:root:CMSS1
INFO:root:CMTM1
INFO:root:CMTM2
INFO:root:CMTM3
INFO:root:CMTM4
INFO:root:CMTM5
INFO:root:CMTM6
INFO:root:CMTM7
INFO:root:CMTM8
INFO:root:CMTR1
INFO:root:CMTR2
INFO:root:CMYA5
INFO:root:CNBD1
INFO:root:CNBD2
INFO:root:CNBP
INFO:root:CNDP1
INFO:root:CNDP2
INFO:root:CNEP1R1
INFO:root:CNFN
INFO:root:CNGA1
INFO:root:CNGA2
INFO:root:CNGA3
INFO:root:CNGA4
INFO:root:CNGB1
INFO:root:CNGB3
INFO:root:CNIH1
INFO:root:CNIH2
INFO:root:CNIH3
INFO:root:CNIH4
INFO:root:CNKSR1
INFO:root:CNKSR2
INFO:root:CNKSR3
INFO:root:CNMD
INFO:root:CNN1
INFO:root:CNN2
INFO:root:CNN3
INFO:root:CNNM1
INFO:root:CNNM2
INFO:root:CNNM3
INFO:root:CNNM4
INFO:root:CNOT1
INFO:root:CNOT10
INFO:root:CNOT11
INFO:root:CNOT2
INFO:root:CNOT3
INFO:root:CNOT4
INFO:root:CNOT6
INFO:root:CNOT6L
INFO:root:CNOT7
INFO:root:CNOT8
INFO:root:CNOT9
INFO:root:CNP
INFO:root:CNPPD1
INFO:root:CNPY1
INFO:root:CNPY2
INFO:root:CNPY3
INFO:root:CNPY4
INFO:root:CNR1
INFO:root:CNR2
INFO:root:CNRIP1
INFO:root:CNST
INFO:root:CNTD1
INFO:root:CNTD2
INFO:root:CNTF
INFO:root:CNTFR
INFO:root:CNTLN
INFO:root:CNTN1
INFO:root:CNTN2
INFO:root:CNTN3
INFO:root:CNTN4
INFO:root:CNTN5
INFO:root:CNTN6
INFO:root:CNTNAP1
INFO:root:CNTNAP2
INFO:root:CNTNAP3
INFO:root:CNTNAP3B
INFO:root:CNTNAP4
INFO:root:CNTNAP5
INFO:root:CNTRL
INFO:root:CNTROB
INFO:root:COA1
INFO:root:COA3
INFO:root:COA4
INFO:root:COA5
INFO:root:COA6
INFO:root:COA7
INFO:root:COASY
INFO:root:COBL
INFO:root:COBLL1
INFO:root:COCH
INFO:root:COG1
INFO:root:COG2
INFO:root:COG3
INFO:root:COG4
INFO:root:COG5
INFO:root:COG6
INFO:root:COG7
INFO:root:COG8
INFO:root:COIL
INFO:root:COL10A1
INFO:root:COL11A1
INFO:root:COL11A2
INFO:root:COL12A1
INFO:root:COL13A1
INFO:root:COL14A1
INFO:root:COL15A1
INFO:root:COL16A1
INFO:root:COL17A1
INFO:root:COL18A1
INFO:root:COL19A1
INFO:root:COL1A1
INFO:root:COL1A2
INFO:root:COL20A1
INFO:root:COL21A1
INFO:root:COL22A1
INFO:root:COL23A1
INFO:root:COL24A1
INFO:root:COL25A1
INFO:root:COL26A1
INFO:root:COL27A1
INFO:root:COL28A1
INFO:root:COL2A1
INFO:root:COL3A1
INFO:root:COL4A1
INFO:root:COL4A2
INFO:root:COL4A3
INFO:root:COL4A3BP
INFO:root:COL4A4
INFO:root:COL4A5
INFO:root:COL4A6
INFO:root:COL5A1
INFO:root:COL5A2
INFO:root:COL5A3
INFO:root:COL6A1
INFO:root:COL6A2
INFO:root:COL6A3
INFO:root:COL6A5
INFO:root:COL6A6
INFO:root:COL7A1
INFO:root:COL8A1
INFO:root:COL8A2
INFO:root:COL9A1
INFO:root:COL9A2
INFO:root:COL9A3
INFO:root:COLCA2
INFO:root:COLEC10
INFO:root:COLEC11
INFO:root:COLEC12
INFO:root:COLGALT1
INFO:root:COLGALT2
INFO:root:COLQ
INFO:root:COMMD1
INFO:root:COMMD10
INFO:root:COMMD2
INFO:root:COMMD3
INFO:root:COMMD4
INFO:root:COMMD5
INFO:root:COMMD6
INFO:root:COMMD7
INFO:root:COMMD8
INFO:root:COMMD9
INFO:root:COMP
INFO:root:COMT
INFO:root:COMTD1
INFO:root:COP1
INFO:root:COPA
INFO:root:COPB1
INFO:root:COPB2
INFO:root:COPE
INFO:root:COPG1
INFO:root:COPG2
INFO:root:COPRS
INFO:root:COPS2
INFO:root:COPS3
INFO:root:COPS4
INFO:root:COPS5
INFO:root:COPS6
INFO:root:COPS7A
INFO:root:COPS7B
INFO:root:COPS8
INFO:root:COPS9
INFO:root:COPZ1
INFO:root:COPZ2
INFO:root:COQ10A
INFO:root:COQ10B
INFO:root:COQ2
INFO:root:COQ3
INFO:root:COQ4
INFO:root:COQ5
INFO:root:COQ6
INFO:root:COQ7
INFO:root:COQ8A
INFO:root:COQ8B
INFO:root:COQ9
INFO:root:CORIN
INFO:root:CORO1A
INFO:root:CORO1B
INFO:root:CORO1C
INFO:root:CORO2A
INFO:root:CORO2B
INFO:root:CORO6
INFO:root:CORO7
INFO:root:CORT
INFO:root:COTL1
INFO:root:COX10
INFO:root:COX11
INFO:root:COX14
INFO:root:COX15
INFO:root:COX16
INFO:root:COX17
INFO:root:COX18
INFO:root:COX19
INFO:root:COX20
INFO:root:COX4I1
INFO:root:COX4I2
INFO:root:COX5A
INFO:root:COX5B
INFO:root:COX6A1
INFO:root:COX6A2
INFO:root:COX6B1
INFO:root:COX6B2
INFO:root:COX6C
INFO:root:COX7A1
INFO:root:COX7A2
INFO:root:COX7A2L
INFO:root:COX7B
INFO:root:COX7B2
INFO:root:COX7C
INFO:root:COX8A
INFO:root:COX8C
INFO:root:CP
INFO:root:CPA1
INFO:root:CPA2
INFO:root:CPA3
INFO:root:CPA4
INFO:root:CPA5
INFO:root:CPA6
INFO:root:CPAMD8
INFO:root:CPB1
INFO:root:CPB2
INFO:root:CPD
INFO:root:CPE
INFO:root:CPEB1
INFO:root:CPEB2
INFO:root:CPEB3
INFO:root:CPEB4
INFO:root:CPED1
INFO:root:CPLANE1
INFO:root:CPLANE2
INFO:root:CPLX1
INFO:root:CPLX2
INFO:root:CPLX3
INFO:root:CPLX4
INFO:root:CPM
INFO:root:CPN1
INFO:root:CPN2
INFO:root:CPNE1
INFO:root:CPNE2
INFO:root:CPNE3
INFO:root:CPNE4
INFO:root:CPNE5
INFO:root:CPNE6
INFO:root:CPNE7
INFO:root:CPNE8
INFO:root:CPNE9
INFO:root:CPO
INFO:root:CPOX
INFO:root:CPPED1
INFO:root:CPQ
INFO:root:CPS1
INFO:root:CPSF1
INFO:root:CPSF2
INFO:root:CPSF3
INFO:root:CPSF4
INFO:root:CPSF4L
INFO:root:CPSF6
INFO:root:CPSF7
INFO:root:CPT1A
INFO:root:CPT1B
INFO:root:CPT1C
INFO:root:CPT2
INFO:root:CPTP
INFO:root:CPVL
INFO:root:CPXCR1
INFO:root:CPXM1
INFO:root:CPXM2
INFO:root:CPZ
INFO:root:CR1
INFO:root:CR1L
INFO:root:CR2
INFO:root:CRABP1
INFO:root:CRABP2
INFO:root:CRACR2A
INFO:root:CRACR2B
INFO:root:CRADD
INFO:root:CRAMP1
INFO:root:CRAT
INFO:root:CRB1
INFO:root:CRB2
INFO:root:CRB3
INFO:root:CRBN
INFO:root:CRCP
INFO:root:CRCT1
INFO:root:CREB1
INFO:root:CREB3
INFO:root:CREB3L1
INFO:root:CREB3L2
INFO:root:CREB3L3
INFO:root:CREB3L4
INFO:root:CREB5
INFO:root:CREBBP
INFO:root:CREBL2
INFO:root:CREBRF
INFO:root:CREBZF
INFO:root:CREG1
INFO:root:CREG2
INFO:root:CRELD1
INFO:root:CRELD2
INFO:root:CREM
INFO:root:CRH
INFO:root:CRHBP
INFO:root:CRHR1
INFO:root:CRHR2
INFO:root:CRIM1
INFO:root:CRIP1
INFO:root:CRIP2
INFO:root:CRIP3
INFO:root:CRIPAK
INFO:root:CRIPT
INFO:root:CRISP1
INFO:root:CRISP2
INFO:root:CRISP3
INFO:root:CRISPLD1
INFO:root:CRISPLD2
INFO:root:CRK
INFO:root:CRKL
INFO:root:CRLF1
INFO:root:CRLF2
INFO:root:CRLF3
INFO:root:CRLS1
INFO:root:CRMP1
INFO:root:CRNKL1
INFO:root:CRNN
INFO:root:CROCC
INFO:root:CROT
INFO:root:CRP
INFO:root:CRTAC1
INFO:root:CRTAM
INFO:root:CRTAP
INFO:root:CRTC1
INFO:root:CRTC2
INFO:root:CRTC3
INFO:root:CRX
INFO:root:CRY1
INFO:root:CRY2
INFO:root:CRYAA
INFO:root:CRYAB
INFO:root:CRYBA1
INFO:root:CRYBA2
INFO:root:CRYBA4
INFO:root:CRYBB1
INFO:root:CRYBB2
INFO:root:CRYBB3
INFO:root:CRYBG1
INFO:root:CRYBG2
INFO:root:CRYBG3
INFO:root:CRYGA
INFO:root:CRYGB
INFO:root:CRYGC
INFO:root:CRYGD
INFO:root:CRYGN
INFO:root:CRYGS
INFO:root:CRYL1
INFO:root:CRYM
INFO:root:CRYZ
INFO:root:CRYZL1
INFO:root:CS
INFO:root:CSAD
INFO:root:CSAG1
INFO:root:CSDC2
INFO:root:CSDE1
INFO:root:CSE1L
INFO:root:CSF1
INFO:root:CSF1R
INFO:root:CSF2
INFO:root:CSF2RA
INFO:root:CSF2RB
INFO:root:CSF3
INFO:root:CSF3R
INFO:root:CSGALNACT1
INFO:root:CSGALNACT2
INFO:root:CSH1
INFO:root:CSH2
INFO:root:CSHL1
INFO:root:CSK
INFO:root:CSKMT
INFO:root:CSMD1
INFO:root:CSMD2
INFO:root:CSMD3
INFO:root:CSN1S1
INFO:root:CSN2
INFO:root:CSN3
INFO:root:CSNK1A1
INFO:root:CSNK1A1L
INFO:root:CSNK1D
INFO:root:CSNK1E
INFO:root:CSNK1G1
INFO:root:CSNK1G2
INFO:root:CSNK1G3
INFO:root:CSNK2A1
INFO:root:CSNK2A2
INFO:root:CSNK2A3
INFO:root:CSNK2B
INFO:root:CSPG4
INFO:root:CSPG5
INFO:root:CSPP1
INFO:root:CSRNP1
INFO:root:CSRNP2
INFO:root:CSRNP3
INFO:root:CSRP1
INFO:root:CSRP2
INFO:root:CSRP3
INFO:root:CST1
INFO:root:CST11
INFO:root:CST2
INFO:root:CST3
INFO:root:CST4
INFO:root:CST5
INFO:root:CST6
INFO:root:CST7
INFO:root:CST8
INFO:root:CST9
INFO:root:CST9L
INFO:root:CSTA
INFO:root:CSTB
INFO:root:CSTF1
INFO:root:CSTF2
INFO:root:CSTF2T
INFO:root:CSTF3
INFO:root:CSTL1
INFO:root:CT45A1
INFO:root:CT45A2
INFO:root:CT45A3
INFO:root:CT45A5
INFO:root:CT45A6
INFO:root:CT47A1
INFO:root:CT47A10
INFO:root:CT47A11
INFO:root:CT47A12
INFO:root:CT47A2
INFO:root:CT47A3
INFO:root:CT47A4
INFO:root:CT47A5
INFO:root:CT47A6
INFO:root:CT47A7
INFO:root:CT47A8
INFO:root:CT47A9
INFO:root:CT47B1
INFO:root:CT55
INFO:root:CT62
INFO:root:CT83
INFO:root:CTAG1A
INFO:root:CTAG1B
INFO:root:CTAG2
INFO:root:CTAGE1
INFO:root:CTAGE15
INFO:root:CTAGE4
INFO:root:CTAGE5
INFO:root:CTAGE6
INFO:root:CTAGE8
INFO:root:CTAGE9
INFO:root:CTBP1
INFO:root:CTBP2
INFO:root:CTBS
INFO:root:CTC1
INFO:root:CTCF
INFO:root:CTCFL
INFO:root:CTDNEP1
INFO:root:CTDP1
INFO:root:CTDSP1
INFO:root:CTDSP2
INFO:root:CTDSPL
INFO:root:CTDSPL2
INFO:root:CTF1
INFO:root:CTGF
INFO:root:CTH
INFO:root:CTHRC1
INFO:root:CTIF
INFO:root:CTLA4
INFO:root:CTNNA1
INFO:root:CTNNA2
INFO:root:CTNNA3
INFO:root:CTNNAL1
INFO:root:CTNNB1
INFO:root:CTNNBIP1
INFO:root:CTNNBL1
INFO:root:CTNND1
INFO:root:CTNND2
INFO:root:CTNS
INFO:root:CTPS1
INFO:root:CTPS2
INFO:root:CTR9
INFO:root:CTRB1
INFO:root:CTRB2
INFO:root:CTRC
INFO:root:CTRL
INFO:root:CTSA
INFO:root:CTSB
INFO:root:CTSC
INFO:root:CTSD
INFO:root:CTSE
INFO:root:CTSF
INFO:root:CTSG
INFO:root:CTSH
INFO:root:CTSK
INFO:root:CTSL
INFO:root:CTSO
INFO:root:CTSS
INFO:root:CTSV
INFO:root:CTSW
INFO:root:CTSZ
INFO:root:CTTN
INFO:root:CTTNBP2
INFO:root:CTTNBP2NL
INFO:root:CTU1
INFO:root:CTU2
INFO:root:CTXN1
INFO:root:CTXN2
INFO:root:CTXN3
INFO:root:CUBN
INFO:root:CUEDC1
INFO:root:CUEDC2
INFO:root:CUL1
INFO:root:CUL2
INFO:root:CUL3
INFO:root:CUL4A
INFO:root:CUL4B
INFO:root:CUL5
INFO:root:CUL7
INFO:root:CUL9
INFO:root:CUTA
INFO:root:CUTC
INFO:root:CUX1
INFO:root:CUX2
INFO:root:CUZD1
INFO:root:CWC15
INFO:root:CWC22
INFO:root:CWC25
INFO:root:CWC27
INFO:root:CWF19L1
INFO:root:CWF19L2
INFO:root:CWH43
INFO:root:CX3CL1
INFO:root:CX3CR1
INFO:root:CXADR
INFO:root:CXCL1
INFO:root:CXCL10
INFO:root:CXCL11
INFO:root:CXCL12
INFO:root:CXCL13
INFO:root:CXCL14
INFO:root:CXCL16
INFO:root:CXCL17
INFO:root:CXCL2
INFO:root:CXCL3
INFO:root:CXCL5
INFO:root:CXCL6
INFO:root:CXCL8
INFO:root:CXCL9
INFO:root:CXCR1
INFO:root:CXCR2
INFO:root:CXCR3
INFO:root:CXCR4
INFO:root:CXCR5
INFO:root:CXCR6
INFO:root:CXXC1
INFO:root:CXXC4
INFO:root:CXXC5
INFO:root:CXorf21
INFO:root:CXorf36
INFO:root:CXorf38
INFO:root:CXorf40A
INFO:root:CXorf40B
INFO:root:CXorf56
INFO:root:CXorf57
INFO:root:CXorf58
INFO:root:CXorf65
INFO:root:CXorf66
INFO:root:CXorf67
INFO:root:CYB561
INFO:root:CYB561A3
INFO:root:CYB561D1
INFO:root:CYB561D2
INFO:root:CYB5A
INFO:root:CYB5B
INFO:root:CYB5D1
INFO:root:CYB5D2
INFO:root:CYB5R1
INFO:root:CYB5R2
INFO:root:CYB5R3
INFO:root:CYB5R4
INFO:root:CYB5RL
INFO:root:CYBA
INFO:root:CYBB
INFO:root:CYBC1
INFO:root:CYBRD1
INFO:root:CYC1
INFO:root:CYCS
INFO:root:CYFIP1
INFO:root:CYFIP2
INFO:root:CYGB
INFO:root:CYHR1
INFO:root:CYLC1
INFO:root:CYLC2
INFO:root:CYLD
INFO:root:CYP11A1
INFO:root:CYP11B1
INFO:root:CYP11B2
INFO:root:CYP17A1
INFO:root:CYP19A1
INFO:root:CYP1A1
INFO:root:CYP1A2
INFO:root:CYP1B1
INFO:root:CYP20A1
INFO:root:CYP21A2
INFO:root:CYP24A1
INFO:root:CYP26A1
INFO:root:CYP26B1
INFO:root:CYP26C1
INFO:root:CYP27A1
INFO:root:CYP27B1
INFO:root:CYP27C1
INFO:root:CYP2A13
INFO:root:CYP2A6
INFO:root:CYP2A7
INFO:root:CYP2B6
INFO:root:CYP2C18
INFO:root:CYP2C19
INFO:root:CYP2C8
INFO:root:CYP2C9
INFO:root:CYP2D6
INFO:root:CYP2D7
INFO:root:CYP2E1
INFO:root:CYP2F1
INFO:root:CYP2J2
INFO:root:CYP2R1
INFO:root:CYP2S1
INFO:root:CYP2U1
INFO:root:CYP2W1
INFO:root:CYP39A1
INFO:root:CYP3A4
INFO:root:CYP3A43
INFO:root:CYP3A5
INFO:root:CYP3A7
INFO:root:CYP46A1
INFO:root:CYP4A11
INFO:root:CYP4A22
INFO:root:CYP4B1
INFO:root:CYP4F11
INFO:root:CYP4F12
INFO:root:CYP4F2
INFO:root:CYP4F22
INFO:root:CYP4F3
INFO:root:CYP4V2
INFO:root:CYP4X1
INFO:root:CYP4Z1
INFO:root:CYP51A1
INFO:root:CYP7A1
INFO:root:CYP7B1
INFO:root:CYP8B1
